Initial objective: 2
------------------------------------------------------------------
Elapsed Time	Temperature	Epoch	Trial	Objective	Acceptance
------------------------------------------------------------------
   0:1:21.40	   1.500000	 1/26	 1/5	        2	         Y
  0:2:40.961	   1.500000	 1/26	 2/5	        3	         Y
   0:4:5.431	   1.500000	 1/26	 3/5	        2	         N
    0:5:25.3	   1.500000	 1/26	 4/5	        3	         Y
  0:6:44.226	   1.500000	 1/26	 5/5	        3	         Y
   0:8:3.467	   1.350000	 2/26	 1/5	        2	         N
  0:9:24.316	   1.350000	 2/26	 2/5	        3	         Y
 0:10:44.464	   1.350000	 2/26	 3/5	        2	         N
  0:12:4.569	   1.350000	 2/26	 4/5	        3	         Y
 0:13:23.284	   1.350000	 2/26	 5/5	        3	         Y
 0:14:42.487	   1.215000	 3/26	 1/5	        3	         Y
   0:16:0.10	   1.215000	 3/26	 2/5	        3	         Y
 0:17:19.939	   1.215000	 3/26	 3/5	        3	         Y
 0:18:40.390	   1.215000	 3/26	 4/5	        2	         N
  0:20:0.815	   1.215000	 3/26	 5/5	        2	         N
 0:21:20.684	   1.093500	 4/26	 1/5	        2	         N
 0:22:42.935	   1.093500	 4/26	 2/5	        3	         Y
  0:24:1.725	   1.093500	 4/26	 3/5	        4	         Y
 0:25:17.463	   1.093500	 4/26	 4/5	        2	         N
 0:26:33.494	   1.093500	 4/26	 5/5	        3	         N
 0:27:49.650	   0.984150	 5/26	 1/5	        3	         N
  0:29:5.408	   0.984150	 5/26	 2/5	        3	         N
  0:30:22.11	   0.984150	 5/26	 3/5	        3	         N
 0:31:41.783	   0.984150	 5/26	 4/5	        3	         N
  0:33:4.114	   0.984150	 5/26	 5/5	        4	         Y
 0:34:27.323	   0.885735	 6/26	 1/5	        3	         N
 0:35:44.919	   0.885735	 6/26	 2/5	        3	         N
  0:37:1.601	   0.885735	 6/26	 3/5	        3	         N
 0:38:26.350	   0.885735	 6/26	 4/5	        2	         N
 0:39:52.879	   0.885735	 6/26	 5/5	        3	         N
 0:41:13.527	   0.797162	 7/26	 1/5	        3	         N
 0:42:38.873	   0.797162	 7/26	 2/5	        2	         N
  0:44:1.165	   0.797162	 7/26	 3/5	        3	         N
 0:45:20.786	   0.797162	 7/26	 4/5	        2	         N
  0:46:41.95	   0.797162	 7/26	 5/5	        3	         N
  0:48:1.288	   0.717445	 8/26	 1/5	        4	         Y
 0:49:21.388	   0.717445	 8/26	 2/5	        3	         N
 0:50:41.423	   0.717445	 8/26	 3/5	        3	         N
 0:51:58.669	   0.717445	 8/26	 4/5	        3	         N
 0:53:20.843	   0.717445	 8/26	 5/5	        3	         N
 0:54:38.199	   0.645701	 9/26	 1/5	        3	         N
 0:55:57.467	   0.645701	 9/26	 2/5	        3	         N
 0:57:13.190	   0.645701	 9/26	 3/5	        3	         N
 0:58:33.907	   0.645701	 9/26	 4/5	        4	         Y
 0:59:56.519	   0.645701	 9/26	 5/5	        3	         N
  1:1:28.445	   0.581131	10/26	 1/5	        3	         N
   1:2:52.89	   0.581131	10/26	 2/5	        3	         N
   1:4:14.90	   0.581131	10/26	 3/5	        3	         N
  1:5:35.327	   0.581131	10/26	 4/5	        3	         N
  1:6:54.783	   0.581131	10/26	 5/5	        2	         N
  1:8:10.906	   0.523018	11/26	 1/5	        3	         N
  1:9:27.461	   0.523018	11/26	 2/5	        3	         N
 1:10:44.974	   0.523018	11/26	 3/5	        3	         N
  1:12:2.881	   0.523018	11/26	 4/5	        2	         N
 1:13:19.524	   0.523018	11/26	 5/5	        3	         N
 1:14:36.281	   0.470716	12/26	 1/5	        3	         N
 1:15:52.572	   0.470716	12/26	 2/5	        3	         N
  1:17:8.937	   0.470716	12/26	 3/5	        4	         Y
 1:18:25.197	   0.470716	12/26	 4/5	        2	         N
 1:19:41.715	   0.470716	12/26	 5/5	        2	         N
 1:20:58.654	   0.423644	13/26	 1/5	        2	         N
 1:22:15.278	   0.423644	13/26	 2/5	        3	         N
 1:23:31.951	   0.423644	13/26	 3/5	        3	         N
 1:24:49.143	   0.423644	13/26	 4/5	        2	         N
  1:26:5.979	   0.423644	13/26	 5/5	        2	         N
 1:27:22.330	   0.381280	14/26	 1/5	        2	         N
 1:28:38.977	   0.381280	14/26	 2/5	        3	         N
 1:29:55.222	   0.381280	14/26	 3/5	        3	         N
  1:31:12.51	   0.381280	14/26	 4/5	        3	         N
 1:32:28.209	   0.381280	14/26	 5/5	        2	         N
 1:33:44.480	   0.343152	15/26	 1/5	        2	         N
  1:35:0.989	   0.343152	15/26	 2/5	        3	         N
 1:36:24.563	   0.343152	15/26	 3/5	        2	         N
 1:37:55.567	   0.343152	15/26	 4/5	        2	         N
 1:39:27.566	   0.343152	15/26	 5/5	        3	         N
  1:41:0.193	   0.308837	16/26	 1/5	        2	         N
 1:42:32.774	   0.308837	16/26	 2/5	        2	         N
   1:44:3.39	   0.308837	16/26	 3/5	        3	         N
 1:45:19.588	   0.308837	16/26	 4/5	        2	         N
 1:46:35.773	   0.308837	16/26	 5/5	        2	         N
 1:47:52.424	   0.277953	17/26	 1/5	        1	         N
  1:49:8.967	   0.277953	17/26	 2/5	        3	         N
 1:50:25.645	   0.277953	17/26	 3/5	        3	         N
 1:51:42.533	   0.277953	17/26	 4/5	        2	         N
  1:52:58.89	   0.277953	17/26	 5/5	        3	         N
 1:54:14.486	   0.250158	18/26	 1/5	        2	         N
 1:55:30.610	   0.250158	18/26	 2/5	        3	         N
 1:56:46.505	   0.250158	18/26	 3/5	        3	         N
  1:58:2.761	   0.250158	18/26	 4/5	        3	         N
 1:59:18.840	   0.250158	18/26	 5/5	        2	         N
  2:0:35.159	   0.225142	19/26	 1/5	        3	         N
  2:1:51.775	   0.225142	19/26	 2/5	        2	         N
   2:3:7.723	   0.225142	19/26	 3/5	        2	         N
   2:4:24.90	   0.225142	19/26	 4/5	        3	         N
   2:5:40.90	   0.225142	19/26	 5/5	        1	         N
  2:6:56.322	   0.202628	20/26	 1/5	        3	         N
  2:8:12.275	   0.202628	20/26	 2/5	        1	         N
  2:9:28.889	   0.202628	20/26	 3/5	        3	         N
 2:10:45.594	   0.202628	20/26	 4/5	        2	         N
  2:12:1.895	   0.202628	20/26	 5/5	        3	         N
 2:13:18.596	   0.182365	21/26	 1/5	        2	         N
 2:14:34.792	   0.182365	21/26	 2/5	        3	         N
 2:15:50.904	   0.182365	21/26	 3/5	        3	         N
   2:17:7.30	   0.182365	21/26	 4/5	        2	         N
 2:18:23.623	   0.182365	21/26	 5/5	        2	         N
 2:19:40.907	   0.164128	22/26	 1/5	        3	         N
 2:20:57.369	   0.164128	22/26	 2/5	        3	         N
 2:22:12.786	   0.164128	22/26	 3/5	        2	         N
 2:23:28.516	   0.164128	22/26	 4/5	        2	         N
  2:24:45.57	   0.164128	22/26	 5/5	        3	         N
  2:26:6.446	   0.147716	23/26	 1/5	        2	         N
 2:27:24.373	   0.147716	23/26	 2/5	        3	         N
 2:28:42.337	   0.147716	23/26	 3/5	        1	         N
  2:30:0.761	   0.147716	23/26	 4/5	        2	         N
 2:31:18.833	   0.147716	23/26	 5/5	        3	         N
 2:32:36.760	   0.132944	24/26	 1/5	        3	         N
 2:33:55.411	   0.132944	24/26	 2/5	        2	         N
 2:35:13.920	   0.132944	24/26	 3/5	        3	         N
 2:36:32.411	   0.132944	24/26	 4/5	        3	         N
 2:37:50.582	   0.132944	24/26	 5/5	        2	         N
  2:39:9.732	   0.119650	25/26	 1/5	        2	         N
 2:40:28.559	   0.119650	25/26	 2/5	        2	         N
 2:41:47.575	   0.119650	25/26	 3/5	        3	         N
  2:43:6.997	   0.119650	25/26	 4/5	        3	         N
 2:44:25.414	   0.119650	25/26	 5/5	        2	         N
 2:45:43.968	   0.107685	26/26	 1/5	        4	         Y
  2:47:2.145	   0.107685	26/26	 2/5	        2	         N
 2:48:20.264	   0.107685	26/26	 3/5	        2	         N
 2:49:39.160	   0.107685	26/26	 4/5	        2	         N
 2:50:57.948	   0.107685	26/26	 5/5	        2	         N
Final objective: 4