44 165 131 211 207 92 206 15 32 243 45 120 47 98 212 239 148

44 52 195 232 166 92 37 145 21 164 118 29 103 63 212 84 141

201 207 161 159 213 32 9 145 222 130 203 132 106 211 239 239 149

75 158 145 125 166 141 37 121 222 164 116 210 103 159 39 239 150

44 20 45 2 62 141 81 148 236 122 203 37 225 211 39 239 139

197 177 145 248 37 246 54 182 192 147 45 120 47 212 34 239 141

75 52 38 248 37 231 37 145 192 232 87 175 22 85 239 185 138

23 207 45 248 62 210 242 121 203 243 118 120 6 159 212 224 142

75 207 38 125 153 223 164 204 192 232 145 175 103 159 99 231 152

23 165 195 211 179 245 54 204 203 130 35 210 225 150 212 131 157

73 246 145 2 166 180 54 182 86 215 116 192 79 85 225 21 168

150 207 155 248 72 246 37 121 214 232 116 68 79 159 119 84 157

15 165 45 159 72 223 164 230 79 243 145 192 154 212 119 184 144

231 31 151 125 220 180 54 214 91 122 203 192 113 85 212 84 151

201 246 38 232 220 162 9 107 32 243 87 132 106 150 99 21 130

15 246 195 211 220 162 37 214 214 122 118 69 47 212 113 184 158

23 52 45 211 213 223 54 204 86 243 203 175 113 30 212 84 129

231 177 161 211 220 180 37 230 21 194 145 68 79 110 212 34 139

10 52 38 59 37 162 54 148 192 164 145 192 113 211 99 239 123

197 20 137 125 62 180 164 15 222 122 230 29 154 159 34 24 135

201 177 161 232 166 223 9 107 32 164 203 0 225 98 34 34 155

23 31 195 211 62 92 204 121 214 88 203 192 6 98 212 184 144

231 52 131 125 207 92 54 148 192 122 145 68 6 110 102 84 147

23 246 151 2 153 245 204 121 236 243 145 210 103 211 214 231 140

73 158 38 135 166 246 37 230 222 164 203 210 113 150 34 24 141

15 246 195 248 220 92 36 148 214 122 103 29 79 110 225 131 143

231 31 137 159 213 180 37 204 91 164 203 132 225 30 113 131 139

44 158 137 59 207 223 242 148 79 164 226 69 113 126 119 224 141

231 31 195 2 179 231 108 148 91 215 118 120 47 63 214 231 116

10 57 137 125 207 92 206 121 214 122 230 175 113 212 102 21 149

75 165 131 125 213 180 81 121 222 232 45 132 225 159 239 185 141

10 71 38 87 72 180 54 182 91 147 230 210 113 98 212 224 145

15 20 45 164 220 141 36 15 21 164 45 37 22 159 34 21 164

150 31 155 164 62 180 242 230 222 243 35 69 79 212 214 34 143

73 177 45 135 153 92 36 107 91 88 230 210 22 110 212 34 154

10 207 195 2 213 162 242 148 222 88 45 210 47 211 214 224 157

15 31 131 87 37 245 206 214 91 88 203 210 106 85 34 34 157

23 207 45 87 153 92 204 107 222 243 35 210 225 126 113 84 130

15 158 195 232 225 245 164 232 222 130 87 210 79 98 113 239 145

150 165 145 87 72 180 164 230 203 147 35 175 12 110 102 21 148

75 158 45 135 37 245 54 232 91 130 118 37 225 63 99 84 155

231 177 161 125 153 180 54 232 214 157 45 132 225 212 102 184 161

197 177 195 135 153 141 9 148 236 157 35 175 47 212 113 224 140

231 246 38 87 179 246 81 148 214 232 116 192 154 63 99 185 137

75 207 151 87 62 32 9 148 21 194 103 192 113 98 99 185 135

15 246 38 87 37 141 108 214 21 164 116 29 106 126 34 184 149

75 52 113 2 179 210 9 148 32 194 87 175 22 211 239 239 149

23 52 137 159 207 246 81 204 32 130 230 68 12 211 39 84 144

23 165 38 159 166 231 242 232 214 232 145 132 103 30 212 224 129

10 20 151 87 62 92 204 232 21 243 226 175 79 30 119 224 151

150 246 131 135 179 141 204 230 203 130 118 29 225 126 113 21 136

201 20 155 232 62 141 204 182 192 232 45 120 103 212 212 34 143

150 71 155 211 207 231 36 145 222 232 226 210 79 150 34 24 150

44 246 155 159 153 246 9 214 91 130 230 120 12 30 102 185 137

10 57 113 135 37 32 37 182 222 243 45 69 47 126 99 34 159

44 207 131 135 37 223 81 148 79 130 230 120 154 30 102 84 145

231 31 155 159 213 231 37 121 203 164 103 175 22 126 34 224 136

73 20 38 232 37 231 108 214 203 157 226 0 106 98 34 131 135

10 246 195 164 72 210 164 145 192 232 145 132 225 212 225 239 149

231 57 145 159 220 162 206 145 192 215 35 120 106 63 102 84 156

150 57 131 159 225 245 108 148 203 194 103 120 6 98 34 24 128

73 207 155 59 207 92 37 107 86 164 35 210 12 110 34 21 130

73 177 113 125 220 92 36 145 214 164 118 69 12 150 214 84 136

75 177 45 125 213 223 206 232 203 194 118 0 106 85 39 231 139

75 165 151 248 220 246 108 182 203 122 118 68 154 110 239 185 152

75 165 131 248 153 92 54 15 86 157 116 29 22 126 99 184 133

197 52 145 125 62 92 37 107 222 232 230 192 154 150 39 185 133

23 177 145 164 213 141 206 145 86 130 35 120 106 30 239 24 157

23 31 161 125 153 245 164 204 32 130 87 68 154 212 119 224 145

150 31 137 159 220 180 242 107 236 243 116 37 12 98 212 224 122

201 20 151 125 213 231 81 204 203 194 103 37 79 63 214 224 142

197 52 137 87 179 32 36 15 86 157 226 120 79 212 39 84 132

15 207 137 232 153 231 37 145 32 243 103 29 106 110 239 131 157

23 158 38 248 166 141 242 214 21 232 226 175 154 159 34 21 134

73 207 151 135 72 223 54 182 32 164 226 68 12 110 119 224 137

197 165 145 2 37 246 164 148 222 88 87 210 106 150 113 34 124

10 165 145 248 207 231 9 232 79 130 45 210 103 110 113 34 147

44 52 137 159 213 141 108 232 32 243 103 68 154 212 225 185 154

73 31 137 159 62 32 81 15 32 232 226 0 225 212 113 239 128

197 165 151 232 72 246 36 145 236 232 226 132 47 63 212 231 145

231 52 161 232 62 162 206 15 236 164 45 132 47 159 34 224 164

231 57 145 59 207 92 9 121 86 157 226 132 6 30 99 24 146

201 57 113 87 225 162 54 107 192 215 35 192 12 212 102 84 127

201 71 155 164 153 180 81 182 86 215 226 132 113 85 102 184 152

44 177 195 248 179 246 108 182 222 130 45 210 103 30 113 185 144

10 20 113 2 37 162 242 232 86 122 145 210 225 98 119 24 146

201 165 131 87 166 210 9 182 79 194 226 192 106 63 214 224 144

23 52 145 87 62 32 206 232 214 232 118 0 12 30 119 21 143

150 31 195 211 153 162 81 232 86 122 35 68 225 110 214 231 144

75 207 38 125 179 231 36 145 214 215 116 132 47 212 225 34 159

150 31 137 232 207 32 81 182 214 130 145 210 79 63 212 185 157

73 20 38 248 220 245 36 107 203 122 226 210 22 212 119 21 147

73 71 113 232 207 92 242 204 222 232 230 37 6 63 239 24 143

44 57 131 211 153 32 206 148 236 88 45 120 22 110 212 184 141

197 165 145 159 153 245 108 107 21 130 87 29 22 63 225 34 154

73 71 45 232 207 245 36 230 32 194 118 132 22 98 225 24 134

201 207 38 248 225 231 81 121 214 122 203 120 47 85 225 231 143

231 71 131 59 62 246 206 204 86 243 226 210 225 159 239 239 147

23 31 45 87 225 245 206 121 91 122 203 175 225 98 212 24 150

10 207 145 232 166 141 81 204 236 122 203 69 225 63 99 131 145

197 57 137 2 153 180 54 121 222 88 145 37 79 150 113 184 165

201 20 137 164 207 180 206 230 214 164 226 68 47 211 39 21 141

44 31 155 159 37 180 242 15 203 243 145 192 79 63 99 185 153

44 158 195 248 166 210 164 148 21 215 45 69 154 110 239 184 156

75 20 195 135 225 210 81 121 192 243 45 210 103 110 239 84 143

150 158 151 135 62 231 9 232 21 130 103 0 79 98 119 84 149

44 31 113 248 225 162 81 145 222 88 230 175 113 126 102 185 142

75 31 161 232 153 141 204 145 222 232 203 210 79 30 214 231 173

23 158 137 248 225 180 54 232 91 243 226 192 22 126 119 24 133

44 158 155 164 166 180 9 145 203 215 45 69 22 150 39 224 153

197 246 161 59 207 223 54 214 91 147 118 132 113 63 113 184 150

15 71 131 164 179 141 204 15 214 157 87 29 12 126 102 239 153

23 20 161 135 153 231 9 145 203 130 87 210 225 85 102 185 153

231 158 113 211 153 223 108 230 236 147 118 0 113 212 119 185 139

75 207 145 135 72 180 242 204 236 232 35 68 6 159 119 184 156

201 207 161 159 153 223 37 182 214 88 226 210 103 212 102 84 147

197 207 151 87 166 210 108 182 203 157 230 37 12 159 39 24 147

44 31 38 2 220 210 37 214 91 157 230 175 79 150 113 184 125

23 52 113 125 62 231 108 232 86 232 116 68 79 30 212 84 144

73 165 131 135 213 246 9 214 222 243 203 68 47 30 99 231 170

15 158 195 2 179 245 36 214 86 147 145 192 47 110 214 239 126

231 165 161 159 213 92 54 15 222 147 35 68 154 63 212 184 149

15 52 195 232 213 245 108 232 192 88 145 68 113 159 212 224 146

73 31 195 2 225 162 206 182 214 88 226 132 22 150 113 224 163

150 31 151 232 166 162 164 107 21 243 226 210 79 212 99 24 147

150 246 195 59 72 180 81 230 79 232 103 37 12 159 39 231 148

231 246 151 211 153 180 108 121 21 164 230 68 225 212 225 239 164

150 177 45 125 166 231 36 15 214 243 45 68 113 63 102 224 137

10 246 131 135 72 223 54 15 192 164 226 120 6 98 225 21 171

197 207 195 135 207 162 164 232 192 243 45 192 106 98 99 24 137

150 246 38 2 213 245 81 204 214 243 103 192 154 85 214 34 155

15 52 161 211 207 92 54 204 79 122 203 120 22 110 212 21 143

75 31 113 159 207 162 81 214 222 130 203 210 225 63 34 231 141

150 71 145 248 213 141 37 15 21 147 87 0 6 159 225 239 128

150 158 45 211 166 141 54 121 236 122 87 37 12 110 239 21 142

44 158 151 211 207 231 9 182 222 164 118 210 113 110 225 239 142

150 207 155 232 166 141 37 145 192 157 87 192 154 159 34 185 162

75 177 145 248 153 141 37 15 86 147 118 192 22 110 102 185 138

73 52 155 87 37 223 81 182 203 194 203 210 225 98 119 231 145

15 158 195 135 72 223 164 230 79 88 203 0 79 126 225 224 136

44 177 195 232 179 32 108 145 21 157 116 192 113 85 102 231 151

44 158 45 211 37 162 54 145 21 164 87 120 106 85 225 239 160

75 20 38 135 166 32 54 107 192 215 118 68 6 85 214 131 149

15 246 145 2 153 210 54 148 236 147 87 192 12 85 34 84 144

10 57 113 159 62 32 36 230 222 164 116 69 103 30 212 224 132

44 158 113 2 166 245 108 121 203 147 203 68 113 159 214 184 162

73 207 161 135 225 141 204 230 222 130 87 192 22 30 99 34 138

23 246 45 87 225 210 54 214 214 243 103 0 225 126 34 231 143

10 158 195 248 225 210 204 232 86 215 203 120 6 30 119 131 153

15 31 145 211 179 92 54 230 203 243 230 120 22 126 113 21 134

10 165 145 125 179 210 242 214 32 130 118 68 225 150 119 34 151

197 158 137 125 166 141 164 214 91 164 35 68 103 63 239 239 162

201 57 195 2 72 246 242 204 192 232 35 192 103 150 34 34 138

44 57 195 232 153 92 242 230 192 157 116 29 6 30 102 184 131

231 177 195 59 220 245 81 15 86 147 87 69 47 212 113 224 132

231 31 155 232 220 223 204 204 236 88 203 210 47 126 239 239 153

150 207 145 59 220 246 204 230 203 215 230 37 225 126 119 231 128

197 20 155 211 37 32 9 230 214 215 226 37 6 110 102 21 136

15 177 45 125 213 223 9 148 214 88 118 192 225 110 34 21 136

73 52 45 159 72 245 36 107 86 157 45 132 103 110 102 131 142

197 31 131 125 220 92 108 15 214 130 230 210 79 211 225 24 133

150 158 195 135 37 231 81 182 32 147 116 120 47 110 225 239 128

231 20 195 125 213 210 9 15 91 232 118 69 12 30 102 34 130

150 158 151 164 213 246 37 15 214 215 230 0 113 98 102 131 155

44 158 38 159 207 92 9 214 222 232 116 210 113 211 239 34 134

231 20 151 211 207 162 81 204 91 88 230 69 106 63 113 21 165

201 57 155 164 37 245 54 232 86 215 35 0 47 126 239 84 155

197 246 151 135 72 210 36 204 203 130 118 132 106 126 239 34 156

150 158 161 159 179 245 108 15 192 243 230 0 12 110 225 24 144

23 246 145 125 179 246 81 15 214 157 103 69 47 212 99 24 137

73 177 131 135 225 245 206 214 86 164 226 29 113 98 239 185 167

231 246 155 164 153 141 204 107 192 243 203 120 113 30 225 224 148

15 158 113 87 179 32 206 15 214 130 226 175 12 98 212 84 152

15 165 161 248 225 32 206 214 236 122 230 132 154 30 39 185 140

201 31 137 2 179 245 9 204 236 243 87 69 225 212 212 185 117

10 31 45 159 153 162 206 148 86 147 145 210 22 110 225 185 155

197 158 155 164 37 141 36 232 214 88 145 192 12 85 119 24 146

197 158 151 159 72 32 206 121 86 164 45 210 12 30 34 224 134

231 57 161 59 37 245 164 121 214 147 116 175 6 159 34 184 148

15 158 131 135 207 231 37 121 214 130 230 210 79 126 239 84 146

231 31 145 59 62 246 164 232 214 122 226 175 79 159 34 84 144

10 52 145 211 153 141 164 214 79 194 35 37 106 110 99 24 141

75 246 155 135 166 180 204 182 32 164 203 0 22 211 99 21 121

201 177 195 87 225 162 37 232 214 122 118 192 154 212 225 185 140

75 52 145 59 153 180 37 107 86 243 103 68 6 110 113 239 140

150 71 45 159 37 210 108 182 236 147 230 210 154 85 34 231 147

10 31 113 59 179 162 81 121 214 232 230 29 79 110 214 24 157

10 246 113 125 153 246 81 107 21 157 45 175 12 98 99 34 147

201 71 155 164 153 92 242 121 203 164 226 37 12 30 39 184 153

15 52 137 248 213 32 37 214 86 122 45 29 154 98 212 34 143

15 207 145 211 62 245 204 214 236 164 116 29 22 30 102 185 141

10 52 151 59 62 141 9 107 91 122 35 37 47 211 239 185 134

150 246 45 164 220 162 206 107 91 194 226 37 225 126 214 224 142

231 71 113 2 213 32 242 121 192 130 203 192 22 30 99 239 156

15 246 137 232 166 223 204 232 236 194 145 68 79 211 225 231 128

75 158 195 135 225 245 204 15 86 147 103 69 6 85 34 21 151

231 52 161 125 37 162 9 15 32 147 116 69 154 150 113 224 128

15 207 155 125 220 180 204 107 79 243 145 192 6 150 239 231 140

10 31 151 248 220 245 81 230 32 194 103 210 103 150 34 21 130

75 57 45 135 213 92 81 148 32 232 35 120 103 212 113 131 127

201 207 113 59 213 246 54 214 222 130 226 192 12 126 119 21 148

44 20 161 2 207 210 54 232 32 164 226 29 12 150 119 34 161

201 158 137 211 220 180 36 214 32 130 87 120 47 150 39 34 143

73 31 145 135 72 223 9 214 236 122 45 132 47 211 34 131 142

231 52 45 248 220 180 206 232 192 232 226 68 47 110 113 34 145

197 177 195 164 37 246 9 182 79 157 118 69 106 30 113 131 129

73 20 161 248 207 180 206 230 91 243 87 68 106 212 34 224 145

15 31 113 159 62 32 36 121 214 194 87 132 225 150 113 239 155

201 207 38 211 179 92 37 214 222 232 116 132 106 85 34 131 137

75 31 151 59 207 245 9 182 91 232 87 0 12 212 214 34 149

197 158 161 164 179 223 81 15 86 157 230 0 47 30 212 84 151

201 177 195 159 225 245 164 214 21 243 226 192 103 98 212 239 144

201 52 137 164 213 32 36 182 222 122 230 132 113 30 119 34 152

10 246 137 87 207 245 9 15 91 164 118 120 47 212 39 231 143

73 207 45 164 62 231 54 230 214 164 118 69 225 110 119 184 152

15 158 45 164 207 210 36 121 222 122 230 175 154 150 239 84 129

231 177 145 135 166 141 108 232 203 232 230 69 22 126 212 24 139

231 158 195 232 62 32 164 230 79 232 35 37 154 212 39 131 159

73 165 155 211 207 180 242 15 32 147 145 0 22 98 99 185 137

10 246 113 59 225 180 81 204 236 215 116 192 12 30 34 84 144

44 31 113 125 166 223 204 214 86 194 45 132 113 63 99 239 135

10 20 151 248 153 231 204 145 79 157 116 29 47 212 119 131 145

15 207 161 2 225 92 242 15 21 157 203 175 106 159 214 24 139

44 207 151 159 37 92 9 230 222 147 116 68 12 98 39 185 148

150 57 137 59 62 245 206 148 79 130 226 192 6 126 113 131 131

197 158 38 125 207 92 206 204 91 88 230 210 6 98 102 231 142

150 177 151 2 153 180 36 214 79 157 87 0 6 126 39 21 146

231 246 195 164 225 162 54 148 91 215 35 68 106 126 239 34 154

44 20 145 159 62 245 204 107 222 122 116 192 113 30 102 184 123

231 246 131 159 225 141 164 121 203 122 226 132 79 30 225 131 150

44 246 155 164 166 223 37 107 222 130 103 37 154 63 214 239 129

10 57 137 135 62 180 108 121 86 215 103 68 22 126 113 224 138

44 52 137 232 37 180 54 148 192 157 226 69 12 212 119 131 152

10 71 161 135 220 162 36 182 21 164 230 69 6 30 119 34 150

73 31 155 125 179 180 164 148 86 147 226 192 47 98 225 239 148

44 71 161 211 213 141 37 182 222 164 118 69 22 98 39 21 147

231 165 45 164 179 141 108 148 32 194 145 120 103 98 239 231 146

15 20 155 87 225 245 242 148 192 122 45 132 103 110 119 184 135

150 52 38 135 207 231 36 230 236 243 145 192 225 126 34 24 142

197 158 195 232 153 231 242 214 214 194 87 37 6 212 39 21 141

231 158 131 159 62 180 242 182 236 215 45 68 154 150 39 24 155

150 52 161 164 153 231 206 230 79 164 118 0 106 126 239 21 149

231 246 195 159 166 231 164 214 192 88 35 210 113 98 102 224 145

201 71 137 211 166 223 9 182 32 88 87 69 154 63 34 184 137

150 57 151 125 62 162 206 107 79 164 226 68 225 30 239 239 140

73 57 38 211 72 32 37 148 214 232 230 120 12 30 34 224 147

197 52 113 125 37 32 204 214 222 130 118 29 47 110 99 231 151

75 158 131 248 166 92 108 15 91 232 145 120 225 110 214 184 132

150 165 161 87 207 245 108 204 236 232 226 69 113 98 225 24 156

75 165 113 2 62 141 9 214 79 122 118 192 106 150 119 184 146

44 31 45 125 153 180 54 145 86 232 87 69 79 126 102 185 155

44 52 131 125 166 246 54 204 91 157 35 69 113 110 99 184 168

150 207 161 87 225 162 9 232 21 215 87 192 6 150 119 224 148

75 207 145 211 179 231 108 232 86 157 87 68 225 211 214 239 144

23 57 151 125 72 231 81 204 91 232 103 132 79 159 214 21 144

73 52 38 159 213 141 108 145 192 130 35 210 12 110 119 84 151

197 158 161 159 37 231 36 214 32 232 103 29 103 150 239 131 137

197 158 131 125 207 231 37 230 203 122 203 192 12 150 212 184 145

73 158 145 164 179 92 204 148 86 130 230 29 47 212 113 224 137

150 57 161 2 179 162 206 230 236 88 87 37 106 110 113 239 125

44 57 155 2 153 162 81 107 21 194 87 0 6 211 225 84 143

75 31 137 248 62 246 204 214 214 215 118 192 47 150 113 24 154

44 71 38 248 62 246 204 15 203 122 145 132 47 63 102 239 147

73 71 155 211 207 223 108 232 222 88 203 69 47 212 239 224 159

15 207 131 248 225 245 36 145 222 122 230 29 22 126 34 131 143

150 246 137 159 166 180 36 182 236 122 145 0 79 212 99 24 161

150 57 151 159 37 245 206 214 86 147 230 132 79 126 225 231 147

15 20 131 248 37 210 108 182 203 215 45 210 22 85 113 84 151

201 165 161 164 179 210 54 204 21 122 230 68 6 126 239 34 129

150 57 131 59 207 223 242 121 236 130 116 69 79 211 239 84 138

197 71 38 164 153 246 108 232 203 157 45 29 113 159 239 239 167

73 207 131 211 213 141 54 121 79 122 35 192 225 98 119 34 145

73 246 195 135 166 162 81 15 203 232 118 37 225 126 225 84 139

15 71 155 248 166 32 242 232 203 194 103 175 6 110 239 84 146

197 31 195 211 207 246 81 107 236 157 230 0 12 85 212 24 158

75 246 38 211 220 141 204 182 86 194 35 210 225 110 34 34 140

15 57 45 211 62 210 54 121 79 157 116 120 47 212 99 84 142

15 57 38 159 207 231 81 15 86 147 226 132 47 85 212 84 146

10 177 195 211 225 210 204 107 222 157 203 132 12 85 39 239 139

15 246 45 232 166 245 206 15 21 232 145 0 103 212 34 84 149

231 158 145 248 179 223 36 204 192 147 118 192 113 63 39 131 160

44 57 38 211 220 180 242 204 222 164 118 210 22 212 99 185 167

73 207 137 125 153 223 81 214 91 194 145 0 154 110 212 239 150

23 177 38 232 213 92 81 232 86 147 103 29 113 30 119 24 146

201 246 113 248 153 245 242 232 91 232 118 120 103 30 119 231 142

150 52 161 159 153 162 108 148 21 215 226 0 12 85 239 21 142

150 165 155 159 179 223 81 214 203 157 203 0 113 159 214 84 141

44 165 155 164 213 246 36 121 214 130 226 210 113 159 119 34 150

150 31 113 87 220 223 9 107 222 88 45 120 22 150 212 84 142

44 31 145 87 37 32 9 107 236 215 145 0 22 110 39 184 116

201 52 137 135 179 223 54 230 86 157 87 175 113 211 113 131 147

73 246 155 135 213 32 81 15 86 88 103 175 6 211 119 21 161

23 31 38 135 166 32 108 182 214 243 230 29 225 159 99 184 159

231 207 38 211 225 231 81 182 236 122 45 0 106 98 212 131 141

75 165 113 135 166 245 204 214 203 122 203 29 154 211 119 21 150

15 71 161 248 166 141 54 148 222 147 118 120 6 63 119 239 137

44 165 38 135 207 141 54 204 86 194 116 68 47 150 225 224 144

44 20 113 125 225 223 36 148 86 243 118 192 154 98 39 34 139

73 57 131 248 220 162 204 145 91 232 230 210 103 30 212 185 129

197 158 137 248 166 92 54 148 236 164 116 210 12 159 39 131 152

73 158 161 135 72 246 204 214 203 215 87 37 47 211 214 21 148

231 20 161 159 225 92 37 232 236 122 118 175 79 150 99 131 123

44 52 161 164 72 245 36 107 21 147 118 132 106 98 119 24 134

150 20 151 232 207 180 36 121 192 130 145 68 12 212 225 184 141

73 246 113 125 37 245 204 15 32 88 87 175 47 150 225 24 132

44 177 161 248 207 245 54 232 32 243 35 132 106 30 39 231 130

231 207 195 248 179 92 206 148 79 243 35 175 79 212 214 21 148

231 177 161 211 225 32 36 230 192 130 35 37 79 212 99 185 147

231 165 161 125 179 246 206 15 91 130 87 29 103 110 39 224 152

75 207 161 2 179 223 81 182 32 157 45 0 6 110 225 231 124

150 165 195 164 213 32 9 107 79 88 118 69 106 85 113 185 133

44 52 113 87 225 245 164 121 79 157 35 175 22 159 102 224 137

231 207 151 232 207 223 108 204 222 157 116 210 154 63 239 131 153

201 207 45 2 213 162 242 204 86 194 230 69 103 85 225 24 145

201 165 151 164 220 162 9 121 192 130 35 120 79 98 212 239 139

197 177 137 2 62 231 164 107 222 147 45 37 103 159 113 131 137

150 158 137 159 62 246 204 121 86 122 87 0 113 85 225 34 134

197 177 45 59 213 245 37 232 222 164 87 68 6 126 239 21 141

10 71 113 159 72 245 204 145 192 232 116 120 6 110 214 185 152

150 246 113 59 166 32 242 232 214 122 203 192 79 85 34 239 148

201 158 161 248 72 162 242 145 91 122 118 192 22 63 214 239 139

197 207 137 232 37 223 242 148 222 122 45 0 6 126 34 239 142

10 52 113 159 225 245 108 230 192 243 203 132 79 126 214 184 123

10 20 195 211 62 32 164 145 91 215 203 132 106 85 214 131 151

201 246 195 211 225 92 164 145 214 147 87 120 22 98 113 239 162

73 158 137 159 213 180 36 182 192 130 226 29 6 98 119 24 155

44 246 161 125 62 180 9 204 222 122 87 69 113 110 99 239 142

10 57 145 248 72 141 81 182 203 122 87 0 6 212 214 185 133

75 52 155 211 37 92 206 107 32 243 203 175 47 159 225 84 121

231 20 155 135 207 180 81 204 21 122 118 37 154 150 34 24 150

44 177 45 87 225 223 204 148 214 88 230 69 106 30 212 24 136

201 158 151 2 72 180 164 15 86 122 230 29 22 150 39 224 137

201 158 45 125 62 223 204 121 192 243 118 175 106 150 214 184 153

231 71 137 232 207 245 37 182 79 130 230 192 47 110 113 21 147

10 246 151 211 179 92 9 15 79 122 230 192 113 63 225 231 150

44 207 155 59 153 162 108 230 214 130 116 192 6 150 99 131 141

150 158 38 125 220 246 37 232 236 147 103 120 22 126 239 34 157

201 177 155 232 220 246 242 204 21 130 87 192 6 126 214 224 147

150 246 113 232 37 162 54 232 21 147 145 175 113 30 113 224 161

15 20 131 248 179 180 54 230 192 130 145 132 12 85 212 21 138

75 165 151 211 179 141 206 148 192 130 45 68 47 63 113 131 147

44 52 131 164 37 162 242 232 91 147 103 37 12 150 34 185 140

231 31 161 135 62 180 204 148 214 243 145 192 225 110 212 224 168

10 52 45 211 225 245 242 230 192 130 116 132 225 85 39 21 138

23 165 137 2 207 141 54 145 222 157 203 175 154 150 113 185 150

231 52 113 248 179 180 242 15 91 232 35 210 225 63 225 34 152

75 158 145 87 225 246 204 232 91 147 118 37 47 110 34 239 152

75 57 137 135 72 223 54 230 222 122 203 37 106 150 113 131 144

73 52 131 232 220 210 206 232 21 122 203 120 113 98 212 24 153

150 52 137 87 153 32 242 230 236 122 230 69 47 110 113 34 138

73 165 38 159 225 210 164 107 21 147 203 120 6 212 225 185 144

44 158 137 164 153 92 81 230 236 122 145 132 106 30 34 185 154

231 207 137 248 179 223 81 107 91 147 87 132 6 159 212 224 144

197 207 113 125 62 210 81 15 91 194 45 175 154 212 239 185 136

75 31 145 248 37 162 164 204 236 243 145 175 225 30 113 34 137

15 177 38 87 153 223 37 145 91 194 87 68 106 150 34 239 150

75 158 113 59 213 32 81 107 236 88 203 210 6 30 113 131 144

23 165 145 87 166 180 108 145 91 232 145 120 6 30 119 21 144

231 20 45 232 72 245 164 121 86 164 45 0 106 150 102 84 143

23 177 161 125 62 223 164 145 32 243 45 210 12 212 225 131 153

23 20 145 248 225 162 37 182 79 122 226 68 22 126 34 24 139

75 177 45 125 225 231 36 214 236 243 45 120 106 85 214 185 134

44 246 195 2 153 210 37 15 214 88 226 210 79 159 214 131 151

73 20 131 248 207 223 242 15 192 88 45 68 225 30 34 24 135

10 207 161 159 213 32 206 15 222 147 118 192 79 98 239 224 152

15 52 151 87 220 141 37 148 21 122 230 192 47 30 212 231 134

75 31 161 164 37 246 81 107 79 88 118 210 106 30 212 34 133

15 207 45 135 166 223 242 232 222 88 116 69 12 211 34 34 134

201 207 131 2 220 223 36 232 222 122 35 37 113 159 113 239 142

201 31 151 248 213 180 164 204 21 194 116 210 47 159 119 185 130

15 57 38 159 153 92 54 232 21 157 145 210 225 30 214 185 129

23 20 161 159 213 180 164 182 91 157 203 29 154 212 212 131 128

75 246 131 248 166 231 164 145 91 147 203 175 79 63 214 21 148

15 71 137 59 153 210 9 145 79 164 35 175 6 211 102 224 154

231 52 113 164 72 141 36 214 214 122 35 0 154 150 102 131 129

23 71 38 59 213 246 108 15 79 130 116 0 22 30 34 184 154

75 31 145 2 179 32 54 148 236 232 203 29 154 63 212 185 137

23 158 38 159 179 180 206 232 86 232 103 120 103 126 34 224 132

10 52 38 159 166 141 9 121 236 157 118 68 6 150 239 231 147

73 52 145 87 179 162 164 182 86 215 116 37 6 126 119 231 157

75 20 195 59 179 210 54 230 79 215 145 175 22 98 34 21 148

