Initial objective: 9
------------------------------------------------------------------
Elapsed Time	Temperature	Epoch	Trial	Objective	Acceptance
------------------------------------------------------------------
   0:0:6.659	        1.5	1/36	1/10	     9	         N
   0:0:10.72	        1.5	1/36	2/10	     7	         N
  0:0:13.292	        1.5	1/36	3/10	     7	         N
  0:0:16.370	        1.5	1/36	4/10	     8	         Y
  0:0:19.521	        1.5	1/36	5/10	     8	         N
  0:0:22.581	        1.5	1/36	6/10	     5	         Y
  0:0:25.586	        1.5	1/36	7/10	     5	         N
  0:0:28.670	        1.5	1/36	8/10	     7	         Y
  0:0:31.701	        1.5	1/36	9/10	     7	         N
  0:0:34.921	        1.5	1/36	10/10	     8	         Y
  0:0:37.987	       1.38	2/36	1/10	     6	         N
   0:0:41.86	       1.38	2/36	2/10	     9	         Y
  0:0:44.318	       1.38	2/36	3/10	     8	         N
  0:0:47.301	       1.38	2/36	4/10	     9	         N
  0:0:50.510	       1.38	2/36	5/10	     9	         N
  0:0:53.584	       1.38	2/36	6/10	     8	         N
  0:0:56.707	       1.38	2/36	7/10	     9	         N
  0:0:59.761	       1.38	2/36	8/10	     8	         N
   0:1:2.992	       1.38	2/36	9/10	     8	         N
   0:1:6.201	       1.38	2/36	10/10	     7	         N
   0:1:9.254	     1.2696	3/36	1/10	     9	         N
  0:1:12.252	     1.2696	3/36	2/10	    10	         Y
  0:1:15.334	     1.2696	3/36	3/10	     7	         N
  0:1:18.609	     1.2696	3/36	4/10	     7	         N
   0:1:22.22	     1.2696	3/36	5/10	    11	         Y
  0:1:25.131	     1.2696	3/36	6/10	    11	         N
  0:1:28.331	     1.2696	3/36	7/10	    10	         N
  0:1:31.608	     1.2696	3/36	8/10	     9	         N
  0:1:34.840	     1.2696	3/36	9/10	     7	         N
   0:1:38.38	     1.2696	3/36	10/10	    10	         N
  0:1:41.154	   1.168032	4/36	1/10	     9	         N
  0:1:44.297	   1.168032	4/36	2/10	    10	         N
  0:1:47.565	   1.168032	4/36	3/10	    11	         N
  0:1:50.746	   1.168032	4/36	4/10	     8	         N
  0:1:53.777	   1.168032	4/36	5/10	     7	         N
  0:1:56.921	   1.168032	4/36	6/10	     6	         N
  0:1:59.999	   1.168032	4/36	7/10	    11	         N
    0:2:3.64	   1.168032	4/36	8/10	    12	         Y
    0:2:6.31	   1.168032	4/36	9/10	    11	         N
     0:2:9.3	   1.168032	4/36	10/10	     9	         N
  0:2:11.941	  1.0745894	5/36	1/10	     8	         N
  0:2:14.965	  1.0745894	5/36	2/10	     8	         N
   0:2:18.98	  1.0745894	5/36	3/10	    10	         N
  0:2:21.122	  1.0745894	5/36	4/10	     9	         N
  0:2:24.151	  1.0745894	5/36	5/10	     9	         N
  0:2:27.204	  1.0745894	5/36	6/10	    10	         N
  0:2:30.250	  1.0745894	5/36	7/10	     7	         N
  0:2:33.349	  1.0745894	5/36	8/10	     9	         N
  0:2:36.492	  1.0745894	5/36	9/10	     8	         N
  0:2:39.453	  1.0745894	5/36	10/10	     8	         N
  0:2:42.517	 0.98862228	6/36	1/10	     9	         N
  0:2:45.559	 0.98862228	6/36	2/10	     9	         N
  0:2:48.493	 0.98862228	6/36	3/10	     8	         N
  0:2:51.544	 0.98862228	6/36	4/10	     9	         N
  0:2:54.528	 0.98862228	6/36	5/10	     8	         N
  0:2:57.416	 0.98862228	6/36	6/10	    10	         N
   0:3:0.200	 0.98862228	6/36	7/10	     8	         N
   0:3:3.397	 0.98862228	6/36	8/10	    10	         N
   0:3:6.342	 0.98862228	6/36	9/10	    10	         N
   0:3:9.331	 0.98862228	6/36	10/10	     9	         N
  0:3:12.368	  0.9095325	7/36	1/10	     8	         N
  0:3:15.532	  0.9095325	7/36	2/10	    11	         N
  0:3:18.460	  0.9095325	7/36	3/10	     8	         N
  0:3:21.434	  0.9095325	7/36	4/10	    10	         N
  0:3:24.309	  0.9095325	7/36	5/10	    10	         N
  0:3:27.216	  0.9095325	7/36	6/10	    10	         N
  0:3:30.209	  0.9095325	7/36	7/10	     8	         N
   0:3:33.24	  0.9095325	7/36	8/10	     8	         N
   0:3:36.15	  0.9095325	7/36	9/10	     5	         N
  0:3:38.941	  0.9095325	7/36	10/10	    11	         N
  0:3:41.877	  0.8367699	8/36	1/10	     7	         N
  0:3:44.814	  0.8367699	8/36	2/10	    10	         N
  0:3:47.761	  0.8367699	8/36	3/10	     7	         N
  0:3:50.755	  0.8367699	8/36	4/10	     8	         N
  0:3:53.790	  0.8367699	8/36	5/10	     7	         N
  0:3:56.647	  0.8367699	8/36	6/10	     8	         N
  0:3:59.548	  0.8367699	8/36	7/10	     8	         N
   0:4:2.388	  0.8367699	8/36	8/10	    10	         N
   0:4:5.245	  0.8367699	8/36	9/10	    12	         N
   0:4:8.152	  0.8367699	8/36	10/10	    11	         N
  0:4:11.145	 0.76982831	9/36	1/10	     8	         N
  0:4:14.437	 0.76982831	9/36	2/10	     9	         N
  0:4:17.386	 0.76982831	9/36	3/10	     6	         N
  0:4:20.298	 0.76982831	9/36	4/10	     9	         N
  0:4:23.265	 0.76982831	9/36	5/10	     8	         N
  0:4:26.257	 0.76982831	9/36	6/10	     7	         N
  0:4:29.500	 0.76982831	9/36	7/10	    11	         N
  0:4:32.537	 0.76982831	9/36	8/10	    10	         N
  0:4:35.478	 0.76982831	9/36	9/10	     8	         N
  0:4:38.562	 0.76982831	9/36	10/10	     8	         N
  0:4:41.530	 0.70824204	10/36	1/10	     9	         N
  0:4:44.437	 0.70824204	10/36	2/10	     9	         N
  0:4:47.355	 0.70824204	10/36	3/10	    10	         N
  0:4:50.224	 0.70824204	10/36	4/10	     9	         N
  0:4:53.319	 0.70824204	10/36	5/10	     9	         N
  0:4:56.212	 0.70824204	10/36	6/10	    10	         N
  0:4:59.149	 0.70824204	10/36	7/10	     9	         N
    0:5:2.59	 0.70824204	10/36	8/10	     7	         N
   0:5:4.941	 0.70824204	10/36	9/10	     6	         N
    0:5:8.24	 0.70824204	10/36	10/10	    10	         N
  0:5:10.985	 0.65158268	11/36	1/10	     7	         N
  0:5:13.990	 0.65158268	11/36	2/10	     9	         N
  0:5:16.788	 0.65158268	11/36	3/10	     7	         N
  0:5:19.871	 0.65158268	11/36	4/10	    10	         N
  0:5:23.218	 0.65158268	11/36	5/10	     8	         N
   0:5:26.78	 0.65158268	11/36	6/10	     7	         N
  0:5:29.134	 0.65158268	11/36	7/10	    11	         N
  0:5:31.974	 0.65158268	11/36	8/10	     9	         N
  0:5:34.897	 0.65158268	11/36	9/10	    11	         N
  0:5:37.741	 0.65158268	11/36	10/10	     6	         N
  0:5:40.614	 0.59945607	12/36	1/10	    11	         N
  0:5:43.722	 0.59945607	12/36	2/10	    11	         N
  0:5:46.817	 0.59945607	12/36	3/10	    10	         N
  0:5:50.993	 0.59945607	12/36	4/10	     8	         N
  0:5:55.483	 0.59945607	12/36	5/10	     7	         N
   0:6:0.515	 0.59945607	12/36	6/10	     7	         N
   0:6:4.949	 0.59945607	12/36	7/10	    12	         N
   0:6:9.488	 0.59945607	12/36	8/10	     6	         N
  0:6:14.476	 0.59945607	12/36	9/10	     7	         N
  0:6:19.522	 0.59945607	12/36	10/10	     7	         N
   0:6:24.40	 0.55149958	13/36	1/10	    10	         N
  0:6:28.858	 0.55149958	13/36	2/10	    10	         N
  0:6:33.333	 0.55149958	13/36	3/10	     6	         N
  0:6:37.897	 0.55149958	13/36	4/10	    10	         N
  0:6:42.434	 0.55149958	13/36	5/10	     9	         N
  0:6:46.958	 0.55149958	13/36	6/10	     9	         N
  0:6:51.757	 0.55149958	13/36	7/10	    11	         N
  0:6:56.699	 0.55149958	13/36	8/10	    10	         N
   0:7:1.426	 0.55149958	13/36	9/10	     6	         N
    0:7:6.76	 0.55149958	13/36	10/10	     9	         N
   0:7:11.40	 0.50737961	14/36	1/10	     9	         N
  0:7:16.328	 0.50737961	14/36	2/10	     8	         N
  0:7:20.811	 0.50737961	14/36	3/10	     8	         N
  0:7:25.439	 0.50737961	14/36	4/10	    12	         N
  0:7:30.263	 0.50737961	14/36	5/10	     6	         N
  0:7:34.880	 0.50737961	14/36	6/10	     7	         N
  0:7:39.834	 0.50737961	14/36	7/10	    11	         N
  0:7:44.410	 0.50737961	14/36	8/10	    11	         N
   0:7:49.52	 0.50737961	14/36	9/10	    10	         N
  0:7:53.410	 0.50737961	14/36	10/10	     9	         N
  0:7:57.834	 0.46678925	15/36	1/10	     8	         N
   0:8:2.177	 0.46678925	15/36	2/10	     9	         N
   0:8:6.880	 0.46678925	15/36	3/10	    10	         N
  0:8:11.862	 0.46678925	15/36	4/10	     7	         N
  0:8:16.433	 0.46678925	15/36	5/10	     9	         N
  0:8:21.180	 0.46678925	15/36	6/10	     6	         N
  0:8:25.848	 0.46678925	15/36	7/10	     9	         N
  0:8:30.632	 0.46678925	15/36	8/10	     8	         N
  0:8:35.667	 0.46678925	15/36	9/10	     8	         N
  0:8:40.229	 0.46678925	15/36	10/10	     8	         N
  0:8:44.943	 0.42944611	16/36	1/10	     8	         N
  0:8:49.750	 0.42944611	16/36	2/10	    10	         N
  0:8:54.471	 0.42944611	16/36	3/10	     9	         N
  0:8:59.207	 0.42944611	16/36	4/10	     8	         N
   0:9:3.691	 0.42944611	16/36	5/10	     7	         N
   0:9:8.467	 0.42944611	16/36	6/10	     6	         N
  0:9:13.313	 0.42944611	16/36	7/10	     8	         N
  0:9:17.849	 0.42944611	16/36	8/10	     8	         N
  0:9:22.115	 0.42944611	16/36	9/10	    10	         N
  0:9:26.417	 0.42944611	16/36	10/10	     8	         N
  0:9:31.136	 0.39509042	17/36	1/10	     9	         N
  0:9:35.859	 0.39509042	17/36	2/10	    10	         N
  0:9:41.309	 0.39509042	17/36	3/10	     7	         N
  0:9:46.440	 0.39509042	17/36	4/10	    11	         N
   0:9:51.53	 0.39509042	17/36	5/10	     6	         N
  0:9:54.963	 0.39509042	17/36	6/10	     8	         N
  0:9:58.335	 0.39509042	17/36	7/10	     7	         N
  0:10:1.338	 0.39509042	17/36	8/10	     8	         N
  0:10:4.333	 0.39509042	17/36	9/10	     7	         N
  0:10:7.398	 0.39509042	17/36	10/10	     9	         N
 0:10:10.459	 0.36348318	18/36	1/10	     9	         N
 0:10:13.680	 0.36348318	18/36	2/10	     9	         N
 0:10:16.778	 0.36348318	18/36	3/10	     8	         N
 0:10:19.775	 0.36348318	18/36	4/10	     9	         N
 0:10:22.772	 0.36348318	18/36	5/10	     8	         N
 0:10:25.747	 0.36348318	18/36	6/10	     9	         N
 0:10:28.992	 0.36348318	18/36	7/10	     8	         N
   0:10:32.4	 0.36348318	18/36	8/10	     9	         N
  0:10:35.16	 0.36348318	18/36	9/10	    10	         N
 0:10:38.126	 0.36348318	18/36	10/10	     9	         N
 0:10:41.194	 0.33440453	19/36	1/10	     6	         N
 0:10:44.195	 0.33440453	19/36	2/10	     7	         N
 0:10:47.232	 0.33440453	19/36	3/10	    11	         N
 0:10:50.207	 0.33440453	19/36	4/10	     7	         N
 0:10:53.214	 0.33440453	19/36	5/10	    10	         N
 0:10:56.221	 0.33440453	19/36	6/10	     7	         N
 0:10:59.571	 0.33440453	19/36	7/10	     6	         N
  0:11:2.770	 0.33440453	19/36	8/10	     7	         N
  0:11:5.773	 0.33440453	19/36	9/10	    10	         N
  0:11:8.787	 0.33440453	19/36	10/10	     7	         N
 0:11:11.760	 0.30765217	20/36	1/10	     8	         N
 0:11:14.811	 0.30765217	20/36	2/10	    10	         N
 0:11:17.845	 0.30765217	20/36	3/10	     8	         N
 0:11:20.809	 0.30765217	20/36	4/10	    10	         N
 0:11:23.727	 0.30765217	20/36	5/10	     8	         N
 0:11:26.880	 0.30765217	20/36	6/10	     8	         N
 0:11:29.918	 0.30765217	20/36	7/10	     9	         N
 0:11:32.897	 0.30765217	20/36	8/10	     8	         N
 0:11:35.804	 0.30765217	20/36	9/10	     8	         N
 0:11:39.133	 0.30765217	20/36	10/10	    10	         N
 0:11:42.686	 0.28303999	21/36	1/10	     9	         N
 0:11:45.845	 0.28303999	21/36	2/10	    10	         N
 0:11:49.255	 0.28303999	21/36	3/10	     7	         N
 0:11:52.151	 0.28303999	21/36	4/10	    10	         N
  0:11:55.12	 0.28303999	21/36	5/10	     8	         N
 0:11:57.980	 0.28303999	21/36	6/10	     8	         N
  0:12:0.942	 0.28303999	21/36	7/10	     9	         N
   0:12:4.28	 0.28303999	21/36	8/10	     9	         N
   0:12:7.33	 0.28303999	21/36	9/10	    11	         N
  0:12:9.861	 0.28303999	21/36	10/10	    10	         N
 0:12:12.717	 0.26039679	22/36	1/10	    10	         N
 0:12:15.644	 0.26039679	22/36	2/10	     5	         N
 0:12:18.542	 0.26039679	22/36	3/10	     9	         N
 0:12:21.712	 0.26039679	22/36	4/10	     9	         N
 0:12:24.774	 0.26039679	22/36	5/10	    11	         N
 0:12:27.641	 0.26039679	22/36	6/10	     9	         N
 0:12:30.547	 0.26039679	22/36	7/10	     8	         N
 0:12:33.282	 0.26039679	22/36	8/10	    10	         N
 0:12:36.149	 0.26039679	22/36	9/10	     6	         N
 0:12:39.227	 0.26039679	22/36	10/10	    10	         N
 0:12:42.248	 0.23956505	23/36	1/10	    12	         N
 0:12:45.179	 0.23956505	23/36	2/10	     5	         N
  0:12:48.25	 0.23956505	23/36	3/10	    10	         N
  0:12:51.16	 0.23956505	23/36	4/10	    10	         N
 0:12:53.955	 0.23956505	23/36	5/10	     7	         N
 0:12:57.285	 0.23956505	23/36	6/10	    10	         N
  0:13:0.261	 0.23956505	23/36	7/10	     9	         N
  0:13:3.111	 0.23956505	23/36	8/10	    11	         N
  0:13:5.929	 0.23956505	23/36	9/10	    11	         N
  0:13:8.822	 0.23956505	23/36	10/10	    10	         N
 0:13:11.724	 0.22039985	24/36	1/10	     8	         N
 0:13:14.729	 0.22039985	24/36	2/10	     8	         N
 0:13:17.754	 0.22039985	24/36	3/10	     8	         N
 0:13:20.769	 0.22039985	24/36	4/10	     9	         N
 0:13:23.709	 0.22039985	24/36	5/10	     9	         N
 0:13:26.554	 0.22039985	24/36	6/10	     9	         N
 0:13:29.355	 0.22039985	24/36	7/10	     8	         N
 0:13:32.251	 0.22039985	24/36	8/10	     9	         N
  0:13:35.64	 0.22039985	24/36	9/10	     7	         N
 0:13:37.942	 0.22039985	24/36	10/10	     9	         N
 0:13:40.985	 0.20276786	25/36	1/10	     6	         N
 0:13:43.871	 0.20276786	25/36	2/10	    10	         N
 0:13:46.822	 0.20276786	25/36	3/10	     8	         N
 0:13:49.611	 0.20276786	25/36	4/10	     9	         N
 0:13:52.801	 0.20276786	25/36	5/10	     6	         N
 0:13:55.950	 0.20276786	25/36	6/10	     9	         N
  0:13:59.13	 0.20276786	25/36	7/10	     5	         N
   0:14:3.84	 0.20276786	25/36	8/10	     9	         N
  0:14:7.298	 0.20276786	25/36	9/10	    10	         N
 0:14:11.195	 0.20276786	25/36	10/10	     9	         N
  0:14:15.25	 0.18654643	26/36	1/10	     9	         N
 0:14:18.553	 0.18654643	26/36	2/10	     7	         N
 0:14:22.339	 0.18654643	26/36	3/10	     9	         N
  0:14:26.37	 0.18654643	26/36	4/10	     8	         N
 0:14:29.880	 0.18654643	26/36	5/10	     9	         N
 0:14:34.115	 0.18654643	26/36	6/10	     9	         N
 0:14:38.256	 0.18654643	26/36	7/10	     6	         N
  0:14:42.92	 0.18654643	26/36	8/10	     8	         N
 0:14:45.888	 0.18654643	26/36	9/10	     8	         N
 0:14:49.790	 0.18654643	26/36	10/10	     9	         N
 0:14:53.872	 0.17162272	27/36	1/10	     6	         N
 0:14:57.467	 0.17162272	27/36	2/10	     9	         N
  0:15:1.376	 0.17162272	27/36	3/10	     7	         N
  0:15:5.112	 0.17162272	27/36	4/10	     9	         N
  0:15:8.661	 0.17162272	27/36	5/10	     8	         N
 0:15:12.600	 0.17162272	27/36	6/10	     9	         N
 0:15:16.283	 0.17162272	27/36	7/10	     9	         N
  0:15:20.78	 0.17162272	27/36	8/10	     7	         N
 0:15:23.814	 0.17162272	27/36	9/10	     7	         N
 0:15:27.525	 0.17162272	27/36	10/10	     9	         N
  0:15:31.51	  0.1578929	28/36	1/10	     8	         N
 0:15:34.778	  0.1578929	28/36	2/10	     8	         N
 0:15:38.126	  0.1578929	28/36	3/10	     9	         N
 0:15:41.864	  0.1578929	28/36	4/10	    10	         N
 0:15:45.397	  0.1578929	28/36	5/10	     7	         N
 0:15:49.182	  0.1578929	28/36	6/10	     8	         N
 0:15:53.252	  0.1578929	28/36	7/10	     7	         N
 0:15:56.850	  0.1578929	28/36	8/10	     7	         N
  0:16:0.526	  0.1578929	28/36	9/10	     9	         N
  0:16:4.161	  0.1578929	28/36	10/10	    11	         N
  0:16:7.712	 0.14526147	29/36	1/10	    11	         N
 0:16:11.394	 0.14526147	29/36	2/10	     7	         N
 0:16:15.198	 0.14526147	29/36	3/10	     7	         N
 0:16:18.763	 0.14526147	29/36	4/10	    10	         N
 0:16:21.659	 0.14526147	29/36	5/10	     7	         N
 0:16:24.494	 0.14526147	29/36	6/10	     8	         N
 0:16:27.473	 0.14526147	29/36	7/10	     9	         N
 0:16:30.340	 0.14526147	29/36	8/10	    10	         N
 0:16:33.373	 0.14526147	29/36	9/10	    10	         N
 0:16:36.383	 0.14526147	29/36	10/10	     9	         N
 0:16:39.880	 0.13364055	30/36	1/10	     9	         N
 0:16:43.768	 0.13364055	30/36	2/10	     6	         N
 0:16:46.995	 0.13364055	30/36	3/10	    10	         N
 0:16:50.528	 0.13364055	30/36	4/10	     7	         N
 0:16:53.990	 0.13364055	30/36	5/10	    10	         N
 0:16:57.362	 0.13364055	30/36	6/10	     8	         N
  0:17:0.764	 0.13364055	30/36	7/10	     7	         N
  0:17:4.469	 0.13364055	30/36	8/10	    10	         N
  0:17:7.987	 0.13364055	30/36	9/10	    10	         N
 0:17:11.582	 0.13364055	30/36	10/10	     7	         N
 0:17:15.276	 0.12294931	31/36	1/10	     7	         N
 0:17:18.848	 0.12294931	31/36	2/10	     7	         N
 0:17:22.415	 0.12294931	31/36	3/10	    10	         N
 0:17:25.891	 0.12294931	31/36	4/10	     9	         N
 0:17:29.621	 0.12294931	31/36	5/10	    11	         N
 0:17:33.255	 0.12294931	31/36	6/10	     7	         N
 0:17:37.121	 0.12294931	31/36	7/10	     5	         N
 0:17:40.856	 0.12294931	31/36	8/10	     5	         N
 0:17:44.252	 0.12294931	31/36	9/10	     6	         N
 0:17:47.653	 0.12294931	31/36	10/10	    10	         N
 0:17:51.117	 0.11311336	32/36	1/10	    11	         N
 0:17:54.544	 0.11311336	32/36	2/10	    10	         N
 0:17:58.167	 0.11311336	32/36	3/10	     6	         N
  0:18:1.909	 0.11311336	32/36	4/10	     9	         N
  0:18:5.496	 0.11311336	32/36	5/10	     9	         N
   0:18:9.36	 0.11311336	32/36	6/10	    10	         N
 0:18:12.557	 0.11311336	32/36	7/10	     7	         N
 0:18:15.748	 0.11311336	32/36	8/10	     9	         N
 0:18:19.418	 0.11311336	32/36	9/10	    10	         N
 0:18:22.469	 0.11311336	32/36	10/10	    11	         N
 0:18:25.387	 0.10406429	33/36	1/10	     8	         N
 0:18:28.277	 0.10406429	33/36	2/10	    10	         N
  0:18:31.80	 0.10406429	33/36	3/10	    12	         N
 0:18:33.927	 0.10406429	33/36	4/10	    10	         N
 0:18:36.812	 0.10406429	33/36	5/10	    10	         N
 0:18:39.892	 0.10406429	33/36	6/10	     7	         N
 0:18:42.738	 0.10406429	33/36	7/10	    11	         N
 0:18:45.539	 0.10406429	33/36	8/10	     8	         N
 0:18:48.480	 0.10406429	33/36	9/10	     9	         N
 0:18:51.238	 0.10406429	33/36	10/10	    13	         Y
 0:18:54.394	0.095739149	34/36	1/10	     9	         N
 0:18:57.591	0.095739149	34/36	2/10	     9	         N
  0:19:0.909	0.095739149	34/36	3/10	     9	         N
  0:19:3.755	0.095739149	34/36	4/10	    11	         N
  0:19:6.887	0.095739149	34/36	5/10	     9	         N
 0:19:10.759	0.095739149	34/36	6/10	     8	         N
 0:19:14.707	0.095739149	34/36	7/10	     8	         N
  0:19:18.70	0.095739149	34/36	8/10	     8	         N
 0:19:21.864	0.095739149	34/36	9/10	     9	         N
 0:19:25.246	0.095739149	34/36	10/10	    10	         N
 0:19:29.145	0.088080017	35/36	1/10	    10	         N
 0:19:33.160	0.088080017	35/36	2/10	     7	         N
 0:19:36.682	0.088080017	35/36	3/10	    10	         N
 0:19:40.518	0.088080017	35/36	4/10	     8	         N
 0:19:44.290	0.088080017	35/36	5/10	     9	         N
 0:19:47.803	0.088080017	35/36	6/10	     9	         N
 0:19:51.424	0.088080017	35/36	7/10	    10	         N
  0:19:55.38	0.088080017	35/36	8/10	     6	         N
 0:19:58.525	0.088080017	35/36	9/10	     9	         N
  0:20:1.884	0.088080017	35/36	10/10	     7	         N
  0:20:5.342	0.081033615	36/36	1/10	     8	         N
  0:20:8.930	0.081033615	36/36	2/10	    10	         N
 0:20:12.501	0.081033615	36/36	3/10	    12	         N
 0:20:16.128	0.081033615	36/36	4/10	     9	         N
 0:20:19.456	0.081033615	36/36	5/10	    10	         N
 0:20:22.908	0.081033615	36/36	6/10	    10	         N
 0:20:26.325	0.081033615	36/36	7/10	     8	         N
 0:20:30.234	0.081033615	36/36	8/10	     9	         N
 0:20:33.687	0.081033615	36/36	9/10	     9	         N
 0:20:37.296	0.081033615	36/36	10/10	    11	         N
Final objective: 13