89	135	135	135	216	153	54	231	2	0
11	85	206	135	37	147	54	204	2	0
64	135	97	135	216	147	74	204	2	2097152
172	163	200	36	37	151	37	204	2	262144
172	91	135	146	37	153	54	71	2	67108864
172	85	135	17	88	147	74	71	2	34603008
89	91	200	36	111	153	37	77	2	0
94	163	97	150	88	146	54	97	2	0
11	135	200	150	191	153	47	71	2	0
172	85	135	146	216	221	54	231	2	2
11	135	200	176	109	221	8	77	2	16384
64	202	200	215	21	146	37	103	2	2147483647
111	85	102	44	21	151	112	231	2	0
11	135	102	154	21	220	47	103	2	67108864
141	135	200	176	88	146	37	97	2	0
89	163	157	44	88	151	8	97	2	0
89	135	206	44	21	220	47	103	2	0
89	163	157	44	88	243	8	103	2	0
141	91	97	154	109	243	112	231	2	0
11	85	102	154	88	146	47	204	2	0
64	181	200	61	216	221	157	89	2	0
172	181	200	61	191	157	37	115	2	0
108	79	201	6	37	146	157	167	2	0
108	94	123	145	78	151	74	89	2	0
64	94	200	61	216	221	29	142	2	0
108	94	201	150	191	151	157	111	2	512
65	94	201	150	37	157	54	89	2	0
11	181	201	61	37	146	37	167	2	0
64	79	126	17	111	151	74	115	2	0
11	91	200	61	37	146	54	167	2	0
172	94	150	18	191	196	174	238	2	0
64	215	79	36	191	138	47	231	2	0
104	131	97	18	136	147	102	71	2	0
172	91	255	18	96	155	47	238	2	536870912
47	94	255	143	36	138	74	71	2	0
64	215	150	18	96	155	174	71	2	134217856
94	215	150	143	36	153	37	71	2	0
94	91	79	18	96	153	102	231	2	8192
47	163	97	36	96	196	174	106	2	4718592
172	91	150	36	96	155	47	71	2	0
30	72	168	68	88	221	55	93	2	4096
172	227	97	128	239	147	55	42	2	0
47	227	97	150	239	221	55	42	2	0
30	91	168	143	36	150	38	71	2	288
64	131	203	150	237	164	78	93	2	128
30	163	180	128	88	221	38	231	2	0
47	72	203	150	237	147	36	71	2	262144
120	91	203	150	239	164	78	238	2	0
64	227	180	68	88	153	78	71	2	0
47	91	203	68	239	164	38	71	2	0
47	27	170	143	33	164	31	238	2	16384
47	193	170	201	33	153	58	238	2	67108864
126	193	180	84	237	153	9	238	2	0
126	193	180	167	153	164	102	71	2	0
172	96	170	128	33	147	102	238	2	0
82	193	170	84	239	153	58	71	2	134217728
172	227	100	84	237	252	9	231	2	0
126	230	100	128	239	153	9	71	2	0
47	96	170	128	33	150	31	42	2	0
47	230	180	128	33	252	31	71	2	8224
174	227	97	128	36	221	74	231	2	0
89	131	97	150	231	153	101	231	2	0
30	227	97	134	220	178	36	79	2	1024
204	227	72	134	231	221	74	238	2	0
89	163	52	128	36	221	69	74	2	0
30	73	52	150	36	153	69	221	2	1073741824
89	91	52	201	88	140	101	74	2	0
89	227	211	201	220	221	74	74	2	536870912
204	163	72	128	220	178	74	79	2	0
204	227	52	134	36	140	36	231	2	0
47	72	180	192	237	147	78	71	2	0
172	99	63	78	239	147	44	93	2	1073741824
47	72	63	201	218	147	36	168	2	0
47	72	180	192	239	121	78	93	2	64
47	227	203	201	237	150	36	42	2	0
80	163	180	20	82	193	36	42	2	0
64	91	203	201	36	121	44	71	2	131108
64	99	180	137	237	32	74	93	2	0
47	163	97	201	237	147	74	71	2	0
64	72	180	20	82	147	74	71	2	0
14	91	20	128	88	187	100	42	2	0
165	129	193	128	219	148	36	109	2	0
165	105	41	68	219	148	200	231	2	0
47	91	193	68	153	187	181	231	2	512
47	91	97	143	219	187	36	238	2	131072
47	105	41	128	68	153	100	109	2	0
165	105	97	143	68	86	36	71	2	0
64	129	168	68	153	148	200	109	2	201326592
14	129	20	128	88	153	100	231	2	1024
64	129	20	68	88	153	100	71	2	0
120	163	168	201	88	153	36	42	2	0
172	121	156	68	165	164	55	83	2	0
172	250	73	150	131	150	55	205	2	64
29	72	73	201	4	233	55	42	2	0
64	72	168	129	232	153	55	205	2	0
64	250	73	201	88	153	74	102	2	16384
172	121	203	68	165	164	74	42	2	64
120	163	156	143	88	150	78	42	2	8388608
29	131	73	201	232	233	74	102	2	1073741824
174	72	73	129	4	153	14	42	2	128
120	121	227	143	165	38	55	118	2	0
174	3	227	212	88	233	36	44	2	0
174	250	227	212	4	233	55	230	2	1073741824
120	250	168	139	88	209	55	44	2	0
97	72	227	143	194	135	14	118	2	0
120	121	227	139	165	151	8	205	2	16777216
97	3	204	143	165	233	238	219	2	8388608
174	121	204	197	194	209	8	205	2	33554432
97	67	189	139	88	38	55	118	2	0
97	72	189	139	194	233	14	205	2	0
252	163	138	246	155	151	12	83	2	0
174	163	172	246	4	150	78	83	2	0
174	193	203	155	74	233	196	249	2	0
89	163	73	7	155	233	78	249	2	0
120	104	138	137	179	151	78	249	2	0
89	104	63	246	179	150	196	108	2	65536
174	104	63	201	155	139	78	118	2	0
140	125	63	246	179	150	191	42	2	1024
89	250	73	155	74	150	78	108	2	67108864
120	250	73	7	4	225	12	108	2	0
172	249	209	149	131	232	127	166	2	0
29	255	157	75	131	244	74	83	2	0
172	249	121	201	131	232	127	166	2	16
96	255	209	129	131	22	127	166	2	0
172	255	63	68	131	30	127	102	2	0
29	163	121	129	131	232	14	83	2	0
64	249	121	75	165	232	55	83	2	16385
29	163	63	75	88	153	55	83	2	0
29	249	121	201	204	244	6	83	2	0
64	167	63	201	131	30	127	42	2	2
16	131	217	143	4	233	55	205	2	0
16	74	217	129	234	181	14	42	2	0
16	131	217	129	19	146	36	22	2	0
120	121	63	77	88	146	110	42	2	0
120	241	1	129	88	181	36	42	2	0
16	163	217	68	19	210	110	102	2	0
29	241	149	129	234	150	55	102	2	1
191	121	217	143	39	181	30	102	2	0
29	163	149	150	4	146	36	22	2	0
45	163	168	129	19	181	55	205	2	0
136	121	73	200	4	164	78	13	2	2
136	191	23	200	131	166	55	83	2	2
57	121	217	68	232	9	36	47	2	0
174	122	73	68	232	21	78	83	2	0
57	121	73	200	96	9	13	83	2	0
64	136	217	129	232	166	13	13	2	0
110	191	156	143	131	9	74	102	2	0
174	121	73	200	165	233	36	111	2	33554432
174	121	23	68	96	164	36	83	2	1073741824
110	191	156	129	232	21	74	102	2	0
29	192	64	112	131	150	113	102	2	0
120	154	64	129	232	150	36	205	2	0
29	154	156	129	196	164	23	215	2	0
64	39	107	142	89	233	78	205	2	524288
166	192	107	129	230	233	36	102	2	4
166	154	156	142	230	164	23	102	2	0
184	121	156	112	131	131	23	205	2	0
29	192	107	201	131	150	78	102	2	134217728
166	39	156	201	230	233	113	102	2	0
29	39	64	129	232	153	113	205	2	0
172	72	156	68	60	150	36	205	2	0
74	72	156	143	163	150	36	205	2	33554432
174	132	75	68	203	180	36	101	2	0
5	163	75	68	240	233	36	211	2	0
5	72	46	215	203	180	55	101	2	0
125	72	156	129	240	180	36	102	2	0
174	132	168	129	60	27	55	205	2	2048
5	163	75	215	240	27	82	42	2	67108864
5	72	46	129	8	27	55	211	2	1048576
74	163	75	215	240	27	14	211	2	4
172	51	43	84	131	164	140	102	2	0
1	131	43	84	232	146	140	96	2	0
172	131	66	197	131	146	74	96	2	0
29	250	66	84	173	151	74	83	2	0
29	121	184	143	4	151	37	96	2	0
1	250	203	197	88	154	32	102	2	0
1	250	203	150	131	146	74	83	2	0
1	250	203	84	131	154	74	102	2	0
174	51	43	143	131	146	90	102	2	67108864
29	121	184	197	4	154	140	96	2	268435520
114	251	140	221	88	164	74	102	2	147456
114	72	140	143	165	164	74	102	2	0
64	135	140	129	197	131	55	99	2	0
172	251	172	221	165	233	74	255	2	0
114	162	227	84	197	164	78	83	2	0
114	251	140	143	232	131	78	83	2	0
64	162	172	143	165	131	143	255	2	0
29	250	172	150	197	131	36	102	2	0
29	135	227	84	165	164	36	42	2	524288
114	72	227	143	232	233	143	42	2	0
64	39	153	201	172	151	74	42	2	0
29	250	29	138	88	133	55	205	2	0
64	79	104	183	172	151	78	42	2	16
64	131	142	201	88	133	14	42	2	0
120	131	104	183	88	150	78	122	2	0
29	99	142	201	3	161	14	205	2	0
172	99	29	124	3	151	36	102	2	0
120	250	104	201	172	133	36	122	2	0
172	79	104	138	3	151	55	205	2	0
29	79	29	124	227	133	36	205	2	0
126	120	41	76	232	143	78	205	2	133132
175	58	156	76	73	143	78	102	2	0
66	250	156	215	18	201	78	54	2	0
29	58	168	147	232	164	39	42	2	0
175	131	41	225	73	199	78	205	2	393216
172	131	156	147	131	164	78	102	2	0
172	250	168	175	232	199	74	205	2	0
66	120	203	225	73	201	78	83	2	0
175	58	168	76	73	143	39	83	2	0
29	58	41	76	232	199	39	83	2	67108864
174	197	63	201	229	31	55	226	2	0
174	250	73	111	250	233	76	76	2	16777216
47	39	137	150	229	164	78	215	2	0
47	197	73	100	250	18	78	42	2	1048576
174	197	63	129	88	164	9	226	2	16384
66	197	168	129	229	31	76	54	2	134217728
108	75	137	111	131	153	78	76	2	0
174	75	63	129	4	31	165	215	2	1073741824
47	197	168	201	229	153	55	215	2	0
174	39	168	201	88	153	55	42	2	0
15	212	156	148	138	31	31	24	2	0
15	241	156	135	88	164	165	193	2	0
170	102	233	100	250	164	31	76	2	0
118	212	169	111	88	19	80	226	2	0
173	241	204	111	229	169	165	76	2	0
34	102	63	100	13	31	55	76	2	0
170	212	63	148	229	31	78	76	2	0
118	102	204	148	88	31	80	226	2	262144
170	75	204	135	88	31	78	178	2	0
170	75	204	135	13	169	80	76	2	0
57	119	168	4	164	159	9	54	2	16777216
110	119	73	111	164	18	9	54	2	0
57	14	212	129	88	172	100	54	2	0
66	14	73	111	250	73	100	215	2	0
57	197	137	201	164	73	55	76	2	0
184	197	168	4	88	153	9	54	2	16384
66	250	212	111	164	172	100	226	2	0
57	250	212	150	237	73	78	226	2	0
66	119	63	129	153	73	9	54	2	0
66	119	73	4	237	172	132	226	2	0
140	250	168	100	120	164	165	4	2	5
15	250	78	143	183	31	9	215	2	0
168	250	168	72	120	18	165	42	2	0
236	250	78	100	183	18	76	54	2	0
140	5	63	143	183	153	9	54	2	0
66	63	168	111	88	31	55	215	2	2147483647
140	128	168	143	229	233	165	42	2	0
168	250	152	143	88	233	110	215	2	16777216
168	75	63	143	229	31	76	215	2	0
168	250	137	100	120	233	76	54	2	1024
107	95	156	150	250	153	165	54	2	1073741824
107	197	137	150	88	153	111	215	2	0
116	197	137	150	250	153	111	54	2	0
116	197	156	100	88	19	76	211	2	0
174	54	15	100	250	224	76	42	2	0
184	197	156	100	229	31	165	42	2	0
107	197	156	0	88	31	165	76	2	0
107	95	15	0	67	153	49	54	2	8388608
107	95	156	150	229	31	165	76	2	0
116	54	156	100	250	19	165	42	2	0
84	199	137	201	90	18	76	215	2	4194304
184	199	107	146	247	196	108	246	2	0
23	199	137	111	250	22	55	215	2	0
84	121	137	152	90	196	172	114	2	1024
23	121	137	99	32	172	172	215	2	1024
84	199	137	111	90	22	9	215	2	0
184	199	137	99	197	155	9	114	2	8388608
23	199	107	201	247	196	108	246	2	0
178	197	107	111	247	172	55	246	2	0
184	121	107	111	250	18	172	114	2	0
66	53	140	202	5	146	78	224	2	0
117	75	168	111	108	146	169	120	2	33555456
184	121	222	202	203	164	205	215	2	0
66	197	63	146	203	146	3	224	2	0
184	250	63	146	108	233	205	56	2	0
117	250	73	100	232	153	3	61	2	64
184	121	63	100	108	233	3	120	2	0
167	53	63	111	108	233	169	56	2	0
66	197	222	0	108	146	205	224	2	0
117	75	63	0	108	146	169	120	2	0
134	39	95	150	106	90	76	42	2	0
134	197	73	100	88	150	76	215	2	0
134	75	137	100	131	29	76	42	2	0
82	121	137	129	88	29	31	42	2	0
134	224	137	100	131	18	55	42	2	0
134	75	95	100	106	150	55	76	2	0
100	75	222	201	88	29	55	42	2	8
134	197	222	111	88	90	55	226	2	0
100	197	73	150	88	18	69	215	2	0
59	197	222	111	88	29	76	76	2	0
111	88	168	111	4	233	78	42	2	134217732
108	88	168	150	4	233	78	255	2	134217728
182	88	217	111	159	18	165	42	2	0
111	250	168	150	159	31	165	42	2	201326592
111	250	63	100	159	31	24	76	2	0
182	39	41	111	252	31	76	255	2	0
34	250	217	160	229	31	165	76	2	0
34	250	41	111	229	18	78	126	2	0
108	88	217	150	95	31	24	255	2	33554432
111	220	73	150	252	24	76	76	2	134217728
189	197	223	111	4	164	55	219	2	0
14	250	156	111	197	164	78	254	2	0
47	121	168	221	197	216	165	254	2	0
14	44	223	166	197	31	9	42	2	2048
189	44	223	166	35	245	9	79	2	4
66	44	168	111	4	31	78	42	2	4194312
66	44	144	100	197	245	78	79	2	1091
47	64	223	221	197	245	9	42	2	4194304
189	197	73	165	4	18	9	219	2	0
14	250	73	165	35	18	4	79	2	0
