Initial objective: 6
------------------------------------------------------------------
Elapsed Time	Temperature	Epoch	Trial	Objective	Acceptance
------------------------------------------------------------------
   0:0:1.284	          2	1/36	1/10	     6	         N
   0:0:2.577	          2	1/36	2/10	     6	         N
   0:0:3.894	          2	1/36	3/10	     5	         Y
   0:0:5.244	          2	1/36	4/10	     6	         Y
   0:0:6.572	          2	1/36	5/10	     4	         Y
   0:0:7.830	          2	1/36	6/10	     7	         Y
   0:0:9.160	          2	1/36	7/10	     7	         N
  0:0:10.447	          2	1/36	8/10	     6	         Y
  0:0:11.713	          2	1/36	9/10	     5	         Y
   0:0:13.16	          2	1/36	10/10	     6	         Y
  0:0:14.284	       1.84	2/36	1/10	     5	         Y
  0:0:15.558	       1.84	2/36	2/10	     6	         Y
  0:0:16.792	       1.84	2/36	3/10	     6	         N
   0:0:18.67	       1.84	2/36	4/10	     8	         Y
  0:0:19.435	       1.84	2/36	5/10	     9	         Y
  0:0:20.805	       1.84	2/36	6/10	     6	         N
  0:0:22.220	       1.84	2/36	7/10	     6	         Y
  0:0:23.504	       1.84	2/36	8/10	     8	         Y
  0:0:24.787	       1.84	2/36	9/10	     8	         N
   0:0:26.82	       1.84	2/36	10/10	     6	         N
  0:0:27.323	     1.6928	3/36	1/10	     7	         N
  0:0:28.602	     1.6928	3/36	2/10	    10	         Y
  0:0:29.886	     1.6928	3/36	3/10	     6	         N
  0:0:31.160	     1.6928	3/36	4/10	     6	         N
  0:0:32.516	     1.6928	3/36	5/10	     7	         Y
  0:0:33.780	     1.6928	3/36	6/10	     7	         N
   0:0:35.95	     1.6928	3/36	7/10	     6	         Y
  0:0:36.516	     1.6928	3/36	8/10	     6	         N
  0:0:37.771	     1.6928	3/36	9/10	     4	         N
  0:0:39.312	     1.6928	3/36	10/10	     6	         N
  0:0:40.863	   1.557376	4/36	1/10	     6	         N
  0:0:42.149	   1.557376	4/36	2/10	     5	         Y
  0:0:43.416	   1.557376	4/36	3/10	     6	         Y
  0:0:44.694	   1.557376	4/36	4/10	     4	         Y
   0:0:46.86	   1.557376	4/36	5/10	     7	         Y
  0:0:47.604	   1.557376	4/36	6/10	     6	         N
  0:0:48.857	   1.557376	4/36	7/10	     5	         N
  0:0:50.128	   1.557376	4/36	8/10	     8	         Y
  0:0:51.375	   1.557376	4/36	9/10	     8	         N
  0:0:52.632	   1.557376	4/36	10/10	     8	         N
  0:0:53.900	  1.4327859	5/36	1/10	     7	         N
  0:0:55.322	  1.4327859	5/36	2/10	     7	         N
  0:0:56.667	  1.4327859	5/36	3/10	     7	         N
  0:0:58.110	  1.4327859	5/36	4/10	     7	         Y
  0:0:59.588	  1.4327859	5/36	5/10	     7	         N
   0:1:0.852	  1.4327859	5/36	6/10	    10	         Y
   0:1:2.167	  1.4327859	5/36	7/10	     7	         N
   0:1:3.470	  1.4327859	5/36	8/10	     7	         N
   0:1:4.977	  1.4327859	5/36	9/10	     5	         N
   0:1:6.524	  1.4327859	5/36	10/10	     6	         N
   0:1:7.859	   1.318163	6/36	1/10	    10	         N
   0:1:9.127	   1.318163	6/36	2/10	     7	         Y
  0:1:10.415	   1.318163	6/36	3/10	     7	         N
  0:1:11.703	   1.318163	6/36	4/10	     6	         Y
   0:1:13.57	   1.318163	6/36	5/10	     6	         N
  0:1:14.641	   1.318163	6/36	6/10	     5	         N
  0:1:16.518	   1.318163	6/36	7/10	     6	         N
  0:1:17.826	   1.318163	6/36	8/10	     4	         Y
   0:1:19.80	   1.318163	6/36	9/10	     4	         N
  0:1:20.502	   1.318163	6/36	10/10	     7	         Y
   0:1:22.46	    1.21271	7/36	1/10	     7	         N
  0:1:23.498	    1.21271	7/36	2/10	     7	         N
  0:1:24.766	    1.21271	7/36	3/10	     5	         N
  0:1:26.117	    1.21271	7/36	4/10	     6	         Y
  0:1:27.391	    1.21271	7/36	5/10	     6	         N
  0:1:28.677	    1.21271	7/36	6/10	     3	         N
  0:1:30.115	    1.21271	7/36	7/10	     7	         Y
  0:1:31.422	    1.21271	7/36	8/10	     5	         Y
  0:1:32.783	    1.21271	7/36	9/10	     4	         N
  0:1:34.104	    1.21271	7/36	10/10	     6	         Y
  0:1:35.545	  1.1156932	8/36	1/10	     7	         Y
  0:1:36.825	  1.1156932	8/36	2/10	     7	         N
  0:1:38.109	  1.1156932	8/36	3/10	     6	         N
  0:1:39.405	  1.1156932	8/36	4/10	     5	         N
  0:1:40.827	  1.1156932	8/36	5/10	     6	         Y
  0:1:42.117	  1.1156932	8/36	6/10	     7	         Y
  0:1:43.410	  1.1156932	8/36	7/10	     8	         Y
  0:1:44.981	  1.1156932	8/36	8/10	     7	         Y
   0:1:47.93	  1.1156932	8/36	9/10	     5	         N
  0:1:48.362	  1.1156932	8/36	10/10	     8	         Y
  0:1:49.680	  1.0264377	9/36	1/10	     6	         N
  0:1:50.949	  1.0264377	9/36	2/10	     5	         Y
  0:1:52.342	  1.0264377	9/36	3/10	     4	         N
  0:1:53.734	  1.0264377	9/36	4/10	     4	         N
  0:1:55.282	  1.0264377	9/36	5/10	     4	         N
  0:1:56.826	  1.0264377	9/36	6/10	     8	         Y
  0:1:58.126	  1.0264377	9/36	7/10	     6	         N
  0:1:59.406	  1.0264377	9/36	8/10	     6	         Y
   0:2:0.762	  1.0264377	9/36	9/10	     5	         Y
    0:2:2.63	  1.0264377	9/36	10/10	     6	         Y
   0:2:3.461	 0.94432273	10/36	1/10	     8	         Y
   0:2:4.794	 0.94432273	10/36	2/10	     6	         Y
    0:2:6.94	 0.94432273	10/36	3/10	     5	         N
   0:2:7.358	 0.94432273	10/36	4/10	     5	         N
   0:2:8.718	 0.94432273	10/36	5/10	     5	         Y
   0:2:10.82	 0.94432273	10/36	6/10	     5	         N
  0:2:11.361	 0.94432273	10/36	7/10	     4	         N
  0:2:12.676	 0.94432273	10/36	8/10	     7	         Y
   0:2:14.58	 0.94432273	10/36	9/10	     8	         Y
  0:2:15.366	 0.94432273	10/36	10/10	     5	         N
  0:2:16.634	 0.86877691	11/36	1/10	     7	         Y
  0:2:17.912	 0.86877691	11/36	2/10	     7	         N
  0:2:19.310	 0.86877691	11/36	3/10	     6	         Y
  0:2:20.630	 0.86877691	11/36	4/10	     5	         Y
  0:2:21.920	 0.86877691	11/36	5/10	     6	         Y
  0:2:23.282	 0.86877691	11/36	6/10	     7	         Y
  0:2:24.633	 0.86877691	11/36	7/10	     6	         Y
  0:2:25.926	 0.86877691	11/36	8/10	     7	         Y
  0:2:27.254	 0.86877691	11/36	9/10	     3	         N
  0:2:28.585	 0.86877691	11/36	10/10	     5	         N
  0:2:29.967	 0.79927476	12/36	1/10	     5	         N
  0:2:31.239	 0.79927476	12/36	2/10	     6	         N
  0:2:32.490	 0.79927476	12/36	3/10	     6	         Y
  0:2:33.773	 0.79927476	12/36	4/10	     4	         N
    0:2:35.6	 0.79927476	12/36	5/10	     6	         N
  0:2:36.333	 0.79927476	12/36	6/10	     7	         Y
  0:2:37.648	 0.79927476	12/36	7/10	     7	         N
    0:2:39.5	 0.79927476	12/36	8/10	     5	         N
  0:2:40.298	 0.79927476	12/36	9/10	     6	         Y
  0:2:41.604	 0.79927476	12/36	10/10	     7	         Y
  0:2:42.921	 0.73533278	13/36	1/10	     9	         Y
  0:2:44.201	 0.73533278	13/36	2/10	     6	         N
  0:2:45.603	 0.73533278	13/36	3/10	     6	         N
  0:2:46.866	 0.73533278	13/36	4/10	     5	         N
  0:2:48.122	 0.73533278	13/36	5/10	     9	         N
  0:2:49.597	 0.73533278	13/36	6/10	     7	         N
  0:2:50.869	 0.73533278	13/36	7/10	     5	         N
  0:2:52.129	 0.73533278	13/36	8/10	     7	         N
  0:2:53.409	 0.73533278	13/36	9/10	     7	         N
  0:2:54.713	 0.73533278	13/36	10/10	     6	         N
    0:2:56.5	 0.67650615	14/36	1/10	    10	         Y
  0:2:57.303	 0.67650615	14/36	2/10	     5	         N
  0:2:58.591	 0.67650615	14/36	3/10	     5	         N
  0:2:59.906	 0.67650615	14/36	4/10	     7	         N
   0:3:1.294	 0.67650615	14/36	5/10	     6	         N
   0:3:2.600	 0.67650615	14/36	6/10	     8	         N
    0:3:4.47	 0.67650615	14/36	7/10	     6	         N
   0:3:5.321	 0.67650615	14/36	8/10	     6	         N
   0:3:6.595	 0.67650615	14/36	9/10	     6	         N
   0:3:7.873	 0.67650615	14/36	10/10	     5	         N
   0:3:9.125	 0.62238566	15/36	1/10	     9	         N
  0:3:10.445	 0.62238566	15/36	2/10	     9	         Y
  0:3:11.827	 0.62238566	15/36	3/10	     7	         N
  0:3:13.110	 0.62238566	15/36	4/10	     9	         N
  0:3:14.386	 0.62238566	15/36	5/10	     5	         N
  0:3:15.689	 0.62238566	15/36	6/10	    10	         Y
  0:3:16.994	 0.62238566	15/36	7/10	     8	         N
  0:3:18.285	 0.62238566	15/36	8/10	     6	         N
  0:3:19.574	 0.62238566	15/36	9/10	     8	         Y
  0:3:20.846	 0.62238566	15/36	10/10	     8	         N
   0:3:22.99	 0.57259481	16/36	1/10	     8	         N
  0:3:23.351	 0.57259481	16/36	2/10	     8	         N
  0:3:24.628	 0.57259481	16/36	3/10	     8	         N
  0:3:25.877	 0.57259481	16/36	4/10	     8	         N
  0:3:27.161	 0.57259481	16/36	5/10	     9	         Y
  0:3:28.435	 0.57259481	16/36	6/10	     7	         N
  0:3:29.709	 0.57259481	16/36	7/10	     5	         N
  0:3:30.959	 0.57259481	16/36	8/10	     8	         N
  0:3:32.244	 0.57259481	16/36	9/10	     7	         Y
  0:3:33.670	 0.57259481	16/36	10/10	     8	         Y
    0:3:35.3	 0.52678722	17/36	1/10	     7	         N
  0:3:36.240	 0.52678722	17/36	2/10	     4	         N
  0:3:37.490	 0.52678722	17/36	3/10	     5	         N
  0:3:38.703	 0.52678722	17/36	4/10	     5	         N
  0:3:39.998	 0.52678722	17/36	5/10	     6	         N
  0:3:41.263	 0.52678722	17/36	6/10	     6	         N
  0:3:42.516	 0.52678722	17/36	7/10	     6	         N
  0:3:43.784	 0.52678722	17/36	8/10	     5	         N
  0:3:45.136	 0.52678722	17/36	9/10	     7	         Y
  0:3:46.379	 0.52678722	17/36	10/10	     8	         Y
  0:3:47.643	 0.48464425	18/36	1/10	     6	         N
  0:3:48.894	 0.48464425	18/36	2/10	     6	         N
  0:3:50.159	 0.48464425	18/36	3/10	     8	         N
  0:3:51.534	 0.48464425	18/36	4/10	     6	         N
  0:3:52.848	 0.48464425	18/36	5/10	     6	         N
   0:3:54.82	 0.48464425	18/36	6/10	     5	         Y
  0:3:55.314	 0.48464425	18/36	7/10	     7	         Y
  0:3:56.594	 0.48464425	18/36	8/10	     6	         Y
  0:3:57.834	 0.48464425	18/36	9/10	     6	         N
   0:3:59.88	 0.48464425	18/36	10/10	     9	         Y
   0:4:0.470	 0.44587271	19/36	1/10	     6	         N
   0:4:1.791	 0.44587271	19/36	2/10	     6	         N
   0:4:3.128	 0.44587271	19/36	3/10	     7	         N
   0:4:4.478	 0.44587271	19/36	4/10	     5	         N
   0:4:5.694	 0.44587271	19/36	5/10	     5	         N
     0:4:7.8	 0.44587271	19/36	6/10	     6	         N
   0:4:8.264	 0.44587271	19/36	7/10	     8	         N
   0:4:9.479	 0.44587271	19/36	8/10	     8	         N
  0:4:10.717	 0.44587271	19/36	9/10	     7	         N
  0:4:11.942	 0.44587271	19/36	10/10	     3	         N
  0:4:13.218	 0.41020289	20/36	1/10	     8	         N
  0:4:14.481	 0.41020289	20/36	2/10	     7	         N
  0:4:15.692	 0.41020289	20/36	3/10	     8	         Y
  0:4:16.951	 0.41020289	20/36	4/10	     6	         N
  0:4:18.249	 0.41020289	20/36	5/10	     6	         N
  0:4:19.721	 0.41020289	20/36	6/10	     8	         N
   0:4:21.72	 0.41020289	20/36	7/10	     7	         N
  0:4:22.419	 0.41020289	20/36	8/10	     7	         N
  0:4:23.690	 0.41020289	20/36	9/10	     5	         N
  0:4:24.962	 0.41020289	20/36	10/10	     6	         N
  0:4:26.257	 0.37738666	21/36	1/10	     6	         N
  0:4:27.494	 0.37738666	21/36	2/10	     5	         N
  0:4:28.725	 0.37738666	21/36	3/10	     5	         N
  0:4:29.975	 0.37738666	21/36	4/10	     5	         N
  0:4:31.314	 0.37738666	21/36	5/10	     8	         N
  0:4:32.563	 0.37738666	21/36	6/10	     5	         N
  0:4:33.858	 0.37738666	21/36	7/10	     6	         N
   0:4:35.58	 0.37738666	21/36	8/10	     6	         N
  0:4:36.301	 0.37738666	21/36	9/10	     7	         N
  0:4:37.561	 0.37738666	21/36	10/10	     6	         N
  0:4:38.799	 0.34719573	22/36	1/10	     7	         Y
   0:4:40.35	 0.34719573	22/36	2/10	     5	         N
  0:4:41.291	 0.34719573	22/36	3/10	     8	         Y
  0:4:42.509	 0.34719573	22/36	4/10	     4	         N
  0:4:43.791	 0.34719573	22/36	5/10	     7	         N
   0:4:45.50	 0.34719573	22/36	6/10	     7	         N
  0:4:46.236	 0.34719573	22/36	7/10	     6	         N
  0:4:47.507	 0.34719573	22/36	8/10	    11	         Y
  0:4:48.699	 0.34719573	22/36	9/10	     8	         N
  0:4:49.926	 0.34719573	22/36	10/10	     9	         N
  0:4:51.194	 0.31942007	23/36	1/10	     6	         N
  0:4:52.426	 0.31942007	23/36	2/10	     8	         N
  0:4:53.692	 0.31942007	23/36	3/10	     8	         N
  0:4:54.939	 0.31942007	23/36	4/10	     7	         N
  0:4:56.158	 0.31942007	23/36	5/10	     7	         N
  0:4:57.412	 0.31942007	23/36	6/10	     7	         N
  0:4:58.645	 0.31942007	23/36	7/10	     8	         N
  0:4:59.960	 0.31942007	23/36	8/10	     7	         N
   0:5:1.168	 0.31942007	23/36	9/10	     9	         Y
   0:5:2.393	 0.31942007	23/36	10/10	     6	         N
   0:5:3.662	 0.29386646	24/36	1/10	     8	         N
   0:5:4.976	 0.29386646	24/36	2/10	     9	         N
   0:5:6.220	 0.29386646	24/36	3/10	     6	         N
   0:5:7.486	 0.29386646	24/36	4/10	     9	         N
   0:5:8.674	 0.29386646	24/36	5/10	     7	         N
   0:5:9.925	 0.29386646	24/36	6/10	    10	         Y
  0:5:11.136	 0.29386646	24/36	7/10	     8	         N
  0:5:12.401	 0.29386646	24/36	8/10	     8	         N
  0:5:13.625	 0.29386646	24/36	9/10	     5	         N
  0:5:14.827	 0.29386646	24/36	10/10	     7	         N
    0:5:16.4	 0.27035715	25/36	1/10	     7	         N
  0:5:17.208	 0.27035715	25/36	2/10	    10	         N
  0:5:18.416	 0.27035715	25/36	3/10	     5	         N
  0:5:19.680	 0.27035715	25/36	4/10	     8	         N
   0:5:21.79	 0.27035715	25/36	5/10	     9	         N
  0:5:22.485	 0.27035715	25/36	6/10	     6	         N
  0:5:23.683	 0.27035715	25/36	7/10	     9	         N
  0:5:24.900	 0.27035715	25/36	8/10	     8	         N
  0:5:26.111	 0.27035715	25/36	9/10	     9	         N
  0:5:27.318	 0.27035715	25/36	10/10	     8	         N
  0:5:28.562	 0.24872857	26/36	1/10	     9	         N
  0:5:29.904	 0.24872857	26/36	2/10	    11	         Y
  0:5:31.156	 0.24872857	26/36	3/10	     9	         N
  0:5:32.406	 0.24872857	26/36	4/10	     8	         N
  0:5:33.651	 0.24872857	26/36	5/10	     8	         N
  0:5:34.870	 0.24872857	26/36	6/10	     9	         N
  0:5:36.107	 0.24872857	26/36	7/10	     8	         N
  0:5:37.300	 0.24872857	26/36	8/10	     7	         N
  0:5:38.638	 0.24872857	26/36	9/10	     4	         N
  0:5:39.918	 0.24872857	26/36	10/10	     6	         N
  0:5:41.137	 0.22883029	27/36	1/10	     9	         N
  0:5:42.380	 0.22883029	27/36	2/10	     6	         N
  0:5:43.729	 0.22883029	27/36	3/10	     9	         N
  0:5:45.184	 0.22883029	27/36	4/10	     6	         N
  0:5:46.487	 0.22883029	27/36	5/10	     7	         N
  0:5:47.651	 0.22883029	27/36	6/10	     7	         N
  0:5:48.843	 0.22883029	27/36	7/10	    10	         N
  0:5:50.180	 0.22883029	27/36	8/10	     6	         N
  0:5:51.440	 0.22883029	27/36	9/10	     8	         N
  0:5:52.659	 0.22883029	27/36	10/10	     8	         N
  0:5:53.844	 0.21052386	28/36	1/10	     8	         N
   0:5:55.94	 0.21052386	28/36	2/10	     7	         N
  0:5:56.302	 0.21052386	28/36	3/10	     8	         N
  0:5:57.551	 0.21052386	28/36	4/10	     7	         N
  0:5:58.748	 0.21052386	28/36	5/10	     8	         N
  0:5:59.931	 0.21052386	28/36	6/10	     6	         N
   0:6:1.152	 0.21052386	28/36	7/10	     7	         N
   0:6:2.579	 0.21052386	28/36	8/10	     5	         N
   0:6:3.905	 0.21052386	28/36	9/10	     4	         N
   0:6:5.157	 0.21052386	28/36	10/10	     5	         N
   0:6:6.410	 0.19368196	29/36	1/10	     9	         N
   0:6:7.644	 0.19368196	29/36	2/10	     7	         N
   0:6:8.856	 0.19368196	29/36	3/10	     5	         N
  0:6:10.108	 0.19368196	29/36	4/10	     6	         N
  0:6:11.378	 0.19368196	29/36	5/10	     5	         N
  0:6:12.889	 0.19368196	29/36	6/10	     7	         N
  0:6:14.479	 0.19368196	29/36	7/10	     7	         N
  0:6:16.180	 0.19368196	29/36	8/10	     7	         N
  0:6:17.580	 0.19368196	29/36	9/10	     8	         N
  0:6:18.852	 0.19368196	29/36	10/10	     4	         N
  0:6:20.265	  0.1781874	30/36	1/10	     5	         N
  0:6:21.583	  0.1781874	30/36	2/10	     5	         N
  0:6:22.799	  0.1781874	30/36	3/10	     7	         N
   0:6:24.50	  0.1781874	30/36	4/10	     4	         N
  0:6:25.259	  0.1781874	30/36	5/10	     6	         N
  0:6:26.635	  0.1781874	30/36	6/10	     6	         N
  0:6:27.955	  0.1781874	30/36	7/10	     5	         N
  0:6:29.327	  0.1781874	30/36	8/10	     7	         N
  0:6:30.653	  0.1781874	30/36	9/10	     4	         N
  0:6:31.972	  0.1781874	30/36	10/10	     8	         N
  0:6:33.331	 0.16393241	31/36	1/10	    10	         N
  0:6:34.556	 0.16393241	31/36	2/10	     5	         N
  0:6:35.772	 0.16393241	31/36	3/10	     6	         N
   0:6:37.58	 0.16393241	31/36	4/10	     9	         N
  0:6:38.300	 0.16393241	31/36	5/10	     6	         N
  0:6:39.502	 0.16393241	31/36	6/10	     5	         N
  0:6:40.883	 0.16393241	31/36	7/10	     7	         N
  0:6:42.190	 0.16393241	31/36	8/10	     6	         N
  0:6:43.385	 0.16393241	31/36	9/10	     5	         N
  0:6:44.586	 0.16393241	31/36	10/10	     6	         N
  0:6:45.821	 0.15081781	32/36	1/10	     6	         N
   0:6:47.63	 0.15081781	32/36	2/10	     7	         N
  0:6:48.275	 0.15081781	32/36	3/10	     6	         N
  0:6:49.520	 0.15081781	32/36	4/10	     6	         N
  0:6:50.717	 0.15081781	32/36	5/10	     8	         N
  0:6:51.980	 0.15081781	32/36	6/10	     7	         N
  0:6:53.226	 0.15081781	32/36	7/10	     7	         N
  0:6:54.486	 0.15081781	32/36	8/10	     6	         N
  0:6:55.683	 0.15081781	32/36	9/10	     7	         N
  0:6:56.921	 0.15081781	32/36	10/10	     6	         N
  0:6:58.184	 0.13875239	33/36	1/10	     6	         N
  0:6:59.667	 0.13875239	33/36	2/10	    10	         N
   0:7:0.868	 0.13875239	33/36	3/10	     6	         N
    0:7:2.92	 0.13875239	33/36	4/10	     9	         N
   0:7:3.311	 0.13875239	33/36	5/10	     7	         N
   0:7:4.627	 0.13875239	33/36	6/10	     6	         N
   0:7:5.874	 0.13875239	33/36	7/10	     6	         N
   0:7:7.209	 0.13875239	33/36	8/10	     7	         N
   0:7:8.489	 0.13875239	33/36	9/10	     9	         N
  0:7:10.226	 0.13875239	33/36	10/10	     8	         N
   0:7:12.47	  0.1276522	34/36	1/10	     8	         N
  0:7:13.451	  0.1276522	34/36	2/10	     8	         N
  0:7:14.757	  0.1276522	34/36	3/10	     6	         N
  0:7:16.155	  0.1276522	34/36	4/10	     7	         N
  0:7:17.381	  0.1276522	34/36	5/10	     6	         N
  0:7:18.569	  0.1276522	34/36	6/10	     7	         N
  0:7:19.783	  0.1276522	34/36	7/10	     7	         N
   0:7:21.62	  0.1276522	34/36	8/10	     9	         N
  0:7:22.257	  0.1276522	34/36	9/10	     7	         N
  0:7:23.469	  0.1276522	34/36	10/10	     6	         N
  0:7:24.710	 0.11744002	35/36	1/10	     7	         N
  0:7:25.957	 0.11744002	35/36	2/10	     8	         N
  0:7:27.162	 0.11744002	35/36	3/10	     9	         N
  0:7:28.444	 0.11744002	35/36	4/10	     8	         N
  0:7:29.635	 0.11744002	35/36	5/10	     6	         N
  0:7:30.817	 0.11744002	35/36	6/10	     6	         N
   0:7:32.55	 0.11744002	35/36	7/10	     7	         N
  0:7:33.297	 0.11744002	35/36	8/10	     5	         N
  0:7:34.491	 0.11744002	35/36	9/10	     6	         N
  0:7:35.688	 0.11744002	35/36	10/10	     4	         N
  0:7:36.927	 0.10804482	36/36	1/10	     7	         N
  0:7:38.201	 0.10804482	36/36	2/10	     8	         N
  0:7:39.446	 0.10804482	36/36	3/10	     7	         N
  0:7:40.705	 0.10804482	36/36	4/10	     6	         N
  0:7:42.145	 0.10804482	36/36	5/10	     7	         N
  0:7:43.364	 0.10804482	36/36	6/10	     8	         N
  0:7:44.700	 0.10804482	36/36	7/10	     7	         N
    0:7:46.1	 0.10804482	36/36	8/10	     9	         N
  0:7:47.238	 0.10804482	36/36	9/10	     7	         N
  0:7:48.443	 0.10804482	36/36	10/10	     9	         N
Final objective: 11