Initial objective: 5
------------------------------------------------------------------
Elapsed Time	Temperature	Epoch	Trial	Objective	Acceptance
------------------------------------------------------------------
  0:1:18.119	   1.500000	 1/26	 1/5	        5	         Y
  0:2:36.765	   1.500000	 1/26	 2/5	        7	         Y
  0:3:58.282	   1.500000	 1/26	 3/5	        7	         Y
  0:5:23.419	   1.500000	 1/26	 4/5	        6	         N
  0:6:45.274	   1.500000	 1/26	 5/5	        5	         N
   0:8:6.166	   1.350000	 2/26	 1/5	        7	         Y
  0:9:27.210	   1.350000	 2/26	 2/5	        6	         N
 0:10:47.810	   1.350000	 2/26	 3/5	        5	         N
  0:12:5.973	   1.350000	 2/26	 4/5	        6	         N
 0:13:25.447	   1.350000	 2/26	 5/5	        6	         N
 0:14:48.342	   1.215000	 3/26	 1/5	        7	         Y
 0:16:28.182	   1.215000	 3/26	 2/5	        6	         N
  0:18:9.721	   1.215000	 3/26	 3/5	        7	         Y
 0:19:45.456	   1.215000	 3/26	 4/5	        6	         N
 0:21:15.758	   1.215000	 3/26	 5/5	        4	         N
 0:22:55.244	   1.093500	 4/26	 1/5	        6	         N
 0:24:12.997	   1.093500	 4/26	 2/5	        5	         N
 0:25:37.849	   1.093500	 4/26	 3/5	        5	         N
 0:26:55.983	   1.093500	 4/26	 4/5	        6	         N
 0:28:13.654	   1.093500	 4/26	 5/5	        5	         N
 0:29:31.927	   0.984150	 5/26	 1/5	        4	         N
  0:31:4.531	   0.984150	 5/26	 2/5	        6	         N
 0:32:30.609	   0.984150	 5/26	 3/5	        6	         N
  0:34:8.323	   0.984150	 5/26	 4/5	        7	         Y
 0:35:47.574	   0.984150	 5/26	 5/5	        6	         N
 0:37:18.985	   0.885735	 6/26	 1/5	        7	         Y
 0:38:50.388	   0.885735	 6/26	 2/5	        6	         N
 0:40:26.556	   0.885735	 6/26	 3/5	        5	         N
 0:41:56.544	   0.885735	 6/26	 4/5	        6	         N
 0:43:28.492	   0.885735	 6/26	 5/5	        6	         N
  0:45:6.613	   0.797162	 7/26	 1/5	        6	         N
 0:46:42.705	   0.797162	 7/26	 2/5	        7	         Y
 0:48:25.650	   0.797162	 7/26	 3/5	        5	         N
   0:50:1.40	   0.797162	 7/26	 4/5	        8	         Y
   0:51:34.2	   0.797162	 7/26	 5/5	        7	         N
  0:53:6.971	   0.717445	 8/26	 1/5	        6	         N
 0:54:39.917	   0.717445	 8/26	 2/5	        6	         N
  0:56:1.303	   0.717445	 8/26	 3/5	        6	         N
 0:57:34.739	   0.717445	 8/26	 4/5	        6	         N
  0:59:9.692	   0.717445	 8/26	 5/5	        6	         N
  1:0:49.155	   0.645701	 9/26	 1/5	        6	         N
  1:2:24.677	   0.645701	 9/26	 2/5	        5	         N
  1:3:59.137	   0.645701	 9/26	 3/5	        6	         N
  1:5:28.314	   0.645701	 9/26	 4/5	        4	         N
  1:6:54.195	   0.645701	 9/26	 5/5	        7	         N
  1:8:32.953	   0.581131	10/26	 1/5	        6	         N
 1:10:13.378	   0.581131	10/26	 2/5	        9	         Y
 1:11:53.104	   0.581131	10/26	 3/5	        6	         N
 1:13:21.394	   0.581131	10/26	 4/5	        5	         N
 1:14:39.144	   0.581131	10/26	 5/5	        5	         N
 1:15:56.916	   0.523018	11/26	 1/5	        6	         N
 1:17:14.757	   0.523018	11/26	 2/5	        7	         N
 1:18:39.592	   0.523018	11/26	 3/5	        6	         N
 1:19:57.237	   0.523018	11/26	 4/5	        7	         N
 1:21:14.706	   0.523018	11/26	 5/5	        5	         N
 1:22:41.558	   0.470716	12/26	 1/5	        6	         N
  1:24:16.51	   0.470716	12/26	 2/5	        6	         N
 1:25:33.517	   0.470716	12/26	 3/5	        6	         N
 1:26:50.840	   0.470716	12/26	 4/5	        7	         N
  1:28:8.846	   0.470716	12/26	 5/5	        6	         N
 1:29:26.459	   0.423644	13/26	 1/5	        5	         N
 1:30:43.863	   0.423644	13/26	 2/5	        6	         N
  1:32:3.561	   0.423644	13/26	 3/5	        7	         N
 1:33:42.869	   0.423644	13/26	 4/5	        6	         N
  1:35:2.790	   0.423644	13/26	 5/5	        5	         N
 1:36:22.139	   0.381280	14/26	 1/5	        5	         N
 1:37:46.330	   0.381280	14/26	 2/5	        9	         Y
 1:39:23.660	   0.381280	14/26	 3/5	        5	         N
 1:40:54.665	   0.381280	14/26	 4/5	        4	         N
 1:42:28.838	   0.381280	14/26	 5/5	        6	         N
 1:43:46.597	   0.343152	15/26	 1/5	        6	         N
  1:45:4.177	   0.343152	15/26	 2/5	        6	         N
 1:46:21.943	   0.343152	15/26	 3/5	        5	         N
 1:47:48.815	   0.343152	15/26	 4/5	        7	         N
  1:49:8.671	   0.343152	15/26	 5/5	        5	         N
 1:50:41.439	   0.308837	16/26	 1/5	        6	         N
  1:52:0.596	   0.308837	16/26	 2/5	        6	         N
 1:53:18.728	   0.308837	16/26	 3/5	        5	         N
 1:54:51.955	   0.308837	16/26	 4/5	        7	         N
  1:56:29.72	   0.308837	16/26	 5/5	        7	         N
  1:58:6.667	   0.277953	17/26	 1/5	        6	         N
 1:59:44.135	   0.277953	17/26	 2/5	        6	         N
  2:1:17.890	   0.277953	17/26	 3/5	        5	         N
  2:2:35.650	   0.277953	17/26	 4/5	        6	         N
  2:3:53.488	   0.277953	17/26	 5/5	        6	         N
  2:5:11.554	   0.250158	18/26	 1/5	        6	         N
  2:6:29.387	   0.250158	18/26	 2/5	        7	         N
  2:7:46.838	   0.250158	18/26	 3/5	        7	         N
   2:9:8.102	   0.250158	18/26	 4/5	        6	         N
 2:10:26.855	   0.250158	18/26	 5/5	        5	         N
 2:11:45.448	   0.225142	19/26	 1/5	        6	         N
  2:13:3.555	   0.225142	19/26	 2/5	        5	         N
 2:14:21.344	   0.225142	19/26	 3/5	        5	         N
 2:15:39.231	   0.225142	19/26	 4/5	        7	         N
 2:16:57.116	   0.225142	19/26	 5/5	        7	         N
 2:18:14.860	   0.202628	20/26	 1/5	        5	         N
 2:19:32.869	   0.202628	20/26	 2/5	        6	         N
 2:20:50.609	   0.202628	20/26	 3/5	        7	         N
  2:22:7.907	   0.202628	20/26	 4/5	        6	         N
 2:23:25.194	   0.202628	20/26	 5/5	        5	         N
 2:24:42.495	   0.182365	21/26	 1/5	        6	         N
  2:26:4.749	   0.182365	21/26	 2/5	        7	         N
 2:27:25.894	   0.182365	21/26	 3/5	        7	         N
 2:28:47.143	   0.182365	21/26	 4/5	        6	         N
   2:30:8.97	   0.182365	21/26	 5/5	        5	         N
 2:31:29.703	   0.164128	22/26	 1/5	        7	         N
 2:32:47.561	   0.164128	22/26	 2/5	        5	         N
  2:34:5.467	   0.164128	22/26	 3/5	        7	         N
  2:35:23.22	   0.164128	22/26	 4/5	        5	         N
 2:36:40.482	   0.164128	22/26	 5/5	        8	         N
 2:37:58.386	   0.147716	23/26	 1/5	        7	         N
 2:39:15.747	   0.147716	23/26	 2/5	        7	         N
 2:40:34.833	   0.147716	23/26	 3/5	        6	         N
 2:41:59.447	   0.147716	23/26	 4/5	        5	         N
  2:43:19.87	   0.147716	23/26	 5/5	        7	         N
 2:44:37.394	   0.132944	24/26	 1/5	        7	         N
 2:45:55.723	   0.132944	24/26	 2/5	        7	         N
 2:47:13.434	   0.132944	24/26	 3/5	        6	         N
 2:48:32.441	   0.132944	24/26	 4/5	        7	         N
 2:49:53.706	   0.132944	24/26	 5/5	        7	         N
 2:51:14.230	   0.119650	25/26	 1/5	        6	         N
 2:52:37.698	   0.119650	25/26	 2/5	        4	         N
  2:54:0.349	   0.119650	25/26	 3/5	        7	         N
 2:55:30.543	   0.119650	25/26	 4/5	        5	         N
  2:57:6.536	   0.119650	25/26	 5/5	        6	         N
 2:58:39.756	   0.107685	26/26	 1/5	        6	         N
  3:0:11.856	   0.107685	26/26	 2/5	        7	         N
   3:1:45.56	   0.107685	26/26	 3/5	        5	         N
  3:3:17.567	   0.107685	26/26	 4/5	        6	         N
  3:4:49.429	   0.107685	26/26	 5/5	        6	         N
Final objective: 9