1 1
2 2
3 2
4 2
5 2
6 3
7 4
8 4
9 4
10 5
11 6
12 6
13 7
14 7
15 7
16 7
17 7
18 7
19 7
20 7
21 7
22 8
23 8
24 8
25 9
26 9
27 9
28 9
29 10
30 11
31 11
32 11
33 11
34 11
35 12
36 13
37 13
38 13
39 13
40 13
41 13
42 13
43 13
44 14
45 14
46 14
47 15
48 15
49 15
50 16
51 17
52 17
53 17
54 18
55 19
56 20
57 21
58 21
59 21
60 21
61 21
62 21
63 21
64 21
65 21
66 21
67 21
68 21
69 21
70 21
71 21
72 21
73 21
74 21
75 21
76 21
77 22
78 22
79 22
80 22
81 22
82 22
83 22
84 22
85 22
86 22
87 23
88 23
89 23
90 23
91 23
92 24
93 24
94 24
95 24
96 24
97 24
98 24
99 25
100 25
101 25
102 25
103 25
104 25
105 25
106 25
107 25
108 25
109 26
110 26
111 26
112 26
113 26
114 26
115 26
116 26
117 26
118 26
119 26
120 26
121 26
122 26
123 26
124 26
125 26
126 26
127 26
128 26
129 26
130 26
131 26
132 26
133 26
134 26
135 26
136 26
137 26
138 26
139 27
140 27
141 27
142 27
143 27
144 27
145 27
146 28
147 28
148 28
149 28
150 28
151 28
152 28
153 28
154 28
155 28
156 29
157 30
158 30
159 30
160 30
161 30
162 31
163 31
164 31
165 31
166 31
167 32
168 32
169 32
170 32
171 32
172 33
173 33
174 33
175 33
176 33
177 34
178 34
179 34
180 34
181 34
182 34
183 34
184 34
185 34
186 34
187 34
188 35
189 35
190 35
191 35
192 35
193 35
194 35
195 35
196 35
197 35
198 35
199 35
200 35
201 35
202 36
203 36
204 37
205 37
206 37
207 37
208 37
209 37
210 37
211 37
212 37
213 37
214 37
215 37
216 37
217 37
218 37
219 38
220 38
221 38
222 38
223 38
224 38
225 38
226 38
227 38
228 38
229 38
230 38
231 38
232 38
233 38
234 38
235 38
236 38
237 38
238 38
239 38
240 38
241 38
242 38
243 38
244 38
245 38
246 38
247 38
248 38
249 38
250 38
251 38
252 38
253 38
254 39
255 40
256 40
257 40
258 40
259 40
260 40
261 40
262 40
263 40
264 40
265 40
266 40
267 40
268 40
269 40
270 40
271 40
272 40
273 40
274 40
275 40
276 40
277 40
278 40
279 40
280 40
281 40
282 40
283 40
284 41
285 41
286 41
287 41
288 41
289 41
290 41
291 41
292 41
293 41
294 41
295 41
296 41
297 41
298 41
299 41
300 41
