1 1
2 1
3 2
4 2
5 3
6 3
7 3
8 3
9 3
10 4
11 4
12 4
13 5
14 5
15 5
16 5
17 5
18 5
19 6
20 6
21 7
22 7
23 7
24 8
25 8
26 8
27 9
28 9
29 10
30 11
31 11
32 11
33 11
34 11
35 11
36 11
37 11
38 11
39 12
40 12
41 12
42 12
43 13
44 13
45 13
46 13
47 13
48 13
49 14
50 15
51 15
52 16
53 16
54 16
55 16
56 16
57 16
58 17
59 17
60 17
61 17
62 17
63 17
64 17
65 17
66 17
67 18
68 18
69 19
70 20
71 21
72 21
73 22
74 23
75 23
76 24
77 24
78 24
79 24
80 24
81 24
82 24
83 24
84 24
85 24
86 24
87 24
88 24
89 24
90 25
91 25
92 25
93 25
94 25
95 25
96 25
97 26
98 26
99 26
100 26
101 26
102 26
103 27
104 27
105 27
106 28
107 28
108 28
109 28
110 28
111 28
112 28
113 28
114 28
115 29
116 29
117 29
118 29
119 29
120 29
121 29
122 29
123 29
124 29
125 29
126 30
127 30
128 30
129 30
130 30
131 30
132 30
133 30
134 30
135 30
136 31
137 32
138 32
139 32
140 32
141 32
142 32
143 32
144 32
145 32
146 33
147 33
148 33
149 34
150 34
151 34
152 34
153 34
154 34
155 34
156 35
157 35
158 35
159 35
160 35
161 35
162 35
163 35
164 35
165 35
166 35
167 36
168 36
169 36
170 36
171 36
172 36
173 36
174 36
175 36
176 36
177 36
178 36
179 36
180 36
181 36
182 36
183 36
184 36
185 36
186 36
187 36
188 36
189 36
190 36
191 36
192 36
193 36
194 36
195 36
196 36
197 36
198 36
199 36
200 36
201 36
202 36
203 36
204 36
205 37
206 37
207 37
208 37
209 37
210 37
211 38
212 38
213 38
214 38
215 38
216 38
217 38
218 38
219 38
220 38
221 38
222 39
223 39
224 39
225 39
226 39
227 39
228 40
229 40
230 40
231 40
232 40
233 40
234 40
235 40
236 40
237 40
238 40
239 41
240 42
241 42
242 42
243 42
244 42
245 42
246 42
247 42
248 43
249 43
250 43
251 43
252 44
253 44
254 44
255 44
256 44
257 44
258 45
259 45
260 45
261 45
262 46
263 46
264 46
265 46
266 46
267 46
268 46
269 46
270 46
271 46
272 46
273 46
274 46
275 46
276 46
277 46
278 46
279 46
280 46
281 46
282 46
283 46
284 46
285 46
286 46
287 46
288 46
289 46
290 46
291 47
292 47
293 47
294 47
295 47
296 47
297 47
298 47
299 47
300 47
