184	30	156	193	190	141	42	226	74	51	178	220	187	129	96	99	2	0
184	74	156	230	17	182	190	226	70	89	178	16	43	65	96	75	2	0
91	157	116	109	17	195	190	202	17	51	152	16	141	163	38	192	2	0
66	157	156	109	119	80	190	202	70	51	206	152	247	163	220	99	2	8
4	30	116	39	246	195	75	227	219	89	56	152	43	65	38	192	2	0
66	30	215	230	17	3	190	185	17	186	206	152	187	50	38	99	2	8388608
37	82	116	230	246	141	199	227	70	235	178	151	135	65	96	75	2	0
66	30	179	230	243	182	42	227	70	24	178	16	247	129	195	115	2	0
91	226	156	109	17	80	42	143	70	24	56	0	135	163	96	115	2	0
66	157	215	109	243	3	81	185	70	235	206	152	141	187	96	192	2	0
184	126	150	193	119	141	47	227	177	27	56	154	247	242	57	67	2	64
184	18	156	39	228	86	204	47	219	27	136	154	157	242	48	25	2	0
91	202	147	39	228	3	180	226	177	51	126	151	235	242	154	99	2	0
66	202	116	39	119	195	88	161	219	89	126	154	157	242	48	25	2	16
66	82	135	193	228	195	180	227	253	51	126	5	157	67	48	192	2	0
164	126	156	230	228	3	88	226	177	51	154	151	187	67	103	75	2	0
66	155	150	230	228	86	75	227	70	27	126	154	187	67	103	67	2	0
4	18	135	193	119	18	204	47	83	139	136	22	187	67	154	25	2	0
184	82	135	39	119	141	204	47	253	139	88	151	179	66	48	99	2	0
91	202	147	193	8	86	47	47	177	27	136	254	235	242	195	25	2	69632
91	82	17	32	119	3	73	47	83	205	56	150	187	242	96	192	2	0
164	242	150	39	156	143	203	226	84	186	56	5	247	43	96	75	2	33554432
154	126	86	32	119	3	47	161	84	51	56	151	222	43	57	192	2	0
66	242	17	193	250	195	73	47	84	186	111	151	222	7	57	75	2	0
91	242	128	39	156	20	180	161	84	186	56	154	187	7	44	65	2	2147483647
154	242	150	39	119	3	75	226	219	186	216	247	187	67	58	99	2	0
154	202	150	40	228	94	203	47	83	65	111	5	247	7	96	192	2	0
154	242	157	230	250	20	180	226	197	186	40	150	187	139	57	75	2	525312
164	242	17	230	250	143	180	47	84	51	56	150	247	67	58	192	2	0
91	126	86	40	250	3	47	47	219	186	216	151	247	67	194	192	2	4194306
83	192	150	162	250	142	180	226	241	51	40	247	178	43	29	75	2	16777344
66	242	220	37	92	195	47	161	219	121	111	164	178	7	96	33	2	0
142	70	177	40	124	142	73	161	84	121	12	223	178	90	222	75	2	0
83	144	177	135	124	142	205	161	219	205	40	142	173	139	222	225	2	0
66	192	200	230	92	94	115	133	84	51	56	5	173	139	96	75	2	0
163	117	150	162	228	94	115	47	197	121	40	223	162	43	222	75	2	0
66	242	200	162	119	195	205	226	210	71	40	223	90	7	222	75	2	0
142	144	177	230	250	142	180	133	210	71	223	164	162	139	29	75	2	0
15	242	86	135	119	3	73	161	197	205	223	5	162	43	222	185	2	0
15	144	220	162	119	142	73	226	219	121	56	164	90	7	38	75	2	512
90	186	16	39	79	3	67	132	177	93	88	154	57	169	96	76	2	0
223	202	142	32	228	14	67	183	208	17	231	240	171	138	96	192	2	0
223	30	157	39	228	3	73	132	207	17	216	154	171	119	58	25	2	0
90	226	16	32	24	14	173	239	197	186	88	154	171	232	194	99	2	1050624
13	226	114	39	184	142	173	38	83	186	40	150	222	3	58	25	2	8
90	186	142	233	24	94	90	38	177	65	25	150	222	232	96	225	2	0
164	202	142	40	184	142	90	38	177	65	25	150	23	119	96	225	2	0
164	30	16	167	228	94	173	183	83	17	216	5	162	119	52	25	2	0
90	30	142	40	79	14	90	38	83	186	88	5	23	169	194	99	2	0
164	226	16	167	24	3	90	195	207	93	231	87	162	119	194	192	2	1048576
66	82	17	39	156	3	91	145	197	115	236	154	51	103	48	99	2	524800
30	183	86	39	113	85	243	47	179	93	126	154	173	242	185	99	2	0
154	82	169	32	156	85	88	226	51	93	126	154	173	200	48	25	2	524296
4	126	164	193	210	85	243	226	197	93	126	154	51	200	44	201	2	0
30	155	86	193	210	134	91	161	84	186	0	151	51	7	185	99	2	0
4	82	17	193	113	134	173	226	84	65	236	87	247	242	194	25	2	0
154	155	17	230	24	85	173	226	84	65	126	151	51	103	186	25	2	0
30	183	169	230	239	3	88	161	84	65	0	156	173	103	44	99	2	2147483647
164	183	164	32	156	195	173	178	84	65	0	5	51	103	185	99	2	34816
30	183	150	32	210	3	88	161	84	93	0	156	222	242	185	25	2	0
16	155	2	197	216	27	47	166	83	162	44	151	173	35	34	214	2	0
91	155	157	197	228	0	149	210	180	201	44	158	222	43	160	214	2	0
91	195	150	32	228	201	149	166	85	41	209	5	127	35	34	75	2	0
154	247	150	106	228	27	47	108	83	217	111	202	162	139	44	25	2	0
16	155	21	106	90	201	15	210	100	162	44	5	162	35	128	25	2	0
91	195	21	135	90	108	75	210	219	201	12	158	187	139	44	75	2	8388608
156	155	21	212	228	27	149	210	83	162	12	5	187	139	128	214	2	0
16	59	150	212	107	108	203	108	83	162	56	247	127	0	128	214	2	8192
16	82	2	106	228	201	203	210	85	139	56	5	162	43	44	75	2	0
16	195	21	135	107	201	149	161	100	139	111	247	173	0	59	25	2	262144
4	145	150	39	24	28	47	226	83	212	75	154	169	11	96	8	2	1
92	242	150	32	172	195	47	226	83	187	194	247	169	82	57	99	2	520
36	242	195	110	172	70	180	226	197	101	56	154	239	11	59	8	2	0
36	202	157	110	119	70	75	226	123	212	56	49	239	98	59	65	2	16384
92	242	17	110	250	143	73	133	123	255	75	49	247	75	44	8	2	524288
4	123	17	110	156	143	47	182	84	187	56	147	247	98	59	65	2	0
4	123	17	104	156	70	75	11	123	86	194	147	247	98	57	8	2	16512
66	242	150	104	172	54	203	11	83	187	56	154	247	11	57	99	2	0
92	123	150	32	24	143	47	226	123	187	194	49	63	98	44	128	2	0
220	145	17	110	156	54	75	133	123	101	56	247	170	82	96	99	2	0
72	49	235	79	156	23	203	246	183	119	56	139	246	27	59	128	2	8192
133	136	235	79	118	134	89	182	183	32	56	114	247	122	46	65	2	0
254	136	235	39	156	23	203	11	83	212	56	114	53	143	194	128	2	0
133	49	53	35	118	23	73	11	123	32	198	114	53	143	59	99	2	0
45	81	154	39	224	134	7	182	83	212	8	147	246	143	57	99	2	0
133	49	27	39	118	143	203	182	123	32	56	150	246	98	194	127	2	0
188	251	157	35	172	60	168	11	183	185	99	114	170	98	35	99	2	0
188	49	235	65	172	5	203	144	197	32	99	114	246	98	57	99	2	0
45	81	53	35	118	23	203	246	123	212	99	139	247	27	35	65	2	0
188	81	157	39	118	60	168	246	183	185	56	139	161	143	35	99	2	0
66	242	195	110	113	102	29	225	123	254	56	207	247	75	174	127	2	16777216
92	123	219	69	136	7	176	133	183	110	75	151	239	75	196	129	2	0
92	123	119	69	44	3	27	194	22	254	56	151	170	75	249	129	2	0
66	20	219	32	250	3	176	245	183	110	56	49	239	75	249	127	2	0
66	242	219	233	136	7	176	225	22	187	194	49	170	11	66	129	2	0
4	20	150	110	136	7	73	225	123	254	40	49	232	75	33	127	2	262144
4	123	119	32	136	7	29	133	183	254	75	151	239	75	66	128	2	0
66	20	195	233	44	7	211	11	197	212	56	146	63	11	249	87	2	134217728
66	242	119	110	250	7	27	245	183	110	40	147	239	75	33	87	2	0
92	145	150	39	113	3	211	194	22	254	59	147	239	98	249	128	2	0
220	90	118	5	26	70	47	230	183	255	56	247	234	98	44	20	2	0
220	123	29	15	172	195	180	47	197	137	15	49	57	82	57	255	2	0
52	8	118	15	26	139	203	226	183	86	15	247	239	98	194	255	2	0
52	123	111	5	26	31	73	161	197	86	170	183	234	98	0	255	2	268435456
52	123	111	15	246	31	111	47	123	99	170	247	188	77	194	255	2	0
4	90	17	32	172	70	111	230	123	224	56	18	239	82	44	255	2	0
92	242	17	92	24	139	203	230	102	224	56	143	57	98	59	255	2	32
92	242	29	108	28	54	47	161	197	224	15	18	57	27	59	20	2	16
52	145	17	15	26	195	203	47	183	137	56	183	188	27	44	20	2	134217728
92	123	29	92	24	54	73	226	69	99	56	247	57	11	57	121	2	0
71	145	116	74	228	114	180	165	83	101	47	202	63	89	212	226	2	0
66	145	17	109	250	131	107	165	201	86	98	202	247	27	96	127	2	0
222	248	150	109	158	114	173	176	201	101	41	49	247	27	45	226	2	0
71	145	157	74	250	131	74	176	106	187	33	49	182	98	96	226	2	0
222	123	150	109	250	131	107	176	201	111	75	150	139	67	96	200	2	0
165	242	17	109	24	194	173	165	231	111	75	150	175	89	212	226	2	65536
165	145	157	104	228	194	107	176	78	86	33	247	247	67	96	8	2	0
222	145	157	109	158	131	173	11	78	187	47	49	139	98	57	200	2	524296
66	20	150	74	119	143	67	11	231	212	33	202	63	98	96	226	2	0
222	248	195	166	158	194	107	176	83	86	75	147	139	27	212	8	2	16
89	248	17	104	72	28	73	157	84	101	40	211	179	122	59	8	2	0
4	176	23	6	72	195	227	211	191	86	40	154	47	122	59	251	2	0
162	248	23	74	103	190	75	161	84	212	25	154	179	242	63	251	2	0
162	20	150	85	72	28	227	157	105	101	25	154	47	122	44	138	2	0
4	176	23	32	172	28	20	157	3	212	75	147	179	57	63	34	2	0
228	146	17	6	72	70	75	11	191	187	40	154	179	27	59	251	2	0
89	176	189	6	255	70	20	211	197	101	40	21	179	57	63	8	2	2048
89	146	23	74	172	207	47	157	105	187	75	21	47	122	34	65	2	0
4	146	23	74	172	207	47	161	3	187	135	211	129	242	59	65	2	0
89	20	195	104	103	195	73	211	3	255	25	211	179	27	44	251	2	0
3	129	157	32	156	195	47	161	84	101	56	210	63	27	127	99	2	512
220	123	157	38	250	195	203	41	83	209	28	147	215	82	50	64	2	0
92	242	150	86	14	70	203	161	84	187	28	247	215	234	96	127	2	0
71	20	51	32	250	54	47	130	5	255	56	147	169	234	50	64	2	0
220	123	157	104	14	155	203	226	183	19	194	210	63	27	44	65	2	0
52	205	157	38	250	70	228	41	83	101	28	147	63	234	96	65	2	2147483647
220	123	150	86	119	70	47	130	183	101	194	147	172	27	127	99	2	131072
3	20	51	86	156	195	75	41	83	101	56	247	215	11	127	65	2	269090816
92	123	150	38	119	155	203	182	61	255	194	147	172	27	127	64	2	0
3	129	150	86	156	155	75	182	83	19	14	147	215	64	96	99	2	0
6	208	140	65	24	54	75	254	23	86	112	140	63	63	194	8	2	524288
66	20	157	32	172	195	180	133	197	170	3	49	219	82	36	8	2	0
68	210	140	51	156	143	180	254	23	170	40	140	219	98	36	127	2	2048
66	20	124	110	172	94	75	133	123	230	112	49	170	63	194	65	2	8
68	210	140	104	97	143	138	73	197	170	132	49	169	75	24	8	2	0
6	123	124	104	154	94	180	254	220	230	9	154	219	75	36	127	2	0
97	20	140	51	97	54	105	226	23	86	40	140	170	82	36	127	2	524297
228	210	157	65	24	70	138	254	197	230	9	140	63	98	27	8	2	2048
97	208	195	104	24	195	75	133	123	38	112	49	63	82	36	127	2	0
6	20	195	65	97	70	13	73	197	170	132	154	63	11	96	65	2	4194304
228	208	175	117	172	147	160	89	83	31	9	247	63	70	27	99	2	0
6	179	124	110	97	106	235	254	152	170	112	154	63	11	68	99	2	0
6	20	124	110	154	147	178	254	123	86	147	247	167	70	40	154	2	0
80	250	175	104	97	241	13	254	83	38	9	247	167	63	194	65	2	0
80	250	124	104	222	54	178	133	123	110	112	154	167	63	194	65	2	0
97	250	210	104	222	114	235	89	152	110	112	49	155	98	88	65	2	0
80	20	140	121	97	106	160	133	152	38	147	247	155	11	40	99	2	524292
228	179	81	104	172	106	235	89	209	31	132	154	155	11	194	127	2	0
100	250	81	110	19	241	13	133	37	170	9	154	63	70	68	154	2	0
228	250	140	117	172	54	13	133	152	170	40	154	193	11	194	127	2	2147483647
228	137	217	51	154	58	75	77	81	230	112	140	63	123	24	99	2	0
228	192	104	106	97	149	25	167	197	170	3	49	170	242	246	8	2	0
68	123	96	85	42	78	14	167	81	86	132	154	170	98	21	31	2	2147483647
68	192	96	106	97	7	160	101	152	255	3	49	170	75	24	8	2	2147483647
66	192	201	38	234	78	75	254	123	38	3	154	63	98	246	31	2	0
106	20	104	104	97	149	75	149	81	230	132	140	169	91	24	128	2	0
228	123	217	85	42	149	14	149	81	86	112	140	233	91	24	129	2	0
106	208	96	106	154	7	14	101	152	38	132	49	233	98	27	99	2	33556480
228	192	104	104	156	149	160	77	81	230	112	140	167	91	24	99	2	0
66	20	201	38	42	78	75	149	197	38	112	154	167	75	103	31	2	134217728
73	113	157	104	24	175	75	254	215	22	11	149	170	18	24	4	2	0
30	20	132	18	169	70	42	254	69	235	62	59	170	2	36	127	2	0
30	208	132	104	24	124	52	79	123	22	62	59	219	18	24	140	2	0
73	145	132	32	67	195	42	254	197	22	62	199	170	2	26	140	2	0
30	20	132	75	24	175	52	137	123	22	62	154	124	2	24	127	2	0
66	208	244	104	67	70	138	254	123	246	100	199	162	63	36	127	2	16
68	113	157	32	67	124	138	79	215	235	89	154	162	90	96	4	2	0
73	145	157	126	154	70	157	79	123	170	100	154	170	90	24	140	2	0
252	113	244	75	24	175	52	238	123	170	89	154	162	63	194	4	2	0
30	145	157	32	67	124	42	254	197	86	100	199	219	90	96	4	2	268435456
226	4	26	67	120	217	60	133	223	170	40	235	175	71	27	65	2	0
97	4	26	104	108	217	79	73	58	170	132	235	167	63	36	105	2	0
94	208	217	32	154	94	182	226	197	96	40	49	63	77	222	8	2	0
102	208	140	110	108	183	79	254	35	207	40	49	175	98	96	105	2	0
102	123	26	67	97	94	105	226	35	170	82	24	162	77	222	127	2	0
102	123	124	110	97	94	14	254	83	86	132	235	175	71	27	105	2	0
97	210	157	110	156	94	14	254	83	230	82	49	63	77	222	128	2	0
94	4	124	32	120	183	105	133	197	96	132	140	219	98	222	127	2	0
13	208	124	67	97	217	14	226	223	170	132	24	167	98	27	105	2	0
97	123	124	110	97	94	14	133	223	170	132	154	219	71	27	128	2	0
80	123	72	110	121	143	105	157	154	38	12	138	57	63	36	127	2	0
80	208	72	110	154	215	52	254	154	170	112	140	63	63	27	99	2	8388608
80	200	157	51	30	215	52	157	154	170	136	140	167	82	96	8	2	0
100	208	72	65	121	93	13	157	197	170	26	153	219	63	36	8	2	0
100	20	195	32	30	143	171	157	23	230	136	55	170	63	27	99	2	0
68	145	124	51	154	93	171	157	23	230	3	153	170	82	27	99	2	0
34	20	157	32	121	190	13	41	154	116	3	55	63	97	72	128	2	0
80	208	124	65	30	93	105	41	57	170	12	198	167	63	194	8	2	0
81	20	189	51	238	194	52	254	23	170	112	138	170	82	36	99	2	0
100	145	72	51	56	93	171	157	154	255	3	153	167	63	72	127	2	0
97	145	140	32	28	78	154	226	63	162	132	161	176	82	122	99	2	0
68	145	94	110	184	143	180	81	220	162	48	161	158	82	36	239	2	0
55	20	140	65	184	195	105	141	123	207	43	161	182	95	251	8	2	0
97	145	65	104	184	158	75	81	220	134	48	161	176	11	4	99	2	0
68	208	94	110	28	158	180	141	63	134	9	190	158	34	4	8	2	2147483647
68	198	124	65	172	143	203	141	63	86	132	154	169	63	4	65	2	32776
68	198	65	104	97	143	75	141	197	170	43	190	158	63	251	99	2	8
96	20	140	65	28	54	203	182	220	207	48	190	176	95	224	99	2	0
55	20	140	11	184	78	154	182	83	86	43	247	169	82	251	99	2	0
55	20	94	32	28	143	75	81	83	207	163	161	158	34	122	8	2	0
68	20	191	65	24	151	180	73	3	182	9	154	157	235	52	8	2	512
66	241	44	65	172	68	115	226	106	170	83	154	74	235	24	118	2	67108864
68	210	195	104	24	94	115	133	3	185	132	49	74	63	52	235	2	0
228	105	195	65	204	94	186	226	83	21	48	117	167	63	24	65	2	64
97	105	82	65	154	151	180	133	3	182	9	117	167	98	38	235	2	0
68	105	82	112	97	68	180	73	237	185	83	154	167	235	41	65	2	0
97	105	44	51	204	68	186	133	83	170	9	117	167	235	38	8	2	524288
66	20	82	112	204	151	13	254	106	182	83	140	63	63	38	235	2	0
97	105	191	58	204	94	180	73	3	170	132	49	167	98	194	118	2	2147483647
6	105	124	58	172	94	120	133	207	185	83	49	63	75	194	65	2	0
228	105	253	98	97	179	186	159	244	86	16	117	74	98	52	8	2	0
67	20	89	104	252	147	13	226	244	182	48	116	251	94	24	8	2	2048
36	241	89	51	97	94	180	133	16	86	156	116	167	75	24	118	2	1310720
36	105	124	104	97	147	114	118	16	182	16	116	251	94	24	112	2	134217728
121	105	226	65	20	179	116	118	3	86	48	117	74	94	24	169	2	134217728
66	208	44	104	156	179	186	73	244	185	48	117	137	63	52	169	2	0
121	210	226	58	154	166	114	118	3	45	48	140	251	94	38	169	2	0
67	210	124	58	156	94	114	133	16	86	16	154	251	63	250	176	2	2048
228	241	124	58	154	179	116	226	207	45	156	140	251	98	41	8	2	524832
121	208	226	65	156	166	186	73	16	86	16	116	251	235	41	8	2	0
71	210	124	112	238	26	115	37	3	39	178	140	74	63	116	235	2	8
101	208	124	104	24	162	173	37	3	21	178	140	172	63	41	118	2	0
101	210	82	104	97	3	173	110	97	21	210	49	172	102	18	87	2	0
97	32	82	104	27	162	124	73	3	121	4	26	205	168	41	87	2	0
101	105	191	65	24	162	13	73	111	170	210	49	60	106	41	118	2	8
226	32	124	50	27	162	186	110	111	121	9	222	251	75	24	57	2	0
12	105	168	65	27	228	173	110	207	21	210	140	205	106	116	87	2	0
101	105	191	112	97	228	173	218	3	86	210	26	205	75	41	184	2	524288
101	32	200	50	27	3	124	161	106	86	210	49	205	63	41	184	2	0
12	32	200	51	24	3	186	218	111	21	32	26	74	75	24	184	2	256
195	20	47	118	204	180	50	143	83	180	83	146	74	82	24	65	2	4096
228	217	82	118	41	180	149	254	254	180	44	140	74	235	24	176	2	1048576
121	105	195	7	41	64	149	73	43	170	34	117	148	55	24	176	2	0
195	20	47	65	41	210	50	96	3	51	182	49	56	75	24	65	2	0
228	241	82	118	33	180	13	101	254	21	83	146	167	75	24	8	2	0
228	217	82	104	41	180	62	143	43	180	83	117	218	98	194	8	2	0
71	20	124	7	172	31	149	96	171	21	182	117	148	75	52	65	2	0
195	241	195	118	33	31	172	96	43	185	34	49	56	98	24	235	2	0
71	105	191	118	41	180	50	254	254	185	14	154	74	98	98	65	2	1073741824
20	196	191	118	172	148	149	101	254	180	182	146	218	98	24	176	2	0
228	105	102	123	190	39	180	95	207	52	115	154	167	66	45	128	2	0
68	60	102	123	8	151	180	248	172	6	211	154	222	82	52	232	2	0
228	208	188	123	172	147	186	186	207	137	211	141	167	66	61	176	2	805306368
66	60	191	58	8	94	115	248	172	52	211	141	222	98	156	3	2	0
66	208	102	17	156	197	115	186	3	21	211	141	74	66	52	118	2	8
68	60	74	105	8	39	115	248	172	6	115	49	74	98	45	3	2	0
6	241	188	65	81	39	120	248	172	21	129	117	157	207	156	128	2	2048
228	105	218	65	190	94	180	248	3	170	129	117	222	98	52	232	2	0
97	90	188	123	156	151	180	133	106	6	9	154	157	207	194	128	2	536870912
6	208	188	123	172	94	186	248	74	21	9	122	167	98	61	232	2	0
66	210	195	99	41	166	177	132	207	61	43	49	60	98	52	188	2	0
66	120	195	80	134	166	115	226	3	182	43	134	216	93	194	136	2	0
228	208	106	99	44	94	120	97	83	185	18	49	138	235	24	136	2	128
227	241	195	99	204	166	186	197	237	226	184	134	219	82	24	235	2	131072
227	208	191	65	44	166	141	249	207	61	32	150	219	235	24	136	2	134217728
227	208	191	80	24	204	177	226	94	61	43	49	219	63	52	118	2	0
66	20	106	200	204	147	141	132	237	226	43	134	60	235	24	136	2	0
54	20	195	200	24	166	115	97	83	61	43	108	160	63	38	136	2	0
54	241	44	99	41	204	120	226	83	61	132	150	60	63	194	235	2	0
66	210	191	80	204	166	186	249	237	21	43	49	160	235	194	188	2	0
6	96	124	116	97	23	13	254	3	52	209	154	27	39	55	118	2	0
66	208	118	58	97	23	13	140	3	182	41	140	167	75	32	76	2	0
66	18	44	58	97	23	180	226	237	182	209	210	74	235	55	118	2	0
68	241	124	32	36	166	186	140	237	52	41	154	157	98	32	176	2	2048
66	96	124	58	219	147	13	73	82	52	209	210	27	98	194	118	2	0
68	96	191	53	219	36	13	133	97	182	6	113	157	75	32	65	2	8192
36	96	67	58	97	23	186	140	237	185	29	210	157	39	40	76	2	0
68	96	67	53	36	147	211	73	97	182	29	210	63	75	40	235	2	2048
68	96	67	58	219	166	120	140	237	182	6	210	157	98	194	176	2	0
6	241	67	116	25	36	211	73	97	182	209	140	74	106	121	76	2	0
2	248	82	58	172	151	186	76	207	170	41	101	157	211	41	235	2	8
97	210	195	112	153	68	186	76	237	39	136	101	63	211	194	8	2	1048576
2	216	106	193	204	68	180	226	98	21	136	140	157	211	194	65	2	0
66	97	169	112	97	68	180	165	3	182	40	154	139	43	41	176	2	0
97	20	195	104	153	87	186	133	237	39	3	101	157	99	38	8	2	512
66	20	106	193	172	38	115	165	98	21	3	154	63	43	194	8	2	0
197	97	106	112	97	87	180	76	98	21	136	101	167	211	24	65	2	134217728
197	97	169	51	97	38	115	165	237	182	136	154	63	98	52	8	2	0
66	210	20	193	97	87	13	165	106	170	3	140	167	211	52	176	2	0
2	97	195	58	97	68	115	133	98	21	3	154	78	98	52	176	2	0
64	244	191	58	205	76	216	133	83	39	32	218	74	146	24	235	2	0
64	20	77	51	172	157	186	133	237	182	32	150	167	75	38	181	2	32768
55	20	77	51	154	157	13	254	138	182	113	55	213	146	25	235	2	0
210	210	195	126	172	147	186	133	237	22	99	218	74	235	24	235	2	524297
210	245	44	126	172	117	13	226	3	169	9	97	74	61	25	118	2	536870912
228	20	77	126	154	147	54	133	138	182	9	97	167	61	194	118	2	8
64	245	98	126	154	117	216	226	237	169	99	150	74	75	24	15	2	2048
68	210	77	65	154	117	13	226	83	22	9	218	29	74	38	15	2	0
68	245	98	68	97	166	216	226	3	22	99	97	167	146	25	80	2	2048
210	245	44	65	205	147	13	226	71	170	9	55	221	146	194	181	2	0
180	210	41	65	171	158	186	226	83	165	16	195	167	235	25	181	2	268435456
68	244	41	57	171	117	165	69	45	186	113	10	9	235	25	113	2	512
191	210	128	65	241	76	214	121	83	22	17	150	221	61	91	113	2	0
180	20	191	57	154	76	186	133	71	162	2	97	221	74	91	225	2	0
68	244	77	65	241	158	165	226	83	184	113	195	181	75	52	181	2	0
64	210	191	70	141	76	216	226	45	22	17	10	181	146	194	181	2	268435456
209	210	67	68	141	228	9	133	83	184	2	150	181	61	52	113	2	0
209	235	191	2	141	117	214	121	3	162	36	195	221	74	52	80	2	0
180	225	128	65	154	117	216	121	83	184	17	55	181	75	25	181	2	0
209	244	41	57	141	117	186	226	83	184	36	10	167	75	91	30	2	0
