1 1
2 1
3 1
4 2
5 3
6 4
7 4
8 4
9 5
10 5
11 5
12 5
13 6
14 7
15 8
16 8
17 8
18 8
19 9
20 9
21 9
22 9
23 9
24 9
25 9
26 10
27 11
28 11
29 11
30 11
31 11
32 11
33 11
34 12
35 12
36 13
37 14
38 15
39 15
40 16
41 16
42 16
43 16
44 16
45 16
46 16
47 16
48 17
49 17
50 18
51 18
52 18
53 18
54 19
55 19
56 19
57 19
58 19
59 20
60 20
61 20
62 20
63 20
64 20
65 20
66 20
67 20
68 20
69 20
70 20
71 20
72 20
73 20
74 20
75 21
76 22
77 22
78 22
79 22
80 23
81 24
82 24
83 24
84 24
85 24
86 24
87 24
88 24
89 24
90 24
91 24
92 24
93 24
94 24
95 24
96 24
97 24
98 24
99 24
100 25
101 25
102 25
103 26
104 26
105 26
106 26
107 26
108 26
109 26
110 26
111 26
112 26
113 26
114 26
115 26
116 26
117 26
118 26
119 26
120 26
121 27
122 27
123 27
124 28
125 28
126 28
127 28
128 28
129 29
130 30
131 31
132 32
133 32
134 32
135 32
136 33
137 33
138 33
139 33
140 33
141 33
142 33
143 33
144 33
145 33
146 33
147 33
148 33
149 33
150 33
151 34
152 34
153 34
154 34
155 34
156 34
157 34
158 34
159 34
160 35
161 36
162 36
163 36
164 36
165 36
166 36
167 36
168 36
169 36
170 36
171 36
172 36
173 37
174 37
175 37
176 37
177 37
178 37
179 38
180 38
181 38
182 38
183 38
184 38
185 38
186 38
187 38
188 38
189 38
190 38
191 38
192 38
193 38
194 38
195 38
196 38
197 38
198 38
199 38
200 38
201 38
202 38
203 38
204 38
205 38
206 38
207 39
208 39
209 39
210 39
211 39
212 39
213 39
214 39
215 39
216 39
217 39
218 39
219 39
220 39
221 39
222 39
223 39
224 39
225 40
226 40
227 40
228 40
229 41
230 41
231 41
232 41
233 41
234 41
235 41
236 41
237 41
238 41
239 41
240 41
241 41
242 41
243 41
244 41
245 41
246 41
247 41
248 41
249 41
250 41
251 41
252 41
253 41
254 41
255 41
256 41
257 41
258 41
259 41
260 41
261 41
262 41
263 41
264 41
265 41
266 41
267 41
268 41
269 41
270 41
271 41
272 41
273 41
274 41
275 41
276 41
277 41
278 41
279 41
280 41
281 41
282 41
283 41
284 41
285 41
286 41
287 41
288 41
289 41
290 41
291 41
292 41
293 41
294 41
295 41
296 41
297 41
298 41
299 41
300 41
