194	148	114	238	11	126	186	197	158	57	22
194	178	211	51	6	135	186	207	128	57	22
154	161	211	124	221	77	247	78	3	93	22
204	178	164	3	221	126	76	197	114	124	22
204	178	114	51	221	149	76	78	158	124	22
154	178	182	3	6	55	18	207	222	223	22
204	178	215	51	6	55	76	31	128	93	23
93	180	211	17	11	135	247	197	3	57	22
154	32	114	238	42	135	18	78	3	124	23
154	32	211	238	221	135	247	218	114	243	22
154	148	114	3	42	77	76	31	3	124	22
194	148	164	124	93	135	186	31	3	223	22
194	148	211	17	6	126	48	218	3	57	22
93	180	211	17	221	55	48	207	114	223	22
93	32	182	3	221	135	186	31	222	243	23
99	161	182	238	221	55	247	207	128	243	22
93	178	211	238	11	126	48	31	158	124	22
194	161	164	17	42	55	18	197	128	223	23
204	32	215	3	6	135	247	31	3	57	22
99	180	211	3	42	135	247	197	3	223	23
204	4	164	17	93	149	247	31	3	25	22
123	4	181	108	221	135	247	31	3	223	23
203	4	211	238	0	135	24	142	246	243	23
204	180	181	238	6	149	247	31	128	126	23
204	136	164	108	42	74	24	142	182	223	22
204	180	211	108	93	74	120	78	246	243	22
123	193	181	130	221	55	18	142	80	223	22
93	136	181	130	0	74	174	31	246	25	23
93	180	211	51	221	135	24	31	182	57	23
204	136	181	51	0	104	247	142	182	223	23
123	193	121	51	6	104	247	78	80	126	22
204	180	121	51	93	55	247	78	246	25	23
203	136	211	238	221	135	247	78	128	57	23
154	246	181	51	42	74	120	78	80	243	22
203	193	121	51	0	135	120	142	246	223	22
123	180	164	130	0	55	18	31	182	243	22
93	180	164	51	42	74	120	254	182	223	23
93	246	181	238	93	74	174	142	3	126	23
93	4	215	238	42	55	174	78	80	243	23
154	4	181	17	6	104	120	254	80	25	22
92	65	145	27	209	104	184	254	176	126	22
92	4	181	238	21	135	18	142	80	126	22
123	4	121	16	6	3	120	31	176	31	23
154	72	181	238	136	245	120	15	246	57	22
154	65	145	238	56	135	18	193	176	126	22
154	72	121	155	136	245	18	31	176	25	22
92	4	134	108	21	245	184	142	192	126	23
236	4	135	108	209	245	24	31	176	126	23
123	246	145	108	56	104	24	193	176	126	22
154	4	134	238	21	104	18	142	80	31	22
154	180	145	155	136	3	120	31	3	31	23
154	65	181	108	209	135	184	142	192	31	23
236	180	134	108	209	104	24	193	246	57	22
92	246	134	155	6	74	24	193	3	31	22
92	72	134	108	21	74	18	254	176	25	23
235	246	145	155	6	245	24	31	80	31	22
154	180	121	16	209	104	24	142	3	126	23
92	72	135	16	6	74	247	31	176	126	22
154	180	134	238	6	104	184	254	80	57	22
154	72	121	155	209	3	184	193	80	126	22
154	246	194	59	21	74	152	63	176	118	22
232	246	181	16	21	104	152	23	3	213	22
89	4	194	138	136	7	184	142	246	62	22
154	246	169	59	56	245	18	63	144	93	22
89	180	97	59	210	3	247	142	176	51	23
232	246	154	59	6	245	152	194	203	51	22
232	246	169	111	136	3	247	63	246	93	23
235	180	181	16	56	245	184	254	144	51	22
154	180	169	111	136	3	152	63	246	51	22
154	4	154	138	136	7	152	63	203	213	23
89	72	154	138	210	104	152	63	144	93	22
235	72	181	248	21	245	18	194	246	51	22
92	246	181	59	56	7	247	194	246	93	22
235	246	154	138	136	7	184	142	144	118	22
89	180	154	59	136	245	247	194	3	62	22
232	180	194	138	136	74	184	23	246	118	22
154	70	181	59	136	3	152	142	203	51	23
154	70	194	248	56	245	152	23	203	213	23
92	72	169	59	21	104	184	63	203	213	23
235	72	154	138	6	104	184	23	203	213	22
92	4	97	200	160	74	247	142	131	21	22
154	79	161	34	21	104	57	207	176	119	22
154	246	194	99	2	11	42	63	246	21	22
154	79	222	34	160	11	247	63	176	21	22
92	4	222	16	25	3	184	63	176	119	23
232	246	97	200	25	11	42	207	131	93	22
232	79	222	99	25	3	42	142	176	119	22
92	128	181	34	21	254	247	207	154	21	22
89	128	222	99	2	74	42	63	11	21	23
235	4	222	16	210	74	247	207	246	21	23
235	72	181	144	160	11	42	63	176	62	22
89	79	181	16	21	74	42	28	131	21	23
235	79	97	16	160	3	184	142	11	62	23
232	128	97	200	21	254	200	142	154	126	22
235	72	194	200	21	74	200	63	11	93	22
154	79	181	34	160	3	42	207	131	93	22
92	128	161	16	21	11	42	194	176	93	23
89	4	181	200	210	74	247	28	154	93	23
92	72	97	200	21	3	247	28	246	119	23
92	4	161	99	210	11	247	207	176	126	23
121	4	194	144	218	62	41	63	246	21	22
232	93	194	200	64	11	247	203	246	254	22
121	93	97	1	25	74	247	34	131	119	22
121	8	177	34	30	74	64	63	74	254	23
235	8	97	34	30	104	60	182	172	30	22
154	178	194	144	30	62	64	63	246	254	23
92	93	181	144	30	62	64	203	246	85	22
92	8	177	144	128	11	64	63	74	254	23
235	93	194	1	30	11	60	34	246	30	23
232	246	194	1	218	62	254	34	246	30	22
154	246	177	200	25	11	64	182	131	119	23
92	178	97	34	218	62	41	28	74	119	22
121	4	194	99	128	104	60	182	131	21	22
232	8	177	200	64	11	41	203	146	21	23
121	8	177	144	25	104	41	28	246	254	23
92	4	177	34	30	11	41	28	131	85	22
92	93	181	1	30	11	41	28	146	254	22
121	4	181	1	128	11	60	34	74	119	22
121	246	97	144	218	74	64	28	74	30	22
154	178	194	1	64	11	247	28	74	30	22
92	8	194	123	64	6	64	63	131	2	22
106	8	181	200	128	11	59	243	74	2	22
154	228	177	200	30	6	64	63	167	204	22
92	250	194	200	30	64	64	16	74	85	22
225	228	98	123	218	14	60	34	167	119	22
154	205	181	144	218	64	59	182	250	2	22
106	250	109	200	64	6	59	243	74	21	23
121	8	181	200	30	6	60	182	167	2	22
106	205	194	123	218	11	59	34	146	204	23
92	4	194	34	30	64	207	63	146	204	23
225	250	177	200	30	11	64	182	250	2	22
106	228	194	123	25	6	59	182	74	21	22
154	228	109	144	128	6	207	16	250	2	22
225	250	109	200	30	6	59	63	250	2	22
121	205	177	200	30	64	60	243	146	119	23
225	4	98	200	218	14	64	16	131	119	23
154	250	98	48	128	64	64	16	146	2	23
92	4	98	200	64	11	207	16	131	21	22
92	8	109	144	30	11	60	16	167	119	23
92	228	109	123	30	11	247	16	250	119	22
225	16	21	137	64	135	195	182	66	113	22
92	16	38	137	30	143	65	97	66	113	23
106	173	38	137	30	11	183	63	146	77	23
154	60	2	122	128	208	183	243	132	2	22
92	173	177	170	250	11	65	97	66	2	23
225	60	2	122	145	11	65	63	250	21	22
225	173	177	154	128	135	19	97	132	21	22
225	60	38	137	250	11	195	16	250	77	22
106	60	79	137	250	135	19	97	132	2	22
154	36	21	122	64	11	60	97	161	21	22
225	60	21	122	250	11	195	63	132	2	23
225	173	38	137	128	11	183	16	66	113	22
154	178	38	170	145	208	195	16	250	85	22
121	16	79	154	64	11	19	243	146	2	22
92	178	177	122	128	208	60	63	146	113	23
154	173	21	41	30	11	19	97	161	2	24
121	60	79	154	30	135	183	63	66	77	22
121	16	79	154	64	11	65	63	66	21	23
106	178	177	170	128	11	195	243	161	2	22
154	16	177	170	145	11	183	97	132	77	22
92	60	21	49	250	11	86	119	22	2	23
240	16	79	49	200	149	197	97	132	71	23
122	60	2	134	145	198	65	10	106	71	23
106	173	38	134	30	11	197	176	161	117	23
106	16	2	134	30	149	60	176	226	213	22
122	173	21	154	30	135	86	10	132	71	22
122	162	38	137	250	149	60	176	132	48	23
92	16	38	134	250	11	60	176	132	71	23
106	173	79	122	208	11	86	10	106	71	22
92	60	21	137	200	11	197	119	226	117	23
122	60	38	49	200	11	197	176	226	48	22
106	16	38	137	208	135	65	97	161	213	22
220	173	38	49	200	11	60	97	106	2	23
122	60	38	137	145	11	65	119	226	2	22
220	16	21	134	30	198	65	176	161	213	22
92	16	79	137	250	135	86	182	106	71	22
122	173	21	122	200	149	183	10	22	48	22
220	16	2	137	208	198	60	182	22	213	23
92	16	2	154	250	11	197	10	106	117	22
220	162	177	134	208	149	86	182	132	71	22
92	60	21	182	250	23	65	112	20	77	22
92	108	2	40	250	11	19	182	214	21	22
121	60	239	137	145	23	65	16	224	77	22
115	171	239	182	250	142	65	112	84	2	22
121	60	177	154	146	201	183	112	255	77	22
121	16	21	121	250	11	183	209	214	77	22
92	108	52	137	145	11	19	112	224	107	22
115	171	239	40	145	142	8	112	214	77	23
138	16	52	40	145	11	19	112	20	107	23
97	16	21	154	30	11	65	63	224	2	23
138	60	177	154	250	201	195	16	224	2	22
121	60	2	182	146	23	195	209	255	77	22
115	16	239	182	145	142	19	63	224	21	23
97	236	239	154	116	11	8	209	84	77	22
115	171	21	182	146	11	183	112	84	107	22
97	236	239	137	250	201	65	209	84	107	22
115	60	2	137	146	142	183	182	255	2	23
97	60	52	154	145	23	65	16	20	21	23
138	171	2	182	145	201	65	16	20	2	23
92	236	21	121	30	11	8	209	214	2	23
89	108	79	122	145	143	85	63	67	245	23
90	16	177	122	30	64	199	241	161	85	22
89	164	38	122	128	64	199	182	161	34	22
195	122	21	49	145	11	215	52	67	84	22
195	173	79	49	202	11	60	182	250	84	22
109	122	177	170	30	143	85	241	250	245	23
195	173	68	136	145	163	60	63	250	84	22
89	164	38	154	76	11	199	241	166	75	22
109	164	38	170	128	11	85	97	67	75	22
195	122	68	122	76	143	80	241	67	85	22
90	16	38	122	76	143	215	241	250	75	22
92	122	177	49	202	163	85	241	250	84	22
92	122	38	49	30	11	85	63	149	84	23
90	122	68	170	145	11	85	52	161	34	23
90	164	177	49	128	11	80	52	250	34	22
109	173	68	49	202	163	80	97	149	84	22
92	164	79	154	145	11	80	241	149	75	22
89	164	177	170	30	64	215	52	166	75	22
92	173	21	154	128	163	85	182	166	34	23
195	16	177	154	128	163	60	97	250	84	23
185	178	127	137	227	151	65	97	161	85	22
225	52	180	182	128	11	195	203	250	113	22
225	52	180	137	128	11	65	182	193	2	22
225	52	127	182	177	151	241	16	250	85	23
185	172	21	182	227	128	19	97	155	39	22
25	172	180	47	128	151	195	16	155	85	22
225	52	11	75	227	128	60	203	250	2	22
106	253	38	218	227	11	60	16	193	39	22
154	52	21	47	177	151	19	203	193	2	22
25	178	21	218	30	128	60	97	193	2	23
25	172	21	182	128	11	60	16	155	2	23
106	178	180	218	227	151	60	16	161	2	22
25	253	21	137	5	208	65	182	250	29	22
225	29	21	218	177	11	241	63	155	29	23
154	172	38	182	128	208	60	16	161	39	23
225	178	11	218	227	208	60	203	250	85	22
154	52	180	182	5	128	60	97	115	2	22
225	52	38	218	5	128	60	97	161	39	22
225	253	127	137	5	151	195	203	155	113	23
25	52	11	137	177	128	19	63	115	39	22
92	80	79	157	64	11	166	182	33	21	23
163	60	26	60	185	11	65	182	66	85	23
92	173	79	129	64	208	166	243	146	77	23
92	60	21	185	145	11	166	16	251	85	22
168	60	79	129	145	11	211	182	251	120	23
168	60	26	185	190	11	211	16	66	21	22
121	60	177	129	185	143	195	243	251	120	23
163	60	79	185	190	159	195	16	251	2	23
121	60	21	170	64	159	65	16	146	85	22
163	178	26	157	185	159	195	63	66	2	23
92	60	44	129	185	11	65	243	251	2	22
163	173	21	185	132	159	195	243	132	2	22
92	178	21	185	185	208	195	63	66	77	22
92	173	44	60	132	143	60	182	146	120	22
82	173	44	129	190	143	166	16	132	2	23
92	80	26	185	185	11	166	182	66	2	23
163	80	44	185	132	143	65	182	132	85	23
92	173	44	185	190	208	195	97	251	85	22
121	173	44	157	132	11	211	243	251	21	22
163	60	177	157	190	208	65	182	66	85	23
154	173	2	46	16	11	196	6	146	2	22
121	178	21	41	250	205	65	6	41	85	22
225	16	21	122	6	135	81	230	132	115	23
252	173	38	46	16	205	60	243	66	2	22
106	16	2	46	64	11	60	99	132	85	23
121	173	177	200	16	11	196	63	66	76	23
225	60	177	41	6	11	183	63	132	2	23
252	36	2	41	64	205	60	243	132	76	23
106	16	79	41	16	135	196	230	41	2	22
225	36	79	122	250	135	65	63	66	85	23
154	60	38	200	6	135	196	243	66	2	23
121	178	21	46	135	135	196	63	250	85	22
106	173	21	41	135	11	81	6	250	115	22
154	36	79	41	64	11	81	243	146	76	22
106	16	79	41	16	135	65	243	41	76	23
252	16	177	150	16	152	196	6	146	85	22
154	16	38	41	16	205	81	243	250	76	23
106	178	2	150	64	205	183	99	146	21	23
106	173	2	150	135	11	81	6	66	76	23
154	178	38	41	135	205	81	230	250	21	23
154	36	181	155	145	63	34	182	229	113	22
94	82	181	170	250	63	183	182	157	13	23
97	126	18	168	250	208	128	247	66	77	23
94	183	74	170	64	39	34	33	229	13	23
97	126	181	170	64	208	65	247	66	77	22
97	36	181	168	64	189	65	182	157	54	22
97	0	74	154	64	63	128	121	66	85	23
225	82	25	154	64	208	34	33	66	85	22
154	82	25	168	64	63	12	247	250	85	23
153	82	18	154	30	189	183	121	250	77	22
225	0	74	154	30	39	128	247	229	77	23
154	0	74	154	64	208	128	247	157	113	23
153	0	181	170	64	11	183	247	250	54	22
154	82	18	168	145	189	183	247	157	13	23
94	82	25	248	64	208	12	247	250	77	23
154	183	2	248	64	39	65	33	250	13	22
94	36	2	168	64	189	183	247	66	54	23
154	0	2	155	64	11	183	182	250	85	23
153	126	74	170	250	208	12	121	66	77	23
94	183	181	168	64	39	65	247	250	54	22
92	60	187	170	64	175	146	194	192	83	23
225	228	2	125	153	209	65	63	146	21	22
92	16	2	125	64	209	231	83	132	81	23
225	187	187	10	153	209	231	194	132	81	23
46	16	79	41	128	143	231	83	170	77	23
46	187	38	41	153	175	146	123	146	21	23
121	60	38	41	250	143	146	194	170	2	23
156	228	157	9	250	78	60	63	226	83	22
156	187	187	10	64	209	183	123	170	81	22
92	171	38	9	153	175	231	63	170	81	23
46	228	2	41	42	209	65	194	146	83	23
92	171	38	9	250	78	65	134	170	83	23
225	228	38	170	250	143	146	123	132	83	22
121	16	2	170	42	209	183	134	132	21	22
156	187	157	170	250	175	231	123	132	81	23
225	171	157	170	64	175	183	83	170	81	22
121	228	2	9	128	209	60	134	132	83	22
46	228	2	170	153	175	146	83	146	83	22
121	16	187	10	153	78	183	123	192	83	23
156	187	187	9	42	78	65	194	146	21	23
154	178	79	137	226	11	183	97	66	113	23
91	60	21	137	145	134	19	16	255	35	23
91	178	79	174	116	11	183	111	33	35	23
65	100	4	174	145	223	196	243	132	113	23
74	19	2	137	116	134	63	243	33	85	23
154	77	4	201	145	223	183	182	33	35	23
154	60	244	174	226	11	19	182	255	77	22
74	178	244	137	116	223	63	243	146	35	23
65	77	2	174	63	223	183	182	33	77	22
74	19	2	170	226	11	183	97	132	113	22
154	19	2	201	116	223	19	111	255	21	23
91	100	4	174	164	11	183	97	66	77	23
91	19	21	98	226	11	19	16	255	113	23
91	178	79	201	164	11	183	111	132	85	23
65	100	79	170	63	208	19	182	66	85	22
92	100	2	170	164	208	196	243	146	21	22
74	19	79	98	145	134	196	97	33	77	22
91	77	2	137	63	11	196	243	33	113	23
154	19	2	170	164	11	63	182	146	77	22
65	60	4	174	164	208	183	243	146	113	23
121	144	53	128	145	149	195	182	160	77	22
252	16	38	46	196	149	23	126	161	113	23
252	60	38	128	23	149	18	182	250	21	22
252	183	177	46	128	240	9	182	160	77	23
106	16	2	105	196	240	18	126	66	113	23
154	60	177	120	145	11	195	182	250	117	22
121	16	2	120	145	149	195	32	250	21	23
154	16	53	179	128	135	60	126	66	21	22
121	36	12	128	250	240	9	126	66	117	23
106	16	177	120	128	240	23	182	146	77	23
154	16	177	120	145	149	23	243	146	113	22
225	144	12	46	23	11	18	126	146	21	22
225	183	53	128	196	135	60	126	146	113	22
154	144	38	128	128	149	23	182	66	117	23
121	60	177	46	250	9	60	126	161	9	22
106	144	2	105	23	149	195	182	250	113	22
154	60	12	120	23	240	195	16	250	21	23
121	16	12	179	196	240	195	32	250	9	22
106	60	177	46	23	149	9	126	161	117	23
121	183	12	179	128	135	60	243	66	113	23
85	178	177	153	212	11	65	115	161	17	23
33	45	177	43	212	11	195	16	161	151	23
238	8	103	122	212	152	60	34	246	151	23
75	64	38	137	212	11	195	34	132	113	23
154	178	103	153	95	11	60	182	161	151	22
238	36	177	43	128	239	31	115	146	2	23
33	45	177	122	73	11	195	16	132	151	22
85	36	2	153	234	11	65	34	132	17	22
154	178	38	122	234	239	195	63	132	113	22
85	36	177	122	234	11	183	16	246	77	22
85	8	21	137	128	11	60	182	66	17	22
75	45	21	153	95	152	183	115	132	2	23
75	178	38	43	212	152	183	182	246	113	23
33	64	2	122	128	11	31	115	66	113	22
238	36	38	137	234	183	31	115	146	2	23
33	178	177	122	128	152	183	115	161	2	22
33	45	38	153	234	11	65	34	132	151	22
75	8	38	1	212	152	65	115	132	151	23
85	45	177	1	73	11	31	182	161	113	23
238	45	2	1	212	239	31	34	161	77	23
121	128	177	190	42	143	42	230	180	209	23
225	128	7	122	164	135	65	242	161	113	23
154	53	223	73	42	208	183	242	146	37	23
154	185	7	154	42	8	42	97	66	113	23
154	128	223	154	42	3	183	242	146	77	23
225	185	177	190	164	3	183	97	250	77	22
225	20	7	217	164	8	183	230	161	209	23
154	53	2	217	154	208	183	56	180	77	22
106	185	177	217	164	8	42	97	180	209	22
154	185	177	122	42	208	65	63	180	209	22
76	20	223	73	154	208	7	56	161	130	22
121	173	223	122	194	208	7	97	180	77	23
121	53	223	190	154	3	7	63	250	130	23
106	53	223	217	248	3	65	63	146	77	22
121	128	2	190	42	8	195	97	146	37	23
154	128	177	190	42	8	195	56	66	113	22
121	185	7	122	154	8	183	63	146	37	23
121	128	7	122	154	135	183	63	180	130	23
154	53	21	154	194	3	183	56	161	113	23
225	20	21	73	42	143	7	242	250	77	22
91	191	113	170	6	143	207	229	132	85	23
92	191	30	8	64	214	19	63	161	85	23
92	191	30	139	64	11	60	164	209	85	23
92	16	113	170	1	11	207	113	132	77	22
154	16	38	8	1	11	207	229	161	89	23
97	60	38	170	6	11	207	16	161	85	22
154	16	2	144	6	135	207	16	250	89	23
91	191	71	170	6	11	19	113	3	2	22
92	178	113	170	6	11	19	16	250	89	22
91	60	71	139	1	11	19	229	209	21	23
97	60	30	144	64	135	66	63	132	2	23
92	191	113	170	145	143	66	113	132	89	22
126	60	38	8	6	11	183	63	132	85	23
92	191	30	122	145	135	183	164	3	85	23
92	60	71	144	6	11	183	229	161	2	23
126	191	30	139	145	135	19	113	161	77	23
154	16	2	8	64	11	183	229	3	77	23
92	60	30	139	1	135	183	164	132	77	23
92	36	38	139	6	214	207	164	250	2	23
154	178	2	170	6	214	19	63	209	77	23
197	60	69	122	211	142	196	97	143	70	22
85	61	45	170	16	142	49	166	250	21	23
85	48	18	137	67	2	38	46	143	85	23
139	178	45	137	250	208	183	243	152	70	23
197	60	137	168	67	2	101	46	152	113	22
121	6	69	170	16	174	183	243	66	77	22
106	6	45	122	211	2	49	243	66	85	23
106	60	69	170	211	2	49	97	250	77	23
106	48	69	168	16	174	49	166	143	77	23
121	60	45	168	67	208	183	166	152	85	22
85	61	69	250	211	208	101	86	250	113	22
106	48	45	170	250	142	101	46	152	70	22
197	60	137	170	67	2	49	166	152	70	22
139	61	18	137	16	174	101	243	66	113	22
121	178	18	168	159	208	101	46	225	85	23
106	178	45	122	67	208	196	46	143	85	22
139	48	69	170	67	208	101	86	66	113	23
106	61	137	122	211	174	196	97	143	85	23
197	178	134	250	250	11	49	46	250	70	22
139	6	69	137	211	142	183	243	143	85	23
88	137	69	125	145	167	27	181	66	115	23
92	25	69	130	145	11	27	52	66	115	22
47	178	83	137	64	167	65	99	176	115	23
225	48	69	158	64	179	65	99	146	2	23
225	36	20	125	240	11	125	99	146	100	23
88	36	83	137	145	179	65	249	176	100	23
47	25	20	53	145	11	125	99	161	2	23
147	48	177	137	145	167	125	249	146	100	22
47	137	20	137	64	64	27	181	66	100	23
225	137	83	125	240	167	65	181	250	2	23
92	178	83	53	64	11	125	249	161	2	23
225	178	20	137	240	11	65	99	66	115	22
47	48	100	130	31	167	245	181	66	77	23
88	36	100	137	145	64	27	181	176	2	23
47	178	83	137	240	179	27	99	161	77	23
225	137	177	53	64	11	65	249	66	77	23
225	178	20	158	64	11	27	16	161	2	22
147	178	20	125	145	11	125	16	66	36	22
147	178	100	53	145	64	195	99	250	100	23
47	25	177	137	31	179	27	16	250	36	23
153	16	38	96	4	31	108	219	65	7	23
88	40	241	154	145	136	195	113	154	7	23
108	130	38	33	145	208	108	148	65	78	23
245	130	110	33	250	136	183	63	161	19	22
88	130	241	96	128	208	197	63	154	78	22
88	60	110	96	250	208	195	148	132	78	22
108	16	110	96	4	207	19	182	161	115	22
88	60	9	96	250	136	19	63	154	115	22
245	16	38	96	4	31	108	148	154	245	22
108	40	38	154	145	31	195	113	161	115	22
108	239	9	33	128	136	19	148	236	115	22
245	40	9	96	4	11	19	113	132	115	22
88	16	9	170	250	207	108	148	161	115	23
245	130	241	137	4	208	195	148	236	245	23
88	130	110	33	4	11	183	113	65	19	22
108	40	241	96	250	136	197	63	236	19	22
245	130	9	137	145	31	183	219	65	19	22
88	40	241	33	250	11	108	219	65	7	23
153	60	38	137	250	207	183	63	154	19	22
108	130	51	170	145	31	197	219	132	245	22
108	148	21	239	250	11	183	37	170	21	22
121	60	21	239	64	208	75	16	64	85	22
108	185	21	239	213	208	26	248	131	77	23
225	60	20	41	250	208	60	37	146	2	22
154	60	38	137	250	11	183	16	131	85	22
121	148	20	239	64	208	60	16	131	21	22
121	148	20	137	213	11	197	16	64	21	22
225	32	38	122	250	11	75	63	64	21	22
225	60	119	137	213	11	60	63	146	17	22
225	32	21	239	213	11	75	182	132	85	22
92	32	119	41	64	11	75	248	146	85	23
108	32	119	134	64	208	183	16	132	17	22
225	37	119	137	64	11	183	182	131	2	22
108	60	20	134	250	143	183	63	64	17	22
108	32	20	122	250	11	183	16	170	85	22
154	148	38	122	64	11	197	37	131	17	22
225	185	119	137	30	135	60	182	170	17	22
225	148	177	122	213	11	197	37	146	85	22
154	148	177	41	250	11	26	182	131	2	22
92	32	119	239	30	11	60	63	132	77	23
130	178	180	136	64	195	60	127	20	85	22
121	36	79	137	250	11	65	127	250	10	22
106	36	38	136	30	11	65	189	144	85	22
92	16	21	136	250	208	65	97	179	10	22
225	173	38	49	30	11	81	127	250	15	22
121	36	180	108	217	11	174	127	144	85	22
121	36	79	137	153	208	60	21	250	15	22
92	36	38	136	64	11	60	243	194	85	22
225	173	180	108	30	11	174	243	144	10	23
225	36	79	137	250	11	174	189	250	15	23
121	178	180	136	153	208	65	97	179	85	22
92	178	180	108	30	11	60	21	20	21	22
106	53	79	136	217	205	174	97	20	21	23
92	16	21	137	153	11	195	243	20	85	22
92	173	21	144	217	11	195	243	144	21	22
106	36	21	137	250	11	174	21	250	85	23
121	16	180	144	217	11	174	21	194	107	23
92	53	21	144	217	195	60	127	179	107	22
92	53	38	137	217	208	195	189	250	107	23
130	173	2	136	30	205	81	189	20	107	22
10	243	133	11	128	42	60	83	50	51	23
154	167	39	137	250	202	195	19	50	5	22
10	243	149	235	128	202	183	56	184	113	22
87	167	149	154	250	202	65	56	50	5	22
121	36	133	137	128	27	65	150	50	51	22
87	243	149	11	128	147	195	34	50	113	22
10	8	109	11	250	202	83	56	161	5	24
87	167	2	154	250	135	195	56	184	5	22
154	243	109	122	63	27	195	150	50	73	22
154	36	109	154	64	202	183	34	50	73	22
121	8	2	137	128	147	65	19	66	113	23
121	167	133	235	64	202	65	34	66	73	22
10	36	39	137	64	147	65	83	184	2	22
225	243	109	137	179	202	65	34	132	2	23
154	243	149	235	179	135	83	150	50	113	22
225	36	39	154	63	135	60	34	161	5	22
225	8	133	137	63	147	195	56	161	5	23
10	8	109	137	63	135	60	34	132	51	22
10	36	2	137	64	27	195	150	66	73	22
154	8	109	11	63	147	65	83	132	2	22
245	179	132	122	64	42	183	48	132	217	22
49	8	133	235	134	25	183	48	3	8	23
87	39	162	173	250	25	252	34	3	8	23
245	36	141	235	250	202	183	34	146	35	23
146	8	141	11	64	25	95	148	161	217	23
146	39	162	11	63	202	183	148	184	35	22
49	36	162	235	63	163	95	34	132	53	23
245	8	141	11	64	25	195	48	146	53	23
170	36	133	173	179	25	195	148	146	35	22
146	8	141	235	64	25	65	34	3	35	22
87	179	132	122	63	163	252	34	184	8	22
87	8	46	122	250	25	252	34	146	5	23
245	39	141	122	63	25	95	19	184	53	22
49	8	162	235	63	163	95	34	161	35	22
146	36	162	11	134	42	195	148	161	35	22
245	179	141	11	64	42	183	148	146	8	22
87	36	141	235	179	42	183	148	161	217	22
245	36	133	154	179	153	252	148	184	53	23
170	39	162	235	64	153	195	34	132	53	23
87	8	133	235	179	25	95	148	3	8	22
17	8	149	8	203	106	56	98	154	2	22
121	8	133	8	64	133	195	98	10	73	23
225	247	5	154	64	106	183	34	161	83	23
178	8	133	41	54	27	3	17	10	2	23
178	167	5	154	54	27	3	17	132	83	23
178	0	5	122	54	5	183	34	6	2	23
121	8	109	122	179	42	95	56	6	73	23
178	8	51	154	179	133	95	56	161	113	23
225	247	51	122	64	5	95	56	6	113	23
121	167	51	235	179	106	183	17	10	2	22
74	8	51	235	203	5	3	56	154	52	23
121	247	109	8	54	42	183	34	10	2	23
74	0	133	41	54	42	95	56	6	83	23
225	0	149	122	203	133	3	17	132	2	23
225	8	5	41	54	27	195	149	132	2	23
17	8	5	41	179	42	3	98	161	73	23
225	0	109	122	54	133	3	56	132	113	23
17	8	149	8	179	133	195	34	132	52	22
17	8	149	154	138	106	195	98	6	83	22
178	8	149	8	203	5	195	34	154	52	22
42	0	2	12	250	155	129	34	161	113	23
233	243	133	218	250	40	241	56	132	2	23
93	243	2	250	179	211	209	211	132	178	22
93	151	239	218	64	155	209	34	132	2	23
121	75	39	115	179	211	129	34	82	113	22
93	75	39	137	63	40	60	19	161	73	22
121	75	239	12	250	211	241	211	82	61	23
233	39	133	12	128	155	241	23	66	61	23
121	39	149	115	128	40	129	211	66	2	23
233	39	239	218	63	211	241	34	82	113	23
121	151	133	137	128	155	129	56	184	73	23
233	75	239	137	179	211	60	56	66	61	23
233	243	2	137	64	155	209	19	161	178	23
121	243	149	218	179	211	241	23	132	2	23
154	243	239	137	179	166	129	211	161	61	22
42	0	133	115	128	58	209	34	82	2	23
42	75	133	250	179	40	209	211	161	61	22
42	75	2	137	250	211	241	56	82	61	23
121	243	2	250	63	58	209	19	184	73	22
93	39	133	115	128	58	60	23	82	113	22
87	245	65	122	46	170	51	56	50	68	23
87	245	109	17	46	58	161	56	132	73	22
121	22	65	235	46	23	195	83	252	57	22
225	22	109	122	246	23	83	56	50	68	22
121	22	39	131	246	23	195	166	66	68	22
50	72	109	235	246	58	161	83	66	113	22
87	245	39	131	3	89	51	56	161	73	22
225	231	65	17	128	147	195	34	252	73	23
26	231	65	131	246	23	51	166	161	57	22
26	245	144	17	246	23	83	83	50	68	22
121	72	65	17	246	58	161	19	132	73	23
87	8	144	235	46	58	195	34	66	73	22
50	22	144	131	3	23	161	56	132	57	23
87	22	133	131	3	170	60	83	252	57	22
87	8	65	17	246	170	83	19	161	57	22
121	245	144	235	46	89	60	166	132	73	22
26	8	65	122	3	58	161	19	50	73	23
225	72	133	122	3	170	51	83	161	73	23
121	245	39	17	3	23	161	83	66	73	23
225	72	144	131	46	170	60	83	252	57	22
87	183	133	122	96	134	119	226	137	35	22
96	8	109	75	128	27	73	123	167	35	22
96	183	149	139	96	27	195	19	150	105	22
96	8	39	11	179	27	20	214	167	39	22
156	248	2	122	128	27	179	123	167	5	23
237	8	39	11	250	42	20	19	50	39	23
96	45	149	75	250	42	179	88	66	105	23
10	248	109	11	179	42	119	19	66	105	22
237	183	149	223	179	218	20	226	66	35	23
96	8	149	122	63	134	20	214	50	105	22
156	8	39	75	179	134	195	214	167	39	23
10	8	149	75	128	134	119	88	66	39	23
10	8	149	223	96	27	73	88	150	105	23
10	248	39	223	63	145	195	214	137	105	23
156	8	133	122	250	134	179	19	50	113	22
156	183	149	75	179	27	179	88	150	5	23
156	45	109	139	128	218	73	123	167	35	22
156	8	2	122	128	134	119	123	137	113	23
10	8	2	11	96	218	20	19	137	113	22
87	8	39	139	179	42	195	214	137	5	22
56	167	147	137	194	202	17	34	184	2	23
60	36	147	137	194	174	4	150	147	113	23
87	8	231	137	194	27	195	150	66	2	22
87	8	82	58	194	152	195	155	132	68	22
168	83	82	11	41	215	83	150	50	41	22
56	74	43	58	128	215	83	150	132	63	23
56	36	231	11	251	152	83	155	147	68	23
56	167	82	58	179	27	83	83	66	68	23
87	36	147	58	179	27	83	150	132	2	22
56	83	82	235	194	202	4	155	66	113	23
87	74	165	235	41	27	17	155	184	2	22
87	83	43	235	128	202	17	34	66	113	23
168	8	147	235	128	27	165	56	132	68	23
168	36	147	235	128	152	4	56	147	63	23
60	167	165	235	41	27	17	56	66	113	23
225	74	231	58	128	215	195	155	50	41	23
60	83	231	58	194	202	17	34	147	68	23
168	167	147	235	194	152	4	56	132	68	23
56	36	147	58	194	174	17	56	132	68	22
56	83	231	58	128	215	165	83	147	68	22
13	54	5	235	80	162	195	56	130	73	22
85	78	177	154	63	231	195	212	66	123	22
13	54	31	154	250	231	195	212	66	73	22
13	167	5	235	250	219	244	82	66	73	23
13	167	5	235	128	147	48	82	66	5	23
121	57	177	137	63	162	244	82	50	51	22
121	249	134	125	250	147	91	212	66	123	22
85	249	109	137	63	231	48	56	161	73	23
13	249	134	235	128	162	244	82	66	123	23
30	249	134	235	250	219	48	82	161	73	23
13	57	177	154	128	231	91	56	178	73	23
121	57	134	125	250	220	195	212	66	51	22
225	249	177	77	250	162	195	212	50	2	22
85	54	31	235	250	231	48	82	178	51	23
225	167	109	125	128	162	48	212	161	51	23
13	78	5	235	129	220	48	212	50	123	23
13	78	109	77	128	162	91	212	66	123	23
30	249	5	77	80	147	195	82	130	123	22
85	249	5	125	250	162	244	82	161	5	23
121	78	109	125	129	147	195	56	50	2	22
128	8	3	231	67	74	83	159	50	32	22
235	8	37	11	67	27	195	56	1	32	23
185	104	208	231	179	27	55	34	66	32	22
87	8	54	234	67	74	161	56	50	73	23
185	243	3	11	67	147	83	83	1	33	22
128	96	3	154	179	130	57	19	50	73	23
235	96	3	154	63	27	195	83	1	51	23
235	104	3	154	179	202	55	159	66	33	23
185	8	208	155	179	202	83	159	66	73	23
87	243	3	11	140	130	57	19	1	73	23
185	243	133	155	67	130	195	19	50	33	23
235	8	3	231	253	202	195	159	66	51	22
128	243	133	155	179	147	55	34	178	32	23
87	8	3	234	253	147	161	19	178	53	23
58	173	37	154	67	147	57	19	66	33	23
87	173	54	11	253	130	161	34	129	73	23
128	243	133	155	67	74	83	34	50	53	22
87	96	3	155	140	130	195	159	1	32	23
185	96	37	231	140	74	57	159	66	73	23
58	173	208	11	179	147	195	34	1	53	23
130	8	141	29	179	202	66	226	86	125	23
225	8	2	41	250	154	179	25	199	64	23
10	8	2	235	128	143	80	25	161	5	23
10	243	135	41	67	147	187	67	86	5	23
130	8	2	41	67	143	66	150	86	64	23
19	243	2	41	250	42	80	34	128	125	23
19	243	2	154	67	147	187	226	50	125	22
130	243	135	41	128	202	179	34	128	51	22
19	8	109	29	179	147	66	150	50	73	23
10	8	135	235	250	154	172	150	199	64	23
121	8	2	106	67	147	187	150	86	125	23
121	8	141	29	179	147	172	25	86	125	23
19	8	135	154	128	202	187	34	128	51	22
10	36	39	235	128	154	80	150	199	64	23
130	36	39	154	179	154	172	226	86	5	23
10	8	109	29	179	202	66	34	86	73	23
10	38	2	235	179	42	80	150	128	5	23
10	8	39	106	128	202	172	34	50	64	22
121	8	2	29	67	202	179	150	128	73	22
121	8	2	29	250	143	179	226	199	51	23
121	243	133	171	46	135	39	150	161	41	22
154	38	55	227	250	135	39	150	132	5	23
154	30	133	137	250	45	251	56	132	5	23
225	8	131	171	250	3	251	34	132	5	23
121	8	2	190	250	45	251	7	116	2	22
121	38	109	137	179	147	251	34	66	51	23
154	8	133	137	98	45	60	150	132	51	22
10	243	131	190	98	147	251	7	66	2	23
154	243	109	227	179	208	39	7	66	5	23
121	8	131	137	179	208	251	7	116	41	23
154	7	2	227	46	147	251	56	66	2	23
10	38	131	227	46	208	251	56	184	5	23
10	30	109	250	98	208	83	56	161	64	22
121	7	109	227	46	3	65	69	66	41	22
10	243	131	250	250	147	251	69	132	51	23
154	7	109	227	250	135	251	69	132	64	23
121	30	109	190	250	208	65	69	116	51	23
10	38	55	137	46	147	39	7	132	41	23
154	8	131	190	46	135	39	69	66	51	23
154	7	2	171	179	135	83	7	161	64	23
94	8	109	113	128	27	183	74	153	73	23
94	228	149	23	63	56	83	56	66	73	22
154	243	109	154	63	135	83	56	161	5	23
225	8	133	235	59	135	77	74	50	118	23
225	243	133	201	64	130	77	114	50	55	23
121	228	133	23	59	135	77	143	153	2	23
225	243	109	235	250	130	83	56	153	55	23
121	228	2	201	250	130	183	114	161	73	22
121	228	199	113	59	202	183	19	161	55	23
121	232	199	201	64	27	44	56	66	2	23
225	8	199	113	250	130	77	143	161	2	23
10	232	199	154	128	202	99	74	66	118	23
225	243	199	23	64	56	44	143	161	73	22
10	228	199	201	63	27	183	74	161	5	22
121	8	2	113	250	130	44	114	130	118	23
94	243	149	154	250	135	44	19	50	55	23
225	228	199	154	64	135	99	19	50	118	23
94	243	133	235	64	135	99	114	66	2	23
121	228	2	154	63	130	77	143	50	118	23
154	36	199	201	63	130	183	19	161	118	23
121	8	133	122	63	42	17	16	46	2	23
154	167	149	122	250	31	195	194	184	125	23
225	167	133	122	71	202	77	19	46	113	23
111	167	59	235	71	147	77	16	46	125	23
111	36	149	154	179	135	183	142	228	51	23
154	8	4	144	179	31	17	142	132	113	23
225	167	149	122	177	42	77	19	132	5	23
111	36	4	154	250	42	77	194	66	51	23
111	167	133	144	71	202	77	19	46	2	23
121	243	109	122	71	31	77	71	228	113	23
10	8	4	122	179	135	17	142	184	2	23
225	8	133	144	71	202	17	71	132	51	23
10	8	109	11	71	147	195	16	66	51	23
111	243	149	122	63	202	44	16	228	125	24
225	167	109	122	177	202	77	16	46	125	23
225	167	133	144	177	147	77	194	228	5	23
10	8	109	235	71	147	195	142	228	113	23
154	8	109	154	250	31	44	16	228	2	23
111	8	109	235	250	31	77	16	228	113	23
121	8	133	235	177	31	17	142	132	113	23
10	36	149	43	246	135	83	19	131	14	23
89	167	73	173	16	153	183	56	66	137	23
87	36	2	173	203	135	223	34	50	137	23
10	36	73	173	203	202	183	19	50	18	23
10	167	2	43	63	3	223	34	50	14	23
89	36	73	154	16	3	83	83	138	14	23
161	232	140	154	16	153	83	150	66	58	23
210	36	2	173	203	42	183	19	66	14	23
210	167	149	173	203	3	83	34	50	113	23
161	167	149	173	246	202	83	150	138	14	23
210	232	2	43	16	135	65	34	66	14	23
89	24	140	154	63	135	65	83	66	18	23
161	243	39	43	63	202	65	150	138	14	23
10	24	73	154	66	153	183	150	150	137	23
87	36	73	122	203	135	223	150	131	14	23
161	36	149	154	203	42	60	150	50	58	23
161	243	73	154	203	42	60	34	50	137	23
89	167	140	122	66	153	60	83	50	113	23
87	36	2	122	203	135	65	83	131	18	23
161	167	73	173	16	153	183	83	138	18	23
10	51	58	241	181	135	195	56	161	51	23
227	8	58	145	4	111	195	55	106	51	23
87	103	156	241	250	135	60	55	106	51	23
10	8	39	12	181	135	183	58	106	73	23
121	103	109	12	181	135	195	150	184	51	23
87	8	109	241	63	27	83	55	188	73	23
216	32	149	241	4	23	83	150	184	113	23
216	167	39	115	181	111	60	56	161	4	23
227	51	58	241	181	202	195	83	188	73	23
216	103	156	145	250	27	60	150	184	51	23
87	51	109	145	181	202	83	55	106	4	23
216	51	149	12	4	111	60	55	106	4	23
121	51	58	27	64	111	91	56	50	51	23
121	32	109	27	64	135	195	56	184	4	23
10	167	39	27	181	135	195	58	184	4	23
216	167	149	241	4	111	91	56	106	51	23
227	8	156	115	250	111	83	58	188	51	23
87	51	109	145	4	135	183	150	161	113	23
227	8	149	241	64	202	183	150	188	73	23
87	103	149	115	4	111	183	150	188	4	23
10	8	45	137	68	42	83	56	136	138	23
71	8	133	154	179	129	83	83	136	51	23
121	167	133	154	128	42	65	56	194	73	23
10	8	109	122	179	42	83	150	49	138	23
154	8	2	122	159	42	60	83	194	5	23
234	8	149	29	68	154	60	56	194	51	23
154	167	149	29	128	202	67	150	136	73	23
121	243	149	137	241	202	60	19	194	109	23
10	167	109	122	68	83	67	56	132	5	23
10	243	109	235	128	83	83	19	164	109	23
121	8	133	29	68	83	190	83	132	73	23
234	243	133	122	179	83	65	34	136	109	23
234	8	149	137	241	202	83	19	164	109	23
234	167	109	122	128	129	65	34	164	73	23
121	5	133	154	159	154	83	56	164	5	23
10	243	133	122	68	202	190	34	132	5	23
234	243	2	137	159	42	83	56	194	51	23
234	5	133	122	241	154	60	150	194	51	23
154	8	2	137	159	129	83	56	164	73	23
10	8	149	137	241	129	67	83	49	138	23
96	8	2	18	168	147	33	56	161	73	23
0	191	39	173	179	42	33	56	132	73	23
65	88	39	173	179	147	83	56	26	73	23
0	5	221	18	179	42	119	56	132	73	23
0	5	39	218	179	202	59	56	99	73	23
154	194	109	18	186	135	33	132	161	20	23
96	5	221	18	179	147	59	56	26	20	23
0	8	221	112	168	147	33	56	26	51	23
154	88	39	112	186	42	130	56	99	73	23
65	88	109	112	64	147	130	132	26	113	23
65	194	180	137	179	147	130	56	26	67	23
96	8	180	173	186	135	119	132	161	51	23
96	88	221	18	186	27	59	83	132	67	23
65	194	109	137	179	135	83	56	162	20	22
96	194	221	173	168	202	83	56	162	73	23
96	194	221	173	179	147	59	56	132	73	23
65	8	180	218	168	202	33	132	26	67	23
0	8	109	18	186	135	83	132	99	51	22
169	8	2	173	38	42	59	19	132	20	23
65	5	39	218	186	42	83	83	26	113	23
195	183	2	11	178	42	101	83	184	113	23
10	8	103	217	178	144	101	83	161	73	23
10	8	133	122	178	42	60	18	50	51	23
10	36	109	137	178	144	179	18	66	55	23
87	10	109	249	64	42	179	83	132	73	23
195	10	133	249	163	42	179	83	132	73	23
10	36	133	11	250	27	179	56	50	2	23
121	36	109	11	63	27	179	56	132	73	22
87	10	109	122	63	42	179	83	66	2	23
154	8	149	11	163	42	60	83	66	2	22
87	8	133	122	178	135	179	34	66	2	23
10	183	103	249	63	42	179	83	132	51	23
10	36	103	217	64	144	179	134	184	113	23
121	8	109	122	178	144	195	83	66	51	23
10	167	2	137	64	135	179	34	50	113	23
195	10	149	137	250	27	195	34	184	113	23
154	10	109	11	178	144	101	83	161	113	23
195	36	103	122	250	144	195	134	66	55	23
10	167	109	217	64	27	179	18	184	2	23
87	183	103	11	63	27	101	56	66	2	22
154	143	180	174	179	202	195	48	66	48	23
121	143	2	73	250	208	195	83	251	36	23
154	228	76	137	128	202	195	83	146	201	23
225	128	2	137	250	202	60	33	66	69	23
225	128	149	122	4	27	98	83	204	48	23
154	0	149	137	179	27	183	83	251	69	23
70	228	43	154	4	3	60	42	251	201	23
225	51	2	73	11	27	195	33	146	201	23
154	0	2	122	11	135	183	33	146	201	23
154	228	149	174	11	27	195	150	204	187	23
70	143	2	174	11	208	195	150	144	201	23
154	51	76	122	250	27	195	48	204	187	23
70	143	149	174	4	135	195	83	66	48	23
121	0	149	154	4	27	60	33	66	187	23
70	143	76	73	128	27	183	42	144	48	23
70	143	43	122	128	202	98	42	251	48	23
154	51	43	174	179	202	98	83	144	187	23
225	0	43	174	250	135	183	83	146	69	23
225	51	2	73	250	208	60	48	146	36	23
70	228	149	122	4	202	60	42	204	201	23
240	4	140	11	179	89	183	150	132	2	23
59	4	65	105	250	202	209	1	50	113	23
93	227	103	154	64	202	209	34	50	2	23
87	88	65	94	191	135	83	34	66	2	23
87	151	140	154	250	89	83	34	50	12	23
240	88	140	247	179	89	83	1	132	113	23
240	227	140	94	179	135	252	32	66	12	23
59	4	157	247	64	202	83	1	66	27	23
178	4	103	154	191	135	83	150	66	113	23
87	227	140	105	250	202	183	34	50	113	23
59	151	140	154	128	135	252	83	161	113	23
240	4	103	247	128	135	83	1	50	113	23
87	151	65	94	179	89	83	1	66	2	23
240	88	65	154	191	89	83	34	66	27	23
87	227	39	154	191	135	209	1	161	27	23
240	227	65	11	64	89	83	32	184	5	23
59	151	39	154	179	89	209	83	132	12	23
87	88	140	247	250	202	83	32	66	27	23
59	14	39	11	64	89	183	83	184	5	23
178	14	103	105	191	135	252	150	184	27	23
87	36	149	140	64	202	231	150	229	113	23
101	194	149	137	64	2	65	216	166	113	23
154	194	39	140	170	202	227	19	184	73	23
154	151	149	137	170	148	53	3	166	73	23
201	36	39	43	170	199	227	3	184	5	23
201	194	2	140	63	2	53	34	229	41	23
101	42	133	137	128	202	231	34	229	2	23
138	151	109	43	128	42	65	3	229	5	23
138	194	2	140	170	42	53	3	50	113	23
101	151	109	140	64	199	53	3	184	113	23
138	36	133	231	64	202	231	3	229	41	23
201	36	2	43	128	202	53	150	166	41	23
101	194	39	43	170	148	65	3	184	41	23
87	151	149	137	63	199	53	19	184	2	23
101	151	39	43	128	148	53	150	66	73	23
101	76	133	231	26	148	231	150	166	5	23
101	36	39	43	64	2	227	19	166	2	23
87	151	2	122	128	199	231	216	50	2	23
138	194	39	122	63	42	65	216	66	5	23
87	151	39	140	170	148	227	216	229	73	22
224	167	18	137	189	215	195	157	184	113	23
151	8	133	122	68	168	108	157	69	2	23
224	36	39	122	128	168	195	124	69	5	23
121	42	39	137	189	183	195	52	184	2	23
10	8	18	137	165	202	195	157	69	2	23
10	42	109	131	170	168	108	83	184	5	23
121	42	133	137	189	202	195	83	68	51	23
10	36	133	131	170	168	108	157	69	113	23
154	243	133	137	165	183	85	157	69	113	23
224	36	149	122	189	1	195	83	166	51	23
121	243	109	154	128	168	147	157	68	2	23
154	243	109	241	128	183	108	83	69	5	23
154	243	109	122	189	202	85	124	166	51	23
151	167	39	137	189	183	65	157	184	5	23
121	167	18	154	165	1	108	157	69	73	23
151	36	149	241	128	183	108	157	166	5	23
10	8	109	131	189	183	85	83	166	51	23
121	243	18	241	170	215	108	124	184	2	23
121	42	133	137	128	1	147	124	68	51	23
154	167	39	154	165	1	147	157	50	73	23
10	8	131	105	63	202	12	83	66	249	23
56	8	102	105	179	27	12	23	50	23	23
10	36	2	105	63	202	243	19	161	19	23
56	8	221	122	114	42	83	19	66	15	23
237	36	221	128	63	42	243	83	161	249	23
154	167	2	235	179	27	83	56	6	15	23
10	36	61	235	128	135	12	19	50	15	23
10	8	131	128	63	147	12	19	50	23	23
10	36	131	122	250	42	12	34	161	23	23
10	36	102	105	250	202	65	83	50	5	23
10	36	221	235	179	135	83	23	40	23	23
56	8	61	122	179	27	71	23	66	15	23
154	36	131	105	179	135	71	34	50	23	23
237	36	102	235	114	27	71	23	66	249	23
237	227	102	11	114	135	71	34	66	23	23
10	36	61	105	179	27	65	34	6	19	23
10	167	61	235	250	135	243	56	66	5	23
10	36	131	235	250	135	83	34	6	249	23
10	36	61	122	114	42	243	23	50	23	23
87	8	221	128	250	147	71	83	50	249	23
139	227	133	154	179	226	195	159	66	2	23
158	243	133	185	128	42	195	159	132	5	23
78	243	31	154	179	130	83	19	132	113	23
121	227	133	154	179	130	195	19	132	113	23
158	57	31	107	250	179	9	83	132	5	23
158	243	109	185	179	179	20	83	184	113	23
78	227	109	235	64	42	183	19	50	51	23
78	227	133	2	64	130	20	83	50	2	23
78	36	50	154	64	179	195	19	184	51	23
78	243	17	235	250	27	183	39	132	73	23
78	243	133	235	64	27	83	159	50	5	23
78	140	109	235	179	42	195	19	66	51	23
121	227	50	2	128	226	83	39	50	2	23
78	243	31	235	250	179	9	39	50	73	23
160	36	50	2	123	179	20	50	132	2	23
158	140	133	235	123	226	20	50	132	2	23
78	57	109	185	179	226	195	19	50	113	23
78	140	31	154	250	226	83	159	132	5	23
78	227	109	2	250	179	83	83	50	5	23
78	36	133	154	64	27	183	19	66	51	23
152	167	107	123	128	42	195	83	252	113	23
152	167	30	171	67	42	83	6	197	16	23
72	22	13	155	63	202	195	83	176	19	23
87	2	107	147	123	27	65	56	197	79	23
152	167	13	123	128	147	65	56	66	19	23
24	167	13	123	63	27	60	83	176	16	23
152	243	13	171	161	202	65	134	66	16	23
152	2	55	155	123	135	195	19	176	19	23
24	0	30	171	128	27	83	19	66	19	23
225	0	13	171	123	42	83	6	197	5	23
152	243	13	171	123	135	83	19	197	16	23
24	167	55	147	63	147	60	134	161	5	23
152	0	107	235	128	135	187	56	176	19	23
152	2	13	147	128	27	195	56	176	79	23
152	2	13	147	123	147	187	19	161	113	23
72	243	13	147	128	202	195	19	252	19	23
152	22	107	235	128	147	65	83	66	79	23
152	22	13	123	63	147	195	6	197	16	23
152	243	13	147	63	202	60	6	252	16	23
87	167	21	147	67	27	60	6	66	79	23
121	26	24	11	64	147	55	36	12	11	23
10	26	24	122	128	202	83	36	41	78	23
23	8	158	11	63	3	65	0	12	2	23
23	255	24	11	234	17	195	0	210	2	23
10	8	133	11	128	17	55	18	41	29	23
10	26	166	122	128	147	83	36	50	78	23
23	26	166	154	128	17	195	18	50	2	23
10	26	158	2	128	3	150	36	41	29	23
121	8	166	11	64	54	65	18	50	11	23
121	44	158	11	64	54	150	18	41	29	23
121	26	133	2	64	54	65	150	137	113	23
208	8	158	122	128	17	195	150	137	78	23
23	8	253	122	63	17	195	36	12	2	23
121	26	158	2	63	147	65	36	210	78	23
208	167	24	2	128	3	65	150	41	113	23
10	8	158	137	128	17	83	150	41	78	23
121	167	158	137	234	54	150	150	41	113	23
23	167	24	11	128	3	195	0	41	2	23
10	255	133	154	179	3	83	36	210	113	23
23	8	166	154	63	54	150	150	210	11	23
10	8	133	11	128	135	60	19	161	5	23
154	8	128	154	128	153	163	34	184	51	23
10	8	23	111	250	27	163	19	202	5	23
10	181	109	111	250	204	163	56	50	51	23
154	8	128	154	128	204	199	150	50	51	23
94	181	23	154	179	234	163	34	165	51	23
10	8	39	11	128	27	103	34	161	5	23
154	8	39	154	128	153	65	34	202	73	23
154	8	109	154	179	234	60	150	161	51	23
154	34	23	50	128	234	65	150	184	51	23
10	34	133	11	179	234	103	150	165	51	23
10	8	128	154	128	153	60	150	202	51	23
154	8	133	137	250	153	103	56	202	5	23
10	181	109	137	128	234	163	150	161	51	23
94	34	23	111	250	153	163	219	202	51	23
94	181	133	137	179	27	60	34	184	5	23
65	34	133	154	250	204	60	150	161	5	23
65	167	128	50	63	135	199	56	165	51	23
65	34	23	154	179	204	60	19	202	73	22
154	167	109	154	128	234	65	219	165	73	23
121	239	109	154	197	27	122	100	161	5	23
121	8	140	232	179	27	176	100	161	11	23
105	239	109	137	250	27	176	23	158	240	23
105	239	109	122	179	137	122	23	2	48	23
154	239	39	137	250	105	201	56	158	11	23
154	239	140	122	197	27	83	88	184	11	23
154	243	149	122	179	130	176	88	71	240	23
105	168	140	232	197	130	83	56	71	5	23
121	36	2	154	197	105	122	23	161	240	23
105	36	39	122	179	130	195	23	71	240	23
10	168	109	232	0	137	201	88	158	217	23
154	239	140	232	250	137	176	56	71	217	23
10	168	140	11	250	27	83	56	2	5	23
10	168	39	232	250	130	83	88	2	240	23
10	168	140	154	223	130	201	88	184	217	23
105	243	109	154	179	130	195	88	184	48	23
154	239	109	137	179	105	83	243	161	240	23
213	36	140	154	223	137	176	23	184	240	23
105	239	109	137	0	147	176	243	158	11	23
154	168	39	137	250	105	83	100	2	11	23
225	30	137	59	61	146	7	83	132	51	23
154	8	109	25	90	193	7	51	132	225	23
71	209	74	9	61	193	195	167	161	13	23
154	8	149	154	61	135	83	62	132	51	23
154	30	109	9	194	27	7	19	128	13	23
10	209	137	59	90	146	7	51	226	225	23
63	167	137	154	90	135	7	83	132	225	23
10	167	149	59	194	193	7	167	132	225	23
71	167	137	239	90	193	7	62	161	30	23
63	209	109	154	90	42	7	62	161	13	23
10	167	137	59	179	42	179	62	161	125	23
10	167	137	59	128	42	83	62	226	13	22
71	164	37	59	128	193	60	62	161	225	23
225	8	74	239	90	146	83	51	128	51	23
63	8	74	59	90	146	7	51	50	225	23
71	8	37	239	90	42	60	51	161	30	23
63	164	74	154	179	27	195	19	128	30	23
154	167	149	239	194	135	83	167	128	225	23
63	8	109	154	179	27	60	19	50	30	23
225	164	37	59	194	193	7	19	226	51	23
58	165	133	91	156	202	32	114	50	123	23
87	179	149	91	250	135	87	208	20	5	23
87	165	133	235	156	251	83	34	20	5	23
225	18	133	91	250	251	87	19	193	50	23
58	165	109	9	139	135	195	19	66	51	22
10	25	133	154	64	202	53	123	20	5	22
10	25	149	91	156	135	195	114	193	73	24
249	25	119	154	156	202	53	123	193	123	23
249	179	149	91	139	24	87	34	184	73	23
225	4	119	9	156	202	32	123	66	123	23
249	18	133	235	124	202	195	114	50	5	23
58	4	133	91	64	251	53	123	66	50	22
225	18	119	154	139	202	83	34	20	51	23
225	18	2	9	250	135	53	34	20	73	23
249	18	133	147	250	251	83	34	20	51	23
87	25	133	9	124	135	32	208	50	51	23
10	4	133	91	139	251	53	34	20	51	23
225	25	109	235	124	251	87	114	50	51	23
249	165	133	154	139	147	53	123	193	51	23
249	4	119	9	156	251	87	208	20	51	23
58	165	149	235	124	106	53	19	193	49	23
87	82	115	174	8	106	211	208	57	99	23
138	25	199	91	156	106	53	208	57	99	23
227	25	115	147	139	152	211	34	20	23	23
138	165	199	174	8	184	211	19	193	91	23
138	165	117	174	124	207	139	34	57	91	23
227	165	2	233	124	147	52	114	57	23	23
58	82	2	233	8	207	139	34	57	49	23
138	82	2	147	139	106	53	34	72	123	23
138	25	2	235	253	106	211	114	19	123	23
58	82	199	147	8	207	83	34	19	49	23
227	4	2	233	253	147	139	155	20	91	22
138	25	2	174	253	207	52	19	57	23	23
249	165	199	147	156	184	211	155	72	99	23
138	165	2	233	124	106	139	34	57	91	23
138	165	149	174	156	207	211	155	19	49	23
87	165	115	91	8	207	83	114	193	91	23
138	165	149	174	8	184	53	208	19	23	23
249	82	149	91	253	207	83	34	193	23	23
87	165	2	91	156	106	83	208	20	123	23
10	84	109	9	184	214	83	19	192	73	23
10	28	119	235	64	147	83	51	66	51	23
10	179	119	91	184	135	83	51	50	73	23
10	65	37	9	77	135	53	19	172	51	23
10	179	119	235	139	24	32	51	192	51	23
10	28	109	147	144	24	87	19	31	32	22
10	179	181	9	77	214	32	51	50	51	23
10	65	2	235	64	251	195	114	192	51	23
87	179	37	147	77	147	87	19	66	5	23
10	65	37	9	184	24	83	19	66	5	22
10	179	119	235	144	214	32	114	172	73	22
10	84	2	128	184	135	195	19	31	73	23
247	179	109	147	77	147	53	19	50	32	22
247	173	119	91	184	147	195	19	50	51	23
247	173	119	91	77	251	32	51	172	249	23
255	65	181	147	139	135	87	80	192	51	23
247	65	181	128	184	147	53	80	192	249	23
10	84	181	235	77	214	53	114	31	51	23
247	65	2	9	64	147	53	51	50	51	23
255	65	181	9	184	24	32	19	192	5	23
249	165	116	9	64	182	83	58	193	5	23
195	18	5	195	250	24	87	58	50	56	23
195	18	116	195	64	146	87	208	66	1	23
87	4	164	154	180	182	83	58	50	1	23
58	179	164	235	64	237	32	10	66	120	23
10	18	119	9	250	146	3	123	66	5	23
10	25	128	9	64	182	47	58	193	27	23
87	25	116	9	139	237	47	123	193	27	23
87	179	5	154	124	146	87	208	66	120	23
58	18	5	9	139	237	47	208	66	1	22
87	165	5	195	180	24	87	123	50	1	23
195	165	128	211	64	237	32	10	20	56	23
195	4	5	154	124	192	87	22	50	1	23
58	165	128	195	139	192	3	58	66	1	23
10	18	119	235	139	237	87	10	66	1	23
58	179	116	211	180	24	32	208	193	56	23
58	165	128	195	250	24	3	10	184	5	23
87	25	116	211	250	146	3	10	20	1	23
58	4	116	9	139	24	3	208	50	120	23
58	165	5	211	139	237	87	10	184	56	23
249	27	167	170	75	147	99	10	20	98	22
6	135	24	170	139	201	99	10	50	163	23
249	11	24	154	139	201	44	114	184	163	23
225	27	85	170	253	147	195	10	193	98	23
87	27	24	170	216	147	99	123	66	98	23
249	135	85	147	250	24	41	123	184	163	23
6	11	24	9	250	24	195	226	50	5	23
225	11	167	91	75	147	195	114	66	98	22
249	27	167	154	216	204	44	114	66	98	23
87	135	24	91	216	24	195	226	66	98	23
87	11	95	91	253	204	195	10	66	98	22
87	4	24	170	250	204	44	123	184	123	23
48	11	24	170	253	135	87	226	50	91	22
48	27	85	91	253	24	99	114	20	91	23
249	167	85	154	216	147	195	18	50	5	23
87	27	95	147	250	204	44	123	50	98	23
87	11	24	91	253	201	195	18	66	5	23
87	27	167	154	216	135	99	18	50	123	23
225	27	167	170	250	201	99	114	66	123	23
48	27	85	147	75	147	87	114	66	5	23
10	4	23	79	250	24	223	52	118	50	23
10	4	23	9	139	27	36	52	87	73	23
87	4	20	190	250	251	223	123	240	51	23
10	167	2	9	139	216	32	123	184	243	23
186	10	133	190	139	251	32	19	184	50	22
186	59	109	9	64	27	223	52	240	1	22
186	59	23	234	139	216	36	52	118	243	23
10	59	133	147	124	27	32	242	240	73	22
87	59	133	234	250	135	83	123	87	1	23
10	240	2	234	250	135	32	52	240	51	22
225	10	109	234	64	135	36	19	240	1	23
186	10	23	9	124	135	22	52	240	73	23
87	4	2	190	156	27	22	52	118	51	23
10	240	2	9	124	27	223	88	118	51	23
186	167	2	190	250	24	32	242	240	50	23
249	59	20	79	250	251	36	19	87	51	23
249	4	20	79	250	251	22	19	240	1	23
10	240	20	147	139	216	223	52	184	243	23
87	240	2	9	124	27	36	242	118	50	23
10	167	109	234	156	27	223	19	184	50	23
229	13	133	9	200	251	83	208	73	179	22
114	13	123	147	200	12	65	102	219	5	23
229	191	123	154	179	12	83	102	184	106	23
185	191	133	147	179	251	77	131	73	73	23
114	30	133	9	132	251	32	96	219	179	22
10	179	123	91	224	12	65	102	219	26	23
183	30	119	9	200	202	65	208	20	106	23
183	57	119	91	224	12	65	131	219	106	23
114	179	70	154	224	147	32	102	219	5	23
114	179	149	147	179	12	77	123	73	5	22
114	13	119	9	132	12	83	123	184	5	22
114	57	133	235	94	251	53	208	73	106	23
229	191	123	235	94	181	32	123	20	73	23
185	30	149	154	224	12	65	131	113	5	22
10	179	149	147	200	12	32	102	20	5	23
185	13	149	147	179	181	53	208	73	26	23
114	191	119	235	179	251	77	131	184	5	23
185	191	149	9	179	147	32	208	113	26	23
229	191	70	9	224	147	83	102	113	26	23
229	30	119	147	94	12	77	102	113	73	23
249	243	109	31	139	207	195	240	66	2	22
58	30	109	111	139	248	91	40	156	58	23
71	30	2	179	124	147	91	123	66	73	22
71	197	109	187	139	147	53	40	193	5	22
71	49	2	31	139	200	53	123	56	58	22
225	30	109	111	64	147	32	40	156	2	23
249	30	119	31	139	207	93	240	156	2	22
225	14	199	111	64	128	32	40	193	73	23
225	30	2	31	139	207	91	19	20	58	23
58	197	119	111	139	248	53	19	56	73	23
225	243	199	31	139	147	93	40	20	2	22
225	243	149	150	64	248	91	19	20	58	23
225	14	109	179	190	128	93	208	56	50	23
10	197	149	150	190	200	93	208	56	73	23
225	197	149	31	26	147	32	19	66	58	23
225	243	2	111	124	128	53	240	20	5	23
71	49	109	179	26	248	195	240	56	5	23
71	14	109	187	124	147	195	19	66	73	23
10	243	199	179	139	200	53	240	193	58	23
10	197	149	187	124	207	91	208	20	5	22
209	6	243	91	139	202	195	86	197	55	23
209	179	133	154	156	135	97	123	197	187	23
209	6	243	235	139	32	195	86	20	120	23
87	189	133	235	106	32	21	166	184	120	23
209	6	243	154	64	251	195	166	20	7	23
209	25	149	235	124	135	195	123	20	123	22
209	6	149	9	64	130	119	86	83	123	23
72	6	101	9	106	202	195	146	197	123	23
58	25	2	154	124	135	195	146	184	123	22
58	189	2	91	139	135	21	166	83	7	23
195	179	101	235	64	32	195	166	184	123	23
58	25	2	9	106	32	97	19	197	120	23
87	189	149	235	106	130	195	86	36	187	23
72	154	133	91	124	130	119	19	184	120	23
72	179	2	9	139	251	195	166	83	123	23
87	6	2	147	64	202	97	166	184	187	23
87	154	101	91	156	202	21	166	36	120	23
195	154	2	154	64	130	195	166	83	123	23
195	6	101	154	156	32	195	146	184	55	23
209	154	2	147	124	202	195	19	197	7	22
84	2	133	51	140	235	83	21	140	51	24
62	179	149	9	156	60	49	115	21	73	23
249	25	109	51	250	147	49	208	21	51	23
249	179	133	66	124	147	87	66	66	73	23
84	4	109	235	250	235	87	115	140	51	22
58	39	149	51	140	147	87	66	21	55	23
249	39	149	51	156	135	83	208	66	99	23
230	25	133	9	156	235	83	21	98	55	23
230	39	119	66	156	202	83	66	66	5	23
62	179	2	235	140	60	195	208	21	55	23
249	39	149	235	64	202	195	51	66	5	23
84	2	119	235	64	235	53	21	193	5	22
58	25	133	51	156	147	195	51	21	73	23
58	179	2	235	156	135	87	51	140	5	22
84	4	133	146	124	147	83	115	21	5	22
58	25	133	235	64	135	53	208	140	73	23
84	4	133	235	250	135	87	208	193	51	23
249	39	133	146	250	135	83	51	21	73	23
84	179	119	9	250	60	195	51	66	5	22
62	2	149	235	124	235	87	115	140	99	22
177	2	149	51	224	54	213	51	140	114	23
84	55	2	66	124	154	53	21	140	114	22
196	55	149	29	150	202	195	208	193	114	23
177	100	119	66	150	235	195	66	66	5	23
58	55	133	146	60	54	27	98	140	23	23
196	100	149	66	124	202	27	21	66	5	23
62	165	149	29	128	154	49	98	193	91	23
177	25	2	235	224	235	27	98	98	91	23
177	165	149	66	60	202	195	66	98	114	23
196	100	133	146	124	202	195	21	193	99	23
84	165	2	235	60	54	27	51	21	99	22
84	25	2	66	150	202	49	51	21	99	23
177	2	149	235	124	235	53	66	21	5	23
58	165	119	146	128	54	49	51	21	99	23
58	25	2	51	128	202	53	66	66	99	23
62	100	77	235	150	154	213	21	66	99	23
58	100	77	235	150	54	213	51	66	91	23
62	55	77	66	124	235	195	66	21	5	22
58	55	149	29	224	154	195	208	193	91	23
62	165	77	146	124	154	27	51	140	91	23
134	8	109	250	60	147	20	208	75	5	23
249	99	109	250	156	147	213	37	86	5	23
58	155	109	250	156	135	49	49	149	48	22
84	99	119	250	156	226	213	37	75	73	23
59	8	149	9	156	147	20	49	149	51	22
59	99	119	250	140	60	91	208	86	73	23
84	8	149	51	250	147	213	80	86	73	23
84	99	109	9	156	60	213	80	100	5	23
134	99	119	66	156	253	213	3	100	99	23
134	25	149	132	96	60	49	208	149	5	23
84	2	82	66	60	253	91	37	100	51	23
59	2	149	51	140	147	20	3	86	73	23
134	155	119	51	250	60	49	208	149	99	23
58	99	149	250	140	147	49	37	193	48	23
134	2	82	250	96	60	213	37	75	5	23
59	155	119	132	96	253	91	208	100	73	23
134	155	133	132	156	253	20	37	193	51	22
249	99	149	250	96	135	213	37	100	99	23
59	8	82	66	60	60	20	208	100	51	23
134	155	149	51	140	253	213	208	75	99	22
58	231	133	51	71	135	87	208	98	2	22
62	25	2	231	71	78	87	66	21	2	22
224	231	109	154	140	78	53	66	98	33	23
58	231	109	231	29	78	193	115	98	63	23
224	2	2	231	218	135	81	115	98	2	23
52	25	109	51	140	135	87	66	140	99	22
58	231	109	231	140	135	53	51	98	33	22
224	2	119	154	29	17	112	115	140	63	23
123	179	109	231	29	135	81	21	140	73	23
123	179	133	66	71	235	81	21	193	99	22
62	25	109	9	140	17	81	66	98	73	23
62	4	109	66	218	78	112	208	21	2	23
224	2	119	231	29	78	81	21	98	63	23
58	25	133	66	71	17	87	115	98	33	23
62	4	2	231	71	235	193	208	21	33	23
52	4	133	66	140	78	81	115	21	63	23
52	179	109	154	140	135	112	21	21	2	23
123	25	133	66	71	235	53	208	98	73	23
52	179	119	231	29	78	87	66	21	99	23
62	2	2	51	28	17	81	21	98	33	23
127	217	86	9	138	241	83	115	194	73	23
230	59	86	66	12	147	60	21	1	27	23
230	217	86	235	97	147	87	75	1	73	23
57	39	2	166	138	241	87	208	162	71	23
62	39	2	66	124	241	115	106	194	27	23
62	84	86	66	12	147	213	115	194	73	23
127	217	165	235	138	135	87	21	194	73	23
230	39	133	9	243	241	87	106	194	27	23
230	59	2	235	243	241	87	75	1	73	22
230	54	108	66	124	60	213	208	140	73	23
84	54	165	9	97	147	60	115	194	27	23
57	84	2	235	138	135	213	208	140	55	23
57	217	108	7	243	135	87	21	194	15	23
127	217	86	235	124	147	87	75	140	55	23
62	39	86	166	243	241	115	208	194	55	23
62	54	86	166	138	216	115	208	1	55	23
127	217	133	166	243	147	115	106	1	73	23
62	54	165	235	243	60	115	21	194	73	23
127	84	2	235	243	241	213	208	98	55	23
127	59	86	235	124	241	83	115	140	71	23
14	25	119	149	84	191	53	55	193	141	23
14	25	109	153	222	202	53	49	193	99	23
238	4	119	234	222	202	86	244	193	99	23
14	9	109	234	222	235	53	49	23	116	22
62	25	189	66	222	243	53	244	23	51	22
238	227	183	66	84	60	128	49	72	51	23
14	25	183	234	222	191	53	49	72	51	23
14	35	119	149	84	202	49	55	72	51	23
14	4	2	234	84	235	49	55	193	116	22
62	227	119	153	140	202	128	244	204	99	23
238	4	119	51	84	243	83	113	116	116	23
14	9	119	153	222	235	53	49	23	141	23
92	227	109	234	140	191	128	91	193	51	23
92	9	119	234	84	202	49	113	72	73	23
62	9	183	66	84	191	128	49	204	99	23
92	35	109	66	84	60	86	244	23	141	23
92	227	183	234	140	243	128	91	23	141	23
62	4	183	234	222	60	128	55	193	99	23
92	35	183	66	140	235	128	113	116	73	23
62	4	189	149	222	243	86	49	193	73	23
50	25	2	3	156	252	53	66	69	99	23
160	39	2	146	64	203	195	21	69	133	23
62	13	2	146	64	252	195	115	69	99	23
244	2	133	9	220	147	195	115	203	55	23
244	39	109	9	224	202	83	66	64	51	23
50	2	119	9	220	252	114	115	203	55	23
160	2	109	9	224	129	53	21	203	99	23
200	25	133	146	124	147	83	115	69	133	23
62	25	109	146	156	202	19	57	98	73	23
244	13	109	3	156	203	114	21	172	99	22
160	2	133	9	224	147	53	115	98	55	22
50	179	2	9	220	129	195	21	172	133	23
62	25	133	3	220	202	19	57	172	133	23
62	179	119	146	64	129	19	21	203	55	22
244	13	109	9	224	252	195	147	64	51	22
62	2	149	63	124	203	195	115	64	51	22
244	179	2	146	156	147	53	57	172	51	23
50	179	119	111	64	202	19	115	69	55	23
62	13	109	3	220	129	114	147	172	99	23
200	39	149	9	220	129	195	21	172	55	23
30	91	147	123	241	207	71	115	50	7	23
249	39	50	152	156	147	185	21	108	7	23
174	131	69	9	64	147	185	21	108	7	23
84	131	50	114	200	147	53	208	203	55	23
30	91	133	3	64	147	17	115	50	73	23
84	91	133	123	200	60	201	115	108	7	23
174	131	50	114	64	60	17	21	50	55	23
174	179	133	123	241	147	17	208	203	73	23
174	131	69	3	200	207	17	208	22	97	22
46	131	133	152	64	135	185	208	195	97	23
30	131	133	3	156	207	185	115	195	55	23
30	179	133	9	241	207	53	21	108	55	23
249	39	50	114	200	207	53	51	22	55	23
30	39	119	114	200	147	71	21	22	7	23
46	91	119	152	124	135	71	208	195	73	23
249	39	50	123	156	60	201	21	50	97	23
46	131	119	152	64	135	185	208	195	55	23
30	4	69	9	200	147	53	208	50	5	23
84	4	133	9	200	207	185	115	50	5	23
174	4	133	9	156	147	201	115	22	5	23
25	2	119	9	250	152	83	208	140	100	23
121	179	119	9	120	129	20	45	21	51	23
165	103	119	11	250	235	49	208	82	51	23
165	3	119	123	140	202	49	45	82	70	23
165	29	2	123	140	202	49	66	82	55	23
84	179	119	102	156	121	49	66	140	70	23
121	103	143	123	120	202	66	51	66	107	23
62	29	119	123	124	202	87	66	140	107	22
84	179	119	9	140	202	20	45	193	100	23
121	179	198	209	124	121	83	66	21	100	23
62	103	2	123	120	129	83	66	66	70	23
121	3	198	123	156	202	83	208	66	51	23
84	103	198	9	250	129	20	66	140	51	23
165	103	198	9	156	121	20	208	140	55	23
165	2	119	102	250	235	66	105	82	55	23
165	179	2	9	140	129	83	45	66	100	23
25	29	198	11	120	202	83	208	82	70	23
62	2	119	11	156	121	49	66	21	107	23
84	103	198	123	156	121	83	208	21	51	23
165	2	119	123	250	202	49	105	193	70	23
224	25	173	41	188	147	195	218	140	67	23
62	4	11	0	28	211	74	218	90	73	22
62	25	11	0	206	60	86	42	90	27	23
84	165	233	45	206	60	185	52	61	27	23
249	25	141	45	208	10	86	218	140	27	23
249	25	11	41	188	211	86	210	140	55	23
224	165	173	0	28	211	195	52	61	67	23
84	4	233	249	208	211	74	210	193	27	23
224	4	173	0	28	60	86	115	140	67	23
58	165	233	249	188	10	195	42	61	27	23
58	98	173	41	206	10	53	115	61	71	23
62	25	233	146	250	10	185	42	162	27	23
249	39	233	41	206	60	86	210	61	55	23
62	165	233	146	250	211	74	115	193	71	23
249	4	233	0	28	147	74	210	140	55	23
249	39	215	0	188	60	86	42	90	73	23
224	165	141	146	250	60	74	42	90	27	23
84	39	11	0	208	135	86	115	90	67	23
58	4	11	41	188	147	53	115	61	67	23
62	4	215	249	188	60	185	42	90	71	23
84	4	97	194	156	42	83	88	132	34	23
58	25	133	146	156	170	49	3	21	99	23
249	180	177	235	156	170	47	21	132	73	22
58	38	65	235	250	135	83	123	243	34	23
58	39	65	233	250	42	242	3	226	34	23
84	39	133	235	140	135	83	3	243	73	23
249	4	125	233	140	42	83	21	21	5	23
249	4	65	146	64	235	87	3	226	19	23
58	25	65	194	140	135	242	3	226	5	23
58	39	133	51	140	170	47	21	98	73	23
94	39	177	51	140	162	87	21	21	5	23
84	25	65	51	60	170	242	21	226	73	23
230	25	65	235	64	135	47	88	226	5	23
230	39	97	235	64	135	47	123	21	99	23
230	39	125	146	250	235	47	21	226	5	23
94	25	97	194	156	235	47	3	98	73	23
58	25	133	51	140	235	242	3	132	5	23
84	4	177	235	250	42	47	88	98	19	22
230	38	177	194	60	135	242	3	21	99	23
94	39	177	233	60	42	49	21	98	19	23
58	25	133	217	64	60	87	66	21	103	23
84	179	23	129	140	193	53	21	21	81	23
229	39	109	129	154	193	89	119	21	163	23
15	39	23	152	187	147	43	119	35	103	23
249	39	109	66	64	193	53	66	21	81	22
229	179	23	152	140	60	87	208	21	81	23
229	39	133	66	154	200	43	21	193	81	23
58	179	109	217	64	147	87	66	138	163	23
229	39	109	152	187	193	43	119	35	51	22
229	2	157	152	187	200	147	66	138	103	23
249	2	109	217	154	147	89	208	1	103	23
249	4	133	152	124	147	89	208	138	103	22
15	179	23	66	154	60	43	119	35	163	23
229	2	133	52	124	200	43	21	1	5	23
229	39	157	152	154	200	147	119	1	51	22
58	179	23	66	124	193	87	119	193	5	23
58	25	109	217	140	200	147	208	35	163	23
15	4	23	217	64	147	43	21	138	51	23
229	2	109	52	140	200	43	66	193	103	23
15	25	23	52	124	171	147	35	35	5	23
174	1	116	106	140	202	83	21	35	187	23
174	176	103	51	250	250	195	51	193	99	23
249	99	21	1	44	250	83	21	21	132	23
84	162	21	106	64	60	87	2	193	31	23
174	1	21	51	64	250	48	115	70	31	23
50	176	21	50	164	202	195	2	193	31	23
249	162	48	106	140	146	195	21	21	31	23
84	176	149	66	140	146	87	115	35	73	23
249	99	103	66	44	202	83	208	193	31	23
84	99	149	106	140	198	195	115	70	31	23
84	176	48	66	250	250	48	21	35	31	23
84	176	149	51	64	250	48	115	70	187	23
84	176	21	66	140	146	48	2	35	187	23
249	25	21	106	164	146	83	2	193	73	23
249	99	48	1	164	146	49	208	140	187	23
50	99	103	1	164	202	83	115	35	31	23
249	25	103	106	164	250	83	21	140	187	23
62	176	116	1	140	146	49	2	193	99	23
174	162	149	50	140	146	48	2	21	187	22
174	162	48	66	164	146	83	51	70	187	22
46	11	212	151	96	170	83	51	16	104	23
46	11	79	235	185	152	83	21	68	55	23
58	39	181	235	124	170	115	208	142	50	22
46	11	65	66	185	60	31	51	142	104	22
58	179	41	151	185	60	83	21	98	50	23
46	9	79	66	124	128	241	21	68	201	23
58	9	181	89	185	170	115	208	142	5	23
46	9	181	23	185	152	53	51	142	50	23
237	179	79	89	151	152	31	208	240	104	23
58	9	41	151	96	60	115	210	142	55	23
58	39	65	151	151	175	115	21	16	50	23
84	11	41	235	151	175	115	208	142	5	23
46	11	79	151	151	152	53	208	142	201	23
84	4	181	151	28	170	31	51	16	5	22
237	9	79	235	28	170	115	51	98	104	23
84	11	79	89	96	152	83	21	142	55	23
46	39	181	151	124	175	241	111	98	201	23
58	11	65	66	28	60	83	21	98	50	23
205	11	212	23	96	152	83	210	98	104	23
58	39	212	151	185	128	241	210	98	201	23
66	3	149	51	61	200	195	116	193	191	23
249	8	109	78	234	135	85	58	33	5	23
62	4	119	78	192	131	195	208	33	73	23
249	4	205	146	156	106	53	6	33	5	23
249	241	119	51	192	106	49	208	140	191	23
249	3	3	76	61	106	85	208	98	73	23
66	3	205	146	234	135	195	6	33	51	23
62	3	149	78	140	131	53	6	193	5	23
62	3	149	51	61	45	53	58	33	73	22
90	3	119	51	156	45	215	21	193	51	23
66	8	3	76	61	131	85	58	98	191	23
62	8	119	146	156	45	49	21	140	5	23
90	3	109	78	140	131	53	208	67	51	23
66	3	3	187	140	135	85	58	33	99	23
90	8	205	76	156	45	85	6	98	191	22
62	241	149	78	234	135	195	208	33	5	23
90	8	205	78	156	200	53	21	67	5	23
62	3	205	51	192	135	85	21	33	51	23
66	3	109	51	234	131	195	6	193	51	23
90	8	119	76	192	45	215	116	193	5	22
164	47	30	66	190	115	87	66	193	5	23
249	2	30	66	156	8	51	21	157	51	23
164	25	43	146	124	8	49	21	66	51	23
164	25	102	9	64	115	87	66	66	10	23
84	4	153	23	124	115	51	21	98	5	23
249	25	43	66	156	115	53	66	98	10	23
58	47	153	255	190	8	51	66	157	51	23
58	25	30	23	140	103	49	224	98	181	23
84	130	133	9	140	202	53	66	66	51	23
58	130	133	23	156	195	53	66	66	99	23
58	4	133	9	124	115	87	21	66	10	23
249	4	153	9	140	202	53	115	157	181	23
164	2	102	66	190	8	226	21	157	99	22
62	2	153	255	140	115	226	55	66	5	23
84	25	43	66	124	202	226	21	193	5	23
164	130	30	255	190	195	53	21	157	10	23
58	130	153	23	64	195	49	115	157	10	22
84	25	43	9	156	103	226	66	157	5	23
62	4	153	23	140	103	226	55	157	181	23
84	2	30	255	124	195	51	21	66	181	23
54	48	149	19	12	60	219	72	81	51	23
229	22	70	235	12	235	67	72	102	83	23
229	49	10	66	250	66	131	51	130	51	23
54	22	133	1	12	130	131	72	130	4	22
229	54	149	19	64	60	61	51	81	73	23
227	54	133	19	250	66	116	17	102	15	23
55	179	70	139	12	235	67	17	102	73	22
227	54	109	19	156	147	219	17	140	15	23
227	22	10	235	64	66	67	72	130	15	23
55	22	109	139	124	60	131	17	130	73	24
229	49	70	1	156	66	61	51	81	51	23
54	49	133	139	156	235	219	196	130	51	23
54	49	10	139	124	66	131	51	81	83	23
227	49	149	235	250	66	219	72	130	73	23
84	48	149	66	156	60	67	72	193	73	23
55	179	109	66	124	60	61	17	102	83	23
84	179	109	235	124	130	61	17	193	83	23
84	179	70	139	124	147	131	72	81	83	23
229	54	149	19	64	60	67	72	130	51	23
229	48	109	66	156	60	219	17	81	15	23
227	32	206	131	3	116	124	51	75	83	22
54	49	164	131	3	235	124	98	140	27	23
84	22	46	131	109	6	131	72	130	66	23
84	163	46	43	109	147	61	51	135	4	23
54	49	206	43	3	147	131	98	140	66	22
227	163	109	131	3	6	211	18	135	83	23
55	163	206	198	3	7	67	197	75	66	23
164	32	46	1	12	147	131	18	140	51	23
54	22	206	235	218	116	67	98	75	27	22
227	49	109	1	202	7	67	98	140	83	22
227	22	206	131	202	235	131	51	126	51	23
164	49	206	198	218	7	124	51	126	51	23
164	32	164	1	202	235	67	72	130	83	23
227	163	206	198	202	116	61	72	75	83	23
164	49	109	1	202	235	124	18	126	27	23
84	49	206	235	3	116	61	72	140	83	23
164	54	164	235	202	6	211	98	140	4	23
84	49	133	43	12	116	124	197	135	83	23
84	32	133	235	109	147	211	51	130	51	23
227	54	133	235	218	116	67	18	75	27	23
55	4	133	18	0	235	153	40	102	51	23
44	167	30	139	124	235	153	40	130	19	23
44	112	30	66	124	149	91	236	130	4	23
229	48	149	139	250	149	49	40	140	73	23
161	48	149	1	67	235	49	24	140	4	23
161	112	70	18	124	32	91	40	193	19	23
44	112	85	1	0	149	58	51	130	73	23
161	4	30	139	124	32	49	236	140	19	22
84	4	30	18	67	235	91	98	140	4	23
84	4	85	1	67	149	91	24	130	51	23
55	4	133	139	124	235	153	24	130	4	23
161	112	70	1	250	235	58	40	130	19	22
84	167	70	66	0	32	58	40	193	73	23
55	48	70	66	156	235	49	40	102	75	22
229	48	70	1	67	32	91	40	140	75	23
55	23	85	66	156	235	91	236	140	4	23
161	23	149	66	124	149	49	40	140	73	23
84	23	70	66	156	149	153	40	1	19	23
55	112	30	18	67	32	153	51	130	4	22
229	112	85	66	124	32	91	51	140	73	23
167	54	109	133	112	136	129	201	73	164	23
55	48	109	66	90	66	31	104	73	51	23
167	48	109	205	12	66	129	104	193	51	23
167	22	20	19	156	66	116	104	140	51	23
84	54	10	133	112	136	116	201	78	15	23
55	54	132	19	112	125	31	51	140	164	23
84	35	109	205	156	136	31	18	147	51	23
229	22	10	19	12	147	116	51	193	78	22
118	35	10	133	112	235	219	201	147	78	22
229	54	109	66	125	235	129	201	78	164	23
167	22	10	19	156	147	31	51	78	78	23
84	48	132	205	90	147	31	51	140	83	23
167	54	109	235	112	235	129	201	140	83	23
167	35	10	66	12	125	1	201	73	78	23
55	22	20	133	112	66	116	201	193	51	23
229	48	10	205	112	136	129	196	73	15	23
167	48	90	19	12	147	129	51	78	164	23
118	35	10	133	125	235	129	51	193	51	23
84	54	10	205	12	147	219	18	193	78	23
167	48	10	133	12	235	129	201	140	164	23
54	54	149	235	12	66	243	98	102	51	22
84	49	10	71	156	231	61	210	148	15	23
229	22	133	139	250	60	61	98	130	73	23
54	22	70	139	119	60	243	98	86	15	22
54	48	10	66	250	148	131	210	86	51	23
84	48	149	139	156	231	243	52	193	73	23
227	54	10	39	12	66	2	210	102	51	23
191	49	70	139	119	60	131	89	193	15	23
227	54	10	139	250	60	243	52	148	29	23
191	19	10	66	12	148	243	210	130	18	22
227	22	149	66	12	27	116	98	130	29	23
227	19	133	39	250	148	243	89	130	18	22
54	19	133	235	250	60	116	79	193	15	23
54	19	123	39	64	231	131	52	193	51	23
54	49	133	71	119	27	243	52	193	18	22
227	22	10	71	156	66	116	79	102	15	23
191	48	70	139	250	27	2	79	193	15	22
191	54	10	235	12	231	116	79	102	51	23
191	22	133	139	12	231	116	79	86	29	23
84	49	123	139	156	60	2	89	102	73	23
54	54	94	151	248	243	74	35	68	51	23
95	0	149	233	222	130	249	35	140	1	23
55	243	192	66	12	151	53	98	130	135	23
194	243	149	233	124	48	74	98	130	16	23
194	54	109	21	124	130	74	11	130	1	23
160	22	149	66	124	72	19	98	130	83	24
54	243	192	233	64	130	45	35	68	1	23
95	243	192	66	222	130	53	51	130	1	23
55	22	10	21	12	243	74	252	130	16	23
95	22	149	66	248	72	74	98	194	135	23
55	49	10	10	222	130	45	51	140	51	23
54	49	149	66	222	243	45	98	140	83	23
194	54	10	151	222	151	19	98	130	135	23
95	54	192	233	222	151	53	11	130	83	23
194	54	192	66	124	72	45	98	130	135	23
54	22	192	233	124	72	19	35	140	135	23
160	243	94	151	124	151	249	252	140	1	23
54	22	10	66	124	72	19	11	140	51	23
54	0	149	21	64	48	53	35	194	16	23
55	49	10	10	12	130	249	98	140	16	23
54	179	109	11	172	60	116	72	102	11	23
234	179	109	72	12	130	205	97	215	11	23
55	48	22	231	172	60	205	72	215	114	22
55	48	135	139	12	227	116	72	166	4	22
234	54	10	139	124	159	131	51	215	114	23
54	179	149	11	69	227	131	196	166	11	23
229	48	135	72	69	60	67	72	215	114	23
234	179	149	139	124	202	205	51	215	4	23
54	148	10	19	124	60	116	97	102	11	23
229	54	109	139	254	227	131	196	166	114	23
84	0	10	72	69	227	131	196	140	83	23
54	0	22	11	172	60	131	97	166	15	23
84	0	22	139	69	60	58	97	217	15	23
84	148	149	19	69	159	116	97	215	15	23
229	0	22	11	172	130	67	65	215	11	22
55	48	109	72	69	159	58	72	215	4	23
84	54	135	231	124	202	116	97	102	4	23
229	148	10	231	69	130	205	196	102	11	22
84	48	22	11	254	227	205	72	215	114	22
234	0	109	19	124	202	67	65	102	114	23
54	49	109	139	126	60	61	104	130	4	23
84	179	70	66	194	235	67	14	96	4	23
54	49	10	139	154	60	61	51	249	73	23
54	49	109	66	154	66	199	51	81	73	23
54	23	145	139	194	130	131	27	81	4	23
84	179	133	66	12	130	67	14	140	15	23
84	208	109	24	240	235	61	104	96	73	23
55	208	145	139	194	66	61	104	96	73	23
84	208	10	19	240	60	61	14	130	15	23
229	22	70	139	126	130	116	14	96	73	23
55	49	109	219	126	235	61	205	130	21	23
84	23	109	19	12	147	61	51	130	21	23
55	179	133	24	194	147	116	14	96	48	23
227	22	10	219	12	235	61	51	96	48	23
55	23	145	139	126	66	67	14	130	73	23
229	179	145	139	194	147	199	27	130	15	22
84	23	10	139	194	130	116	14	249	21	23
227	23	10	219	12	147	67	51	130	73	23
84	23	133	24	12	130	199	27	96	15	23
55	179	70	219	12	235	61	205	140	21	23
229	48	69	1	76	11	118	115	130	83	23
60	54	10	115	76	11	131	88	130	73	23
60	54	199	1	12	147	61	49	195	4	23
227	161	69	115	250	147	67	88	195	4	23
227	54	149	211	76	66	118	88	140	8	23
54	113	141	1	124	147	67	88	195	73	23
54	48	141	211	156	11	219	88	195	51	23
54	48	149	1	12	66	131	17	81	8	22
60	113	199	1	250	11	67	49	140	51	23
229	54	69	235	12	66	118	88	140	73	23
227	54	69	195	156	130	61	17	130	73	23
229	48	10	195	250	147	67	214	81	4	22
60	48	199	235	156	120	67	214	6	8	23
229	4	149	1	124	120	67	49	130	8	23
213	161	69	195	124	130	67	17	195	4	23
229	4	199	1	250	130	67	88	195	8	23
227	54	199	211	12	147	61	49	81	83	23
60	113	10	235	156	130	219	115	195	51	23
60	113	199	1	124	120	131	49	130	51	23
227	54	199	195	76	11	118	88	195	73	23
76	131	73	91	250	60	113	98	140	51	23
55	17	143	91	216	60	67	98	133	228	23
55	131	73	1	250	60	219	8	102	15	23
55	22	84	75	127	78	67	72	133	41	23
126	131	149	19	64	6	219	8	102	15	23
76	131	72	138	64	147	113	8	133	15	23
227	22	72	19	216	60	61	72	102	211	22
126	131	84	1	216	147	219	8	133	15	23
126	17	84	91	216	147	67	117	213	51	23
126	131	73	91	216	233	131	117	140	211	23
76	53	84	138	64	78	131	8	140	15	22
76	17	73	19	12	6	113	8	213	41	23
55	17	149	91	64	60	219	8	133	41	23
227	54	149	75	250	147	61	8	133	211	22
227	22	73	91	12	78	113	244	102	228	23
126	53	143	19	12	6	219	72	213	41	23
253	131	84	1	250	147	67	244	140	51	23
55	17	149	1	64	6	131	72	102	41	23
227	53	84	1	12	78	219	72	130	15	23
126	53	73	75	64	60	67	8	213	51	23
171	184	113	235	64	130	67	98	130	51	23
228	49	106	139	250	66	67	98	216	51	23
102	179	70	235	64	143	110	113	102	73	23
228	179	113	1	12	171	207	26	81	59	22
46	184	70	139	124	143	67	113	216	73	23
46	22	153	19	64	66	110	98	130	4	23
171	22	149	235	12	63	207	98	130	51	23
46	49	106	139	12	66	67	79	102	59	23
86	23	70	139	156	143	207	26	81	73	23
102	23	153	235	250	63	67	113	81	73	22
171	184	106	19	156	171	110	98	130	4	23
102	184	149	139	12	63	67	79	81	51	23
228	23	149	19	250	130	61	134	140	73	23
86	23	113	235	156	130	110	98	140	73	23
102	179	70	1	250	130	61	79	216	59	23
102	22	70	19	124	63	207	98	140	51	22
171	49	153	139	250	66	131	26	102	73	23
86	184	113	66	250	63	207	113	130	73	23
171	49	106	19	124	66	61	134	102	73	23
102	22	153	66	64	66	131	113	81	73	23
7	150	149	17	90	232	249	18	193	83	23
53	227	85	107	250	130	131	17	193	179	22
53	150	21	6	12	18	116	17	81	83	23
53	150	85	6	90	130	131	17	81	139	23
229	54	21	17	156	23	0	72	81	179	23
229	227	10	19	126	184	0	74	130	4	23
53	227	21	19	250	18	125	196	130	83	23
84	41	85	107	126	18	116	72	130	83	23
7	54	10	107	126	232	0	196	133	179	23
229	150	85	6	156	130	131	196	133	83	23
53	150	10	139	12	184	125	196	133	83	23
84	227	21	17	250	232	125	72	133	83	23
84	54	194	107	90	232	0	72	130	83	23
227	54	10	139	250	232	249	196	81	139	23
84	54	10	6	250	18	0	72	226	139	23
227	112	21	107	12	18	0	72	133	179	23
84	54	10	19	126	184	0	196	130	4	23
84	227	85	139	12	184	131	72	193	83	22
7	54	194	6	12	130	131	74	133	83	23
7	150	149	6	126	184	125	196	193	83	22
227	35	0	1	124	66	158	214	208	4	23
54	48	89	235	160	66	158	187	140	195	23
244	0	89	1	61	66	61	72	208	73	23
229	48	89	66	61	60	116	214	140	195	23
229	178	7	1	124	66	61	214	163	4	23
54	178	89	66	150	147	116	20	140	195	23
119	0	0	66	124	160	116	194	108	4	22
244	0	133	66	160	66	61	214	163	4	23
119	48	133	235	160	60	67	20	140	4	23
54	48	7	235	150	60	116	194	163	4	23
229	48	0	1	124	60	67	72	140	73	23
227	48	133	1	150	60	67	187	161	73	22
229	179	89	1	160	160	131	187	208	73	23
229	0	133	1	194	66	158	72	163	73	23
229	35	0	235	150	111	61	187	108	4	23
227	178	0	66	194	160	61	194	161	195	23
229	35	89	155	150	147	61	20	163	4	23
227	178	7	1	150	147	131	72	208	73	23
119	35	89	66	61	111	67	20	208	73	23
227	35	7	1	194	160	67	20	108	73	22
237	22	42	201	52	163	163	9	193	18	23
227	22	42	66	124	133	203	64	130	15	22
54	187	109	235	52	163	116	72	130	15	23
88	22	133	201	250	94	203	72	196	51	23
54	49	109	235	52	60	203	196	130	15	23
237	22	95	20	250	133	177	196	102	15	22
7	48	95	1	133	163	59	9	193	4	23
88	22	109	66	133	133	116	196	193	4	23
237	48	183	201	133	235	177	196	73	51	22
88	22	133	20	124	133	163	51	73	15	22
7	49	42	1	124	133	116	196	196	51	23
7	48	133	66	52	94	116	9	193	18	23
237	50	183	201	133	60	116	196	102	15	23
237	50	95	1	124	94	116	51	73	18	23
54	49	109	1	124	94	163	9	73	73	23
227	22	183	66	124	94	177	51	193	4	23
54	50	42	1	124	235	203	196	102	15	23
227	22	133	201	124	94	163	72	102	15	23
7	50	109	66	52	133	203	196	196	18	23
227	48	109	235	6	60	116	9	102	18	23
37	54	109	19	250	18	61	220	69	211	23
108	49	69	66	124	66	159	105	102	39	23
227	179	139	157	68	66	159	29	69	39	23
54	179	139	8	64	159	163	105	102	4	23
227	49	69	8	124	60	178	220	130	4	23
227	48	159	19	156	159	159	105	140	39	23
233	54	139	66	64	159	61	41	130	39	23
233	49	69	8	124	60	178	40	81	16	23
54	54	139	157	156	18	159	220	69	4	23
233	54	159	8	250	159	178	105	69	16	24
108	48	109	157	68	159	159	220	140	4	23
54	54	70	66	64	18	61	29	69	16	22
227	54	159	157	124	18	61	220	102	211	23
108	49	109	66	124	60	163	41	102	113	23
54	54	159	8	250	159	163	40	130	113	23
233	52	159	19	250	18	102	29	130	113	23
108	54	159	19	250	60	61	40	130	39	23
227	49	109	234	250	159	178	220	102	4	23
37	52	69	8	64	159	159	220	140	113	23
233	179	69	66	68	235	163	29	69	39	22
54	179	109	114	216	17	159	29	150	104	23
37	48	109	114	101	159	163	12	150	240	23
12	48	69	8	101	112	178	169	150	211	23
227	179	69	8	124	60	159	29	102	18	23
227	48	70	222	216	159	178	12	140	240	23
227	179	69	110	58	17	134	232	81	240	23
37	54	69	222	64	60	163	232	140	18	23
12	52	69	222	64	75	134	12	81	240	23
227	49	159	110	64	159	134	12	102	104	23
12	54	159	8	64	112	178	220	140	39	23
37	54	109	146	216	60	159	220	102	18	23
185	179	139	222	64	112	134	169	81	39	23
54	54	69	146	58	112	178	232	140	18	23
37	179	159	222	124	112	178	220	68	39	23
54	48	69	146	64	159	178	12	150	211	23
12	48	69	8	101	112	159	12	81	39	23
37	54	69	222	64	17	60	232	81	104	23
12	49	109	110	101	60	60	232	102	18	23
37	179	70	8	216	112	60	232	68	240	23
227	52	70	114	124	159	60	12	68	211	23
190	54	109	19	156	10	191	105	69	39	23
167	179	109	66	112	75	160	172	136	16	23
108	48	190	19	156	10	159	29	81	4	23
108	48	71	8	112	60	191	157	69	39	24
107	52	109	251	156	10	191	41	69	39	23
107	54	109	19	156	75	178	29	102	39	23
164	54	109	251	124	159	102	157	130	39	22
164	49	71	19	124	10	178	157	130	81	23
190	49	205	8	112	10	178	172	136	81	23
190	179	71	8	124	159	160	157	136	113	23
167	179	107	19	156	159	160	157	102	4	22
190	52	71	19	88	159	191	29	69	113	23
167	48	71	8	156	66	178	172	136	39	23
108	49	107	251	124	75	159	172	69	4	23
108	49	205	8	88	10	159	29	102	39	23
107	52	190	251	124	66	160	29	102	113	23
107	52	190	19	88	66	178	29	130	16	23
164	48	190	19	124	66	102	105	81	16	23
108	179	107	188	156	66	160	41	102	81	23
167	48	107	66	88	159	191	105	81	16	23
97	178	205	251	187	10	0	166	130	10	23
72	179	190	251	187	66	178	29	3	10	23
97	116	203	19	133	159	31	166	24	113	23
72	117	205	66	88	66	159	157	130	113	23
164	179	205	66	133	60	116	37	130	113	23
72	52	203	32	187	10	0	37	24	55	23
72	116	75	66	124	66	116	233	3	10	23
164	179	13	19	187	60	178	37	241	113	23
72	179	203	32	187	66	31	166	24	65	23
167	179	75	251	88	66	159	166	118	65	23
72	117	75	249	133	75	159	166	24	10	22
97	117	190	19	88	60	159	29	3	10	23
167	52	13	249	88	66	31	29	130	55	23
164	117	13	66	88	10	0	29	3	113	22
164	179	205	66	88	60	0	29	241	10	23
97	117	205	66	187	159	116	29	130	55	23
154	179	203	249	124	60	178	166	3	10	22
167	52	75	19	187	159	178	29	130	10	23
164	179	75	66	88	10	178	29	241	4	23
164	52	203	66	124	75	0	157	3	113	23
164	49	142	236	187	10	191	172	182	113	22
35	116	122	236	156	10	186	91	84	81	23
47	41	142	78	187	10	160	105	200	39	23
47	49	197	236	156	66	160	143	200	81	23
47	41	122	211	156	10	152	172	182	21	23
164	116	197	107	156	66	160	41	84	1	23
164	179	122	71	187	59	191	105	84	21	23
108	116	122	211	187	66	152	172	200	81	23
35	49	110	71	88	59	102	143	81	81	23
108	54	122	211	88	10	191	91	200	81	22
47	54	71	211	122	106	152	143	200	39	23
108	54	71	211	187	59	152	41	84	113	23
164	179	71	71	16	159	102	143	200	21	22
108	116	110	71	156	59	152	105	84	113	22
35	54	71	236	187	159	160	41	84	39	23
108	41	142	78	156	159	160	105	69	81	23
108	54	142	236	122	106	152	91	182	39	23
164	41	110	211	16	59	160	143	182	81	23
164	54	110	211	156	10	191	172	84	21	22
35	179	197	78	122	10	191	41	84	21	23
255	48	47	19	76	125	226	172	130	39	23
93	54	7	66	121	66	226	127	69	103	22
107	45	47	66	121	10	153	172	130	39	23
167	129	205	66	218	134	135	157	130	39	23
93	148	117	254	218	134	48	157	69	103	22
255	148	7	152	121	66	48	41	241	83	23
164	148	7	8	76	75	153	172	136	103	23
164	48	190	8	157	75	153	127	241	103	23
255	45	205	66	218	134	153	172	241	83	23
255	148	190	19	187	10	153	29	241	83	23
93	48	205	8	76	66	48	172	69	103	23
107	129	205	8	218	10	135	172	136	103	23
93	148	205	152	157	75	102	127	130	103	23
107	148	190	152	121	134	153	157	130	81	23
255	48	205	19	121	10	48	172	69	4	23
107	45	190	19	187	134	135	41	136	81	23
107	54	117	152	187	66	102	172	69	39	23
107	48	47	8	121	125	153	127	69	83	22
107	45	7	152	157	10	226	29	69	39	23
107	54	7	254	76	66	48	157	102	39	23
148	7	251	188	56	10	191	105	102	4	23
190	7	251	44	212	139	178	93	96	16	23
148	48	109	66	117	159	231	105	226	213	22
190	52	109	66	212	42	231	105	3	16	23
148	48	205	34	88	139	186	93	3	16	23
109	52	251	188	117	139	178	105	170	16	23
117	52	71	188	212	42	159	135	226	4	23
117	7	168	188	56	10	186	105	226	16	23
148	48	71	34	117	10	186	93	3	16	23
148	7	109	66	117	139	186	105	102	16	23
109	179	168	34	56	42	178	105	226	16	23
109	179	71	44	56	10	159	148	102	213	23
190	49	205	188	187	66	231	148	102	4	23
117	52	168	66	56	10	178	135	3	81	23
148	52	251	251	56	42	191	93	170	4	23
148	48	71	251	88	159	191	135	226	213	23
117	48	168	44	56	159	231	148	3	53	22
190	7	168	251	88	42	159	105	96	4	23
190	7	71	66	212	159	231	105	170	53	23
190	179	168	188	117	159	178	148	96	53	23
231	208	201	188	176	10	178	172	197	3	24
94	208	190	8	176	72	178	172	100	68	23
231	179	113	251	223	195	191	172	100	80	23
231	40	190	8	176	219	159	169	121	3	23
190	40	113	86	58	10	178	11	197	3	22
190	179	201	34	187	60	178	157	137	114	23
94	40	190	8	223	60	191	169	197	93	23
190	179	201	188	187	10	191	172	197	93	23
94	49	113	188	91	60	66	169	197	93	23
107	208	201	251	176	195	160	169	197	80	23
164	49	71	34	91	219	191	11	130	114	23
94	40	190	34	176	195	178	91	137	93	23
94	54	113	251	176	72	66	11	130	3	23
94	179	201	86	58	219	66	11	197	68	22
164	179	201	251	176	195	159	169	121	80	23
107	208	201	251	58	60	178	172	137	80	23
231	179	79	86	91	72	178	157	121	93	23
94	208	79	8	91	219	160	11	197	3	23
107	208	79	34	91	10	178	172	100	114	22
164	49	113	188	223	195	178	172	100	93	23
233	36	103	57	223	72	217	121	197	115	23
233	36	77	57	187	15	66	148	100	80	23
252	36	13	152	58	60	178	148	130	3	23
101	179	77	119	91	15	191	121	75	78	23
252	49	77	34	243	196	191	148	130	80	23
233	36	254	152	91	15	178	136	100	115	23
164	208	77	57	243	60	217	11	100	78	23
101	179	77	119	91	72	66	169	197	78	23
164	36	13	119	187	60	178	148	75	78	23
101	208	103	237	243	15	178	169	130	93	23
190	36	13	57	243	196	66	121	75	78	23
252	36	103	57	187	72	178	148	100	3	23
190	208	103	119	187	15	191	136	75	78	23
190	208	77	152	187	72	160	136	197	115	23
190	36	77	152	243	72	160	136	130	78	23
164	208	13	152	187	15	178	121	130	115	22
101	179	113	34	91	72	66	11	130	80	23
101	36	103	152	91	72	178	148	197	115	23
101	36	77	119	58	72	178	11	100	78	23
252	49	254	57	187	15	66	121	137	80	23
183	40	67	107	54	75	175	157	196	19	22
158	243	30	8	223	75	66	24	196	77	23
183	40	71	106	223	72	191	11	121	18	23
107	243	30	8	187	75	175	169	196	19	23
93	209	67	107	91	75	54	172	121	93	23
144	54	71	107	164	60	191	157	196	18	23
107	243	67	8	164	60	230	24	217	19	23
158	54	70	188	223	72	54	169	217	18	23
107	209	201	8	223	60	191	24	197	3	23
107	54	71	8	54	75	175	24	196	77	23
107	54	70	188	164	129	66	24	196	93	23
93	54	67	188	187	227	191	169	196	19	23
107	40	30	188	187	60	230	169	121	19	23
158	243	30	188	91	60	230	157	197	93	23
107	209	71	106	164	72	191	169	121	77	23
93	54	71	8	54	227	230	172	121	18	23
183	39	201	86	91	129	54	169	138	19	23
107	243	30	8	54	129	230	172	196	77	23
107	209	201	107	223	129	66	169	121	19	23
158	209	201	106	187	227	54	11	197	93	23
138	40	94	8	176	219	66	189	130	80	22
231	54	94	225	198	207	159	11	121	114	23
138	54	201	225	187	219	159	11	197	253	23
138	54	94	181	176	10	66	145	137	114	23
164	131	201	181	198	46	159	145	100	118	23
231	40	94	86	94	10	178	170	197	118	23
231	40	94	86	198	10	159	145	121	80	23
138	54	71	225	94	72	159	11	197	114	23
94	54	201	181	198	46	173	170	197	118	23
94	54	201	66	198	72	159	189	121	253	23
107	115	174	8	94	46	178	189	137	253	23
107	208	201	225	94	10	173	145	100	114	23
164	131	177	8	187	207	173	170	137	80	23
107	208	71	225	94	72	159	170	100	80	23
231	208	201	8	58	219	173	170	100	80	23
107	131	201	66	176	219	66	189	100	253	23
231	131	174	86	187	207	66	11	137	253	23
231	115	174	181	58	207	66	11	100	80	23
231	208	174	66	187	219	159	145	137	99	23
138	40	94	66	94	219	66	189	137	80	23
161	179	190	60	223	157	180	249	100	212	23
161	179	93	86	91	195	180	11	197	68	22
71	179	93	132	167	157	181	11	130	109	23
165	40	93	132	167	65	160	249	137	114	23
190	179	79	60	80	10	160	11	197	114	22
161	179	83	60	167	195	159	11	100	109	23
71	152	83	86	61	157	159	249	130	68	23
165	179	93	251	167	65	6	249	130	109	23
107	121	93	60	80	10	160	11	130	212	23
190	40	190	132	61	157	181	127	121	68	22
161	40	83	86	167	157	180	249	137	212	23
190	179	79	132	223	65	180	157	197	68	23
190	6	83	86	91	157	181	127	137	68	23
71	40	201	60	223	10	6	11	130	68	23
165	152	201	60	61	65	159	172	121	109	23
161	121	201	86	91	65	181	11	130	109	23
165	179	93	58	91	53	180	172	100	114	23
71	6	201	86	91	65	180	127	137	212	23
161	179	79	132	61	65	180	127	121	212	22
165	121	93	60	223	53	6	11	121	114	23
231	54	85	251	48	10	54	165	162	27	23
170	54	85	8	223	195	191	165	193	96	23
164	49	112	251	91	29	54	223	99	80	23
124	54	85	86	223	219	156	223	193	51	22
124	49	79	106	48	72	191	169	193	80	23
124	54	190	106	123	10	160	157	39	51	23
99	40	79	8	48	219	54	165	197	96	23
99	40	79	251	123	72	54	157	162	80	23
99	40	85	86	48	72	54	169	99	93	23
231	40	190	106	91	219	54	223	39	27	23
99	208	190	106	188	195	191	11	39	93	23
164	179	112	251	188	195	156	169	39	80	23
124	179	201	8	48	10	66	157	197	51	23
231	54	112	86	48	29	191	11	197	27	23
164	179	79	106	223	219	160	165	162	93	23
164	208	85	86	91	72	191	157	162	27	23
99	54	112	86	223	29	66	223	197	93	23
99	54	79	251	91	72	54	223	39	96	23
124	54	190	251	223	29	54	165	193	27	23
164	49	85	251	123	10	191	169	197	80	22
164	245	4	220	90	195	181	91	100	216	23
94	245	12	48	199	195	71	91	130	93	23
254	245	190	42	90	72	71	157	121	216	23
94	245	190	184	90	195	152	172	130	3	23
94	49	4	220	91	72	152	91	197	114	23
94	49	4	184	187	195	159	91	100	3	23
94	208	12	220	91	72	159	91	130	93	22
254	245	190	48	187	72	71	157	121	216	22
94	208	190	184	176	72	152	157	147	0	23
94	49	12	86	91	207	159	59	130	93	23
164	49	4	42	90	207	181	169	130	93	23
254	208	4	42	187	60	71	91	130	0	23
79	49	12	184	199	60	181	172	147	0	23
167	245	217	86	176	195	181	59	100	3	23
94	62	190	220	199	207	181	169	100	114	23
254	208	190	86	176	195	191	91	147	114	23
167	208	113	86	199	207	181	91	100	0	22
164	49	12	184	91	60	71	169	121	3	22
94	20	190	184	187	72	159	157	121	216	23
167	245	113	86	91	72	71	172	147	216	23
150	208	190	34	83	195	34	91	137	80	23
231	232	113	8	187	72	159	91	230	117	23
222	51	77	251	187	72	159	157	155	117	23
196	179	213	181	83	28	34	180	137	25	23
196	51	213	181	30	195	191	157	137	107	23
222	51	77	251	176	42	34	239	230	93	22
196	179	77	92	176	27	159	91	89	80	23
231	232	71	34	187	27	0	91	155	93	23
111	208	77	251	176	195	34	239	137	25	23
150	51	190	251	83	195	191	11	155	107	22
150	208	71	8	187	195	34	180	230	80	23
111	51	213	34	83	42	0	180	101	25	22
196	51	71	34	176	42	0	157	89	93	23
231	208	77	34	176	28	159	11	155	107	23
222	51	77	92	176	72	191	239	101	107	22
111	20	113	34	30	72	159	11	230	80	22
231	51	113	34	176	28	191	91	89	117	23
222	232	213	92	83	42	160	157	155	80	23
231	208	213	251	30	27	159	239	101	117	23
231	51	71	34	176	28	160	91	101	107	23
107	178	201	42	155	219	155	177	36	98	22
107	54	201	195	91	60	66	157	137	99	23
107	49	39	188	155	60	173	157	36	93	23
181	49	79	195	91	66	179	177	36	98	23
181	213	112	195	91	10	160	174	36	68	23
190	213	190	195	61	60	173	11	142	93	22
231	54	201	75	241	60	160	157	197	98	22
190	213	112	42	91	66	155	174	142	93	23
94	49	79	75	91	60	66	177	56	99	23
94	54	190	80	251	10	160	174	137	68	23
94	54	39	80	61	66	179	11	142	68	23
190	54	190	42	251	219	160	174	36	98	23
231	54	201	195	61	60	160	91	137	68	23
94	178	190	75	251	10	155	174	142	114	23
190	178	112	195	91	10	160	11	56	93	23
94	47	79	195	61	219	66	91	142	114	22
94	54	201	75	91	66	179	157	142	68	23
107	47	39	195	155	219	155	174	137	114	23
190	213	79	195	251	60	179	11	142	99	23
94	47	79	42	241	219	173	177	142	68	23
107	208	127	185	223	219	159	181	148	80	23
190	50	232	62	159	60	176	169	100	90	23
190	208	232	114	58	84	146	181	148	3	23
190	26	127	185	130	60	254	11	148	3	23
164	208	232	114	159	60	66	181	148	80	23
164	208	174	114	159	219	66	169	100	90	22
68	208	174	114	130	199	66	169	148	3	23
190	50	174	137	58	84	176	181	100	90	23
190	62	174	251	58	84	176	181	100	90	22
107	26	232	137	91	84	254	169	100	13	23
231	50	232	114	91	10	146	169	185	13	22
68	50	95	251	58	10	254	181	100	3	23
164	50	109	137	91	10	66	181	100	3	22
68	62	232	137	58	219	254	181	148	3	23
107	179	95	137	58	219	146	150	148	90	23
190	208	109	137	58	10	66	91	148	3	23
190	62	127	137	130	84	159	91	197	68	23
68	208	174	137	130	219	176	150	185	68	23
231	26	95	185	91	60	146	181	100	3	22
190	50	95	114	130	10	254	169	148	13	23
231	155	67	86	223	62	146	157	100	68	23
254	40	188	8	223	10	191	157	100	68	22
231	40	71	188	223	216	118	175	137	114	22
28	40	177	251	51	66	146	157	100	114	23
231	209	201	188	74	66	191	108	100	114	23
231	54	188	251	167	10	159	11	100	114	23
28	40	71	188	167	216	178	223	100	130	23
115	40	177	8	176	216	178	223	100	130	23
28	40	67	188	223	62	118	108	241	68	23
254	209	177	86	223	66	191	223	165	130	22
115	49	177	188	51	10	159	108	165	68	22
115	209	201	16	167	62	118	157	100	130	23
231	49	67	86	167	66	159	157	100	18	22
231	49	177	86	167	62	146	157	130	130	23
28	54	177	188	51	216	178	11	130	18	23
231	49	177	86	51	62	146	175	165	130	23
231	49	67	16	51	216	146	108	165	114	23
164	49	188	8	176	62	118	157	100	68	23
28	49	67	251	51	62	118	108	100	18	22
28	209	201	251	176	62	191	11	137	68	23
190	54	201	8	187	80	7	172	130	3	22
36	40	201	34	217	219	175	91	185	98	23
94	54	206	34	91	10	180	11	134	71	23
103	40	80	251	91	219	160	11	130	3	23
94	54	111	158	187	219	160	157	137	3	23
190	40	206	158	217	80	160	11	137	80	23
94	40	111	86	187	219	180	172	85	98	22
103	214	206	34	217	219	175	169	134	3	23
36	40	111	8	217	80	178	157	185	80	23
36	214	164	251	217	80	180	172	185	253	23
107	179	164	251	187	80	160	11	85	253	23
107	40	206	34	187	60	180	172	85	80	23
36	40	201	8	187	219	178	169	130	3	23
190	54	201	251	217	80	175	157	130	80	23
94	54	111	86	217	10	178	172	85	98	23
94	54	80	251	58	60	160	169	134	3	23
94	179	164	8	187	60	175	172	134	3	23
190	54	111	86	217	195	178	91	134	3	23
36	214	206	34	217	80	180	169	137	253	23
190	54	164	251	91	219	175	91	134	3	23
236	49	201	254	183	10	191	152	205	65	23
236	49	201	8	58	60	191	155	205	93	23
231	49	113	34	197	60	67	172	100	93	23
190	169	72	8	197	60	67	152	192	3	23
236	191	184	34	187	68	191	152	192	3	23
190	169	66	254	91	10	152	155	192	69	23
73	191	66	8	197	10	142	172	100	3	23
73	191	113	54	187	60	67	172	205	3	22
190	208	66	243	187	10	191	155	192	93	23
126	54	72	54	58	10	67	129	25	69	23
231	169	184	243	183	60	67	155	100	93	23
236	208	113	243	197	27	142	152	205	114	23
236	191	184	254	58	27	152	129	25	69	23
236	191	184	254	91	71	142	172	197	69	23
190	169	66	254	58	71	67	155	25	69	23
126	191	72	254	183	71	191	155	197	65	23
231	208	72	254	183	60	142	155	205	65	23
231	191	184	254	183	10	191	172	25	69	23
126	49	113	243	197	27	67	155	25	114	23
73	49	66	34	187	60	191	155	192	65	23
190	54	71	188	58	10	61	156	76	70	22
231	214	77	16	188	195	40	91	130	92	23
190	179	190	34	91	154	40	91	76	70	22
133	179	77	198	91	77	40	249	130	93	23
94	54	192	198	188	77	159	141	137	92	23
133	53	71	251	215	188	66	9	137	68	23
133	48	125	251	52	77	61	156	130	93	22
231	179	125	34	188	195	61	141	137	3	22
231	54	190	198	52	195	54	249	121	92	23
190	54	125	251	188	77	66	156	76	3	23
190	179	125	16	58	154	66	141	128	3	22
133	214	190	16	52	10	40	141	76	68	23
94	214	71	34	91	77	66	141	137	68	23
79	214	77	188	215	188	40	141	76	93	23
231	48	125	16	188	195	54	141	76	3	23
231	179	125	188	58	195	54	141	76	92	23
79	53	190	188	91	77	61	91	121	68	23
231	48	192	188	58	10	159	141	137	93	23
190	54	190	188	188	10	61	9	121	3	23
231	214	125	188	215	77	66	91	128	92	23
206	149	136	185	219	10	198	169	33	116	22
164	97	223	142	63	195	141	169	137	3	24
231	54	71	142	223	10	198	91	114	217	23
164	241	71	8	223	72	178	158	33	116	23
231	97	113	185	161	72	161	73	114	3	23
140	241	113	185	161	195	198	91	114	217	23
140	241	223	8	82	195	191	169	137	3	23
107	97	113	8	161	195	198	158	114	3	23
140	40	223	8	161	195	141	158	33	217	23
206	97	71	185	223	195	178	158	197	3	22
107	54	71	142	223	10	161	157	137	114	23
107	97	136	85	63	10	141	157	197	80	23
107	149	113	6	223	195	141	157	33	114	22
164	54	71	8	219	60	191	91	197	116	23
140	97	71	6	219	72	191	169	33	114	22
231	54	71	6	223	195	141	158	137	80	23
140	149	223	8	82	195	141	157	137	3	23
140	40	190	185	63	195	191	157	33	3	23
140	149	223	6	219	195	178	91	114	217	23
140	40	136	6	82	195	161	73	33	80	23
140	40	190	6	82	60	161	88	33	113	23
164	97	71	6	219	60	191	150	197	113	23
164	54	81	17	161	112	161	73	197	113	23
228	149	81	85	219	60	130	88	137	3	23
140	241	223	17	219	60	215	88	137	114	23
140	54	223	185	63	60	161	88	197	113	23
105	149	81	17	82	195	161	88	137	3	22
164	54	190	17	151	112	215	157	49	3	23
228	149	186	85	82	112	215	169	49	3	23
228	40	71	85	219	134	191	157	49	232	23
228	54	190	17	63	60	161	169	137	69	23
105	241	190	17	219	195	130	88	197	232	23
254	149	223	6	151	10	189	73	137	3	23
105	40	223	142	219	195	161	150	137	232	23
105	241	190	85	63	112	161	73	49	113	23
228	149	190	17	161	112	215	150	137	69	23
164	54	186	185	63	10	130	150	33	232	23
254	241	223	185	82	134	189	169	197	114	23
164	54	186	142	219	112	191	157	137	69	23
105	40	71	142	151	10	161	169	33	114	23
164	17	51	69	161	195	139	158	205	237	22
206	40	253	42	161	133	198	40	56	114	23
164	119	71	5	161	72	198	40	54	114	22
107	213	136	174	223	72	131	158	56	114	22
164	119	51	5	249	195	198	88	56	0	22
190	53	46	42	161	195	139	91	205	114	23
164	17	253	5	223	72	139	158	140	116	23
107	213	253	69	161	72	205	88	54	114	23
107	40	253	174	249	72	131	40	56	0	23
107	40	51	42	161	32	131	157	205	116	23
190	119	71	69	249	10	198	157	140	116	22
206	17	136	42	223	72	205	91	140	237	22
107	40	253	89	161	133	133	158	54	3	23
164	213	253	69	249	195	198	40	56	3	23
206	40	51	174	19	133	198	40	140	116	23
206	119	253	69	161	195	139	88	140	3	23
206	17	46	69	161	195	133	40	56	114	22
206	213	51	5	161	10	139	157	140	237	23
190	213	46	42	223	32	205	88	56	237	22
164	53	253	5	19	195	139	157	171	114	22
206	209	66	85	63	154	189	157	0	35	22
149	21	113	6	219	73	191	91	41	217	23
251	21	113	85	163	73	191	175	140	114	22
107	105	174	142	67	28	198	91	197	116	23
206	105	144	241	63	154	178	157	197	114	22
251	54	66	142	67	154	228	157	140	114	23
149	209	66	142	157	129	189	91	140	114	23
251	169	174	6	157	28	228	169	140	35	22
149	169	66	241	63	129	198	91	41	116	22
149	105	113	6	219	28	198	73	118	80	23
107	169	66	142	63	28	191	91	0	114	23
251	21	113	142	219	241	189	169	41	35	23
164	54	113	142	67	28	228	169	140	116	23
206	169	174	241	163	154	178	169	0	116	22
164	21	66	241	67	28	228	169	197	80	22
107	105	174	241	63	28	189	175	0	114	23
164	21	95	142	157	241	191	73	140	116	22
164	54	113	15	157	73	178	169	197	217	23
251	21	113	15	219	73	228	175	41	114	23
251	105	95	142	219	129	228	157	118	116	22
231	40	164	150	82	72	191	211	193	116	22
107	54	51	150	63	125	178	165	197	116	23
150	54	223	185	223	125	178	169	137	116	23
206	40	51	135	82	195	133	211	193	114	23
231	145	76	150	161	0	191	105	137	114	23
231	201	76	117	223	195	178	211	137	3	23
206	145	223	150	161	125	191	105	114	114	22
150	54	51	150	223	202	133	105	137	80	22
107	201	223	135	223	72	161	158	137	3	23
132	201	164	8	63	195	178	169	114	80	23
150	97	51	150	223	72	141	165	114	3	23
107	40	136	117	205	0	141	211	114	232	22
107	54	223	8	161	0	133	105	197	232	23
231	201	136	150	161	202	178	158	137	116	23
107	145	136	150	82	202	191	158	137	232	23
107	54	223	150	223	125	178	165	137	116	22
107	40	164	8	63	202	161	165	137	116	23
231	201	223	117	205	195	133	165	137	3	23
150	40	136	135	63	125	191	169	114	114	23
206	97	51	135	63	0	133	158	137	114	22
140	97	152	6	63	76	161	169	197	114	23
231	107	223	6	63	76	161	73	137	80	23
173	81	183	85	63	195	198	158	90	80	23
140	81	199	142	161	14	198	73	90	116	23
200	133	199	12	161	76	198	158	55	114	22
140	20	183	136	63	14	161	73	55	26	23
239	133	183	12	2	76	198	73	137	26	22
231	97	199	6	63	76	161	169	137	217	23
231	107	225	142	206	195	161	92	193	217	22
200	81	223	12	63	14	141	169	137	26	23
173	107	223	136	63	76	141	92	55	80	23
231	97	183	136	206	76	141	158	197	116	23
231	97	199	6	63	195	161	92	137	217	23
231	81	199	142	161	195	198	150	197	114	22
231	81	183	136	63	195	198	73	55	80	23
239	133	225	12	63	195	191	92	90	80	22
239	20	152	6	2	76	198	150	193	26	23
140	133	199	12	211	14	141	169	90	80	22
231	20	223	136	206	76	191	150	90	217	23
231	20	223	6	161	195	178	158	55	114	22
107	137	40	6	208	63	191	157	184	252	22
206	97	223	6	82	63	178	157	197	216	23
231	40	113	186	63	195	212	157	197	216	23
231	54	71	186	208	10	15	73	197	216	22
204	241	172	6	63	195	161	91	137	86	23
231	137	172	186	221	195	212	157	197	216	22
107	97	223	142	208	10	161	73	129	216	22
206	54	71	152	82	10	15	138	137	216	23
204	97	172	67	208	195	15	91	197	252	23
107	97	113	67	63	10	212	157	184	163	23
107	40	40	6	82	63	15	91	114	252	23
231	137	113	152	208	195	191	73	184	216	23
204	97	71	6	208	63	161	91	114	216	23
231	97	172	186	221	63	15	138	129	86	23
107	241	172	186	82	195	178	169	197	216	23
231	54	223	6	208	195	15	91	129	252	22
231	54	71	152	82	195	191	91	114	216	22
204	137	223	142	161	63	212	169	129	252	23
204	54	172	6	82	10	212	91	129	252	23
206	137	172	6	161	10	191	138	197	86	23
59	40	222	30	223	195	250	158	101	51	23
158	103	136	34	82	211	241	158	152	69	23
156	103	71	85	144	4	241	24	152	114	23
59	103	113	85	123	211	141	223	137	69	23
71	126	222	78	63	10	198	158	137	69	23
206	40	113	30	223	211	198	169	137	51	23
158	103	222	34	63	195	250	83	114	114	22
71	149	71	241	144	4	161	24	152	51	23
59	40	71	85	223	204	161	169	152	69	22
71	126	71	241	223	211	141	169	137	51	23
156	177	136	85	144	4	241	223	137	217	23
71	40	113	30	123	10	198	158	33	80	23
71	177	136	78	63	4	198	169	101	69	23
206	126	222	241	144	195	161	169	152	217	23
71	40	136	78	144	195	241	223	137	80	23
158	177	223	30	123	10	141	24	152	217	23
206	177	71	30	144	204	141	158	33	80	23
71	149	223	85	82	4	141	24	101	114	23
156	177	136	241	223	10	198	24	114	114	23
156	126	222	30	123	4	141	158	152	69	23
210	133	182	85	50	60	178	176	147	244	22
231	97	71	6	250	235	161	73	137	17	23
231	20	154	154	250	10	161	188	137	244	23
140	133	154	6	63	10	178	221	243	17	23
210	241	71	6	161	195	198	176	65	244	22
140	40	113	26	161	72	178	91	137	80	22
231	241	223	85	223	235	141	221	137	114	23
210	40	113	26	223	60	178	176	243	114	23
231	97	223	85	223	235	198	73	147	185	22
231	133	182	153	223	60	141	176	65	80	22
107	97	223	6	161	235	161	176	243	80	23
107	20	182	153	161	60	61	188	137	114	23
178	20	154	154	223	60	178	221	197	80	23
178	241	71	6	63	195	61	91	147	244	23
107	20	71	26	63	10	198	221	137	17	22
210	97	113	154	63	60	141	91	243	114	22
107	97	182	153	63	235	198	73	65	114	22
231	133	71	153	223	10	141	221	243	185	23
231	97	223	153	250	72	161	91	137	244	23
140	241	154	153	223	72	178	91	197	185	23
210	40	223	73	187	108	161	13	74	99	23
156	101	9	185	82	195	169	66	197	217	23
210	54	223	185	223	195	178	66	74	96	23
148	208	223	17	187	108	141	13	197	96	23
210	40	158	78	187	22	161	13	197	99	23
246	101	158	17	223	22	169	13	137	75	22
210	241	111	86	219	195	161	158	197	75	22
246	101	9	185	219	67	169	169	197	217	23
210	101	111	185	82	195	161	13	197	80	23
210	208	111	73	187	195	178	158	197	75	22
148	208	9	17	223	22	198	169	197	217	22
246	54	9	78	41	195	169	13	197	99	23
246	208	223	17	41	195	141	13	197	80	22
156	40	9	185	41	22	178	13	137	217	23
156	208	9	73	41	67	178	13	137	99	23
148	241	111	17	82	108	141	13	137	80	23
210	54	223	86	219	195	178	13	74	75	23
42	54	9	78	82	22	161	158	197	99	23
148	241	223	185	82	108	141	125	137	99	23
210	208	223	73	223	67	178	13	197	99	23
164	232	136	250	63	112	190	91	137	116	22
107	232	223	6	68	10	231	239	121	116	23
107	246	136	85	63	231	190	239	209	116	22
134	97	223	142	68	195	231	73	128	9	23
164	40	136	85	63	231	190	239	121	116	22
134	246	190	6	157	60	33	91	33	9	23
164	232	71	6	63	60	173	239	128	51	22
231	232	71	250	157	231	58	91	128	9	22
164	232	190	6	68	112	173	239	121	51	23
134	97	55	250	63	10	58	157	128	57	23
107	232	71	250	157	112	58	91	33	80	22
164	40	71	250	219	10	33	91	137	9	22
164	146	136	6	63	112	173	157	33	116	22
164	232	190	142	157	195	231	73	33	57	22
231	97	190	85	68	195	173	157	33	116	22
134	146	223	6	153	231	173	157	209	9	22
164	232	136	250	157	10	190	157	121	116	23
164	246	71	142	219	60	190	91	33	9	23
164	97	55	6	153	195	190	158	33	80	22
164	40	223	6	157	231	173	239	128	9	24
134	146	55	186	219	13	33	152	33	2	23
107	247	136	8	123	13	39	169	121	116	23
107	136	190	16	68	231	58	239	137	80	22
107	226	136	186	68	112	134	152	137	73	23
134	136	55	16	221	195	33	158	33	80	23
175	226	136	8	219	112	173	239	33	73	22
175	226	190	16	223	10	134	239	33	2	22
175	146	71	186	68	195	58	239	137	73	23
175	136	136	85	219	112	134	152	137	57	23
134	136	55	186	123	13	39	169	137	57	22
175	247	71	186	219	195	58	169	209	73	22
107	247	87	14	123	13	134	66	137	2	22
134	226	87	14	223	195	33	152	33	57	23
100	146	71	16	219	231	58	152	121	73	23
107	136	87	186	123	231	33	66	33	2	23
100	117	136	14	221	10	58	158	209	80	23
175	247	190	16	68	13	58	169	128	116	23
100	146	87	8	123	231	33	158	33	2	23
134	226	87	85	219	10	173	152	137	116	23
100	117	87	16	223	195	173	239	121	116	23
107	246	136	227	157	10	178	239	128	43	22
134	35	219	97	68	58	173	73	97	116	22
164	246	219	227	219	112	173	91	147	116	22
164	146	15	8	219	175	71	145	97	51	22
164	232	39	142	219	10	173	239	133	116	23
164	246	15	8	68	112	178	239	133	192	23
231	104	15	8	219	195	71	73	128	116	22
134	35	136	97	157	195	173	91	133	51	22
134	232	190	142	63	175	178	73	97	43	22
134	35	39	142	63	175	173	239	97	51	22
134	246	219	227	157	10	71	145	147	51	23
107	146	219	8	63	58	173	145	97	116	23
134	232	219	8	63	175	42	182	128	43	23
107	146	190	8	68	112	42	91	147	192	23
164	232	219	6	219	10	190	182	241	177	22
164	246	190	227	63	112	178	91	133	116	23
231	246	15	142	157	58	42	145	147	192	23
164	232	136	6	157	10	190	182	241	177	23
107	146	39	8	63	195	42	239	241	177	23
134	35	39	142	219	175	71	91	147	192	22
107	45	223	6	39	231	57	205	209	89	23
107	33	55	6	24	235	190	158	33	51	22
134	211	174	142	24	120	190	158	121	1	22
165	45	136	24	68	235	33	158	137	51	23
107	45	174	254	251	231	190	167	128	89	22
107	245	174	254	24	231	57	167	121	89	22
107	33	55	142	24	235	190	29	137	51	23
165	211	68	6	68	231	190	167	209	1	23
165	33	174	254	251	120	33	109	209	80	22
107	45	136	24	68	102	164	29	209	89	23
164	232	223	254	251	120	213	109	128	1	23
134	245	223	24	251	120	57	205	121	80	23
164	211	174	92	39	102	190	158	128	51	23
134	232	174	254	251	170	57	29	137	51	23
164	211	68	142	24	231	164	29	128	80	23
107	45	174	254	141	235	190	109	128	252	23
107	232	223	142	141	170	33	205	33	252	20
107	45	68	24	24	102	190	109	209	1	20
134	211	223	24	68	120	213	109	121	89	20
134	232	68	24	39	102	57	167	121	80	20
165	45	174	203	163	223	209	46	209	89	20
164	245	68	2	8	223	209	12	209	244	20
123	45	195	30	163	231	246	205	114	64	20
164	211	174	2	8	231	33	191	114	89	20
134	245	136	30	8	124	33	46	209	89	20
165	245	174	94	163	170	246	191	129	244	20
123	45	174	203	196	231	209	158	114	187	20
134	245	119	30	196	223	176	205	129	187	20
134	232	195	94	8	124	246	158	217	89	20
123	232	195	30	196	124	57	191	39	1	20
134	211	174	94	8	58	57	158	209	187	20
223	211	174	94	196	231	176	158	209	64	20
134	33	119	94	8	170	246	191	39	64	20
123	211	136	30	163	58	57	191	217	1	20
123	245	119	30	196	231	176	158	129	244	20
165	211	174	30	196	223	246	46	129	244	20
223	33	136	30	251	58	209	46	217	89	20
134	245	68	203	141	223	246	205	217	244	20
123	211	195	30	8	58	33	158	129	89	20
165	232	174	2	8	223	209	12	129	64	20
164	247	103	89	251	247	149	255	33	67	20
164	245	140	142	141	120	169	45	128	1	20
75	33	140	254	141	235	149	239	17	188	20
140	41	140	89	141	247	33	239	17	1	20
103	41	31	89	251	102	238	29	17	67	20
75	245	68	6	24	235	44	29	128	188	20
103	245	140	24	24	170	149	45	128	67	20
129	33	68	89	24	247	238	255	128	80	20
129	245	140	89	141	102	238	45	17	80	20
140	247	103	89	84	235	169	255	17	1	20
75	41	174	142	84	235	169	29	137	1	20
129	41	103	142	251	170	44	29	137	80	20
140	33	31	142	39	247	33	239	217	67	20
140	249	68	254	251	170	238	158	137	188	20
164	33	174	6	251	120	149	158	33	51	20
140	41	103	89	141	102	238	158	17	51	20
103	249	31	254	39	120	238	255	128	80	20
140	33	31	6	84	247	44	239	17	67	20
75	245	103	6	251	235	238	239	217	51	20
140	249	31	6	39	235	238	255	17	51	20
