Initial objective: 2
------------------------------------------------------------------
Elapsed Time	Temperature	Epoch	Trial	Objective	Acceptance
------------------------------------------------------------------
  0:1:23.645	   1.500000	 1/26	 1/5	        2	         Y
  0:2:42.875	   1.500000	 1/26	 2/5	        2	         Y
   0:4:2.251	   1.500000	 1/26	 3/5	        2	         Y
  0:5:22.224	   1.500000	 1/26	 4/5	        2	         Y
  0:6:43.374	   1.500000	 1/26	 5/5	        2	         Y
    0:8:3.90	   1.350000	 2/26	 1/5	        2	         Y
  0:9:22.531	   1.350000	 2/26	 2/5	        3	         Y
 0:10:41.941	   1.350000	 2/26	 3/5	        2	         N
   0:12:0.73	   1.350000	 2/26	 4/5	        2	         N
 0:13:18.831	   1.350000	 2/26	 5/5	        2	         N
 0:14:38.344	   1.215000	 3/26	 1/5	        2	         N
 0:15:58.530	   1.215000	 3/26	 2/5	        2	         N
 0:17:19.666	   1.215000	 3/26	 3/5	        2	         N
 0:18:40.156	   1.215000	 3/26	 4/5	        2	         N
  0:20:1.369	   1.215000	 3/26	 5/5	        2	         N
 0:21:19.140	   1.093500	 4/26	 1/5	        2	         N
 0:22:35.193	   1.093500	 4/26	 2/5	        2	         N
 0:23:51.101	   1.093500	 4/26	 3/5	        2	         N
  0:25:7.238	   1.093500	 4/26	 4/5	        2	         N
 0:26:23.497	   1.093500	 4/26	 5/5	        2	         N
 0:27:40.274	   0.984150	 5/26	 1/5	        2	         N
   0:29:1.46	   0.984150	 5/26	 2/5	        2	         N
 0:30:22.873	   0.984150	 5/26	 3/5	        2	         N
 0:31:45.205	   0.984150	 5/26	 4/5	        2	         N
  0:33:2.628	   0.984150	 5/26	 5/5	        2	         N
 0:34:22.923	   0.885735	 6/26	 1/5	        3	         Y
 0:35:47.454	   0.885735	 6/26	 2/5	        2	         N
 0:37:11.121	   0.885735	 6/26	 3/5	        2	         N
 0:38:32.942	   0.885735	 6/26	 4/5	        2	         N
 0:39:58.852	   0.885735	 6/26	 5/5	        2	         N
 0:41:19.933	   0.797162	 7/26	 1/5	        2	         N
 0:42:38.609	   0.797162	 7/26	 2/5	        2	         N
 0:43:59.867	   0.797162	 7/26	 3/5	        2	         N
 0:45:19.596	   0.797162	 7/26	 4/5	        2	         N
 0:46:39.980	   0.797162	 7/26	 5/5	        2	         N
  0:47:59.74	   0.717445	 8/26	 1/5	        2	         N
 0:49:17.442	   0.717445	 8/26	 2/5	        2	         N
 0:50:38.754	   0.717445	 8/26	 3/5	        2	         N
 0:51:57.213	   0.717445	 8/26	 4/5	        1	         N
 0:53:14.885	   0.717445	 8/26	 5/5	        1	         N
 0:54:30.795	   0.645701	 9/26	 1/5	        1	         N
   0:55:53.3	   0.645701	 9/26	 2/5	        2	         N
 0:57:14.673	   0.645701	 9/26	 3/5	        2	         N
 0:58:47.420	   0.645701	 9/26	 4/5	        1	         N
  1:0:10.575	   0.645701	 9/26	 5/5	        1	         N
   1:1:33.12	   0.581131	10/26	 1/5	        2	         N
  1:2:53.589	   0.581131	10/26	 2/5	        1	         N
  1:4:12.347	   0.581131	10/26	 3/5	        1	         N
  1:5:28.468	   0.581131	10/26	 4/5	        1	         N
  1:6:45.907	   0.581131	10/26	 5/5	        1	         N
   1:8:2.705	   0.523018	11/26	 1/5	        1	         N
  1:9:20.412	   0.523018	11/26	 2/5	        2	         N
 1:10:37.385	   0.523018	11/26	 3/5	        1	         N
 1:11:53.797	   0.523018	11/26	 4/5	        2	         N
 1:13:10.190	   0.523018	11/26	 5/5	        3	         Y
 1:14:26.759	   0.470716	12/26	 1/5	        2	         N
 1:15:42.864	   0.470716	12/26	 2/5	        2	         N
 1:16:59.624	   0.470716	12/26	 3/5	        2	         N
 1:18:16.253	   0.470716	12/26	 4/5	        2	         N
 1:19:32.993	   0.470716	12/26	 5/5	        2	         N
 1:20:49.713	   0.423644	13/26	 1/5	        2	         N
  1:22:6.903	   0.423644	13/26	 2/5	        2	         N
 1:23:23.566	   0.423644	13/26	 3/5	        2	         N
 1:24:40.112	   0.423644	13/26	 4/5	        3	         Y
 1:25:56.570	   0.423644	13/26	 5/5	        2	         N
 1:27:13.183	   0.381280	14/26	 1/5	        2	         N
 1:28:29.659	   0.381280	14/26	 2/5	        2	         N
 1:29:45.864	   0.381280	14/26	 3/5	        2	         N
  1:31:2.199	   0.381280	14/26	 4/5	        2	         N
 1:32:18.530	   0.381280	14/26	 5/5	        2	         N
 1:33:44.130	   0.343152	15/26	 1/5	        2	         N
 1:35:16.591	   0.343152	15/26	 2/5	        2	         N
 1:36:47.857	   0.343152	15/26	 3/5	        2	         N
  1:38:22.22	   0.343152	15/26	 4/5	        2	         N
 1:39:53.351	   0.343152	15/26	 5/5	        2	         N
 1:41:20.885	   0.308837	16/26	 1/5	        2	         N
 1:42:37.271	   0.308837	16/26	 2/5	        2	         N
 1:43:53.671	   0.308837	16/26	 3/5	        2	         N
 1:45:10.273	   0.308837	16/26	 4/5	        2	         N
 1:46:26.679	   0.308837	16/26	 5/5	        3	         Y
 1:47:43.274	   0.277953	17/26	 1/5	        2	         N
 1:48:59.982	   0.277953	17/26	 2/5	        2	         N
 1:50:15.841	   0.277953	17/26	 3/5	        2	         N
 1:51:32.185	   0.277953	17/26	 4/5	        2	         N
  1:52:48.77	   0.277953	17/26	 5/5	        2	         N
  1:54:4.233	   0.250158	18/26	 1/5	        2	         N
 1:55:20.529	   0.250158	18/26	 2/5	        2	         N
 1:56:36.381	   0.250158	18/26	 3/5	        2	         N
  1:57:53.92	   0.250158	18/26	 4/5	        2	         N
  1:59:9.280	   0.250158	18/26	 5/5	        2	         N
  2:0:25.460	   0.225142	19/26	 1/5	        2	         N
  2:1:41.920	   0.225142	19/26	 2/5	        2	         N
  2:2:57.645	   0.225142	19/26	 3/5	        2	         N
  2:4:13.817	   0.225142	19/26	 4/5	        3	         Y
    2:5:30.9	   0.225142	19/26	 5/5	        1	         N
  2:6:46.602	   0.202628	20/26	 1/5	        3	         Y
   2:8:3.491	   0.202628	20/26	 2/5	        2	         N
  2:9:19.567	   0.202628	20/26	 3/5	        2	         N
 2:10:36.331	   0.202628	20/26	 4/5	        2	         N
 2:11:52.457	   0.202628	20/26	 5/5	        2	         N
  2:13:8.429	   0.182365	21/26	 1/5	        3	         Y
 2:14:24.784	   0.182365	21/26	 2/5	        2	         N
 2:15:41.653	   0.182365	21/26	 3/5	        2	         N
 2:16:58.887	   0.182365	21/26	 4/5	        2	         N
 2:18:14.775	   0.182365	21/26	 5/5	        2	         N
 2:19:30.317	   0.164128	22/26	 1/5	        2	         N
 2:20:46.250	   0.164128	22/26	 2/5	        2	         N
  2:22:3.152	   0.164128	22/26	 3/5	        2	         N
 2:23:24.510	   0.164128	22/26	 4/5	        2	         N
 2:24:42.458	   0.164128	22/26	 5/5	        2	         N
  2:26:0.727	   0.147716	23/26	 1/5	        2	         N
 2:27:19.229	   0.147716	23/26	 2/5	        2	         N
 2:28:37.154	   0.147716	23/26	 3/5	        2	         N
 2:29:55.103	   0.147716	23/26	 4/5	        2	         N
 2:31:13.941	   0.147716	23/26	 5/5	        3	         Y
 2:32:32.320	   0.132944	24/26	 1/5	        2	         N
 2:33:50.538	   0.132944	24/26	 2/5	        2	         N
  2:35:8.846	   0.132944	24/26	 3/5	        2	         N
 2:36:27.978	   0.132944	24/26	 4/5	        2	         N
 2:37:46.993	   0.132944	24/26	 5/5	        2	         N
  2:39:5.490	   0.119650	25/26	 1/5	        2	         N
 2:40:25.275	   0.119650	25/26	 2/5	        2	         N
 2:41:43.299	   0.119650	25/26	 3/5	        2	         N
    2:43:2.5	   0.119650	25/26	 4/5	        2	         N
 2:44:20.256	   0.119650	25/26	 5/5	        3	         Y
 2:45:38.518	   0.107685	26/26	 1/5	        2	         N
 2:46:57.160	   0.107685	26/26	 2/5	        2	         N
 2:48:12.133	   0.107685	26/26	 3/5	        3	         Y
 2:49:10.432	   0.107685	26/26	 4/5	        1	         N
  2:50:8.440	   0.107685	26/26	 5/5	        1	         N
Final objective: 3