Initial objective: 7
------------------------------------------------------------------
Elapsed Time	Temperature	Epoch	Trial	Objective	Acceptance
------------------------------------------------------------------
   0:0:1.382	          4	1/45	1/10	     8	         Y
   0:0:2.696	          4	1/45	2/10	     8	         N
    0:0:4.84	          4	1/45	3/10	    11	         Y
   0:0:5.539	          4	1/45	4/10	     8	         Y
   0:0:6.893	          4	1/45	5/10	     7	         Y
   0:0:8.361	          4	1/45	6/10	     7	         N
   0:0:9.803	          4	1/45	7/10	     8	         Y
  0:0:11.212	          4	1/45	8/10	     7	         Y
  0:0:12.525	          4	1/45	9/10	     6	         Y
  0:0:13.751	          4	1/45	10/10	     6	         N
  0:0:15.113	       3.68	2/45	1/10	     8	         Y
  0:0:16.578	       3.68	2/45	2/10	     4	         N
   0:0:18.83	       3.68	2/45	3/10	     7	         Y
  0:0:19.415	       3.68	2/45	4/10	     5	         N
  0:0:20.705	       3.68	2/45	5/10	     5	         N
    0:0:22.6	       3.68	2/45	6/10	     5	         Y
  0:0:23.380	       3.68	2/45	7/10	     6	         Y
  0:0:24.750	       3.68	2/45	8/10	     9	         Y
  0:0:26.139	       3.68	2/45	9/10	     8	         Y
  0:0:27.479	       3.68	2/45	10/10	     6	         N
  0:0:28.799	     3.3856	3/45	1/10	     5	         Y
  0:0:30.181	     3.3856	3/45	2/10	     4	         Y
  0:0:31.642	     3.3856	3/45	3/10	     6	         Y
  0:0:32.927	     3.3856	3/45	4/10	     6	         N
  0:0:34.273	     3.3856	3/45	5/10	     4	         N
  0:0:35.616	     3.3856	3/45	6/10	     5	         N
  0:0:36.890	     3.3856	3/45	7/10	     8	         Y
  0:0:38.129	     3.3856	3/45	8/10	     8	         N
  0:0:39.458	     3.3856	3/45	9/10	     8	         N
  0:0:40.852	     3.3856	3/45	10/10	     4	         N
  0:0:42.164	   3.114752	4/45	1/10	     8	         N
  0:0:43.418	   3.114752	4/45	2/10	     6	         Y
  0:0:44.857	   3.114752	4/45	3/10	     6	         N
  0:0:46.217	   3.114752	4/45	4/10	     6	         N
  0:0:47.508	   3.114752	4/45	5/10	     6	         N
  0:0:48.897	   3.114752	4/45	6/10	     8	         Y
  0:0:50.303	   3.114752	4/45	7/10	     7	         Y
  0:0:51.718	   3.114752	4/45	8/10	     6	         Y
  0:0:53.131	   3.114752	4/45	9/10	     6	         N
  0:0:54.437	   3.114752	4/45	10/10	     7	         Y
  0:0:55.698	  2.8655718	5/45	1/10	     3	         Y
  0:0:56.975	  2.8655718	5/45	2/10	     8	         Y
  0:0:58.325	  2.8655718	5/45	3/10	     6	         Y
  0:0:59.606	  2.8655718	5/45	4/10	     6	         N
   0:1:0.921	  2.8655718	5/45	5/10	     6	         N
   0:1:2.221	  2.8655718	5/45	6/10	     4	         Y
   0:1:3.533	  2.8655718	5/45	7/10	     4	         N
   0:1:4.995	  2.8655718	5/45	8/10	     3	         Y
   0:1:6.324	  2.8655718	5/45	9/10	     4	         Y
   0:1:7.617	  2.8655718	5/45	10/10	     4	         N
   0:1:8.939	  2.6363261	6/45	1/10	     4	         N
  0:1:10.308	  2.6363261	6/45	2/10	     7	         Y
  0:1:11.728	  2.6363261	6/45	3/10	     5	         Y
  0:1:13.158	  2.6363261	6/45	4/10	     6	         Y
  0:1:14.550	  2.6363261	6/45	5/10	     6	         N
  0:1:15.900	  2.6363261	6/45	6/10	     5	         Y
  0:1:17.277	  2.6363261	6/45	7/10	     6	         Y
  0:1:18.506	  2.6363261	6/45	8/10	     5	         Y
  0:1:19.785	  2.6363261	6/45	9/10	     5	         N
  0:1:21.107	  2.6363261	6/45	10/10	     7	         Y
  0:1:22.387	    2.42542	7/45	1/10	     7	         N
  0:1:23.643	    2.42542	7/45	2/10	     7	         N
  0:1:24.895	    2.42542	7/45	3/10	     7	         N
  0:1:26.342	    2.42542	7/45	4/10	     7	         N
  0:1:27.646	    2.42542	7/45	5/10	     6	         N
  0:1:28.988	    2.42542	7/45	6/10	     5	         N
  0:1:30.347	    2.42542	7/45	7/10	     8	         Y
  0:1:31.766	    2.42542	7/45	8/10	     8	         N
   0:1:33.48	    2.42542	7/45	9/10	     6	         Y
  0:1:34.310	    2.42542	7/45	10/10	     5	         Y
  0:1:35.738	  2.2313864	8/45	1/10	     6	         Y
   0:1:37.80	  2.2313864	8/45	2/10	     8	         Y
  0:1:38.373	  2.2313864	8/45	3/10	     7	         Y
  0:1:39.692	  2.2313864	8/45	4/10	     8	         Y
  0:1:40.937	  2.2313864	8/45	5/10	     8	         N
  0:1:42.254	  2.2313864	8/45	6/10	     7	         Y
  0:1:43.614	  2.2313864	8/45	7/10	     6	         N
  0:1:44.898	  2.2313864	8/45	8/10	     7	         N
  0:1:46.224	  2.2313864	8/45	9/10	     6	         Y
  0:1:47.483	  2.2313864	8/45	10/10	     7	         Y
  0:1:48.879	  2.0528755	9/45	1/10	     6	         Y
  0:1:50.349	  2.0528755	9/45	2/10	     5	         Y
  0:1:51.744	  2.0528755	9/45	3/10	     6	         Y
  0:1:53.169	  2.0528755	9/45	4/10	     6	         N
  0:1:54.422	  2.0528755	9/45	5/10	     5	         Y
  0:1:55.663	  2.0528755	9/45	6/10	     4	         N
   0:1:57.46	  2.0528755	9/45	7/10	     5	         N
  0:1:58.351	  2.0528755	9/45	8/10	     9	         Y
  0:1:59.663	  2.0528755	9/45	9/10	     8	         Y
   0:2:0.905	  2.0528755	9/45	10/10	     6	         N
   0:2:2.341	  1.8886455	10/45	1/10	     9	         Y
   0:2:3.702	  1.8886455	10/45	2/10	     8	         Y
   0:2:5.161	  1.8886455	10/45	3/10	     9	         Y
   0:2:6.541	  1.8886455	10/45	4/10	     8	         Y
   0:2:7.884	  1.8886455	10/45	5/10	     9	         Y
   0:2:9.320	  1.8886455	10/45	6/10	     8	         N
  0:2:10.662	  1.8886455	10/45	7/10	     7	         Y
  0:2:11.964	  1.8886455	10/45	8/10	     6	         N
  0:2:13.286	  1.8886455	10/45	9/10	     9	         Y
  0:2:14.526	  1.8886455	10/45	10/10	     8	         Y
  0:2:15.855	  1.7375538	11/45	1/10	     8	         N
  0:2:17.321	  1.7375538	11/45	2/10	     6	         Y
  0:2:18.669	  1.7375538	11/45	3/10	     5	         Y
   0:2:20.14	  1.7375538	11/45	4/10	     7	         Y
  0:2:21.276	  1.7375538	11/45	5/10	     7	         N
  0:2:22.566	  1.7375538	11/45	6/10	     7	         N
  0:2:23.864	  1.7375538	11/45	7/10	     6	         Y
  0:2:25.113	  1.7375538	11/45	8/10	     6	         N
  0:2:26.455	  1.7375538	11/45	9/10	     5	         Y
  0:2:27.773	  1.7375538	11/45	10/10	     4	         Y
  0:2:29.163	  1.5985495	12/45	1/10	     6	         Y
  0:2:30.582	  1.5985495	12/45	2/10	     7	         Y
    0:2:32.3	  1.5985495	12/45	3/10	     6	         Y
  0:2:33.454	  1.5985495	12/45	4/10	     6	         N
  0:2:34.712	  1.5985495	12/45	5/10	     6	         N
   0:2:36.50	  1.5985495	12/45	6/10	     7	         Y
  0:2:37.372	  1.5985495	12/45	7/10	     8	         Y
  0:2:38.693	  1.5985495	12/45	8/10	     8	         N
  0:2:40.143	  1.5985495	12/45	9/10	     6	         N
  0:2:41.518	  1.5985495	12/45	10/10	     5	         N
  0:2:42.846	  1.4706656	13/45	1/10	     8	         N
  0:2:44.170	  1.4706656	13/45	2/10	     7	         Y
  0:2:45.449	  1.4706656	13/45	3/10	     7	         N
  0:2:46.797	  1.4706656	13/45	4/10	     7	         N
  0:2:48.221	  1.4706656	13/45	5/10	     6	         N
  0:2:49.632	  1.4706656	13/45	6/10	     5	         N
  0:2:50.962	  1.4706656	13/45	7/10	     6	         N
  0:2:52.352	  1.4706656	13/45	8/10	     8	         Y
  0:2:53.713	  1.4706656	13/45	9/10	     6	         Y
  0:2:55.101	  1.4706656	13/45	10/10	     7	         Y
  0:2:56.458	  1.3530123	14/45	1/10	     7	         N
  0:2:57.858	  1.3530123	14/45	2/10	     5	         N
  0:2:59.107	  1.3530123	14/45	3/10	     6	         N
   0:3:0.512	  1.3530123	14/45	4/10	     7	         N
   0:3:1.986	  1.3530123	14/45	5/10	     7	         N
   0:3:3.342	  1.3530123	14/45	6/10	     6	         N
   0:3:4.649	  1.3530123	14/45	7/10	     5	         Y
    0:3:6.19	  1.3530123	14/45	8/10	     7	         Y
   0:3:7.391	  1.3530123	14/45	9/10	     6	         Y
   0:3:8.780	  1.3530123	14/45	10/10	     6	         N
  0:3:10.166	  1.2447713	15/45	1/10	     5	         N
  0:3:11.482	  1.2447713	15/45	2/10	     6	         N
  0:3:12.819	  1.2447713	15/45	3/10	     6	         N
  0:3:14.214	  1.2447713	15/45	4/10	     6	         N
  0:3:15.616	  1.2447713	15/45	5/10	     5	         Y
  0:3:16.983	  1.2447713	15/45	6/10	     6	         Y
  0:3:18.346	  1.2447713	15/45	7/10	     4	         Y
  0:3:19.734	  1.2447713	15/45	8/10	     5	         Y
   0:3:21.80	  1.2447713	15/45	9/10	     6	         Y
  0:3:22.331	  1.2447713	15/45	10/10	     6	         N
  0:3:23.769	  1.1451896	16/45	1/10	     6	         N
    0:3:25.8	  1.1451896	16/45	2/10	     6	         N
  0:3:26.384	  1.1451896	16/45	3/10	     5	         N
  0:3:27.634	  1.1451896	16/45	4/10	     4	         N
   0:3:29.57	  1.1451896	16/45	5/10	     5	         Y
  0:3:30.452	  1.1451896	16/45	6/10	     5	         N
  0:3:31.813	  1.1451896	16/45	7/10	     4	         Y
  0:3:33.207	  1.1451896	16/45	8/10	     3	         Y
  0:3:34.490	  1.1451896	16/45	9/10	     4	         Y
  0:3:35.791	  1.1451896	16/45	10/10	     4	         N
   0:3:37.58	  1.0535744	17/45	1/10	     5	         Y
  0:3:38.417	  1.0535744	17/45	2/10	     3	         N
  0:3:39.731	  1.0535744	17/45	3/10	     7	         Y
  0:3:40.973	  1.0535744	17/45	4/10	     7	         N
  0:3:42.349	  1.0535744	17/45	5/10	     6	         N
  0:3:43.681	  1.0535744	17/45	6/10	     6	         N
   0:3:45.77	  1.0535744	17/45	7/10	     5	         N
  0:3:46.320	  1.0535744	17/45	8/10	     6	         N
  0:3:47.604	  1.0535744	17/45	9/10	     8	         Y
  0:3:48.950	  1.0535744	17/45	10/10	     8	         N
  0:3:50.225	 0.96928849	18/45	1/10	     8	         N
  0:3:51.671	 0.96928849	18/45	2/10	     7	         Y
  0:3:52.983	 0.96928849	18/45	3/10	     6	         Y
  0:3:54.224	 0.96928849	18/45	4/10	     4	         Y
  0:3:55.568	 0.96928849	18/45	5/10	     6	         Y
  0:3:56.916	 0.96928849	18/45	6/10	     6	         N
  0:3:58.390	 0.96928849	18/45	7/10	     3	         N
  0:3:59.729	 0.96928849	18/45	8/10	     5	         Y
   0:4:0.970	 0.96928849	18/45	9/10	     6	         Y
   0:4:2.362	 0.96928849	18/45	10/10	     5	         Y
   0:4:3.640	 0.89174541	19/45	1/10	     4	         Y
   0:4:4.974	 0.89174541	19/45	2/10	     6	         Y
   0:4:6.333	 0.89174541	19/45	3/10	     5	         N
   0:4:7.684	 0.89174541	19/45	4/10	     7	         Y
    0:4:9.16	 0.89174541	19/45	5/10	     6	         Y
  0:4:10.284	 0.89174541	19/45	6/10	     5	         N
  0:4:11.547	 0.89174541	19/45	7/10	     4	         N
  0:4:12.797	 0.89174541	19/45	8/10	     7	         Y
   0:4:14.98	 0.89174541	19/45	9/10	     7	         N
  0:4:15.450	 0.89174541	19/45	10/10	     7	         N
  0:4:16.716	 0.82040578	20/45	1/10	     6	         N
   0:4:18.67	 0.82040578	20/45	2/10	     5	         N
  0:4:19.460	 0.82040578	20/45	3/10	     7	         N
  0:4:20.721	 0.82040578	20/45	4/10	     5	         Y
   0:4:22.68	 0.82040578	20/45	5/10	     5	         N
  0:4:23.538	 0.82040578	20/45	6/10	     5	         N
  0:4:24.901	 0.82040578	20/45	7/10	     8	         Y
  0:4:26.238	 0.82040578	20/45	8/10	     7	         N
  0:4:27.567	 0.82040578	20/45	9/10	     9	         Y
  0:4:28.991	 0.82040578	20/45	10/10	     6	         N
  0:4:30.303	 0.75477332	21/45	1/10	     6	         N
  0:4:31.710	 0.75477332	21/45	2/10	     7	         N
   0:4:33.54	 0.75477332	21/45	3/10	     6	         N
  0:4:34.392	 0.75477332	21/45	4/10	     6	         N
  0:4:35.775	 0.75477332	21/45	5/10	     9	         N
  0:4:37.122	 0.75477332	21/45	6/10	     9	         N
  0:4:38.591	 0.75477332	21/45	7/10	     7	         N
  0:4:39.923	 0.75477332	21/45	8/10	     7	         N
  0:4:41.343	 0.75477332	21/45	9/10	     7	         N
  0:4:42.643	 0.75477332	21/45	10/10	     6	         N
   0:4:44.66	 0.69439145	22/45	1/10	     3	         N
  0:4:45.359	 0.69439145	22/45	2/10	     6	         N
  0:4:46.659	 0.69439145	22/45	3/10	     7	         N
   0:4:48.10	 0.69439145	22/45	4/10	     5	         Y
  0:4:49.334	 0.69439145	22/45	5/10	     3	         N
  0:4:50.669	 0.69439145	22/45	6/10	     5	         N
   0:4:52.98	 0.69439145	22/45	7/10	     4	         Y
  0:4:53.365	 0.69439145	22/45	8/10	     4	         N
  0:4:54.683	 0.69439145	22/45	9/10	     3	         N
  0:4:55.939	 0.69439145	22/45	10/10	     6	         Y
  0:4:57.234	 0.63884014	23/45	1/10	     7	         Y
  0:4:58.519	 0.63884014	23/45	2/10	     7	         N
  0:4:59.809	 0.63884014	23/45	3/10	     7	         N
   0:5:1.198	 0.63884014	23/45	4/10	     6	         N
   0:5:2.501	 0.63884014	23/45	5/10	     4	         N
   0:5:3.772	 0.63884014	23/45	6/10	     9	         Y
   0:5:5.133	 0.63884014	23/45	7/10	     8	         Y
   0:5:6.499	 0.63884014	23/45	8/10	     6	         N
   0:5:7.735	 0.63884014	23/45	9/10	     6	         N
   0:5:9.172	 0.63884014	23/45	10/10	     7	         N
  0:5:10.458	 0.58773292	24/45	1/10	     7	         Y
  0:5:11.859	 0.58773292	24/45	2/10	    10	         Y
  0:5:13.224	 0.58773292	24/45	3/10	     6	         N
  0:5:14.508	 0.58773292	24/45	4/10	     7	         N
  0:5:15.915	 0.58773292	24/45	5/10	     6	         N
  0:5:17.346	 0.58773292	24/45	6/10	     6	         N
  0:5:18.679	 0.58773292	24/45	7/10	     8	         N
  0:5:19.969	 0.58773292	24/45	8/10	     8	         N
  0:5:21.272	 0.58773292	24/45	9/10	     6	         N
  0:5:22.636	 0.58773292	24/45	10/10	     8	         N
  0:5:23.920	 0.54071429	25/45	1/10	     5	         N
  0:5:25.209	 0.54071429	25/45	2/10	     6	         N
  0:5:26.561	 0.54071429	25/45	3/10	     7	         N
  0:5:27.891	 0.54071429	25/45	4/10	     6	         N
  0:5:29.142	 0.54071429	25/45	5/10	     6	         N
  0:5:30.459	 0.54071429	25/45	6/10	     9	         Y
  0:5:31.796	 0.54071429	25/45	7/10	     8	         N
  0:5:33.131	 0.54071429	25/45	8/10	     5	         N
  0:5:34.459	 0.54071429	25/45	9/10	     8	         Y
  0:5:35.912	 0.54071429	25/45	10/10	     7	         N
  0:5:37.255	 0.49745715	26/45	1/10	     6	         N
  0:5:38.721	 0.49745715	26/45	2/10	     8	         N
  0:5:39.987	 0.49745715	26/45	3/10	     6	         N
  0:5:41.333	 0.49745715	26/45	4/10	     8	         N
  0:5:42.655	 0.49745715	26/45	5/10	     6	         N
  0:5:44.111	 0.49745715	26/45	6/10	     7	         N
  0:5:45.494	 0.49745715	26/45	7/10	     9	         Y
  0:5:46.748	 0.49745715	26/45	8/10	     7	         N
  0:5:47.996	 0.49745715	26/45	9/10	     6	         N
  0:5:49.309	 0.49745715	26/45	10/10	     6	         N
  0:5:50.608	 0.45766058	27/45	1/10	     4	         N
   0:5:52.14	 0.45766058	27/45	2/10	     5	         N
  0:5:53.409	 0.45766058	27/45	3/10	     6	         N
  0:5:54.702	 0.45766058	27/45	4/10	     6	         N
   0:5:56.54	 0.45766058	27/45	5/10	     6	         N
  0:5:57.291	 0.45766058	27/45	6/10	     8	         Y
  0:5:58.609	 0.45766058	27/45	7/10	     6	         N
    0:6:0.34	 0.45766058	27/45	8/10	     7	         N
   0:6:1.371	 0.45766058	27/45	9/10	     8	         N
   0:6:2.745	 0.45766058	27/45	10/10	     6	         Y
   0:6:4.118	 0.42104773	28/45	1/10	     5	         Y
   0:6:5.400	 0.42104773	28/45	2/10	     7	         Y
   0:6:6.764	 0.42104773	28/45	3/10	     5	         N
   0:6:8.100	 0.42104773	28/45	4/10	     5	         N
   0:6:9.472	 0.42104773	28/45	5/10	     7	         N
  0:6:10.791	 0.42104773	28/45	6/10	     6	         N
   0:6:12.83	 0.42104773	28/45	7/10	     3	         N
  0:6:13.473	 0.42104773	28/45	8/10	     8	         Y
  0:6:14.790	 0.42104773	28/45	9/10	     7	         N
   0:6:16.60	 0.42104773	28/45	10/10	     7	         N
  0:6:17.401	 0.38736391	29/45	1/10	     5	         N
  0:6:18.759	 0.38736391	29/45	2/10	     6	         N
  0:6:20.116	 0.38736391	29/45	3/10	     6	         N
  0:6:21.571	 0.38736391	29/45	4/10	     4	         N
  0:6:22.993	 0.38736391	29/45	5/10	     7	         N
  0:6:24.289	 0.38736391	29/45	6/10	     5	         N
  0:6:25.643	 0.38736391	29/45	7/10	     6	         N
   0:6:27.83	 0.38736391	29/45	8/10	     8	         N
  0:6:28.409	 0.38736391	29/45	9/10	     5	         N
  0:6:29.789	 0.38736391	29/45	10/10	     7	         N
  0:6:31.187	  0.3563748	30/45	1/10	     6	         N
  0:6:32.563	  0.3563748	30/45	2/10	     5	         N
  0:6:33.908	  0.3563748	30/45	3/10	     4	         N
  0:6:35.174	  0.3563748	30/45	4/10	     6	         N
  0:6:36.564	  0.3563748	30/45	5/10	     8	         N
  0:6:37.911	  0.3563748	30/45	6/10	     6	         N
  0:6:39.280	  0.3563748	30/45	7/10	     6	         N
  0:6:40.647	  0.3563748	30/45	8/10	     5	         N
   0:6:42.14	  0.3563748	30/45	9/10	     5	         N
  0:6:43.355	  0.3563748	30/45	10/10	     7	         N
  0:6:44.725	 0.32786481	31/45	1/10	     7	         N
  0:6:46.179	 0.32786481	31/45	2/10	     7	         N
  0:6:47.596	 0.32786481	31/45	3/10	     5	         N
  0:6:48.918	 0.32786481	31/45	4/10	     5	         N
  0:6:50.346	 0.32786481	31/45	5/10	     6	         N
  0:6:51.634	 0.32786481	31/45	6/10	     6	         N
  0:6:52.946	 0.32786481	31/45	7/10	     6	         N
  0:6:54.264	 0.32786481	31/45	8/10	     5	         N
  0:6:55.594	 0.32786481	31/45	9/10	     6	         N
  0:6:56.894	 0.32786481	31/45	10/10	     7	         N
  0:6:58.291	 0.30163563	32/45	1/10	     4	         N
  0:6:59.543	 0.30163563	32/45	2/10	     5	         N
   0:7:0.887	 0.30163563	32/45	3/10	     6	         N
   0:7:2.117	 0.30163563	32/45	4/10	     8	         N
   0:7:3.491	 0.30163563	32/45	5/10	     7	         N
   0:7:4.804	 0.30163563	32/45	6/10	     6	         N
   0:7:6.136	 0.30163563	32/45	7/10	     7	         N
   0:7:7.471	 0.30163563	32/45	8/10	     5	         N
   0:7:8.881	 0.30163563	32/45	9/10	     5	         N
  0:7:10.208	 0.30163563	32/45	10/10	     6	         N
  0:7:11.483	 0.27750478	33/45	1/10	     8	         N
  0:7:12.881	 0.27750478	33/45	2/10	     5	         N
  0:7:14.240	 0.27750478	33/45	3/10	     7	         Y
  0:7:15.479	 0.27750478	33/45	4/10	     8	         Y
  0:7:16.873	 0.27750478	33/45	5/10	     5	         N
  0:7:18.307	 0.27750478	33/45	6/10	     6	         N
  0:7:19.711	 0.27750478	33/45	7/10	     7	         N
  0:7:21.121	 0.27750478	33/45	8/10	     8	         N
  0:7:22.451	 0.27750478	33/45	9/10	     6	         N
  0:7:23.742	 0.27750478	33/45	10/10	     6	         N
  0:7:25.163	  0.2553044	34/45	1/10	     8	         N
  0:7:26.648	  0.2553044	34/45	2/10	     7	         N
  0:7:27.947	  0.2553044	34/45	3/10	     5	         N
  0:7:29.382	  0.2553044	34/45	4/10	     9	         Y
  0:7:30.710	  0.2553044	34/45	5/10	     6	         N
  0:7:31.969	  0.2553044	34/45	6/10	     6	         N
  0:7:33.332	  0.2553044	34/45	7/10	     7	         N
  0:7:34.670	  0.2553044	34/45	8/10	    10	         Y
   0:7:36.74	  0.2553044	34/45	9/10	     8	         N
  0:7:37.321	  0.2553044	34/45	10/10	     8	         N
  0:7:38.758	 0.23488004	35/45	1/10	     7	         N
  0:7:40.186	 0.23488004	35/45	2/10	     9	         N
  0:7:41.475	 0.23488004	35/45	3/10	     6	         N
  0:7:42.919	 0.23488004	35/45	4/10	     9	         N
  0:7:44.226	 0.23488004	35/45	5/10	     9	         N
  0:7:45.464	 0.23488004	35/45	6/10	     6	         N
  0:7:46.793	 0.23488004	35/45	7/10	     5	         N
  0:7:48.178	 0.23488004	35/45	8/10	     6	         N
  0:7:49.503	 0.23488004	35/45	9/10	     9	         N
  0:7:50.848	 0.23488004	35/45	10/10	     6	         N
  0:7:52.162	 0.21608964	36/45	1/10	     6	         N
  0:7:53.505	 0.21608964	36/45	2/10	     8	         N
  0:7:54.919	 0.21608964	36/45	3/10	     8	         N
  0:7:56.194	 0.21608964	36/45	4/10	     6	         N
  0:7:57.645	 0.21608964	36/45	5/10	     8	         N
  0:7:58.982	 0.21608964	36/45	6/10	     8	         N
   0:8:0.263	 0.21608964	36/45	7/10	     9	         N
   0:8:1.671	 0.21608964	36/45	8/10	     9	         N
   0:8:3.121	 0.21608964	36/45	9/10	     8	         N
   0:8:4.395	 0.21608964	36/45	10/10	     5	         N
   0:8:5.720	 0.19880247	37/45	1/10	     6	         N
   0:8:7.133	 0.19880247	37/45	2/10	     8	         N
   0:8:8.407	 0.19880247	37/45	3/10	     7	         N
   0:8:9.727	 0.19880247	37/45	4/10	     6	         N
   0:8:11.72	 0.19880247	37/45	5/10	     6	         N
  0:8:12.503	 0.19880247	37/45	6/10	     5	         N
  0:8:13.967	 0.19880247	37/45	7/10	     6	         N
  0:8:15.252	 0.19880247	37/45	8/10	     7	         N
  0:8:16.554	 0.19880247	37/45	9/10	    11	         Y
  0:8:17.856	 0.19880247	37/45	10/10	     6	         N
  0:8:19.187	 0.18289827	38/45	1/10	     7	         N
  0:8:20.530	 0.18289827	38/45	2/10	     8	         N
  0:8:21.794	 0.18289827	38/45	3/10	     8	         N
  0:8:23.231	 0.18289827	38/45	4/10	    10	         N
  0:8:24.548	 0.18289827	38/45	5/10	     9	         N
  0:8:25.914	 0.18289827	38/45	6/10	     8	         N
  0:8:27.157	 0.18289827	38/45	7/10	    10	         N
  0:8:28.477	 0.18289827	38/45	8/10	     6	         N
  0:8:29.801	 0.18289827	38/45	9/10	     8	         N
   0:8:31.56	 0.18289827	38/45	10/10	     7	         N
  0:8:32.450	 0.16826641	39/45	1/10	     8	         N
  0:8:33.690	 0.16826641	39/45	2/10	     7	         N
   0:8:35.11	 0.16826641	39/45	3/10	     7	         N
  0:8:36.317	 0.16826641	39/45	4/10	     8	         N
  0:8:37.555	 0.16826641	39/45	5/10	    10	         N
  0:8:38.976	 0.16826641	39/45	6/10	     8	         N
  0:8:40.294	 0.16826641	39/45	7/10	     8	         N
  0:8:41.578	 0.16826641	39/45	8/10	     8	         N
  0:8:42.985	 0.16826641	39/45	9/10	     8	         N
  0:8:44.336	 0.16826641	39/45	10/10	     7	         N
  0:8:45.785	  0.1548051	40/45	1/10	     9	         N
  0:8:47.122	  0.1548051	40/45	2/10	     9	         N
  0:8:48.522	  0.1548051	40/45	3/10	     8	         N
  0:8:49.819	  0.1548051	40/45	4/10	     7	         N
  0:8:51.135	  0.1548051	40/45	5/10	     9	         N
  0:8:52.379	  0.1548051	40/45	6/10	     8	         N
  0:8:53.661	  0.1548051	40/45	7/10	     8	         N
   0:8:55.26	  0.1548051	40/45	8/10	     7	         N
  0:8:56.402	  0.1548051	40/45	9/10	     8	         N
  0:8:57.866	  0.1548051	40/45	10/10	     6	         N
  0:8:59.187	 0.14242069	41/45	1/10	     7	         N
   0:9:0.498	 0.14242069	41/45	2/10	     8	         N
   0:9:1.866	 0.14242069	41/45	3/10	     7	         N
   0:9:3.285	 0.14242069	41/45	4/10	     9	         N
   0:9:4.607	 0.14242069	41/45	5/10	     8	         N
   0:9:5.907	 0.14242069	41/45	6/10	     9	         N
   0:9:7.261	 0.14242069	41/45	7/10	     6	         N
   0:9:8.518	 0.14242069	41/45	8/10	     8	         N
   0:9:9.944	 0.14242069	41/45	9/10	    10	         N
  0:9:11.266	 0.14242069	41/45	10/10	     9	         N
  0:9:12.563	 0.13102703	42/45	1/10	     7	         N
  0:9:13.849	 0.13102703	42/45	2/10	     9	         N
  0:9:15.173	 0.13102703	42/45	3/10	     8	         N
  0:9:16.442	 0.13102703	42/45	4/10	     7	         N
  0:9:17.907	 0.13102703	42/45	5/10	     9	         N
  0:9:19.218	 0.13102703	42/45	6/10	     7	         N
  0:9:20.520	 0.13102703	42/45	7/10	     8	         N
  0:9:21.793	 0.13102703	42/45	8/10	     7	         N
  0:9:23.151	 0.13102703	42/45	9/10	     7	         N
  0:9:24.490	 0.13102703	42/45	10/10	     9	         N
  0:9:25.749	 0.12054487	43/45	1/10	     9	         N
   0:9:27.11	 0.12054487	43/45	2/10	    10	         N
  0:9:28.387	 0.12054487	43/45	3/10	    11	         N
  0:9:29.766	 0.12054487	43/45	4/10	     7	         N
  0:9:31.108	 0.12054487	43/45	5/10	     9	         N
  0:9:32.389	 0.12054487	43/45	6/10	     9	         N
  0:9:33.687	 0.12054487	43/45	7/10	     8	         N
  0:9:34.938	 0.12054487	43/45	8/10	     7	         N
  0:9:36.357	 0.12054487	43/45	9/10	     7	         N
  0:9:37.716	 0.12054487	43/45	10/10	     6	         N
   0:9:39.76	 0.11090128	44/45	1/10	     6	         N
  0:9:40.528	 0.11090128	44/45	2/10	     6	         N
  0:9:41.844	 0.11090128	44/45	3/10	     5	         N
  0:9:43.118	 0.11090128	44/45	4/10	     6	         N
  0:9:44.417	 0.11090128	44/45	5/10	     8	         N
  0:9:45.751	 0.11090128	44/45	6/10	     9	         N
  0:9:47.130	 0.11090128	44/45	7/10	     6	         N
  0:9:48.416	 0.11090128	44/45	8/10	     6	         N
  0:9:49.809	 0.11090128	44/45	9/10	     7	         N
   0:9:51.67	 0.11090128	44/45	10/10	     8	         N
  0:9:52.484	 0.10202918	45/45	1/10	     7	         N
  0:9:53.805	 0.10202918	45/45	2/10	     8	         N
   0:9:55.86	 0.10202918	45/45	3/10	     6	         N
  0:9:56.436	 0.10202918	45/45	4/10	     6	         N
  0:9:57.740	 0.10202918	45/45	5/10	     7	         N
   0:9:59.25	 0.10202918	45/45	6/10	     7	         N
  0:10:0.481	 0.10202918	45/45	7/10	     7	         N
  0:10:1.813	 0.10202918	45/45	8/10	     6	         N
  0:10:3.134	 0.10202918	45/45	9/10	     7	         N
  0:10:4.506	 0.10202918	45/45	10/10	     7	         N
Final objective: 11