166	12	231	125	53	216	216	160	245	160	2	0
166	51	17	55	212	111	231	160	245	160	2	0
219	24	147	55	212	216	216	160	61	205	2	0
206	0	17	182	89	188	111	37	78	189	2	0
206	51	216	182	10	188	216	37	64	189	2	0
219	190	216	182	219	138	216	160	78	84	2	0
219	24	190	55	10	111	88	171	78	84	2	0
219	0	147	44	89	138	88	37	78	160	2	0
219	12	190	151	53	111	216	171	153	190	2	0
206	0	231	125	53	138	231	211	78	205	2	0
199	24	147	111	53	176	111	167	61	172	2	4325376
166	254	17	22	185	138	232	17	78	172	2	0
191	12	17	186	53	216	230	211	78	61	2	134217728
159	0	147	118	185	216	137	211	224	172	2	2147483647
166	0	216	186	185	176	111	211	61	164	2	0
191	59	216	118	78	207	111	148	61	205	2	0
166	24	216	125	78	207	111	128	224	61	2	0
166	12	231	118	53	138	137	128	21	61	2	0
191	12	134	186	219	176	230	17	61	205	2	16
159	0	216	125	212	255	230	17	21	164	2	536870912
165	223	17	171	53	138	105	167	78	84	2	0
54	223	147	93	123	216	105	167	43	61	2	8
151	12	147	93	123	176	71	167	21	239	2	0
135	0	147	125	56	176	71	167	78	84	2	6400
54	59	17	171	123	176	173	148	162	239	2	0
135	59	147	93	6	138	173	147	43	84	2	16
120	60	17	28	6	138	105	1	43	84	2	0
135	0	102	125	56	176	198	128	139	84	2	0
135	60	231	171	56	255	71	148	78	84	2	0
135	59	231	118	53	207	89	128	43	164	2	0
120	60	231	160	53	207	173	147	43	226	2	16
6	12	17	75	123	207	105	1	151	239	2	0
120	60	17	75	56	207	196	168	139	61	2	0
180	8	216	28	210	207	173	168	151	61	2	0
6	8	231	28	56	176	71	213	151	226	2	0
6	8	17	160	210	252	67	147	151	172	2	0
120	8	102	68	210	255	173	147	43	239	2	0
54	8	17	28	123	252	196	167	43	124	2	0
151	60	231	28	56	255	71	147	151	172	2	0
151	171	147	75	56	138	196	1	43	226	2	0
120	223	246	96	7	31	198	187	44	61	2	0
54	11	231	28	123	216	89	0	162	172	2	67108864
165	60	246	29	53	203	23	0	44	61	2	0
165	60	231	125	56	216	166	0	78	167	2	0
151	11	137	125	210	31	33	167	44	61	2	512
120	223	231	41	210	215	166	64	139	213	2	0
165	6	216	29	123	31	166	167	157	61	2	16384
54	11	216	41	56	144	33	0	44	61	2	0
54	223	137	41	53	215	89	187	78	167	2	0
120	11	137	41	210	31	23	210	162	167	2	0
166	11	216	96	123	216	219	70	203	47	2	536870912
143	11	139	28	134	216	166	167	162	71	2	0
112	0	216	41	134	203	166	70	157	172	2	0
143	11	216	96	206	216	43	70	162	179	2	2
143	0	216	29	61	210	198	64	162	213	2	128
118	44	48	41	206	216	166	64	52	213	2	0
166	0	246	41	61	203	219	187	78	71	2	0
112	6	231	28	61	216	198	70	78	71	2	0
112	218	246	41	134	216	23	187	203	213	2	0
118	218	48	41	61	216	198	187	203	213	2	0
54	58	246	120	83	231	33	208	146	229	2	0
54	223	36	124	56	231	33	64	153	126	2	268435456
149	58	36	104	7	250	54	187	146	229	2	536870912
120	11	246	63	56	203	194	135	44	229	2	0
179	6	231	104	54	250	33	0	153	126	2	0
23	11	246	120	83	144	89	64	146	172	2	0
54	48	246	124	83	144	54	187	153	229	2	67108864
23	223	36	63	54	31	23	187	146	126	2	1073741824
179	223	231	104	83	203	89	208	146	213	2	0
149	58	216	124	83	144	33	187	13	229	2	64
23	58	231	100	83	203	18	16	133	213	2	0
81	11	36	97	48	250	18	220	152	160	2	0
60	48	231	97	39	39	18	139	152	160	2	16
81	66	216	63	34	39	150	16	133	213	2	0
60	58	216	100	83	203	33	139	139	160	2	0
247	11	231	97	34	39	18	139	152	166	2	0
54	94	231	92	48	144	206	88	172	166	2	0
54	94	36	63	48	39	206	16	139	166	2	262144
247	58	231	187	34	144	33	88	139	166	2	0
23	94	231	63	83	144	150	58	152	246	2	0
179	6	39	120	42	144	23	235	139	117	2	0
114	199	36	120	7	13	194	0	44	136	2	67108864
114	58	216	124	7	231	33	0	44	151	2	0
114	48	246	124	83	11	24	104	76	213	2	1024
179	58	216	253	42	250	23	104	44	213	2	0
23	58	36	253	115	144	23	235	44	213	2	0
54	48	137	63	39	250	33	104	146	136	2	0
179	199	137	63	39	250	23	235	146	117	2	0
23	48	137	124	39	13	194	235	44	213	2	4194304
23	58	39	124	83	13	23	6	146	213	2	0
23	58	242	120	7	231	23	128	146	213	2	0
23	223	216	124	83	91	54	204	13	229	2	16384
54	223	103	120	54	144	48	187	143	78	2	0
23	208	100	220	7	250	54	0	44	213	2	0
23	58	242	220	7	250	89	128	13	78	2	0
54	223	216	220	83	250	89	0	13	172	2	0
23	58	137	104	7	250	54	204	146	213	2	0
24	208	103	220	112	31	23	0	137	172	2	16384
175	6	137	63	83	144	89	128	137	167	2	0
24	6	242	63	7	250	89	204	137	213	2	0
23	240	216	63	83	144	13	208	146	172	2	0
232	6	137	63	18	170	214	64	153	213	2	0
5	240	198	120	56	144	13	208	163	229	2	0
54	223	198	124	83	170	91	64	163	229	2	0
23	11	36	124	56	141	13	142	153	229	2	0
182	11	36	63	13	141	227	64	146	229	2	1073741824
5	240	36	253	18	170	91	187	44	175	2	0
232	6	36	253	56	141	91	144	163	229	2	0
182	6	216	63	13	144	227	187	153	172	2	0
23	223	137	120	13	144	59	142	163	172	2	0
117	6	9	40	54	231	194	130	146	53	2	0
166	95	53	220	87	231	79	64	44	126	2	0
166	48	245	124	54	15	79	253	44	229	2	0
240	6	226	122	54	231	48	64	191	229	2	67108864
166	48	245	124	87	249	39	64	146	126	2	0
1	58	9	124	54	144	48	135	44	186	2	0
117	58	53	124	87	207	194	130	153	186	2	131072
240	58	9	63	87	249	39	130	44	186	2	0
1	48	9	40	54	207	194	244	146	53	2	0
179	58	9	63	8	231	194	130	153	126	2	0
54	58	13	253	22	20	214	64	200	196	2	0
179	43	220	73	107	231	1	251	153	196	2	0
23	43	220	175	107	144	54	251	200	196	2	0
179	43	13	175	19	250	89	251	13	167	2	0
179	58	13	253	19	203	89	198	153	141	2	0
179	158	13	73	107	203	65	198	153	229	2	0
23	58	220	253	126	231	89	251	44	229	2	0
120	6	220	188	22	20	65	64	149	167	2	0
179	158	220	188	19	20	1	198	153	167	2	0
179	24	36	253	126	250	214	64	149	141	2	33554432
180	8	218	232	99	144	214	135	153	114	2	0
97	6	246	120	99	155	43	135	153	160	2	256
180	207	116	253	7	144	89	0	143	160	2	0
214	6	189	232	56	144	214	0	153	167	2	0
179	8	116	253	7	144	6	183	153	167	2	0
214	8	246	84	83	231	6	183	143	167	2	0
38	207	116	253	83	144	89	135	164	213	2	1048592
180	8	245	253	56	155	226	208	153	172	2	16
180	6	189	84	99	31	226	88	139	160	2	0
180	6	218	51	56	155	6	208	146	114	2	1024
197	6	245	124	22	250	89	213	146	126	2	0
15	40	216	253	83	67	33	131	146	126	2	65536
120	139	245	120	83	31	54	213	29	167	2	67108864
179	58	53	120	83	31	33	131	139	126	2	67108864
197	40	53	124	102	152	23	135	216	172	2	0
15	40	245	253	83	31	33	213	216	213	2	0
54	87	246	120	83	152	54	64	60	167	2	0
54	87	245	98	83	231	23	135	29	213	2	0
54	87	141	253	83	67	197	135	60	167	2	0
197	40	141	124	102	67	197	213	29	213	2	0
7	48	209	124	216	203	54	72	43	221	2	2048
179	40	137	245	7	138	54	72	13	100	2	0
7	58	231	245	7	203	107	235	156	132	2	16
51	6	137	124	7	231	107	135	128	173	2	0
159	40	246	63	54	206	33	135	128	145	2	131072
159	223	209	97	54	138	23	74	156	173	2	0
112	48	209	97	216	231	33	235	156	145	2	0
7	223	231	97	7	138	107	208	156	132	2	0
51	40	231	124	54	31	194	235	182	145	2	0
112	223	231	63	7	206	54	74	156	173	2	0
120	6	147	124	47	250	33	76	108	213	2	0
139	223	231	126	54	166	49	0	139	126	2	0
23	11	216	124	56	31	17	187	13	37	2	0
34	223	39	54	83	166	33	208	139	213	2	0
34	58	216	124	83	31	146	0	13	204	2	0
34	11	212	253	47	144	33	208	108	238	2	64
34	58	147	126	83	31	146	0	153	213	2	0
34	6	231	54	56	31	33	0	108	126	2	67108864
23	48	212	124	83	144	146	208	108	37	2	64
34	48	231	124	83	203	33	208	139	126	2	0
54	74	216	59	7	144	81	187	17	143	2	0
179	58	216	59	152	231	128	195	44	229	2	0
88	114	137	104	90	234	128	195	44	143	2	0
23	23	231	59	90	231	89	132	146	126	2	67108928
179	74	246	125	152	231	81	208	44	229	2	0
54	23	103	125	54	250	32	195	13	126	2	0
54	158	137	120	152	20	128	132	13	126	2	0
54	58	103	104	7	250	128	1	13	229	2	8192
54	74	216	120	54	250	32	132	154	172	2	0
88	114	216	120	88	20	32	132	154	210	2	0
179	11	246	60	88	154	121	152	219	126	2	0
120	223	216	112	88	161	146	135	219	241	2	0
173	6	216	112	143	239	121	135	143	204	2	0
179	58	165	43	143	231	16	135	13	204	2	2147483647
173	11	165	60	143	231	23	64	13	245	2	0
179	115	216	112	88	31	54	64	146	245	2	0
87	58	165	43	54	31	146	135	143	241	2	0
87	115	137	120	56	239	54	135	61	241	2	0
120	223	137	93	88	239	16	32	146	126	2	0
179	223	137	120	88	31	23	152	219	245	2	0
55	6	231	93	7	20	36	187	130	167	2	0
242	59	243	95	90	203	90	187	205	213	2	0
23	6	216	60	90	238	23	187	163	255	2	0
213	205	216	80	90	20	36	0	130	229	2	4194304
242	205	243	95	7	20	23	160	130	213	2	0
242	25	103	60	88	203	90	197	205	204	2	128
213	48	216	60	88	203	224	160	221	213	2	0
213	25	243	44	7	144	23	197	221	255	2	0
23	48	103	95	126	250	23	160	221	204	2	0
55	25	8	95	90	20	36	0	221	204	2	0
179	223	246	55	186	203	89	187	204	126	2	33554432
7	18	246	120	186	122	84	208	146	245	2	1073741824
149	187	236	120	83	122	84	208	153	135	2	0
115	187	236	124	83	122	178	147	137	245	2	0
149	187	214	55	178	203	193	187	146	135	2	0
179	6	236	241	186	254	33	208	13	135	2	0
115	48	246	120	178	203	178	0	204	245	2	0
115	18	246	124	186	203	178	67	137	172	2	0
23	187	137	55	83	144	178	187	13	229	2	0
179	223	36	241	186	122	89	67	146	126	2	67108864
29	144	36	124	36	243	120	163	139	196	2	1073741824
54	223	204	253	47	203	33	4	44	213	2	0
29	223	144	80	83	31	196	204	13	228	2	0
54	223	245	120	83	249	196	178	44	59	2	0
60	11	36	120	47	177	196	204	139	213	2	0
60	144	36	120	83	249	120	4	139	226	2	0
60	223	204	80	83	177	54	204	17	226	2	0
54	6	246	120	36	203	120	163	139	226	2	0
179	40	204	80	0	203	33	204	146	228	2	0
29	6	204	120	0	31	196	163	146	196	2	0
184	78	201	120	7	250	219	72	13	95	2	0
184	35	202	197	7	119	113	72	8	95	2	16777216
23	55	202	126	83	119	219	50	163	157	2	0
240	78	201	120	83	203	113	135	13	166	2	0
149	35	201	120	54	144	89	50	163	157	2	1048576
44	78	202	13	56	119	219	50	141	95	2	2048
149	199	36	104	83	203	219	72	8	166	2	0
240	35	201	126	56	31	89	50	176	166	2	4096
23	117	202	126	83	203	219	50	176	95	2	32768
44	117	246	104	7	31	113	191	163	166	2	0
154	35	36	126	83	203	64	81	24	229	2	0
23	31	244	136	56	136	81	225	24	172	2	2147483647
62	117	202	110	71	31	113	191	231	167	2	0
210	222	227	136	56	31	113	81	231	157	2	0
154	117	244	136	79	203	64	225	231	172	2	0
154	78	232	136	56	250	113	112	13	172	2	32
210	35	36	110	83	250	64	112	50	167	2	67108864
62	78	244	25	79	136	64	81	24	167	2	0
167	222	232	126	83	69	113	135	24	229	2	0
210	117	202	25	56	69	64	135	141	229	2	0
240	52	202	104	90	185	65	72	157	143	2	0
177	55	202	114	90	102	219	176	141	229	2	0
57	52	201	28	90	144	123	135	166	166	2	0
44	55	201	104	99	203	123	176	171	135	2	0
44	35	201	114	17	102	123	225	157	95	2	4
57	196	202	104	99	31	65	225	171	143	2	0
177	87	231	106	99	203	119	135	166	135	2	0
177	87	202	195	90	144	119	225	171	135	2	0
240	52	201	104	90	102	119	225	30	229	2	0
23	52	36	114	99	203	123	171	157	135	2	0
76	21	36	104	83	31	219	225	148	55	2	0
216	35	190	126	51	184	0	124	148	229	2	0
216	35	226	197	54	144	113	135	128	95	2	68159488
23	143	9	197	89	203	219	135	163	157	2	33554432
216	35	226	104	89	31	24	124	13	55	2	1024
156	117	190	104	83	144	24	141	88	146	2	0
156	117	226	104	54	31	113	50	148	95	2	0
156	78	9	13	51	119	219	124	88	95	2	67108864
216	143	226	116	83	144	81	50	128	157	2	0
156	117	190	116	89	119	113	141	13	55	2	134217728
158	143	202	78	89	254	0	225	148	69	2	0
110	69	190	157	83	31	233	124	27	139	2	16384
23	35	36	44	89	103	233	165	229	95	2	0
23	71	36	116	184	254	113	141	27	157	2	4194304
23	39	234	116	89	203	113	58	229	69	2	1073741824
23	71	234	193	184	254	81	225	148	69	2	0
158	143	190	157	117	103	113	141	148	95	2	0
72	39	190	116	83	254	81	225	27	21	2	0
110	39	9	78	83	31	24	225	88	69	2	0
156	71	36	193	117	103	81	58	27	21	2	1024
18	35	198	13	23	144	249	45	185	146	2	2147483647
156	143	202	107	83	144	249	45	88	229	2	536870912
156	21	62	107	51	184	27	62	176	157	2	0
156	78	9	63	51	144	81	62	176	55	2	0
76	21	9	49	23	207	27	225	128	157	2	0
149	21	202	49	23	144	27	181	29	229	2	0
149	78	202	63	121	184	113	26	128	157	2	2147483647
216	78	36	107	51	31	81	45	128	157	2	0
149	78	198	13	23	119	81	62	185	229	2	0
156	35	36	212	121	184	249	26	176	229	2	0
23	17	226	73	2	152	68	59	13	53	2	0
76	127	202	126	56	131	75	62	13	157	2	0
147	93	190	104	89	152	16	201	128	95	2	0
76	17	190	73	2	119	68	62	116	157	2	0
23	143	190	126	182	119	75	199	163	229	2	2147483647
204	93	190	126	89	119	16	62	116	95	2	0
23	93	202	116	89	119	16	62	116	82	2	512
204	49	36	73	2	31	16	141	163	157	2	0
156	17	226	104	83	144	113	201	163	53	2	0
147	49	190	126	83	31	24	62	13	53	2	1048577
85	143	202	109	89	91	14	234	163	127	2	0
216	5	202	116	89	119	81	114	193	95	2	0
216	222	170	116	89	119	113	135	163	146	2	0
23	59	170	131	89	207	96	114	148	236	2	0
133	117	202	131	51	119	14	141	105	95	2	0
23	117	126	109	178	91	187	234	163	29	2	0
23	59	9	104	71	144	81	220	13	146	2	0
85	117	28	104	89	207	81	135	13	29	2	0
149	222	9	121	71	207	187	114	105	146	2	0
23	59	202	116	56	119	96	220	193	95	2	8388608
156	117	24	110	41	31	75	135	128	229	2	0
156	35	226	110	41	144	0	225	57	95	2	0
216	35	24	116	41	144	24	124	57	62	2	0
76	74	139	116	41	119	75	225	163	62	2	0
216	74	190	197	61	31	75	135	88	62	2	0
149	31	139	254	99	144	81	53	163	229	2	1073741824
156	35	139	197	41	31	113	225	57	163	2	0
216	31	139	197	99	146	0	124	128	148	2	0
47	175	226	116	61	146	81	153	57	163	2	0
47	117	139	110	61	203	0	135	57	148	2	0
