Initial objective: 5
------------------------------------------------------------------
Elapsed Time	Temperature	Epoch	Trial	Objective	Acceptance
------------------------------------------------------------------
  0:0:27.727	   3.000000	 1/33	 1/10	        5	         Y
  0:0:54.377	   3.000000	 1/33	 2/10	        5	         Y
  0:1:21.168	   3.000000	 1/33	 3/10	        5	         Y
  0:1:48.110	   3.000000	 1/33	 4/10	        5	         Y
   0:2:15.56	   3.000000	 1/33	 5/10	        5	         Y
  0:2:45.271	   3.000000	 1/33	 6/10	        6	         Y
  0:3:15.394	   3.000000	 1/33	 7/10	        5	         N
  0:3:46.954	   3.000000	 1/33	 8/10	        5	         N
  0:4:16.380	   3.000000	 1/33	 9/10	        5	         N
  0:4:46.485	   3.000000	 1/33	10/10	        6	         Y
  0:5:15.698	   2.700000	 2/33	 1/10	        6	         Y
   0:5:45.17	   2.700000	 2/33	 2/10	        5	         N
  0:6:14.106	   2.700000	 2/33	 3/10	        5	         N
  0:6:43.595	   2.700000	 2/33	 4/10	        5	         N
  0:7:13.305	   2.700000	 2/33	 5/10	        5	         N
  0:7:42.972	   2.700000	 2/33	 6/10	        5	         N
  0:8:11.836	   2.700000	 2/33	 7/10	        5	         N
  0:8:40.600	   2.700000	 2/33	 8/10	        5	         N
   0:9:9.724	   2.700000	 2/33	 9/10	        5	         N
  0:9:39.441	   2.700000	 2/33	10/10	        6	         Y
  0:10:8.641	   2.430000	 3/33	 1/10	        5	         N
 0:10:37.530	   2.430000	 3/33	 2/10	        5	         N
  0:11:6.170	   2.430000	 3/33	 3/10	        5	         N
 0:11:42.656	   2.430000	 3/33	 4/10	        6	         Y
 0:12:13.838	   2.430000	 3/33	 5/10	        5	         N
  0:12:45.46	   2.430000	 3/33	 6/10	        5	         N
 0:13:16.932	   2.430000	 3/33	 7/10	        5	         N
 0:13:49.295	   2.430000	 3/33	 8/10	        5	         N
 0:14:21.370	   2.430000	 3/33	 9/10	        5	         N
 0:14:53.177	   2.430000	 3/33	10/10	        5	         N
 0:15:24.558	   2.187000	 4/33	 1/10	        5	         N
 0:15:56.460	   2.187000	 4/33	 2/10	        5	         N
 0:16:28.953	   2.187000	 4/33	 3/10	        6	         Y
 0:16:59.779	   2.187000	 4/33	 4/10	        5	         N
 0:17:33.795	   2.187000	 4/33	 5/10	        5	         N
  0:18:8.147	   2.187000	 4/33	 6/10	        5	         N
 0:18:38.714	   2.187000	 4/33	 7/10	        5	         N
  0:19:9.403	   2.187000	 4/33	 8/10	        5	         N
 0:19:39.898	   2.187000	 4/33	 9/10	        6	         Y
  0:20:8.990	   2.187000	 4/33	10/10	        5	         N
 0:20:40.205	   1.968300	 5/33	 1/10	        5	         N
 0:21:15.297	   1.968300	 5/33	 2/10	        6	         Y
 0:21:52.394	   1.968300	 5/33	 3/10	        5	         N
 0:22:25.329	   1.968300	 5/33	 4/10	        6	         Y
 0:22:55.733	   1.968300	 5/33	 5/10	        5	         N
 0:23:26.579	   1.968300	 5/33	 6/10	        5	         N
 0:23:56.286	   1.968300	 5/33	 7/10	        5	         N
 0:24:27.522	   1.968300	 5/33	 8/10	        5	         N
  0:24:57.55	   1.968300	 5/33	 9/10	        5	         N
 0:25:26.460	   1.968300	 5/33	10/10	        5	         N
  0:25:55.31	   1.771470	 6/33	 1/10	        5	         N
 0:26:22.768	   1.771470	 6/33	 2/10	        5	         N
 0:26:50.106	   1.771470	 6/33	 3/10	        5	         N
 0:27:17.929	   1.771470	 6/33	 4/10	        5	         N
 0:27:44.997	   1.771470	 6/33	 5/10	        5	         N
 0:28:11.931	   1.771470	 6/33	 6/10	        5	         N
 0:28:38.942	   1.771470	 6/33	 7/10	        5	         N
  0:29:5.794	   1.771470	 6/33	 8/10	        5	         N
 0:29:32.792	   1.771470	 6/33	 9/10	        6	         Y
 0:29:59.520	   1.771470	 6/33	10/10	        6	         Y
 0:30:26.425	   1.594323	 7/33	 1/10	        6	         Y
 0:30:53.310	   1.594323	 7/33	 2/10	        5	         N
  0:31:20.46	   1.594323	 7/33	 3/10	        5	         N
 0:31:46.951	   1.594323	 7/33	 4/10	        5	         N
 0:32:13.855	   1.594323	 7/33	 5/10	        5	         N
 0:32:40.980	   1.594323	 7/33	 6/10	        5	         N
  0:33:7.860	   1.594323	 7/33	 7/10	        5	         N
 0:33:34.838	   1.594323	 7/33	 8/10	        6	         Y
  0:34:1.703	   1.594323	 7/33	 9/10	        5	         N
 0:34:28.622	   1.594323	 7/33	10/10	        5	         N
 0:34:55.458	   1.434891	 8/33	 1/10	        5	         N
 0:35:22.384	   1.434891	 8/33	 2/10	        5	         N
 0:35:49.270	   1.434891	 8/33	 3/10	        5	         N
 0:36:16.348	   1.434891	 8/33	 4/10	        5	         N
 0:36:43.337	   1.434891	 8/33	 5/10	        6	         Y
 0:37:10.132	   1.434891	 8/33	 6/10	        5	         N
 0:37:36.944	   1.434891	 8/33	 7/10	        5	         N
  0:38:3.481	   1.434891	 8/33	 8/10	        5	         N
 0:38:30.245	   1.434891	 8/33	 9/10	        5	         N
 0:38:56.837	   1.434891	 8/33	10/10	        5	         N
 0:39:23.459	   1.291402	 9/33	 1/10	        5	         N
 0:39:50.287	   1.291402	 9/33	 2/10	        5	         N
 0:40:16.914	   1.291402	 9/33	 3/10	        5	         N
 0:40:43.556	   1.291402	 9/33	 4/10	        5	         N
 0:41:10.137	   1.291402	 9/33	 5/10	        5	         N
 0:41:36.889	   1.291402	 9/33	 6/10	        5	         N
  0:42:3.669	   1.291402	 9/33	 7/10	        5	         N
 0:42:30.251	   1.291402	 9/33	 8/10	        5	         N
 0:42:56.852	   1.291402	 9/33	 9/10	        5	         N
 0:43:23.619	   1.291402	 9/33	10/10	        5	         N
 0:43:50.264	   1.162261	10/33	 1/10	        5	         N
  0:44:17.13	   1.162261	10/33	 2/10	        5	         N
 0:44:43.750	   1.162261	10/33	 3/10	        5	         N
 0:45:10.486	   1.162261	10/33	 4/10	        5	         N
 0:45:37.368	   1.162261	10/33	 5/10	        5	         N
  0:46:4.109	   1.162261	10/33	 6/10	        5	         N
 0:46:30.869	   1.162261	10/33	 7/10	        5	         N
 0:46:57.634	   1.162261	10/33	 8/10	        5	         N
 0:47:24.297	   1.162261	10/33	 9/10	        5	         N
  0:47:51.39	   1.162261	10/33	10/10	        6	         Y
 0:48:17.908	   1.046035	11/33	 1/10	        5	         N
 0:48:44.573	   1.046035	11/33	 2/10	        5	         N
 0:49:11.237	   1.046035	11/33	 3/10	        5	         N
 0:49:38.100	   1.046035	11/33	 4/10	        5	         N
  0:50:4.802	   1.046035	11/33	 5/10	        5	         N
 0:50:31.576	   1.046035	11/33	 6/10	        5	         N
 0:50:58.333	   1.046035	11/33	 7/10	        5	         N
 0:51:24.989	   1.046035	11/33	 8/10	        5	         N
 0:51:51.710	   1.046035	11/33	 9/10	        5	         N
 0:52:18.350	   1.046035	11/33	10/10	        5	         N
 0:52:44.973	   0.941432	12/33	 1/10	        5	         N
 0:53:11.650	   0.941432	12/33	 2/10	        5	         N
 0:53:38.289	   0.941432	12/33	 3/10	        5	         N
  0:54:4.873	   0.941432	12/33	 4/10	        5	         N
 0:54:31.554	   0.941432	12/33	 5/10	        5	         N
 0:54:58.275	   0.941432	12/33	 6/10	        5	         N
 0:55:24.978	   0.941432	12/33	 7/10	        5	         N
 0:55:51.569	   0.941432	12/33	 8/10	        5	         N
 0:56:18.293	   0.941432	12/33	 9/10	        5	         N
 0:56:45.139	   0.941432	12/33	10/10	        6	         Y
 0:57:11.968	   0.847289	13/33	 1/10	        5	         N
 0:57:38.562	   0.847289	13/33	 2/10	        5	         N
  0:58:5.220	   0.847289	13/33	 3/10	        6	         Y
  0:58:32.98	   0.847289	13/33	 4/10	        5	         N
 0:58:58.861	   0.847289	13/33	 5/10	        6	         Y
 0:59:25.629	   0.847289	13/33	 6/10	        5	         N
 0:59:52.371	   0.847289	13/33	 7/10	        5	         N
  1:0:19.133	   0.847289	13/33	 8/10	        5	         N
  1:0:45.957	   0.847289	13/33	 9/10	        5	         N
  1:1:12.839	   0.847289	13/33	10/10	        5	         N
  1:1:39.691	   0.762560	14/33	 1/10	        5	         N
   1:2:6.457	   0.762560	14/33	 2/10	        5	         N
  1:2:33.102	   0.762560	14/33	 3/10	        6	         Y
  1:2:59.960	   0.762560	14/33	 4/10	        5	         N
  1:3:26.840	   0.762560	14/33	 5/10	        5	         N
  1:3:53.488	   0.762560	14/33	 6/10	        5	         N
  1:4:20.126	   0.762560	14/33	 7/10	        5	         N
  1:4:47.699	   0.762560	14/33	 8/10	        5	         N
  1:5:14.266	   0.762560	14/33	 9/10	        5	         N
  1:5:41.174	   0.762560	14/33	10/10	        5	         N
   1:6:8.174	   0.686304	15/33	 1/10	        5	         N
   1:6:35.46	   0.686304	15/33	 2/10	        5	         N
    1:7:2.91	   0.686304	15/33	 3/10	        5	         N
  1:7:29.151	   0.686304	15/33	 4/10	        5	         N
  1:7:56.144	   0.686304	15/33	 5/10	        6	         Y
   1:8:23.96	   0.686304	15/33	 6/10	        5	         N
  1:8:50.176	   0.686304	15/33	 7/10	        5	         N
  1:9:17.160	   0.686304	15/33	 8/10	        5	         N
   1:9:44.90	   0.686304	15/33	 9/10	        5	         N
 1:10:11.249	   0.686304	15/33	10/10	        5	         N
 1:10:32.894	   0.617674	16/33	 1/10	        5	         N
 1:10:54.659	   0.617674	16/33	 2/10	        5	         N
 1:11:16.623	   0.617674	16/33	 3/10	        5	         N
 1:11:39.981	   0.617674	16/33	 4/10	        5	         N
  1:12:2.647	   0.617674	16/33	 5/10	        5	         N
 1:12:23.735	   0.617674	16/33	 6/10	        5	         N
 1:12:44.433	   0.617674	16/33	 7/10	        5	         N
  1:13:5.123	   0.617674	16/33	 8/10	        5	         N
 1:13:25.896	   0.617674	16/33	 9/10	        5	         N
 1:13:46.591	   0.617674	16/33	10/10	        5	         N
  1:14:7.294	   0.555907	17/33	 1/10	        5	         N
 1:14:27.999	   0.555907	17/33	 2/10	        5	         N
 1:14:48.695	   0.555907	17/33	 3/10	        5	         N
  1:15:9.417	   0.555907	17/33	 4/10	        5	         N
 1:15:30.898	   0.555907	17/33	 5/10	        5	         N
 1:15:51.561	   0.555907	17/33	 6/10	        5	         N
 1:16:12.228	   0.555907	17/33	 7/10	        5	         N
 1:16:47.928	   0.555907	17/33	 8/10	        6	         Y
 1:17:30.450	   0.555907	17/33	 9/10	        5	         N
  1:18:8.926	   0.555907	17/33	10/10	        5	         N
  1:18:51.39	   0.500316	18/33	 1/10	        5	         N
 1:19:27.302	   0.500316	18/33	 2/10	        5	         N
  1:20:6.100	   0.500316	18/33	 3/10	        5	         N
 1:20:26.812	   0.500316	18/33	 4/10	        5	         N
 1:20:47.511	   0.500316	18/33	 5/10	        5	         N
  1:21:8.131	   0.500316	18/33	 6/10	        5	         N
 1:21:28.697	   0.500316	18/33	 7/10	        5	         N
 1:21:53.458	   0.500316	18/33	 8/10	        5	         N
 1:22:18.566	   0.500316	18/33	 9/10	        5	         N
 1:22:40.656	   0.500316	18/33	10/10	        5	         N
  1:23:3.294	   0.450284	19/33	 1/10	        5	         N
 1:23:31.290	   0.450284	19/33	 2/10	        5	         N
 1:23:58.219	   0.450284	19/33	 3/10	        5	         N
 1:24:20.640	   0.450284	19/33	 4/10	        5	         N
 1:24:41.411	   0.450284	19/33	 5/10	        5	         N
  1:25:4.476	   0.450284	19/33	 6/10	        5	         N
   1:25:26.8	   0.450284	19/33	 7/10	        5	         N
 1:25:48.470	   0.450284	19/33	 8/10	        5	         N
 1:26:10.753	   0.450284	19/33	 9/10	        5	         N
 1:26:33.592	   0.450284	19/33	10/10	        6	         Y
  1:26:55.15	   0.405256	20/33	 1/10	        6	         Y
  1:27:16.11	   0.405256	20/33	 2/10	        5	         N
 1:27:37.532	   0.405256	20/33	 3/10	        5	         N
 1:27:58.691	   0.405256	20/33	 4/10	        6	         Y
 1:28:20.739	   0.405256	20/33	 5/10	        5	         N
 1:28:45.671	   0.405256	20/33	 6/10	        6	         Y
 1:29:11.776	   0.405256	20/33	 7/10	        5	         N
 1:29:46.980	   0.405256	20/33	 8/10	        5	         N
 1:30:22.924	   0.405256	20/33	 9/10	        5	         N
 1:30:54.909	   0.405256	20/33	10/10	        5	         N
 1:31:29.504	   0.364730	21/33	 1/10	        5	         N
 1:31:56.287	   0.364730	21/33	 2/10	        5	         N
  1:32:23.88	   0.364730	21/33	 3/10	        5	         N
 1:32:47.216	   0.364730	21/33	 4/10	        5	         N
   1:33:17.3	   0.364730	21/33	 5/10	        5	         N
 1:33:46.723	   0.364730	21/33	 6/10	        5	         N
  1:34:17.21	   0.364730	21/33	 7/10	        5	         N
 1:34:46.272	   0.364730	21/33	 8/10	        5	         N
 1:35:15.970	   0.364730	21/33	 9/10	        5	         N
 1:35:45.112	   0.364730	21/33	10/10	        5	         N
 1:36:11.881	   0.328257	22/33	 1/10	        5	         N
 1:36:33.120	   0.328257	22/33	 2/10	        5	         N
 1:36:54.740	   0.328257	22/33	 3/10	        5	         N
  1:37:16.59	   0.328257	22/33	 4/10	        5	         N
 1:37:37.398	   0.328257	22/33	 5/10	        5	         N
 1:37:58.463	   0.328257	22/33	 6/10	        6	         Y
 1:38:19.778	   0.328257	22/33	 7/10	        5	         N
 1:38:41.524	   0.328257	22/33	 8/10	        5	         N
  1:39:3.697	   0.328257	22/33	 9/10	        6	         Y
  1:39:27.40	   0.328257	22/33	10/10	        5	         N
 1:39:55.683	   0.295432	23/33	 1/10	        5	         N
 1:40:18.188	   0.295432	23/33	 2/10	        5	         N
 1:40:43.455	   0.295432	23/33	 3/10	        5	         N
  1:41:5.631	   0.295432	23/33	 4/10	        5	         N
 1:41:27.434	   0.295432	23/33	 5/10	        5	         N
 1:41:49.706	   0.295432	23/33	 6/10	        5	         N
 1:42:12.150	   0.295432	23/33	 7/10	        6	         Y
 1:42:34.595	   0.295432	23/33	 8/10	        5	         N
 1:42:57.201	   0.295432	23/33	 9/10	        6	         Y
 1:43:19.271	   0.295432	23/33	10/10	        5	         N
 1:43:41.168	   0.265888	24/33	 1/10	        5	         N
  1:44:4.867	   0.265888	24/33	 2/10	        5	         N
 1:44:29.591	   0.265888	24/33	 3/10	        5	         N
 1:44:53.731	   0.265888	24/33	 4/10	        5	         N
 1:45:17.303	   0.265888	24/33	 5/10	        5	         N
 1:45:39.691	   0.265888	24/33	 6/10	        5	         N
   1:46:2.91	   0.265888	24/33	 7/10	        5	         N
 1:46:24.675	   0.265888	24/33	 8/10	        5	         N
 1:46:47.461	   0.265888	24/33	 9/10	        5	         N
   1:47:9.70	   0.265888	24/33	10/10	        5	         N
 1:47:30.787	   0.239300	25/33	 1/10	        5	         N
 1:47:53.107	   0.239300	25/33	 2/10	        5	         N
 1:48:14.401	   0.239300	25/33	 3/10	        6	         Y
 1:48:34.851	   0.239300	25/33	 4/10	        5	         N
 1:48:55.416	   0.239300	25/33	 5/10	        5	         N
 1:49:15.851	   0.239300	25/33	 6/10	        5	         N
 1:49:36.795	   0.239300	25/33	 7/10	        5	         N
 1:49:57.407	   0.239300	25/33	 8/10	        5	         N
 1:50:17.816	   0.239300	25/33	 9/10	        5	         N
 1:50:38.420	   0.239300	25/33	10/10	        5	         N
 1:50:58.906	   0.215370	26/33	 1/10	        5	         N
 1:51:19.748	   0.215370	26/33	 2/10	        5	         N
 1:51:42.564	   0.215370	26/33	 3/10	        5	         N
  1:52:4.782	   0.215370	26/33	 4/10	        6	         Y
  1:52:28.31	   0.215370	26/33	 5/10	        5	         N
  1:52:51.49	   0.215370	26/33	 6/10	        5	         N
   1:53:12.7	   0.215370	26/33	 7/10	        6	         Y
 1:53:34.703	   0.215370	26/33	 8/10	        6	         Y
   1:54:4.58	   0.215370	26/33	 9/10	        5	         N
 1:54:28.776	   0.215370	26/33	10/10	        5	         N
 1:54:51.125	   0.193833	27/33	 1/10	        5	         N
 1:55:13.153	   0.193833	27/33	 2/10	        5	         N
 1:55:34.595	   0.193833	27/33	 3/10	        5	         N
 1:55:58.219	   0.193833	27/33	 4/10	        5	         N
 1:56:19.793	   0.193833	27/33	 5/10	        5	         N
  1:57:2.707	   0.193833	27/33	 6/10	        5	         N
 1:57:34.700	   0.193833	27/33	 7/10	        5	         N
  1:58:0.114	   0.193833	27/33	 8/10	        6	         Y
 1:58:26.302	   0.193833	27/33	 9/10	        5	         N
 1:58:52.405	   0.193833	27/33	10/10	        5	         N
 1:59:16.143	   0.174449	28/33	 1/10	        5	         N
 1:59:39.435	   0.174449	28/33	 2/10	        6	         Y
   2:0:3.279	   0.174449	28/33	 3/10	        5	         N
  2:0:26.285	   0.174449	28/33	 4/10	        6	         Y
  2:0:46.918	   0.174449	28/33	 5/10	        5	         N
   2:1:7.525	   0.174449	28/33	 6/10	        5	         N
  2:1:28.111	   0.174449	28/33	 7/10	        5	         N
  2:1:49.307	   0.174449	28/33	 8/10	        5	         N
  2:2:11.283	   0.174449	28/33	 9/10	        5	         N
   2:2:34.20	   0.174449	28/33	10/10	        5	         N
  2:2:58.428	   0.157004	29/33	 1/10	        5	         N
  2:3:20.480	   0.157004	29/33	 2/10	        5	         N
   2:3:42.42	   0.157004	29/33	 3/10	        5	         N
    2:4:3.83	   0.157004	29/33	 4/10	        5	         N
  2:4:24.705	   0.157004	29/33	 5/10	        5	         N
  2:4:46.188	   0.157004	29/33	 6/10	        5	         N
   2:5:7.824	   0.157004	29/33	 7/10	        5	         N
  2:5:30.449	   0.157004	29/33	 8/10	        5	         N
  2:5:52.146	   0.157004	29/33	 9/10	        5	         N
  2:6:13.722	   0.157004	29/33	10/10	        5	         N
  2:6:34.270	   0.141304	30/33	 1/10	        6	         Y
   2:6:55.38	   0.141304	30/33	 2/10	        5	         N
  2:7:18.967	   0.141304	30/33	 3/10	        5	         N
  2:7:42.561	   0.141304	30/33	 4/10	        5	         N
   2:8:4.397	   0.141304	30/33	 5/10	        5	         N
  2:8:26.372	   0.141304	30/33	 6/10	        6	         Y
  2:8:48.344	   0.141304	30/33	 7/10	        5	         N
   2:9:8.886	   0.141304	30/33	 8/10	        5	         N
  2:9:29.760	   0.141304	30/33	 9/10	        5	         N
  2:9:51.430	   0.141304	30/33	10/10	        5	         N
 2:10:14.894	   0.127174	31/33	 1/10	        5	         N
 2:10:38.283	   0.127174	31/33	 2/10	        5	         N
  2:11:0.490	   0.127174	31/33	 3/10	        6	         Y
 2:11:22.596	   0.127174	31/33	 4/10	        5	         N
 2:11:44.462	   0.127174	31/33	 5/10	        5	         N
  2:12:6.111	   0.127174	31/33	 6/10	        5	         N
 2:12:27.472	   0.127174	31/33	 7/10	        5	         N
  2:12:50.67	   0.127174	31/33	 8/10	        5	         N
 2:13:17.429	   0.127174	31/33	 9/10	        5	         N
 2:13:41.177	   0.127174	31/33	10/10	        5	         N
  2:14:4.411	   0.114456	32/33	 1/10	        5	         N
   2:14:27.7	   0.114456	32/33	 2/10	        5	         N
 2:14:50.302	   0.114456	32/33	 3/10	        5	         N
 2:15:11.714	   0.114456	32/33	 4/10	        5	         N
 2:15:34.966	   0.114456	32/33	 5/10	        6	         Y
 2:15:56.887	   0.114456	32/33	 6/10	        5	         N
 2:16:18.764	   0.114456	32/33	 7/10	        6	         Y
 2:16:40.818	   0.114456	32/33	 8/10	        5	         N
  2:17:5.718	   0.114456	32/33	 9/10	        5	         N
 2:17:29.479	   0.114456	32/33	10/10	        5	         N
 2:17:52.307	   0.103011	33/33	 1/10	        5	         N
 2:18:14.540	   0.103011	33/33	 2/10	        5	         N
 2:18:37.221	   0.103011	33/33	 3/10	        5	         N
  2:19:5.253	   0.103011	33/33	 4/10	        6	         Y
 2:19:33.649	   0.103011	33/33	 5/10	        5	         N
 2:19:59.528	   0.103011	33/33	 6/10	        5	         N
  2:20:23.24	   0.103011	33/33	 7/10	        6	         Y
 2:20:47.493	   0.103011	33/33	 8/10	        6	         Y
 2:21:11.211	   0.103011	33/33	 9/10	        5	         N
 2:21:34.225	   0.103011	33/33	10/10	        6	         Y
Final objective: 6