Initial objective: 4
------------------------------------------------------------------
Elapsed Time	Temperature	Epoch	Trial	Objective	Acceptance
------------------------------------------------------------------
  0:1:19.270	   1.500000	 1/26	 1/5	        2	         N
  0:2:39.435	   1.500000	 1/26	 2/5	        4	         Y
   0:4:2.438	   1.500000	 1/26	 3/5	        3	         N
  0:5:29.612	   1.500000	 1/26	 4/5	        4	         Y
  0:6:52.695	   1.500000	 1/26	 5/5	        3	         N
  0:8:14.996	   1.350000	 2/26	 1/5	        4	         Y
  0:9:37.580	   1.350000	 2/26	 2/5	        3	         N
 0:10:59.899	   1.350000	 2/26	 3/5	        3	         N
 0:12:18.912	   1.350000	 2/26	 4/5	        3	         N
 0:13:40.687	   1.350000	 2/26	 5/5	        2	         N
  0:15:7.902	   1.215000	 3/26	 1/5	        5	         Y
 0:16:51.240	   1.215000	 3/26	 2/5	        2	         N
 0:18:30.408	   1.215000	 3/26	 3/5	        5	         Y
  0:20:9.364	   1.215000	 3/26	 4/5	        4	         N
 0:21:43.884	   1.215000	 3/26	 5/5	        2	         N
 0:23:16.893	   1.093500	 4/26	 1/5	        2	         N
 0:24:36.772	   1.093500	 4/26	 2/5	        3	         N
  0:26:2.896	   1.093500	 4/26	 3/5	        4	         N
 0:27:22.613	   1.093500	 4/26	 4/5	        2	         N
  0:28:42.27	   1.093500	 4/26	 5/5	        3	         N
  0:30:3.102	   0.984150	 5/26	 1/5	        3	         N
  0:31:39.11	   0.984150	 5/26	 2/5	        4	         N
 0:33:10.614	   0.984150	 5/26	 3/5	        3	         N
 0:34:48.658	   0.984150	 5/26	 4/5	        3	         N
 0:36:26.489	   0.984150	 5/26	 5/5	        3	         N
  0:38:1.758	   0.885735	 6/26	 1/5	        3	         N
 0:39:37.259	   0.885735	 6/26	 2/5	        2	         N
 0:41:10.799	   0.885735	 6/26	 3/5	        4	         N
 0:42:42.563	   0.885735	 6/26	 4/5	        3	         N
  0:44:22.12	   0.885735	 6/26	 5/5	        4	         N
 0:45:59.673	   0.797162	 7/26	 1/5	        3	         N
 0:47:40.213	   0.797162	 7/26	 2/5	        3	         N
  0:49:21.85	   0.797162	 7/26	 3/5	        3	         N
 0:50:58.758	   0.797162	 7/26	 4/5	        3	         N
   0:52:32.4	   0.797162	 7/26	 5/5	        4	         N
  0:54:5.759	   0.717445	 8/26	 1/5	        4	         N
 0:55:33.345	   0.717445	 8/26	 2/5	        4	         N
  0:57:1.794	   0.717445	 8/26	 3/5	        4	         N
  0:58:39.56	   0.717445	 8/26	 4/5	        3	         N
   1:0:20.80	   0.717445	 8/26	 5/5	        4	         N
  1:1:57.955	   0.645701	 9/26	 1/5	        2	         N
  1:3:34.421	   0.645701	 9/26	 2/5	        3	         N
   1:5:8.388	   0.645701	 9/26	 3/5	        5	         Y
   1:6:31.15	   0.645701	 9/26	 4/5	        3	         N
  1:8:11.323	   0.645701	 9/26	 5/5	        4	         N
  1:9:53.278	   0.581131	10/26	 1/5	        4	         N
 1:11:34.731	   0.581131	10/26	 2/5	        3	         N
  1:13:7.572	   0.581131	10/26	 3/5	        2	         N
 1:14:26.881	   0.581131	10/26	 4/5	        3	         N
  1:15:46.15	   0.581131	10/26	 5/5	        3	         N
  1:17:5.288	   0.523018	11/26	 1/5	        2	         N
 1:18:31.532	   0.523018	11/26	 2/5	        4	         N
 1:19:50.463	   0.523018	11/26	 3/5	        2	         N
  1:21:9.403	   0.523018	11/26	 4/5	        2	         N
 1:22:36.983	   0.523018	11/26	 5/5	        4	         N
 1:24:13.743	   0.470716	12/26	 1/5	        4	         N
 1:25:32.764	   0.470716	12/26	 2/5	        3	         N
 1:26:51.586	   0.470716	12/26	 3/5	        3	         N
 1:28:10.851	   0.470716	12/26	 4/5	        4	         N
 1:29:30.266	   0.470716	12/26	 5/5	        4	         N
  1:30:49.98	   0.423644	13/26	 1/5	        2	         N
 1:32:13.213	   0.423644	13/26	 2/5	        3	         N
  1:33:53.30	   0.423644	13/26	 3/5	        3	         N
 1:35:12.331	   0.423644	13/26	 4/5	        4	         N
 1:36:33.232	   0.423644	13/26	 5/5	        4	         N
  1:38:1.826	   0.381280	14/26	 1/5	        4	         N
 1:39:40.658	   0.381280	14/26	 2/5	        3	         N
 1:41:14.170	   0.381280	14/26	 3/5	        3	         N
 1:42:45.174	   0.381280	14/26	 4/5	        4	         N
  1:44:4.158	   0.381280	14/26	 5/5	        2	         N
 1:45:23.133	   0.343152	15/26	 1/5	        4	         N
  1:46:42.73	   0.343152	15/26	 2/5	        3	         N
 1:48:10.318	   0.343152	15/26	 3/5	        4	         N
 1:49:37.792	   0.343152	15/26	 4/5	        2	         N
  1:51:5.629	   0.343152	15/26	 5/5	        3	         N
 1:52:26.377	   0.308837	16/26	 1/5	        5	         Y
 1:53:47.539	   0.308837	16/26	 2/5	        3	         N
 1:55:27.738	   0.308837	16/26	 3/5	        4	         N
  1:57:5.690	   0.308837	16/26	 4/5	        4	         N
 1:58:45.807	   0.308837	16/26	 5/5	        4	         N
   2:0:26.28	   0.277953	17/26	 1/5	        4	         N
  2:1:51.956	   0.277953	17/26	 2/5	        3	         N
  2:3:10.829	   0.277953	17/26	 3/5	        3	         N
  2:4:29.930	   0.277953	17/26	 4/5	        3	         N
  2:5:49.856	   0.277953	17/26	 5/5	        3	         N
   2:7:8.676	   0.250158	18/26	 1/5	        3	         N
  2:8:27.531	   0.250158	18/26	 2/5	        3	         N
  2:9:50.553	   0.250158	18/26	 3/5	        3	         N
 2:11:10.912	   0.250158	18/26	 4/5	        3	         N
 2:12:30.724	   0.250158	18/26	 5/5	        3	         N
 2:13:49.945	   0.225142	19/26	 1/5	        2	         N
  2:15:9.129	   0.225142	19/26	 2/5	        3	         N
 2:16:28.300	   0.225142	19/26	 3/5	        4	         N
 2:17:47.475	   0.225142	19/26	 4/5	        2	         N
  2:19:6.707	   0.225142	19/26	 5/5	        2	         N
  2:20:26.30	   0.202628	20/26	 1/5	        3	         N
 2:21:44.661	   0.202628	20/26	 2/5	        3	         N
  2:23:3.204	   0.202628	20/26	 3/5	        3	         N
 2:24:21.903	   0.202628	20/26	 4/5	        2	         N
 2:25:44.855	   0.202628	20/26	 5/5	        4	         N
  2:27:7.254	   0.182365	21/26	 1/5	        2	         N
 2:28:29.988	   0.182365	21/26	 2/5	        2	         N
 2:29:52.494	   0.182365	21/26	 3/5	        2	         N
  2:31:15.53	   0.182365	21/26	 4/5	        2	         N
 2:32:35.358	   0.182365	21/26	 5/5	        3	         N
 2:33:54.823	   0.164128	22/26	 1/5	        2	         N
 2:35:13.803	   0.164128	22/26	 2/5	        3	         N
 2:36:32.694	   0.164128	22/26	 3/5	        4	         N
 2:37:52.119	   0.164128	22/26	 4/5	        3	         N
  2:39:11.53	   0.164128	22/26	 5/5	        3	         N
 2:40:31.113	   0.147716	23/26	 1/5	        2	         N
  2:41:57.20	   0.147716	23/26	 2/5	        3	         N
 2:43:18.490	   0.147716	23/26	 3/5	        4	         N
 2:44:37.835	   0.147716	23/26	 4/5	        3	         N
 2:45:57.219	   0.147716	23/26	 5/5	        3	         N
 2:47:16.313	   0.132944	24/26	 1/5	        3	         N
 2:48:36.882	   0.132944	24/26	 2/5	        3	         N
  2:50:0.903	   0.132944	24/26	 3/5	        4	         N
 2:51:22.484	   0.132944	24/26	 4/5	        2	         N
 2:52:46.673	   0.132944	24/26	 5/5	        4	         N
 2:54:11.293	   0.119650	25/26	 1/5	        2	         N
 2:55:44.627	   0.119650	25/26	 2/5	        4	         N
 2:57:21.683	   0.119650	25/26	 3/5	        5	         Y
 2:58:55.975	   0.119650	25/26	 4/5	        2	         N
  3:0:29.553	   0.119650	25/26	 5/5	        2	         N
    3:2:5.82	   0.107685	26/26	 1/5	        3	         N
  3:3:38.793	   0.107685	26/26	 2/5	        3	         N
  3:5:11.676	   0.107685	26/26	 3/5	        6	         Y
   3:6:53.65	   0.107685	26/26	 4/5	        3	         N
  3:8:30.345	   0.107685	26/26	 5/5	        4	         N
Final objective: 6