60	136	19	224	39	215	7	38	81
165	214	173	187	21	217	245	151	81
242	136	243	187	21	217	68	224	79
133	136	243	224	150	215	7	224	81
133	84	19	199	150	215	245	12	80
133	214	210	124	39	252	68	151	81
60	136	173	224	21	157	245	57	81
81	56	173	224	189	157	99	12	81
165	223	173	187	94	252	245	12	80
60	214	173	187	150	252	99	224	81
133	223	243	187	189	215	68	57	80
60	223	207	133	150	157	250	57	81
81	56	210	187	150	252	245	12	81
81	84	173	124	94	208	250	57	79
242	56	19	199	150	208	68	12	81
60	214	173	124	94	252	245	38	77
60	56	207	224	21	157	99	38	80
60	223	207	187	94	217	68	57	81
242	84	19	224	94	215	99	224	81
165	136	207	133	150	157	7	12	82
145	62	210	187	66	232	250	18	80
164	145	173	124	39	157	177	224	81
178	62	19	187	66	217	68	12	82
60	143	173	250	150	215	68	156	80
178	145	173	103	15	208	96	18	81
60	62	179	250	39	215	68	122	80
18	94	207	130	150	232	250	156	82
60	62	173	187	53	157	96	18	80
164	62	210	250	15	232	96	18	80
178	143	210	103	66	215	96	224	81
178	84	210	187	15	232	96	224	80
178	62	210	130	66	217	177	224	80
178	94	207	103	150	157	177	156	79
60	143	210	250	53	232	250	122	79
145	145	179	250	39	232	7	224	79
145	145	179	124	150	232	7	122	79
18	143	19	187	66	208	68	12	81
60	94	207	130	53	217	250	12	80
60	94	173	187	66	215	177	12	81
164	84	173	130	15	232	177	122	81
133	95	195	84	231	217	7	224	80
45	95	195	224	84	81	7	16	79
82	136	195	224	175	217	72	16	81
45	49	195	224	84	237	7	51	80
82	49	174	84	21	237	7	16	80
81	136	23	224	84	81	99	16	77
82	214	23	133	231	217	72	51	80
81	214	23	133	175	237	7	159	80
245	84	174	245	231	217	7	16	81
81	136	235	224	84	217	210	16	79
133	136	174	84	175	81	7	159	79
45	214	212	169	21	217	99	51	81
81	84	174	84	231	93	99	224	81
82	84	174	224	167	217	99	16	78
45	136	174	133	167	151	210	38	82
45	136	212	84	231	237	99	38	81
82	95	235	245	175	93	99	224	81
82	95	174	169	175	237	210	159	80
45	84	235	245	231	237	99	51	81
245	49	212	169	231	151	99	159	75
245	84	235	180	76	211	11	23	81
82	84	23	169	76	71	7	212	79
133	136	199	245	167	211	212	16	80
245	39	78	20	49	211	11	38	80
82	136	84	245	235	237	7	159	81
65	136	23	242	49	151	7	159	80
59	136	235	169	76	71	115	23	81
133	207	23	169	49	109	210	16	81
65	84	235	180	235	109	212	23	80
133	207	78	180	235	151	115	16	80
133	136	235	20	167	151	212	23	81
82	39	199	242	76	151	212	23	81
65	207	199	180	235	109	7	159	81
245	39	235	242	49	109	7	159	80
59	207	235	242	167	151	212	38	79
59	84	199	180	76	211	115	159	81
59	136	84	169	49	151	212	159	81
245	136	199	169	49	109	212	38	80
65	136	235	242	76	71	11	16	81
245	136	78	169	49	237	11	159	81
82	214	174	84	102	16	197	161	81
245	49	174	165	167	16	100	152	81
199	77	39	97	207	25	86	63	81
245	40	128	169	167	237	86	16	80
245	196	211	165	207	16	202	16	80
110	49	149	97	21	197	86	152	80
82	214	128	169	207	25	202	152	79
82	77	174	233	21	197	202	152	81
110	40	174	165	179	197	86	161	80
199	77	149	165	167	7	86	63	81
110	49	39	165	179	16	197	152	80
245	214	128	233	167	7	202	16	81
110	49	211	165	21	25	31	161	80
245	77	39	165	21	25	100	63	81
110	196	149	84	179	25	100	16	81
245	49	149	97	102	7	202	51	80
82	214	149	233	102	25	31	16	81
81	77	128	169	102	197	86	161	80
245	77	211	169	102	25	202	161	79
82	77	174	97	179	197	202	16	81
245	149	174	179	231	237	72	20	79
45	84	3	179	21	151	210	167	81
133	84	174	224	231	81	99	20	80
133	149	174	92	167	81	72	20	81
245	95	212	132	167	81	72	51	81
82	149	174	189	231	93	99	159	77
45	8	174	92	167	151	244	51	81
81	95	105	92	167	81	99	20	81
81	149	174	179	21	237	99	167	80
81	8	174	189	231	237	22	167	80
245	149	225	179	167	237	22	20	81
245	95	212	92	231	93	72	224	81
133	95	105	132	21	151	99	51	80
82	149	174	189	21	237	99	159	80
133	8	3	132	167	237	244	20	81
133	84	174	224	21	237	244	224	81
45	84	225	132	157	81	244	167	81
81	49	174	132	21	93	244	51	81
133	84	212	189	21	151	72	224	81
245	95	225	132	231	93	22	20	79
252	206	174	224	53	189	4	159	81
40	43	147	165	151	237	210	144	81
40	77	23	4	84	189	72	159	81
40	43	99	165	53	237	4	198	81
40	206	147	224	53	213	99	144	80
252	43	196	165	84	213	4	144	81
40	214	196	4	151	88	99	144	81
252	77	196	165	84	189	4	144	81
114	95	99	165	151	189	4	224	80
198	95	23	169	151	213	99	144	81
198	77	174	4	84	237	99	224	79
40	43	174	196	231	213	4	55	80
40	206	147	224	151	213	72	144	81
81	43	23	165	231	213	207	198	81
40	206	196	169	53	189	99	159	81
252	206	196	169	231	237	72	224	81
198	77	23	224	53	237	210	198	80
40	43	196	165	53	213	4	55	81
114	214	147	196	231	213	210	55	80
40	95	174	165	231	88	210	198	81
77	208	123	224	21	73	99	183	80
197	208	123	213	21	73	72	183	80
45	136	174	21	21	73	72	241	81
77	208	240	224	167	200	99	241	80
197	61	240	245	158	109	85	241	77
197	136	174	169	21	93	85	183	81
197	208	174	213	167	109	72	241	79
245	95	174	213	167	200	72	16	80
45	95	240	169	21	109	99	16	79
197	61	123	213	21	73	214	241	81
245	208	240	21	231	73	99	183	81
197	95	174	245	167	73	99	38	81
77	208	240	224	231	73	214	38	79
77	208	240	21	21	200	85	159	81
17	61	240	21	21	73	7	38	80
245	61	195	224	158	109	214	183	75
245	61	27	169	167	73	85	159	82
45	84	240	213	231	163	7	241	81
17	84	123	245	167	200	7	38	80
77	95	27	213	158	163	7	159	78
45	61	240	16	167	73	37	15	80
134	61	123	244	207	73	67	38	81
245	198	240	169	167	91	37	15	80
134	87	41	224	167	91	67	131	81
245	82	174	169	33	91	214	38	81
45	61	41	169	207	91	214	244	81
77	61	174	213	207	40	37	38	81
245	61	41	224	21	91	21	244	81
113	136	240	16	167	91	37	38	81
134	61	199	16	21	73	37	16	77
77	61	123	169	167	91	21	38	81
77	136	174	244	33	91	21	244	81
245	198	199	169	33	73	214	15	81
77	136	41	224	33	163	37	15	79
245	82	123	16	21	109	17	16	81
134	87	41	213	155	73	214	15	83
45	136	123	213	155	109	37	16	80
245	82	240	224	207	163	214	15	81
45	61	174	244	207	73	214	131	84
245	198	199	16	33	91	21	131	80
45	84	162	231	238	109	19	101	80
245	84	79	231	167	200	7	159	81
201	136	59	244	167	91	19	16	81
245	84	162	244	158	201	19	49	81
17	95	240	231	21	91	99	49	81
45	136	162	244	21	91	19	16	80
245	95	162	169	21	200	214	101	81
173	61	240	169	158	109	19	16	81
201	81	79	69	238	35	214	101	80
245	61	79	21	21	201	7	16	80
173	95	162	69	21	91	214	49	80
201	95	195	244	158	91	19	49	80
173	81	59	231	21	91	99	101	81
245	61	195	231	167	109	99	101	81
173	136	79	244	21	91	19	49	81
201	84	162	69	238	109	106	101	81
17	84	162	21	21	109	106	179	81
245	136	162	244	158	201	7	101	81
17	95	79	21	238	91	7	179	82
173	61	240	231	21	200	7	101	81
57	61	174	237	28	163	21	198	81
239	220	3	224	167	163	72	159	81
21	136	3	15	229	200	214	159	81
205	61	123	169	167	200	21	198	81
57	61	3	169	21	200	99	159	81
239	61	3	237	55	73	21	241	80
21	193	240	224	229	163	99	183	80
205	220	251	224	229	93	27	198	82
57	95	251	213	21	163	99	198	82
239	95	3	169	229	73	72	159	83
205	193	123	224	229	93	214	159	80
57	95	251	15	55	73	214	198	80
239	220	251	213	167	73	214	198	81
239	220	3	224	55	73	27	241	81
77	136	251	169	167	200	27	241	80
239	136	123	213	229	163	72	183	81
57	193	3	224	229	163	21	241	76
77	220	251	237	167	163	72	36	81
239	61	123	15	28	93	27	36	81
77	220	174	237	21	163	214	36	81
77	208	123	191	231	147	82	159	80
77	95	195	224	21	200	69	159	81
45	95	195	213	21	147	213	183	80
197	95	88	191	167	73	86	16	82
45	49	138	213	167	200	213	159	82
182	49	240	245	21	106	69	241	81
182	208	195	45	167	147	82	159	81
25	4	123	245	231	73	82	159	80
45	208	138	245	167	93	76	183	80
45	49	240	191	167	93	69	183	80
182	158	240	245	158	93	213	38	78
77	4	123	224	21	147	69	38	80
182	95	88	224	167	73	69	159	81
45	208	240	191	21	93	82	38	80
25	208	88	45	21	106	82	241	80
25	49	138	45	231	73	69	38	80
25	208	138	213	21	73	82	38	80
25	4	240	224	231	106	86	38	81
45	158	123	213	231	93	86	16	81
77	49	123	245	167	93	82	159	81
109	95	62	245	21	76	7	99	81
17	117	195	161	151	76	72	99	80
245	117	240	209	84	163	225	16	80
109	117	147	209	21	163	225	16	81
245	84	240	209	151	193	85	87	81
17	95	98	209	21	76	222	241	81
47	208	62	193	151	109	222	241	80
245	95	147	161	151	163	85	159	80
213	117	195	161	247	193	225	159	79
47	208	62	245	151	109	7	241	80
47	84	195	193	247	76	222	87	81
47	84	62	161	247	163	85	16	80
17	84	240	193	247	193	7	87	79
47	117	240	53	231	76	72	16	79
213	84	62	245	247	193	72	16	79
47	84	98	245	151	163	225	87	81
17	84	195	209	151	163	222	16	80
109	95	195	161	231	193	85	87	81
47	208	98	209	84	193	72	99	80
17	208	62	193	231	163	225	16	80
17	136	43	169	158	217	72	55	80
183	84	133	196	157	125	121	6	79
17	95	240	245	158	163	85	241	80
17	84	121	169	158	46	85	6	79
45	128	133	193	157	91	7	55	81
17	84	240	69	21	125	121	6	83
183	136	133	245	207	91	7	241	79
197	61	43	196	167	91	212	24	81
77	95	133	169	158	125	72	241	80
17	84	43	196	21	163	85	241	79
197	136	240	245	21	91	72	6	80
197	84	240	69	157	91	72	159	81
197	95	133	69	207	91	72	241	81
183	136	240	169	167	125	121	6	81
17	136	43	245	167	163	7	241	81
77	128	43	169	167	125	85	241	81
77	84	159	169	167	46	121	6	79
183	61	133	69	157	217	121	159	80
197	95	240	69	207	125	212	241	81
17	136	240	245	207	125	212	241	79
57	136	247	64	21	77	81	241	81
244	136	244	205	254	163	204	135	81
77	148	236	205	21	163	7	159	79
57	144	236	233	21	77	204	159	81
55	26	247	233	21	163	81	98	80
57	148	247	205	247	85	204	241	81
57	191	247	149	158	201	3	135	81
57	26	27	33	21	77	7	98	76
77	136	27	205	254	85	214	135	80
194	136	27	64	247	28	204	241	80
244	136	244	233	21	28	3	159	80
57	144	244	205	21	201	204	159	81
57	191	236	149	254	28	204	16	81
77	136	27	64	247	85	3	98	80
77	148	247	149	21	77	81	135	79
57	136	236	205	254	201	204	241	80
55	148	27	233	21	77	214	241	80
57	148	123	33	254	85	214	135	80
77	144	244	149	254	163	7	135	78
55	148	244	64	254	77	3	16	81
230	55	177	89	39	4	19	98	80
77	26	177	149	178	197	83	16	81
169	164	244	205	254	235	197	16	80
194	145	59	89	135	163	83	135	81
230	55	177	233	21	197	197	180	80
55	145	3	233	135	85	18	180	80
55	18	59	89	135	197	87	135	80
194	145	253	205	135	163	83	98	80
194	18	253	233	39	197	18	223	81
194	145	253	205	254	163	83	16	80
55	18	59	233	254	163	19	16	80
169	26	244	149	178	197	87	98	79
169	164	59	33	178	197	18	223	78
77	145	177	149	135	85	19	135	80
230	18	3	33	178	235	83	98	81
194	164	244	233	39	85	83	223	80
55	55	177	205	254	85	18	135	81
169	26	59	89	254	235	18	180	81
230	55	59	89	39	85	83	98	81
169	164	253	205	178	235	83	98	80
40	144	225	219	172	77	204	248	80
55	136	18	219	255	77	214	135	81
55	181	254	21	55	93	204	16	81
82	144	254	67	172	77	204	98	81
40	247	212	233	21	163	3	248	81
55	26	254	33	21	163	214	135	78
40	181	18	219	255	85	81	127	80
230	26	254	33	21	93	214	135	80
105	136	225	219	20	77	204	98	82
105	181	123	219	55	77	214	135	79
40	181	225	219	55	77	214	16	80
82	136	254	233	255	93	204	16	80
55	26	212	33	21	201	7	16	80
40	26	18	67	55	201	81	127	81
105	26	212	67	172	77	3	248	80
55	144	18	21	21	201	3	16	79
105	247	212	233	20	93	204	135	79
230	26	123	33	21	201	3	135	80
82	136	123	233	20	85	7	127	80
40	26	254	233	55	163	214	127	80
82	160	254	67	172	77	35	150	79
105	160	18	219	172	201	214	223	80
38	24	253	21	20	99	204	150	79
105	145	210	219	21	93	19	234	80
22	145	67	21	20	201	204	234	82
22	160	210	21	172	93	214	202	81
105	145	253	67	55	85	213	223	80
105	145	254	67	20	201	19	202	81
38	160	253	219	55	93	35	28	80
105	145	18	233	172	77	213	150	80
38	145	18	67	55	85	35	28	79
105	24	18	21	20	93	214	28	82
38	181	210	219	20	99	19	223	81
38	244	67	67	255	85	204	223	81
105	160	210	21	172	77	19	234	81
45	24	210	67	55	99	35	28	81
38	160	18	21	172	85	204	150	80
22	244	254	233	255	93	35	234	81
105	160	254	67	255	201	204	202	80
45	145	67	219	55	99	35	28	79
230	240	254	219	115	81	7	50	81
0	144	229	172	111	113	214	248	80
230	136	161	33	49	163	214	58	80
55	144	229	172	111	163	7	248	81
230	240	254	219	86	163	81	58	81
230	181	8	39	49	15	204	145	80
55	136	161	219	86	81	81	145	78
55	26	161	39	115	15	50	145	80
55	136	123	39	237	41	7	50	81
0	136	8	67	111	113	204	248	81
230	136	254	39	115	81	50	50	80
0	26	254	33	111	81	214	58	81
123	240	161	67	86	113	204	145	80
55	240	8	219	111	113	50	27	81
55	144	254	33	237	81	81	50	80
0	136	161	39	86	41	81	248	79
0	136	254	219	111	81	50	27	81
123	136	8	67	49	81	81	248	79
82	136	161	172	49	81	50	50	80
230	144	123	39	111	113	50	58	80
200	137	123	33	172	163	27	223	81
200	80	14	33	115	163	214	223	80
82	137	240	12	172	81	212	36	79
134	247	240	219	18	85	81	248	79
50	80	247	219	172	89	81	16	81
134	80	204	205	115	81	212	248	81
200	10	123	67	48	89	27	36	82
200	80	204	33	172	81	214	16	76
50	80	123	219	115	81	70	157	80
237	10	247	33	18	201	70	248	81
200	10	240	33	172	81	214	248	77
134	10	123	12	172	81	70	223	80
50	181	204	33	255	201	214	16	79
50	80	247	205	115	89	81	223	79
237	247	123	67	255	85	214	157	81
237	247	247	219	115	81	27	16	78
50	10	240	33	115	85	70	157	81
200	137	240	205	18	201	214	157	81
200	181	240	205	48	81	27	16	79
237	247	247	205	255	163	214	36	78
55	73	247	67	95	201	214	36	80
17	244	142	67	204	235	70	122	80
128	80	142	12	204	235	214	223	81
72	244	247	205	112	85	214	36	80
55	141	204	67	120	81	81	253	81
237	244	142	67	204	89	70	16	81
128	80	247	89	95	81	116	16	81
55	23	142	89	95	85	70	253	80
128	73	204	67	23	235	214	223	81
72	244	247	12	23	89	81	223	81
128	80	204	33	120	85	81	36	77
55	141	124	67	95	201	214	36	81
128	23	204	67	112	235	81	122	78
72	141	247	67	204	235	9	36	81
128	73	204	89	112	201	81	36	81
17	141	142	67	120	81	70	223	82
17	80	124	205	120	201	214	223	78
17	23	124	33	120	85	214	36	81
72	73	204	89	204	201	116	253	81
72	141	247	12	95	89	70	122	81
96	23	48	73	120	81	103	16	80
96	23	48	14	95	201	9	172	81
237	246	247	14	95	81	116	122	81
96	207	204	205	95	81	9	253	80
72	0	247	73	95	81	116	253	79
22	246	142	33	120	201	81	172	80
237	23	204	73	95	201	208	223	82
237	23	204	205	118	235	208	172	82
237	207	48	57	253	125	81	16	81
17	0	204	57	23	201	116	16	76
237	246	48	33	95	81	208	122	82
17	83	72	33	95	201	81	223	81
96	246	72	33	253	201	81	223	81
22	23	72	205	23	125	9	253	82
72	246	72	14	253	81	208	16	81
22	207	72	73	118	201	116	223	81
237	246	48	73	118	201	81	172	81
72	83	142	33	253	81	81	223	80
72	246	48	33	253	125	116	16	81
72	207	204	14	120	125	116	172	81
72	159	142	73	55	99	116	223	81
72	159	142	73	55	81	116	16	81
237	159	177	73	95	81	2	16	81
96	23	177	11	253	126	2	16	81
22	28	72	59	113	201	96	122	81
22	219	142	205	113	201	96	122	81
72	28	72	11	95	99	96	253	80
22	159	204	205	37	81	96	253	80
11	28	254	73	55	235	208	16	80
237	159	204	73	37	235	96	152	81
237	219	254	174	253	235	208	152	78
11	28	177	59	37	201	208	16	80
11	159	254	59	113	126	116	223	76
22	159	177	174	37	201	2	16	79
72	23	72	73	37	235	116	253	80
22	23	72	174	253	99	2	16	81
22	28	254	174	113	99	96	122	81
237	23	204	205	37	99	2	223	80
96	28	177	174	253	235	116	253	82
72	219	204	73	95	99	2	16	81
72	152	204	65	45	86	116	253	81
26	83	187	9	113	236	101	176	81
22	180	187	255	45	195	101	223	78
72	159	173	38	95	236	15	250	78
72	199	72	9	95	86	116	253	81
72	180	141	11	13	86	211	253	80
72	199	141	65	113	236	211	24	79
237	199	173	11	13	236	211	250	80
22	83	141	65	113	236	15	250	81
96	83	72	38	45	122	7	176	81
96	152	187	255	253	38	15	176	82
72	159	204	65	113	86	211	250	85
237	199	72	65	95	236	211	176	80
96	180	204	9	253	195	15	176	82
72	199	72	9	45	122	15	223	81
26	83	173	38	113	86	211	250	81
72	83	204	9	113	122	7	253	80
26	152	187	65	253	236	7	250	79
22	180	204	255	13	122	211	253	80
22	152	187	255	95	236	116	253	81
228	169	219	65	95	195	118	153	80
124	169	161	203	113	236	135	250	81
146	51	72	61	113	18	79	181	80
96	169	141	203	13	122	131	250	81
124	247	161	61	253	236	101	24	81
146	132	141	203	13	122	118	181	82
96	132	219	65	253	195	118	153	80
96	159	172	255	5	195	118	24	81
40	132	172	203	13	236	101	250	81
40	169	219	203	253	18	101	153	81
124	159	161	65	95	18	118	24	81
146	51	219	38	13	195	135	181	81
96	51	172	65	13	236	79	24	81
228	132	141	203	253	236	101	250	81
124	247	72	61	113	18	118	24	81
40	132	172	255	95	18	131	153	82
146	159	161	255	95	122	131	186	80
228	51	72	61	95	122	131	153	81
124	51	141	203	253	195	101	24	79
124	247	161	61	253	122	118	181	81
96	152	187	31	13	154	70	42	81
237	199	187	2	13	86	211	199	81
72	119	205	127	253	12	70	199	80
29	180	205	9	113	12	101	250	81
237	180	77	9	111	38	70	176	80
237	152	173	2	45	86	23	250	81
26	119	72	9	45	38	70	199	81
72	152	72	127	253	154	70	253	82
72	152	173	9	111	12	59	176	80
237	199	187	31	45	38	101	199	80
237	199	77	31	13	12	211	253	81
96	199	205	127	111	12	101	199	81
96	152	173	2	13	86	59	42	81
96	119	187	2	13	12	211	42	81
26	219	187	9	111	154	59	199	81
72	152	187	31	113	12	23	176	81
72	119	77	65	253	38	59	199	81
29	219	72	65	111	154	23	199	82
72	199	77	127	111	163	59	199	82
29	152	77	127	111	154	70	253	81
72	159	148	9	52	79	226	250	81
218	222	148	19	31	234	68	24	81
218	244	148	19	221	76	226	250	80
22	152	189	201	52	234	31	24	81
22	152	173	201	221	234	68	183	79
224	152	96	201	221	234	68	253	81
252	97	96	63	52	195	101	250	81
252	159	173	63	221	76	31	223	78
72	159	148	201	13	38	31	253	81
22	159	148	201	13	76	226	253	81
22	222	173	63	52	234	68	183	79
218	97	204	19	52	195	116	24	80
224	152	96	201	52	195	101	24	77
72	222	96	63	95	79	31	223	77
22	159	189	167	13	38	68	253	78
252	222	204	9	13	76	226	183	79
22	222	189	167	221	76	68	223	80
22	222	148	63	13	234	116	183	80
218	244	204	19	221	195	101	250	81
72	159	204	167	95	195	101	250	79
95	195	173	85	253	195	7	24	81
237	195	243	23	95	236	7	94	81
22	119	72	9	95	58	207	24	80
96	152	204	85	95	122	116	94	81
72	119	243	9	67	195	15	240	81
95	245	72	23	42	195	116	250	80
95	245	243	9	42	236	207	250	80
237	195	142	9	95	58	116	24	81
96	245	72	23	93	58	101	240	80
96	119	173	44	253	195	207	24	81
237	119	204	23	42	195	101	94	79
237	119	142	85	42	236	101	24	81
96	152	204	85	93	122	7	185	81
72	152	243	44	95	86	116	250	81
96	245	173	9	67	122	15	94	80
96	143	243	85	253	236	116	24	80
96	152	243	23	253	236	116	240	78
95	152	72	9	95	58	207	94	80
96	152	204	9	253	236	116	24	81
237	195	204	85	253	122	7	250	81
22	90	187	209	45	63	116	251	80
72	152	173	209	103	62	134	218	80
72	90	84	209	228	212	116	218	81
72	152	141	9	45	62	15	218	80
72	90	201	171	103	62	15	248	80
22	174	187	209	45	130	15	24	81
201	199	187	255	159	212	91	24	81
72	90	84	209	103	86	116	251	80
88	174	187	209	45	63	134	248	80
22	199	201	174	159	62	134	248	80
88	90	173	209	45	86	134	24	81
72	90	201	9	45	63	113	248	81
22	90	201	209	103	212	134	251	80
72	90	84	9	159	62	91	223	81
72	90	201	209	103	63	116	251	82
201	174	141	171	159	212	15	218	80
88	152	187	209	228	212	116	218	80
201	159	141	171	228	63	116	218	77
72	199	201	171	228	130	15	24	80
72	90	84	209	13	63	134	218	81
121	180	187	27	17	38	15	24	80
22	83	173	255	17	71	15	176	79
136	180	205	96	17	71	197	237	79
168	180	141	65	17	236	15	223	81
168	67	141	27	17	38	7	24	79
121	120	205	96	157	122	15	237	81
250	159	89	11	45	38	54	223	80
22	67	89	65	17	236	111	237	81
121	120	205	96	127	122	197	223	82
136	159	187	65	45	122	15	194	80
136	120	141	27	17	122	7	176	81
250	120	187	11	127	122	7	176	81
121	120	141	65	157	242	7	237	80
168	180	173	65	17	38	197	176	79
250	120	141	65	127	71	197	176	81
136	180	173	27	127	236	197	223	81
250	83	187	96	17	122	111	237	81
168	159	187	65	127	38	111	223	81
250	120	187	11	119	242	54	24	79
121	180	141	255	45	236	15	24	81
108	211	169	38	21	122	7	230	81
237	79	75	38	21	243	7	90	80
237	180	203	38	88	38	7	176	81
108	180	243	38	113	243	101	176	79
26	152	203	38	221	243	7	90	80
22	152	203	11	21	122	21	176	81
26	180	203	101	221	243	148	176	79
237	189	203	101	13	205	7	90	80
22	79	169	101	88	86	21	215	80
26	180	203	38	113	243	21	176	80
26	79	243	11	221	122	148	253	81
237	211	75	9	21	86	211	90	80
237	211	203	101	113	38	148	230	81
22	211	169	9	88	38	148	90	80
108	79	173	38	221	205	7	230	81
81	180	75	38	113	122	21	215	81
81	180	243	9	13	122	148	230	81
108	152	203	9	13	38	101	176	81
237	180	75	38	21	243	7	230	82
108	211	173	101	113	86	148	230	79
22	83	187	1	45	57	126	125	81
237	180	133	65	51	57	7	125	80
237	180	189	9	79	57	146	223	81
104	172	133	1	79	195	101	125	82
104	83	187	38	51	195	7	250	81
17	83	204	38	75	195	146	250	84
237	199	72	253	45	57	101	172	82
105	180	133	65	79	118	126	16	80
104	172	189	9	51	195	7	172	80
104	180	187	9	250	195	139	172	80
104	172	187	65	250	236	139	223	81
104	199	72	253	51	118	139	223	81
22	159	72	253	250	118	139	172	79
104	172	204	1	79	96	126	223	80
104	172	72	253	51	236	146	125	77
22	172	72	38	79	236	101	172	81
237	172	187	253	250	96	101	250	80
104	159	187	38	75	96	126	250	81
104	83	187	1	250	236	139	16	79
17	83	187	1	51	118	126	223	82
104	142	204	34	75	68	133	250	80
104	142	133	65	115	25	133	250	79
17	180	189	81	79	108	114	125	81
22	180	13	81	79	25	133	250	79
22	180	183	34	115	108	114	125	80
104	180	183	34	237	108	133	16	80
237	142	204	34	75	195	133	250	81
112	172	183	65	75	108	62	171	81
17	83	183	253	79	68	114	125	81
112	193	189	65	115	25	155	171	81
17	172	183	65	115	25	114	171	80
104	83	204	65	79	68	155	171	80
104	193	133	253	115	108	114	250	81
112	142	204	65	115	195	62	171	80
237	172	189	65	203	68	71	239	81
104	142	204	9	203	68	114	239	81
112	83	133	81	79	108	155	125	81
104	172	133	9	237	239	114	125	82
112	193	204	81	79	68	62	250	81
17	142	13	81	203	25	71	239	82
104	245	159	9	51	215	146	172	81
17	180	187	1	219	215	93	223	81
104	83	72	65	51	236	246	69	81
104	172	72	253	79	113	93	250	79
104	245	189	230	45	113	93	16	80
104	159	159	1	219	215	246	16	82
105	245	159	65	51	189	146	69	81
217	159	159	9	51	236	7	16	81
17	159	254	1	51	113	246	250	81
105	159	254	230	219	189	93	223	77
217	180	189	230	201	189	146	16	81
217	83	159	230	219	107	7	69	80
104	180	187	253	45	189	246	250	81
217	172	72	65	51	107	146	223	80
217	245	189	230	45	107	146	16	80
105	172	72	65	51	107	7	223	79
104	180	72	1	219	107	146	69	79
104	159	254	1	201	215	93	69	81
22	245	159	65	201	189	107	69	81
17	172	254	9	79	215	93	16	81
85	83	186	65	79	236	90	167	80
85	186	154	1	11	236	159	250	81
124	83	192	136	11	70	39	250	79
105	173	192	136	51	112	39	189	80
105	71	186	253	51	236	159	189	79
105	180	154	65	45	9	159	223	81
105	186	186	38	45	236	39	223	81
85	180	204	38	178	236	144	189	81
85	186	192	38	51	236	144	167	81
22	71	154	136	178	112	90	250	81
124	173	154	65	79	112	101	223	80
85	186	204	136	45	195	159	223	81
85	173	192	253	178	70	144	189	81
124	186	154	136	45	195	144	167	80
85	173	186	136	178	9	159	250	80
105	83	154	136	51	236	90	167	80
124	173	204	136	11	112	39	250	80
85	186	154	65	79	70	101	189	80
22	83	186	65	51	112	101	250	78
85	71	204	1	79	112	39	167	81
173	218	184	9	74	127	101	16	81
232	172	167	9	75	96	3	233	80
173	172	138	220	3	236	101	125	81
232	73	88	118	3	118	101	125	80
4	156	88	1	107	127	101	233	81
41	73	133	72	75	195	126	16	81
232	172	133	220	74	96	3	233	78
17	218	138	9	74	236	101	125	81
4	73	167	118	188	96	194	223	82
173	73	167	1	188	118	3	16	81
41	73	88	220	107	236	126	125	79
4	199	133	1	75	118	126	210	81
41	199	138	220	75	118	126	210	80
41	73	88	118	74	195	101	223	81
232	73	167	72	3	118	3	125	80
4	199	133	220	75	118	126	223	81
41	156	133	220	3	236	194	233	80
41	156	88	118	75	195	126	125	80
173	156	133	220	3	96	194	16	81
4	73	167	9	3	127	101	223	81
105	187	200	45	169	57	211	125	81
26	187	200	74	51	118	103	125	80
26	199	200	253	51	96	103	223	81
105	187	200	74	79	118	103	223	79
41	187	200	201	250	236	30	172	81
92	186	200	201	79	96	30	125	80
245	187	29	45	79	195	30	203	80
245	199	161	45	169	236	211	125	79
92	199	29	253	51	57	101	223	81
41	180	29	74	79	96	101	125	81
245	199	8	253	250	118	101	203	80
41	199	29	45	75	236	30	203	79
26	199	161	201	250	96	103	203	81
105	180	200	253	79	195	30	172	80
92	186	143	74	75	195	101	203	80
245	91	143	45	79	118	101	80	81
26	186	8	74	79	195	103	172	80
105	180	200	201	250	195	30	80	81
245	187	143	51	51	118	30	203	81
92	91	8	51	169	118	101	80	81
126	46	72	217	114	110	125	223	81
129	246	72	217	250	110	151	125	78
22	180	180	29	78	38	117	16	81
129	246	180	9	250	202	151	58	80
129	65	204	9	78	236	125	125	81
126	180	187	29	78	236	146	16	81
169	175	187	65	114	236	125	223	81
13	175	187	217	114	110	117	223	80
126	180	180	65	42	110	7	60	81
22	175	72	20	78	202	125	125	79
169	180	183	20	42	202	146	60	80
169	180	72	9	250	110	146	60	80
129	180	180	20	78	38	151	58	81
13	246	183	217	78	202	151	223	80
22	46	187	217	42	236	125	58	80
129	246	72	217	250	202	125	60	79
13	46	72	20	78	236	125	16	80
169	65	180	20	114	202	151	16	80
169	180	72	20	42	236	151	223	80
169	175	183	9	250	48	151	16	80
82	165	72	38	122	236	87	63	80
104	159	72	188	51	236	126	236	79
82	159	187	1	75	107	146	40	81
104	180	201	38	45	98	187	63	81
82	165	189	9	122	236	187	172	80
105	180	187	1	45	235	167	172	81
238	180	187	9	51	57	126	236	80
134	74	133	1	45	235	87	40	79
134	74	201	188	122	236	167	214	81
104	199	189	99	45	107	167	214	81
134	199	187	188	79	57	167	214	80
238	180	133	38	79	107	87	214	81
104	199	189	38	122	57	126	40	81
238	74	201	1	79	236	146	63	81
134	159	187	188	75	236	146	172	81
82	165	189	38	75	107	126	214	81
238	159	187	1	45	107	167	172	81
82	199	189	1	79	236	126	172	80
104	159	187	9	51	236	167	236	80
82	180	133	99	51	236	167	63	81
104	240	187	225	250	96	7	69	79
104	172	187	225	250	210	146	234	76
22	240	204	38	43	57	140	69	81
121	21	204	225	206	96	7	223	81
121	21	72	19	43	248	110	234	81
22	199	29	9	43	210	140	69	76
22	21	133	225	250	96	146	223	81
22	159	204	19	19	118	110	223	80
22	199	72	9	19	210	140	223	87
121	199	72	9	250	96	110	223	86
104	159	187	19	250	57	140	152	80
104	21	72	225	206	210	140	152	80
237	172	187	38	206	210	110	223	80
65	199	133	253	43	248	110	172	81
65	172	187	253	75	118	140	172	80
121	199	204	9	43	96	110	152	80
237	159	72	225	19	96	7	152	80
22	21	29	38	206	248	110	234	80
65	159	187	9	250	210	7	152	81
104	199	133	253	19	57	110	234	81
121	240	204	225	43	248	43	16	80
189	21	77	139	43	118	234	156	81
189	217	77	225	207	51	149	173	80
96	240	235	225	43	96	149	16	77
189	240	133	139	206	248	199	16	81
96	217	235	139	43	210	199	156	80
126	217	235	253	207	210	140	69	78
22	21	77	139	207	248	140	69	82
121	240	204	139	43	118	140	69	80
96	240	77	139	43	248	43	69	80
121	240	133	253	250	248	149	156	82
22	223	29	139	43	96	140	224	81
121	21	204	19	207	118	140	156	80
22	238	204	225	207	118	149	173	81
22	21	133	19	43	210	199	69	80
121	223	77	225	206	51	234	69	81
22	217	204	38	43	51	149	173	82
22	238	204	139	43	210	234	224	81
22	223	77	225	43	51	234	16	81
189	240	29	38	250	118	234	69	81
101	199	14	248	75	96	7	162	81
85	199	141	9	75	118	172	162	81
101	16	133	248	223	210	110	69	82
101	16	187	221	232	118	172	172	80
104	159	187	9	19	96	7	69	79
104	251	141	19	75	57	7	162	81
121	16	133	248	75	96	110	69	81
101	159	187	38	223	57	110	95	81
85	16	141	221	19	121	110	172	81
101	16	133	38	223	118	172	162	81
101	199	187	19	43	96	172	162	81
101	159	141	38	19	210	107	152	81
84	172	141	19	223	210	110	69	80
85	199	141	19	223	118	7	152	81
101	159	133	221	223	210	172	152	82
101	159	141	9	232	121	146	162	81
101	172	141	221	223	118	146	172	80
121	159	141	9	43	121	172	69	82
84	199	187	248	75	118	146	69	81
104	172	187	38	43	121	110	69	80
220	137	248	162	219	57	220	234	81
104	21	124	110	253	66	12	69	81
220	230	204	162	59	52	12	223	80
220	230	124	188	59	52	220	223	81
104	230	15	162	59	57	220	152	85
220	232	15	188	59	52	86	234	80
220	21	15	110	219	24	220	234	80
121	137	137	188	59	66	146	234	82
121	230	248	19	219	52	12	234	81
20	21	204	162	206	52	110	69	81
20	230	204	12	80	24	12	152	80
20	247	124	110	206	24	110	152	81
220	230	15	162	206	57	12	234	82
104	137	124	12	80	66	220	152	82
121	137	204	19	219	57	86	223	81
220	247	137	19	206	24	220	234	80
20	232	204	12	219	66	220	234	80
20	137	15	110	253	24	12	152	80
220	247	248	188	80	66	146	234	80
104	232	137	110	253	210	146	152	82
104	21	29	85	19	210	103	10	80
104	172	75	9	75	210	146	10	80
115	199	133	225	40	210	110	172	81
115	172	29	85	40	210	110	76	81
121	172	75	197	250	210	140	10	82
115	240	219	85	40	210	110	10	81
121	21	133	85	206	210	146	10	81
22	172	219	225	75	37	103	223	82
121	217	219	225	75	247	110	152	80
115	217	197	134	250	184	110	76	80
104	199	133	9	40	248	110	223	82
104	21	133	85	40	247	103	223	81
104	240	29	9	250	184	140	223	81
121	172	219	9	75	247	110	172	81
104	240	133	225	19	247	110	172	78
22	240	133	225	206	210	140	152	79
115	240	219	9	19	247	110	152	80
220	217	75	9	250	210	140	10	79
22	172	29	197	40	247	110	172	80
104	21	75	134	75	247	146	152	80
121	199	202	139	63	63	29	69	82
229	199	29	161	94	216	29	69	80
104	199	200	32	20	118	208	168	80
121	248	202	253	72	216	140	127	81
121	248	202	161	94	217	140	127	80
121	31	200	253	224	216	29	44	78
72	248	200	32	63	217	29	69	81
72	21	29	253	20	96	208	226	82
22	21	29	32	72	217	38	226	80
104	44	159	32	63	217	38	168	81
229	21	200	32	94	96	140	226	81
72	44	29	139	94	118	140	226	82
22	31	159	253	94	96	140	69	82
104	44	159	32	72	63	254	127	82
121	199	202	32	94	118	29	226	82
72	44	200	139	94	216	140	44	82
72	21	200	139	94	96	208	69	82
72	199	202	253	224	217	140	226	82
104	31	159	1	224	217	140	69	81
229	199	159	1	20	118	254	127	81
114	159	204	198	206	50	110	243	82
22	172	187	147	19	57	110	219	81
217	21	29	253	19	100	166	136	81
204	240	187	224	238	38	166	243	81
114	159	72	198	19	248	110	223	80
114	240	187	40	171	50	110	69	81
204	21	187	198	238	38	135	136	81
204	159	204	147	171	248	135	223	82
72	219	72	224	238	248	135	223	80
114	21	29	253	19	248	110	69	80
114	172	187	40	75	248	110	223	81
72	159	72	198	171	100	28	243	80
114	240	187	224	238	38	110	69	81
217	219	133	147	171	57	135	223	81
217	219	72	40	206	57	166	69	81
204	240	187	40	206	38	110	243	81
114	21	187	147	206	57	110	136	81
72	21	72	224	75	100	110	223	80
72	172	133	40	19	57	110	243	79
22	219	72	198	75	38	135	219	80
107	182	135	38	250	210	110	251	81
107	182	76	21	41	57	110	69	79
121	199	135	231	41	248	128	69	80
107	199	204	225	206	118	128	152	80
109	199	248	21	41	65	110	69	81
22	7	135	19	75	57	128	173	80
121	159	204	38	31	65	128	234	82
22	159	135	231	206	210	0	152	84
22	182	248	38	206	65	0	152	81
22	159	135	231	31	118	160	251	82
65	7	204	231	250	118	128	152	80
107	7	204	231	250	118	110	234	80
121	199	204	21	41	65	110	173	81
22	7	76	19	31	65	128	69	78
121	159	248	38	41	210	160	69	80
22	242	204	225	31	57	110	69	82
65	159	204	38	206	118	160	173	81
107	159	31	19	250	210	110	69	83
107	242	204	231	206	248	110	251	77
22	7	135	38	75	210	110	69	81
65	159	204	235	230	65	7	251	82
16	182	94	19	230	57	7	26	78
109	242	94	19	9	110	7	26	79
109	245	204	19	157	203	7	251	80
16	182	204	21	250	203	139	243	80
89	242	248	21	9	57	40	26	81
16	242	248	19	137	57	40	26	81
65	245	94	225	157	57	139	243	81
109	159	204	4	157	57	7	173	81
65	7	204	21	157	203	139	243	82
109	182	248	19	230	110	139	69	80
16	182	204	225	137	203	7	26	81
49	182	135	21	157	65	104	173	81
49	182	94	225	250	65	104	69	81
16	242	94	19	250	65	139	26	79
109	7	135	21	137	65	104	173	80
109	7	135	225	250	57	40	173	81
49	242	135	19	157	57	40	69	81
49	245	204	19	157	203	40	69	79
49	245	204	235	157	203	7	251	82
65	242	30	161	41	88	136	239	81
109	182	30	38	216	17	103	173	80
114	182	204	22	250	17	160	239	78
93	242	30	38	41	88	64	251	81
114	245	204	38	75	242	103	173	78
65	182	248	225	28	242	64	173	81
109	242	204	161	75	65	103	251	79
65	182	135	225	250	242	110	173	79
22	15	76	22	216	108	136	251	81
114	182	248	161	216	242	64	69	81
109	242	248	22	28	108	160	239	82
65	242	135	225	28	108	103	251	79
65	182	135	38	75	17	110	251	81
109	68	204	225	28	108	160	220	81
65	68	135	22	250	242	110	220	81
93	68	30	225	250	242	64	239	81
114	68	30	161	250	65	110	239	81
114	245	248	38	75	65	64	239	81
114	182	76	151	41	17	64	69	81
109	182	30	151	216	17	136	251	79
74	172	76	163	76	248	120	79	81
121	172	248	11	76	248	120	251	81
237	55	204	87	41	248	26	168	81
121	159	31	101	41	112	160	234	81
121	55	248	48	141	112	178	168	80
74	242	31	101	76	66	26	251	80
74	159	31	11	250	112	120	234	81
237	172	248	11	41	112	110	168	81
121	230	39	48	250	248	178	234	81
121	230	31	87	141	248	178	251	79
121	159	248	101	31	66	178	251	81
74	230	248	87	76	8	178	251	81
74	230	31	48	141	248	120	173	82
237	172	76	101	41	112	110	168	81
182	242	76	48	141	248	110	79	79
121	55	76	101	250	210	110	234	81
121	55	248	11	76	210	26	173	81
182	55	204	11	250	210	178	251	78
74	242	76	87	141	66	110	234	79
237	230	39	87	41	210	26	251	81
109	54	135	175	224	248	110	64	80
22	54	76	21	81	185	0	64	80
109	176	76	21	31	185	0	143	81
121	54	77	85	224	118	0	143	82
22	199	95	85	206	210	177	251	80
109	133	95	21	41	248	110	234	80
121	199	135	225	206	118	177	143	81
22	54	248	85	224	210	110	251	81
121	176	77	85	81	185	0	152	80
65	54	95	85	224	68	110	234	80
65	54	248	175	224	210	161	64	81
65	176	135	175	206	248	238	143	81
65	54	76	85	81	185	161	143	79
109	199	135	85	224	185	177	251	80
22	176	248	175	31	248	177	152	82
119	133	76	21	81	210	110	64	81
109	176	76	175	81	68	177	251	81
121	176	248	85	31	118	177	234	81
22	176	95	225	81	118	110	251	81
65	133	77	175	81	248	177	152	80
45	54	95	53	81	176	110	196	80
52	129	77	53	206	176	147	234	80
69	134	248	16	206	68	147	152	80
45	146	236	53	206	68	110	152	81
41	129	248	47	81	195	238	203	81
41	146	151	175	206	70	177	152	81
45	146	95	16	81	68	177	152	81
19	134	95	16	206	70	238	152	78
69	134	151	53	224	195	110	196	81
45	129	236	47	81	68	238	234	82
69	199	151	47	15	195	110	196	80
69	199	151	177	81	68	147	196	81
41	129	236	177	41	195	110	31	81
52	134	248	53	206	176	0	31	80
69	54	77	175	15	70	238	31	76
19	146	77	16	15	176	0	234	76
19	129	248	175	41	195	0	203	81
41	134	77	16	206	195	147	31	81
19	146	236	16	206	195	0	234	81
41	146	236	175	15	70	177	152	81
52	130	151	45	206	215	147	31	80
26	129	248	240	224	184	147	152	81
52	130	236	240	224	215	177	234	77
41	129	248	55	41	70	0	203	81
26	190	236	53	206	184	0	68	81
69	129	95	55	224	36	0	203	80
105	136	236	53	224	50	147	152	80
41	130	29	55	15	70	238	152	81
52	136	95	240	224	70	238	203	81
41	136	151	240	206	70	147	234	81
105	23	95	53	224	215	0	234	80
69	129	248	55	41	215	104	31	81
26	23	95	152	41	184	104	203	81
52	129	151	55	224	184	0	68	80
52	23	151	53	41	70	0	31	80
26	23	151	55	81	184	238	68	81
105	130	236	53	206	215	147	152	81
105	136	151	53	81	70	104	68	82
105	190	236	53	206	184	147	203	78
41	190	236	45	15	184	177	31	81
69	130	95	243	224	100	195	186	81
106	187	125	172	15	50	195	234	81
106	187	217	39	81	187	144	68	79
6	1	95	172	81	215	112	68	81
26	130	217	5	206	215	195	186	82
26	1	236	5	224	100	195	186	80
6	1	183	63	81	187	102	68	81
106	130	236	5	41	100	112	186	81
105	136	183	172	206	50	112	203	81
6	136	183	5	206	100	177	234	80
6	129	125	5	15	215	144	68	80
105	129	217	63	81	100	112	186	81
105	129	183	172	41	215	195	234	81
106	187	125	172	81	70	144	68	81
105	136	217	39	206	215	102	158	81
69	1	236	243	81	187	144	68	76
105	187	125	63	224	187	102	158	81
6	130	95	243	41	215	102	203	79
69	130	183	243	81	215	144	186	80
105	136	217	243	206	70	195	203	79
30	144	236	39	206	187	102	79	78
30	176	125	63	97	187	102	186	81
116	176	39	39	97	70	207	211	80
26	176	236	63	97	215	177	138	81
30	7	125	39	97	74	120	186	80
26	1	125	63	97	74	102	138	81
26	176	39	176	15	215	177	186	80
116	7	39	179	41	215	120	211	81
105	7	157	179	81	74	177	138	80
106	162	236	176	41	70	120	211	80
105	144	39	176	81	187	102	186	81
26	1	125	179	41	59	120	211	80
30	7	236	179	81	74	102	211	81
116	144	221	63	81	187	207	206	80
26	176	39	39	97	70	144	206	80
116	162	157	5	97	74	144	211	81
116	162	39	63	206	70	102	206	81
106	1	39	5	15	59	144	206	80
116	7	236	179	15	215	177	138	81
30	7	125	39	206	59	120	211	80
69	187	205	5	1	51	102	206	80
69	187	125	47	1	51	195	206	80
36	129	240	47	100	51	149	186	79
250	130	240	47	1	101	195	206	81
26	130	125	47	1	95	195	206	79
250	131	125	47	1	101	163	206	81
250	129	86	172	59	187	112	68	81
93	187	125	5	1	187	163	206	80
36	187	240	5	59	101	163	236	80
36	130	240	231	1	70	102	236	80
36	130	125	231	59	51	195	206	84
36	129	183	231	100	95	112	236	81
26	130	205	231	218	51	112	206	81
26	130	86	5	100	187	102	222	80
250	130	125	172	1	70	163	206	81
250	187	86	5	1	101	149	222	80
26	130	125	172	218	70	163	68	80
69	129	205	63	218	101	149	236	81
93	129	205	5	100	95	112	236	80
36	129	125	63	1	51	102	186	80
97	187	245	61	239	100	161	203	80
25	130	89	63	239	215	71	203	81
25	209	89	63	246	100	147	203	81
97	187	246	34	81	70	56	138	79
73	187	157	243	33	215	71	158	79
40	136	245	36	33	50	177	158	81
46	25	183	243	239	187	177	186	81
46	136	183	36	62	215	147	68	80
97	209	246	34	62	215	71	186	81
25	187	89	36	33	70	161	158	81
46	136	183	34	239	70	56	138	80
46	25	246	243	33	187	177	186	81
73	136	89	36	81	215	56	186	80
46	25	245	61	33	100	147	158	80
73	130	89	63	33	187	161	158	78
25	25	89	61	81	70	161	203	81
40	25	183	34	33	215	161	186	80
46	25	89	243	81	187	56	158	80
40	136	157	36	239	215	161	186	81
46	209	246	243	81	70	177	68	80
105	1	55	37	81	187	230	254	81
105	130	241	37	206	37	139	203	81
105	176	170	188	29	239	144	254	81
74	1	125	37	81	239	230	254	80
74	176	241	5	206	187	230	234	79
69	130	241	39	81	187	144	254	74
105	130	55	5	29	50	96	186	81
106	1	55	147	81	80	230	234	81
69	1	191	5	81	80	230	254	80
106	176	170	37	3	187	139	186	81
74	130	191	188	112	239	144	186	81
102	176	241	37	81	239	144	254	77
106	172	191	39	3	239	144	101	81
102	129	55	39	81	80	139	186	80
102	129	241	37	29	239	96	203	80
106	1	170	39	81	80	139	234	80
69	129	170	5	112	239	144	186	77
69	1	125	5	29	37	144	203	80
69	176	125	188	112	80	96	254	81
102	176	241	188	3	239	96	203	79
74	172	138	65	3	37	96	186	80
109	129	241	188	206	76	144	186	80
74	130	138	188	206	76	144	186	81
74	129	138	37	206	169	96	186	79
102	129	55	65	159	169	244	248	80
74	1	179	147	3	187	96	228	81
109	242	55	37	115	187	144	228	80
109	242	138	3	206	169	96	186	81
106	130	241	188	115	187	244	235	75
69	1	138	65	112	187	239	248	81
109	172	138	3	159	187	96	203	81
102	129	241	3	112	242	144	248	75
102	1	138	37	3	76	244	203	79
109	129	241	188	3	37	244	235	81
69	242	123	65	115	187	239	235	81
74	129	138	147	115	187	144	203	81
109	129	138	65	112	37	239	203	80
106	242	123	65	159	76	154	186	79
106	172	179	188	206	37	154	248	81
102	130	123	147	3	169	244	228	81
99	225	241	5	3	37	100	216	78
133	176	125	137	112	80	96	214	80
99	130	125	117	206	179	149	216	81
102	225	55	5	206	206	149	186	81
105	225	125	62	206	206	226	203	80
99	176	125	137	206	80	96	186	81
133	176	125	119	206	206	96	203	81
74	225	169	62	112	179	100	186	81
74	4	226	119	206	179	226	186	81
99	225	55	137	206	179	149	101	80
133	4	226	117	81	253	139	186	79
99	176	241	119	81	37	149	101	81
105	176	241	5	81	37	96	214	79
99	225	55	62	206	179	149	214	81
74	225	125	119	112	179	96	216	83
74	76	55	117	81	253	100	214	80
74	176	169	117	29	37	149	101	81
133	176	226	137	206	80	149	101	79
133	76	55	117	112	179	139	186	81
74	176	226	62	112	206	149	101	81
89	138	125	151	234	201	100	250	81
8	84	55	151	3	34	149	101	74
8	138	125	137	234	34	149	221	81
119	84	115	137	3	230	100	178	81
113	225	169	5	3	230	100	178	81
8	84	226	117	176	230	163	203	81
8	53	169	151	24	34	149	250	80
8	169	226	5	24	34	139	221	79
119	138	115	151	3	34	163	178	81
89	138	115	117	81	201	163	221	81
89	84	55	151	176	80	163	178	78
119	84	55	151	234	34	96	178	80
119	53	115	137	234	34	96	250	80
8	53	125	137	3	176	163	221	80
89	53	115	151	176	230	139	250	81
8	225	115	151	234	34	100	203	81
133	138	125	137	234	80	96	178	79
8	225	115	151	3	176	139	203	79
133	53	169	151	81	201	149	178	80
119	138	169	5	3	230	96	221	80
217	139	61	151	234	97	100	203	80
119	53	115	117	234	164	100	101	79
217	102	55	151	24	166	121	221	80
113	235	61	63	148	97	100	203	81
113	138	169	117	24	164	121	221	81
113	235	115	117	81	166	121	203	81
119	53	115	5	234	201	163	178	79
48	235	160	117	81	201	202	101	77
48	53	115	117	148	80	140	221	81
113	138	160	117	234	201	163	178	81
217	139	61	5	81	166	100	101	79
137	139	61	63	24	201	140	178	81
48	235	55	151	148	166	100	221	81
217	53	169	151	24	166	202	221	81
217	235	160	63	234	201	121	203	79
113	53	160	117	99	80	202	178	81
113	235	115	117	148	80	121	203	80
48	139	160	5	24	201	163	221	80
113	235	61	5	148	97	140	101	81
217	139	55	149	81	164	163	101	81
79	169	115	151	3	98	139	250	81
17	23	125	63	56	200	139	203	81
79	23	115	51	25	98	96	101	79
89	225	228	63	3	106	139	101	80
17	225	169	51	25	200	149	250	81
17	225	247	63	56	98	96	101	81
113	77	247	5	24	98	96	138	80
69	225	115	151	3	176	149	250	81
69	77	125	151	24	176	163	101	81
17	23	125	63	3	110	139	203	81
69	23	115	137	3	98	96	221	81
79	169	247	51	56	200	163	250	81
89	23	125	63	234	200	139	203	82
79	225	247	5	3	110	163	138	81
113	225	115	51	3	110	139	101	80
69	77	247	137	25	200	139	101	80
17	138	247	137	234	106	149	138	81
89	77	125	5	24	110	96	250	81
69	138	125	51	24	176	149	221	81
113	225	115	51	25	176	163	250	81
119	196	226	137	3	110	230	221	79
133	225	55	117	176	110	230	119	81
119	196	111	117	24	80	230	221	80
133	189	189	151	24	232	215	184	80
80	225	157	137	84	232	96	119	81
133	196	157	117	3	80	139	178	81
119	189	111	151	84	232	215	203	76
133	189	226	151	84	176	139	178	81
11	196	189	151	24	110	230	178	81
89	225	157	151	24	110	100	203	81
80	20	189	151	3	110	96	184	81
89	189	157	137	234	232	215	221	80
80	20	55	5	84	80	96	221	81
80	14	226	151	24	110	139	203	81
80	225	55	137	3	176	215	184	75
80	225	189	137	84	110	139	184	81
80	225	157	159	176	232	215	221	81
133	189	189	137	234	80	230	178	80
89	20	226	137	176	232	100	203	81
89	225	189	159	84	232	230	221	80
80	76	43	151	3	178	139	184	80
11	47	53	71	3	178	139	159	80
89	132	121	137	14	178	245	249	79
89	76	43	159	176	176	108	249	81
11	225	121	117	234	176	108	159	81
11	132	217	71	3	176	225	249	80
89	251	217	151	14	210	225	50	81
55	47	217	151	176	210	98	50	81
55	251	217	137	234	210	108	50	80
55	251	208	151	84	79	139	159	81
55	76	217	151	234	210	98	159	81
55	251	53	159	84	79	225	159	77
55	225	53	151	3	210	225	50	81
89	47	53	159	3	176	225	50	80
55	225	208	71	176	235	245	249	76
133	225	208	159	234	79	225	50	81
89	76	208	151	84	178	245	50	81
89	47	53	151	14	235	108	159	78
11	47	217	151	176	178	245	249	80
55	47	208	137	176	210	139	50	81
50	47	53	108	14	79	240	128	80
133	132	217	127	176	235	106	155	79
80	122	217	127	176	178	139	182	79
80	76	53	108	196	235	139	221	81
133	132	217	127	196	235	244	182	81
65	76	217	159	196	235	139	155	81
11	225	111	137	176	176	240	182	78
80	47	253	108	176	210	240	155	81
133	76	253	127	196	176	106	128	80
65	132	111	127	234	176	139	155	81
65	47	111	108	3	176	244	128	80
50	122	147	159	196	178	106	182	81
133	47	111	137	3	178	106	128	80
65	47	217	157	196	235	106	221	81
65	76	111	157	3	176	106	155	81
133	76	53	108	14	178	139	221	81
11	47	253	159	3	235	139	221	81
133	47	253	159	234	79	106	182	79
11	76	253	159	176	235	106	182	81
11	47	111	157	176	176	106	182	81
137	251	208	103	3	114	143	159	81
95	106	43	103	83	164	143	50	78
133	36	48	141	14	164	108	120	81
72	74	121	54	176	154	113	120	80
137	225	121	137	170	105	113	154	80
95	74	217	103	14	105	38	120	77
137	74	48	103	83	154	239	50	81
133	251	43	137	170	154	239	159	80
3	106	121	141	83	105	38	50	81
137	74	217	103	14	154	38	159	81
3	36	217	214	3	164	38	178	81
95	251	208	103	3	164	239	120	81
133	106	121	54	170	114	143	50	81
133	36	48	54	14	154	38	159	79
3	74	217	137	14	105	143	120	80
3	251	208	214	176	79	113	154	81
72	225	43	141	176	154	113	120	79
3	106	217	141	14	154	108	50	80
95	225	121	141	170	105	239	178	80
95	251	217	214	83	164	38	178	81
11	76	208	101	234	171	90	144	81
80	225	208	161	14	187	108	159	79
4	76	208	117	234	171	225	144	79
4	225	58	101	22	171	225	50	79
4	251	217	101	22	210	90	144	80
216	251	121	117	14	210	129	159	81
55	251	58	167	234	187	245	249	80
4	251	53	117	234	171	90	122	80
55	158	121	161	14	187	225	249	80
11	225	217	101	3	187	108	50	78
4	47	53	117	176	79	108	122	81
216	225	58	151	176	171	225	249	81
11	47	121	101	234	187	245	50	80
55	47	208	161	176	171	129	50	80
11	225	217	101	234	79	90	249	81
11	76	217	167	3	171	108	50	81
11	76	58	117	22	187	129	122	81
80	76	53	101	22	210	108	50	81
11	76	217	161	234	171	90	159	81
216	76	58	101	3	171	129	50	81
133	196	43	137	224	194	225	229	80
0	99	215	1	224	239	139	229	81
38	200	233	117	224	144	139	57	81
133	251	215	137	224	194	225	159	80
73	99	215	137	12	239	139	159	80
38	200	233	117	12	194	225	50	81
0	251	215	146	224	239	139	57	79
133	251	43	137	12	194	139	57	80
133	200	233	146	224	194	225	57	80
209	47	215	137	12	144	139	57	80
73	196	43	1	18	235	114	229	81
38	99	43	146	18	235	225	57	81
73	47	233	146	20	144	100	229	81
209	200	233	146	12	144	114	50	81
38	200	43	117	203	194	100	159	81
209	200	180	1	18	235	139	50	80
133	251	217	146	203	50	100	50	81
0	47	217	174	20	194	139	50	81
73	99	43	1	12	144	225	50	77
0	251	215	1	203	144	245	50	81
216	225	121	27	14	127	109	153	82
11	76	32	53	112	127	251	184	81
55	239	121	137	72	235	74	2	79
55	54	32	151	232	235	245	153	79
11	239	208	137	227	213	245	184	78
11	182	32	75	14	172	139	50	80
55	239	121	137	14	172	251	222	81
216	239	53	27	232	178	245	222	80
216	54	145	151	72	235	139	50	81
216	182	208	75	232	235	139	50	80
216	54	53	75	112	172	139	50	80
133	182	208	75	14	235	74	153	81
80	225	145	53	232	235	74	222	80
80	239	145	137	227	213	74	50	81
216	54	53	151	14	213	251	153	80
55	225	121	75	227	172	139	153	80
11	239	121	137	232	127	139	50	81
133	225	53	151	112	178	251	2	78
11	182	145	151	14	172	74	222	81
133	225	53	151	232	235	245	222	81
55	68	217	159	3	209	98	184	81
121	211	217	117	172	209	225	52	80
121	132	208	159	79	235	68	139	81
31	68	47	159	172	235	139	139	79
80	53	47	117	176	187	98	184	81
121	53	208	117	172	235	68	221	81
161	211	47	8	79	187	101	184	80
161	227	217	151	176	187	101	139	77
121	53	217	117	176	187	225	50	81
55	132	208	159	176	79	68	184	79
31	227	53	159	176	209	225	52	81
80	68	53	117	76	187	225	52	81
161	53	53	39	79	79	68	50	80
55	211	47	8	76	79	98	184	81
80	227	47	117	172	187	225	52	81
55	227	217	159	172	209	225	139	80
31	53	47	39	176	176	139	52	80
80	53	47	8	176	176	225	139	81
161	227	53	151	79	235	225	50	81
121	132	217	117	3	209	98	221	81
11	108	183	75	3	176	225	159	81
81	225	253	117	172	210	225	50	79
11	47	43	117	234	178	245	249	80
81	251	253	75	14	127	138	159	81
21	251	219	75	234	176	138	26	79
55	108	219	117	14	175	237	249	78
133	251	217	117	234	210	138	26	80
81	225	43	151	14	178	225	26	80
133	47	253	75	234	178	225	159	79
133	47	219	117	14	210	237	249	79
11	228	43	137	172	176	138	184	80
133	108	43	151	172	210	138	249	81
55	108	217	75	148	178	237	249	79
11	47	219	75	234	127	245	26	81
55	225	183	137	234	175	234	249	80
81	108	253	159	3	175	225	50	81
133	228	253	159	14	176	234	159	81
133	225	217	151	14	210	234	159	80
21	47	253	151	234	176	225	50	80
133	47	183	151	234	127	225	184	80
11	47	211	117	172	57	225	184	80
82	226	183	67	14	210	196	248	81
61	254	211	117	172	162	225	184	81
61	44	183	151	172	176	234	50	81
11	47	25	117	172	57	196	50	80
11	44	91	151	219	162	234	50	80
61	226	91	151	157	176	234	26	82
82	44	183	151	172	210	237	50	79
82	254	253	117	172	176	196	159	80
11	226	211	117	3	162	196	159	81
11	230	183	67	172	162	225	159	81
52	47	211	117	14	176	138	26	81
133	230	183	173	157	170	138	50	81
82	44	183	67	14	176	237	184	80
133	254	91	151	219	210	196	159	78
52	226	25	137	3	57	234	184	80
61	230	253	67	157	162	196	248	79
11	47	91	137	219	176	225	50	80
52	230	91	137	219	170	196	26	81
61	226	183	151	219	57	237	26	80
11	158	135	7	9	145	138	188	81
242	226	247	7	9	66	197	26	81
52	47	247	7	172	57	197	184	81
61	158	135	77	194	145	138	40	81
61	166	135	149	151	182	197	159	81
52	158	135	201	14	66	134	159	81
242	166	66	151	194	145	225	26	81
52	166	152	7	172	145	134	40	82
11	166	135	201	194	176	197	26	81
197	47	239	7	9	57	249	40	79
11	166	239	77	194	176	197	159	81
61	47	66	7	14	182	249	26	81
197	226	239	7	14	57	249	188	80
197	158	239	201	14	57	134	184	81
197	44	247	151	151	182	134	159	80
197	226	135	7	194	66	225	188	79
52	44	135	151	9	57	134	26	81
242	47	247	149	172	66	225	40	81
61	226	247	7	194	145	134	40	80
197	158	135	77	172	57	197	40	80
82	226	245	103	3	189	234	14	81
52	230	91	137	14	162	138	159	81
82	246	87	238	219	162	234	14	80
52	226	183	151	14	243	237	184	81
137	44	25	103	219	80	138	248	81
137	246	245	103	157	243	105	159	80
82	230	91	238	3	139	237	184	82
7	226	91	137	14	139	234	159	81
7	44	25	83	14	243	138	50	80
52	30	25	103	172	80	234	248	80
52	246	87	151	172	162	237	184	80
82	230	245	238	172	243	221	14	81
52	230	245	151	157	243	237	159	81
7	226	183	103	172	189	221	159	80
52	230	245	103	172	189	105	159	79
7	44	87	137	14	243	221	248	80
137	246	87	103	3	80	234	14	80
52	246	183	83	14	189	237	159	79
61	226	87	83	3	243	105	248	80
82	30	25	83	172	139	105	248	80
52	37	159	173	172	176	8	174	80
43	47	225	131	187	176	208	112	81
61	37	225	151	14	57	8	26	81
52	37	253	90	65	170	225	112	80
193	254	159	131	65	138	225	174	78
52	37	253	173	172	176	208	174	81
193	254	159	151	65	210	8	50	81
61	160	91	90	65	176	225	26	81
43	37	253	131	187	57	234	50	80
52	47	253	173	14	57	225	174	81
43	160	91	131	172	57	208	184	80
82	254	253	173	187	176	225	50	80
61	160	25	131	172	170	208	26	80
43	254	25	173	187	170	225	50	80
43	37	159	173	14	176	173	112	79
82	230	25	21	157	176	173	112	81
61	160	25	173	172	176	234	112	79
43	230	25	90	187	170	208	50	81
52	254	225	21	157	176	225	50	79
52	37	25	173	65	138	8	26	80
114	103	23	205	219	127	110	184	80
135	44	25	173	14	162	175	26	82
99	66	189	173	67	145	175	186	81
21	254	211	90	219	145	110	248	80
99	44	25	173	157	127	197	26	81
21	47	23	205	157	173	110	139	80
99	103	211	90	67	162	110	139	81
114	103	91	151	157	210	138	26	79
135	103	23	151	160	162	175	139	81
99	66	25	205	67	127	110	186	80
99	66	211	90	14	162	138	186	81
171	44	25	151	157	162	138	186	81
99	47	91	205	219	173	36	186	81
99	66	91	90	219	210	138	26	81
114	66	91	90	67	162	175	139	80
21	44	211	125	14	145	197	248	81
135	47	23	205	14	173	175	26	81
99	254	189	90	219	162	110	248	81
114	103	91	90	67	173	197	248	81
21	44	23	90	219	173	197	184	79
133	202	23	54	157	11	234	50	80
61	254	25	157	157	210	235	253	81
90	230	25	157	204	11	234	16	78
61	47	253	13	204	11	174	16	81
61	44	91	54	204	162	229	253	79
61	202	207	81	204	162	234	153	80
90	47	25	153	8	11	229	50	81
176	254	25	153	204	162	229	253	81
61	44	25	54	3	185	254	16	80
15	230	253	81	204	210	235	50	80
90	44	207	157	157	170	235	184	80
133	230	23	13	8	170	229	50	81
15	202	91	81	157	170	174	16	81
90	44	253	153	3	185	229	50	80
61	202	207	54	157	162	235	153	79
15	44	23	13	219	11	234	50	77
90	44	207	54	8	162	234	50	81
15	254	23	54	157	210	235	16	81
176	202	253	13	204	185	235	253	81
90	44	253	157	219	210	234	184	81
159	61	23	81	8	170	190	16	80
181	61	91	157	191	208	127	16	80
120	168	25	13	191	131	127	153	80
159	168	181	81	3	185	127	250	81
159	202	181	81	191	170	169	184	80
120	61	91	81	8	162	190	250	79
146	126	91	81	8	131	190	50	81
120	61	91	13	8	162	169	50	81
181	202	91	54	8	170	190	250	82
146	168	181	54	3	208	231	250	81
193	126	23	153	206	208	127	50	78
120	61	91	153	8	185	169	184	78
181	202	181	13	3	208	231	250	80
159	230	135	153	3	131	235	184	81
159	126	23	13	191	208	127	50	77
146	230	91	81	8	185	235	184	81
193	202	135	81	8	185	231	250	82
146	202	25	153	59	170	190	16	80
120	61	181	153	191	162	235	153	81
193	230	181	157	8	208	231	250	80
191	61	135	216	49	159	203	240	81
203	126	91	53	212	170	203	174	80
191	61	117	157	3	185	169	174	81
211	126	87	69	49	170	60	241	82
55	202	87	53	212	162	203	240	81
55	61	135	69	42	208	60	153	81
120	61	61	53	3	159	169	50	78
120	168	91	157	42	208	190	174	80
203	202	87	216	3	170	169	50	80
120	168	117	13	3	185	203	241	80
55	202	61	53	49	185	169	241	80
203	61	61	157	191	170	60	50	78
211	61	117	53	49	159	190	240	80
55	230	117	13	42	159	60	153	80
203	202	117	69	3	185	169	174	81
120	61	87	13	42	170	203	153	80
211	168	117	13	191	159	190	50	81
55	126	61	216	191	162	190	174	77
203	230	91	69	49	162	190	153	80
211	230	91	69	49	208	169	153	80
172	61	91	90	8	225	225	235	79
159	60	91	157	46	170	190	84	77
252	230	16	13	19	178	235	42	81
252	230	6	90	175	170	235	235	81
147	60	181	54	50	170	190	178	81
252	200	91	157	19	19	190	42	81
159	61	197	153	175	19	235	42	80
252	61	16	13	175	19	225	84	81
159	60	91	157	50	225	169	153	80
252	200	181	157	8	248	235	178	81
193	168	16	13	50	178	225	178	80
159	230	16	54	8	170	169	153	81
193	60	91	90	175	248	225	42	80
172	61	197	157	8	178	235	42	77
193	200	197	157	175	19	225	84	81
159	61	197	157	19	248	235	84	81
193	200	197	90	175	19	127	84	81
172	61	181	90	50	178	190	84	80
193	60	91	157	19	170	169	178	81
193	61	91	90	46	19	190	235	81
159	247	178	220	206	185	247	153	80
65	170	178	13	5	208	158	16	80
159	126	178	81	184	131	255	250	80
146	126	151	220	59	131	255	153	79
65	61	178	13	59	138	111	153	79
181	247	105	54	184	208	158	250	80
146	247	25	152	57	131	255	250	80
181	126	25	54	59	131	169	152	81
120	61	151	54	206	208	111	152	80
120	170	151	54	57	185	111	16	80
146	170	25	13	184	138	255	16	80
159	126	25	54	184	131	169	250	81
120	170	151	152	5	162	158	16	79
159	170	151	13	206	138	255	16	77
120	61	30	54	57	131	169	250	80
120	61	105	81	184	131	158	152	81
65	61	105	152	59	162	158	54	80
65	247	151	81	184	185	158	16	81
120	170	178	81	5	208	111	54	81
159	126	30	152	5	185	111	152	80
120	126	25	140	59	208	231	153	79
149	230	25	157	210	190	110	153	79
120	168	135	140	14	152	110	90	81
120	230	135	157	3	131	171	153	79
120	126	181	140	3	131	110	57	80
193	126	25	153	210	162	231	90	81
149	230	25	153	3	162	57	153	81
149	230	135	140	187	152	110	153	81
181	168	25	64	14	190	110	90	80
149	230	25	153	3	162	110	17	80
193	154	23	140	59	162	57	153	81
159	168	25	180	14	162	57	46	80
120	154	25	157	14	152	171	57	81
149	230	181	157	187	208	110	46	81
159	5	23	157	14	162	231	17	80
193	230	135	180	59	162	171	17	81
149	154	23	64	3	131	252	57	81
120	126	135	140	3	152	252	17	81
159	230	23	64	59	152	171	153	81
193	126	23	140	210	190	171	46	80
182	238	135	153	104	170	235	184	80
182	168	181	99	45	167	190	153	79
181	238	23	13	45	170	255	184	81
181	25	23	156	104	170	235	52	81
182	238	23	156	191	170	157	241	77
157	25	23	54	104	170	231	52	80
157	238	135	153	104	170	255	241	80
120	238	181	99	206	185	190	50	80
157	238	15	156	206	218	190	153	81
181	202	181	99	104	170	157	153	82
157	168	135	54	3	218	231	50	81
193	202	23	54	104	185	235	241	80
157	168	23	54	45	131	235	50	80
182	238	24	99	191	218	190	50	81
193	168	15	54	104	167	231	50	81
181	202	24	156	191	218	190	153	80
193	238	181	54	45	170	255	153	81
181	168	24	13	191	218	255	241	81
120	168	23	153	104	218	255	241	81
120	168	135	99	3	131	235	184	81
65	139	135	99	27	223	161	59	81
157	139	135	217	191	187	157	244	79
181	168	15	99	45	39	181	219	81
65	168	24	153	76	155	251	59	81
242	248	183	54	215	39	161	244	81
65	57	23	99	76	39	157	59	79
242	230	135	99	191	155	157	52	81
65	168	183	99	76	187	157	59	81
65	57	24	13	215	187	181	251	81
181	248	23	217	76	223	181	219	81
181	168	135	99	27	39	157	219	81
65	230	23	54	45	39	181	59	81
252	248	183	99	45	155	157	52	81
181	139	183	99	191	39	161	251	81
242	139	135	99	45	223	181	59	81
252	248	183	54	27	155	161	52	81
157	230	23	217	27	187	161	59	81
65	230	24	13	45	39	181	52	81
65	168	135	153	27	223	157	59	80
65	230	24	217	215	170	251	251	80
191	45	35	222	222	218	13	34	80
62	46	158	99	173	168	231	115	80
131	202	35	222	173	168	154	34	81
191	46	213	153	104	218	13	241	81
191	103	35	38	173	199	235	128	81
62	46	35	75	3	218	235	34	81
62	103	35	75	3	199	255	241	81
191	202	35	38	222	134	255	34	80
131	202	213	222	222	170	255	115	81
246	46	22	75	173	168	231	115	81
182	45	35	75	104	218	235	34	81
182	46	24	153	222	199	255	184	81
246	46	22	222	104	168	13	241	81
131	46	35	222	173	170	255	34	81
182	46	213	99	45	134	231	115	80
182	45	35	75	173	170	13	128	81
62	103	158	38	104	199	235	34	79
246	45	158	38	222	168	13	115	81
62	46	24	153	45	168	231	241	80
246	103	158	99	45	199	154	241	80
254	238	23	48	44	167	255	52	79
254	220	135	71	3	175	235	184	80
161	220	15	37	104	174	134	153	81
181	220	23	48	191	174	135	241	79
181	168	23	156	44	167	255	153	81
157	25	189	153	191	175	134	26	81
161	220	8	48	191	167	134	184	79
161	6	23	71	44	175	135	52	79
254	25	189	48	44	174	157	241	79
254	220	135	71	3	175	157	184	80
254	6	189	37	191	175	255	26	78
100	168	189	37	191	211	235	26	80
157	238	23	153	191	174	134	241	80
181	6	15	48	191	175	255	153	79
157	168	189	153	191	175	255	153	80
161	168	23	71	191	211	235	52	81
100	238	135	71	191	175	255	241	81
100	168	189	48	3	211	255	184	81
254	238	135	153	44	174	235	153	81
254	168	135	37	206	175	135	241	81
216	206	15	103	95	155	251	128	81
181	153	132	103	51	241	129	52	81
181	153	132	54	36	241	255	52	79
191	168	39	103	95	170	190	241	81
150	174	152	103	36	167	251	184	81
181	230	152	54	36	131	235	50	81
181	168	39	9	203	131	255	50	81
150	230	152	153	36	155	190	128	81
191	168	152	103	36	155	129	50	81
181	174	132	54	36	155	251	52	80
150	206	15	9	95	155	255	241	80
191	174	155	103	36	131	235	52	81
191	168	155	153	51	241	190	241	79
216	206	15	189	95	241	255	184	81
181	153	152	9	42	131	255	184	80
191	174	15	189	42	131	255	52	78
191	153	132	153	51	170	235	241	81
181	206	132	153	51	155	251	52	81
191	168	132	103	203	167	235	128	81
216	174	155	9	203	131	190	184	80
182	207	243	50	104	130	231	184	79
205	25	135	50	55	11	231	97	81
152	207	135	153	55	129	75	184	80
205	168	72	156	125	167	181	153	81
152	202	23	99	104	11	169	153	81
205	25	73	13	142	11	169	52	81
205	168	243	156	55	129	75	97	81
67	168	72	50	191	167	127	184	81
37	230	23	99	104	218	231	97	80
67	168	135	99	125	129	127	52	81
182	207	72	153	104	11	231	50	79
205	207	243	153	191	11	231	153	81
182	207	243	156	191	167	127	184	77
152	202	73	13	125	129	127	184	80
152	168	72	156	104	167	169	50	78
205	207	135	99	125	129	127	97	81
37	168	72	156	142	130	181	153	81
37	25	135	50	142	218	127	50	81
205	230	73	153	142	129	231	153	81
152	202	72	153	104	218	75	97	79
182	168	243	13	125	177	127	49	80
182	230	135	113	142	218	75	153	80
152	231	13	218	165	79	169	97	80
102	25	243	13	55	18	169	97	80
152	25	135	218	165	177	181	184	81
182	168	135	113	55	177	127	153	81
67	25	11	156	165	218	127	49	81
102	202	135	113	142	177	127	50	81
102	202	217	13	165	79	169	153	80
67	168	135	113	125	79	164	153	81
205	230	217	13	104	218	181	50	81
67	202	217	13	165	177	75	50	81
205	202	13	156	104	18	169	153	79
152	230	13	156	104	79	169	49	79
182	202	13	113	55	182	169	50	80
67	202	13	13	125	182	169	153	79
67	25	13	113	104	218	181	184	80
102	202	11	99	142	182	164	97	79
205	230	217	218	55	79	169	184	81
182	168	243	218	55	18	164	184	81
182	202	136	13	113	129	127	185	81
182	230	67	158	125	221	127	89	80
37	207	23	158	125	167	202	89	81
182	230	135	127	202	198	214	50	80
37	91	251	13	202	198	181	50	81
37	91	67	158	104	167	214	52	81
205	207	67	158	104	221	127	89	81
37	230	135	13	125	167	181	153	81
67	202	136	13	104	129	127	52	80
205	230	23	127	202	221	214	50	81
182	230	251	127	113	198	45	52	81
152	168	135	158	202	198	214	185	81
152	230	23	116	104	198	127	89	80
205	202	67	127	113	129	202	185	81
67	230	136	127	104	13	181	50	81
67	168	23	116	125	129	214	52	81
182	207	251	13	202	167	45	153	81
152	91	136	249	61	13	45	52	80
67	202	135	127	125	198	181	153	81
182	230	67	116	104	221	214	52	81
1	170	135	180	61	198	127	89	80
205	91	67	126	76	167	36	89	81
205	170	201	253	61	167	214	52	79
205	170	67	253	214	198	214	52	80
1	170	67	253	214	13	173	141	80
205	230	253	253	76	167	214	141	79
205	142	201	253	61	13	202	141	81
1	230	253	126	73	198	36	52	80
1	142	67	13	214	167	36	89	79
205	170	253	249	76	221	214	113	81
152	106	253	126	214	221	202	176	78
37	142	201	180	145	129	36	113	81
205	142	67	126	145	13	36	89	81
152	106	135	126	61	13	36	176	79
152	230	201	249	76	221	36	113	81
205	142	201	126	61	221	36	141	81
152	106	23	13	145	221	127	113	80
1	91	135	253	61	167	214	89	81
1	106	67	253	61	221	36	176	80
1	170	253	180	61	129	36	89	81
33	110	198	250	73	77	202	141	81
33	246	67	13	182	167	22	109	81
33	246	31	249	147	86	36	109	80
23	170	31	180	73	86	118	52	81
152	170	67	249	182	77	22	109	80
212	110	67	250	182	13	36	109	80
33	106	67	13	147	13	202	109	81
212	110	198	126	182	13	202	243	79
152	106	198	249	236	77	229	243	81
152	106	201	13	182	167	36	243	81
212	170	67	13	182	13	229	52	79
212	110	31	180	73	77	118	52	81
23	246	201	249	73	77	22	141	81
33	246	201	249	147	13	118	243	81
70	91	201	249	61	13	229	52	77
70	110	67	126	182	167	36	141	82
70	91	253	180	182	77	22	109	81
70	110	31	249	73	167	22	109	80
23	246	201	250	236	167	118	109	81
152	91	198	126	61	86	229	141	80
21	110	6	222	173	199	22	243	80
21	110	253	222	210	199	118	212	81
212	106	201	13	73	110	229	111	79
177	247	198	222	210	129	103	212	81
77	138	201	13	173	129	118	243	79
21	247	201	178	73	129	22	109	80
21	115	253	222	173	199	139	141	78
212	115	201	178	173	110	22	243	81
177	115	198	178	61	129	139	141	81
212	115	6	245	254	129	22	212	81
152	247	6	222	254	199	118	141	79
212	110	31	178	173	110	103	111	77
177	106	6	222	73	17	22	109	81
177	247	198	245	73	77	22	243	81
77	115	253	222	210	77	103	243	80
152	247	31	178	61	17	103	109	77
152	106	6	13	173	110	229	111	80
177	247	198	178	210	17	229	141	81
212	247	198	245	73	110	103	109	79
21	138	201	245	61	199	22	243	81
145	110	198	221	82	27	230	212	78
221	74	198	221	82	110	229	212	81
221	115	248	184	82	27	230	77	80
221	115	253	184	61	77	229	145	80
145	115	198	76	173	199	229	212	80
145	247	6	222	13	110	22	77	81
146	115	248	178	61	199	107	212	80
146	247	6	184	173	27	118	77	81
146	115	6	76	13	110	107	109	80
221	247	253	222	82	199	229	145	79
146	110	198	76	254	129	22	243	78
146	247	6	222	254	110	118	212	78
146	247	253	184	173	129	118	145	81
148	74	248	76	61	110	229	243	80
77	247	31	184	173	110	22	77	81
221	138	253	76	254	199	22	77	78
221	138	253	184	173	199	230	109	80
77	74	248	76	254	199	107	145	79
148	115	198	178	254	199	107	109	80
145	74	248	184	82	77	107	243	81
21	230	6	190	173	17	203	157	79
77	230	31	157	210	199	4	106	80
240	230	198	184	61	129	203	157	79
21	230	253	166	173	110	103	111	83
21	223	6	157	232	205	118	111	80
77	106	192	101	104	129	103	157	80
240	230	6	166	210	205	103	119	79
152	223	192	184	210	129	4	111	81
152	106	192	190	173	129	199	106	79
240	223	192	166	104	17	4	212	81
152	230	6	190	210	129	4	157	80
152	115	253	166	104	205	4	111	81
152	106	253	166	173	129	199	119	79
152	162	192	157	232	129	103	212	80
145	223	198	166	61	205	199	106	81
21	230	6	166	61	110	199	106	81
145	106	6	101	104	205	4	212	81
77	115	253	101	210	129	203	111	79
145	106	198	166	61	199	118	119	80
145	162	6	101	104	17	203	111	81
20	254	201	13	44	199	118	243	81
22	115	6	13	44	110	118	93	81
20	110	87	184	210	129	22	244	80
20	97	253	245	44	129	118	109	80
136	97	198	245	173	129	229	93	80
177	115	253	245	254	110	110	244	81
136	110	253	178	210	17	229	141	80
20	97	87	245	210	77	229	141	80
22	115	253	200	73	17	139	141	79
20	138	87	184	73	77	110	141	81
136	97	6	245	44	17	139	244	81
20	110	253	245	44	199	110	243	81
22	115	198	184	173	129	139	109	81
8	115	201	13	210	77	229	141	79
22	97	198	200	210	17	22	93	80
177	254	201	245	73	17	110	243	80
20	138	6	245	73	199	139	141	83
22	97	6	245	44	77	22	244	80
8	97	198	13	173	17	229	109	81
177	115	201	245	73	77	110	109	80
52	115	31	184	61	87	118	89	82
177	115	31	13	62	48	103	111	81
152	110	15	184	61	87	229	111	80
21	115	195	245	62	236	229	89	81
52	106	195	13	137	236	22	176	80
21	183	195	245	73	87	103	141	81
21	115	195	222	61	48	229	89	81
152	183	117	13	73	87	22	212	80
21	110	195	184	61	77	22	176	80
21	110	195	222	137	48	103	212	80
12	234	195	13	210	236	22	176	79
12	115	15	245	62	129	103	111	77
152	183	15	245	137	236	139	111	81
12	110	195	222	73	87	229	111	81
52	234	117	184	137	236	22	212	80
21	110	15	184	61	87	229	141	81
52	183	15	222	62	236	103	212	78
12	234	15	245	61	129	229	212	79
177	183	197	245	210	77	118	89	81
12	110	117	222	61	129	118	111	79
120	14	31	13	62	83	103	111	78
21	54	5	184	61	83	199	204	82
12	54	5	222	250	77	118	89	80
177	14	197	184	62	83	118	89	80
12	237	197	13	137	48	39	89	81
120	115	197	222	62	129	103	111	80
120	237	31	184	73	44	118	111	80
12	123	197	13	61	77	118	224	81
177	237	31	154	61	83	147	204	80
52	123	31	13	61	77	147	141	81
21	54	197	154	73	77	147	141	79
52	54	114	13	62	44	199	224	82
52	237	197	13	73	129	103	204	80
21	54	197	13	73	83	118	89	80
52	54	5	154	137	129	118	204	80
177	14	197	245	250	83	118	89	81
21	54	31	154	250	129	147	111	80
177	54	31	154	73	48	118	141	80
177	237	114	184	250	77	199	224	81
120	237	114	222	250	48	199	204	78
187	218	197	202	137	236	20	111	80
138	183	71	202	121	48	20	176	80
187	115	197	202	62	48	54	151	80
52	218	117	184	121	129	20	176	80
21	44	117	202	61	48	103	111	81
138	106	71	184	62	76	139	151	80
52	44	117	144	61	129	54	89	80
12	115	197	144	121	129	54	89	80
21	44	117	144	146	76	139	209	79
21	115	197	144	62	78	54	176	81
138	44	71	13	61	129	139	111	80
52	44	47	13	146	129	103	151	80
138	106	117	184	146	48	139	111	80
52	106	197	144	121	76	103	176	80
138	44	47	144	137	129	139	111	81
21	106	117	13	137	129	139	176	78
21	106	197	184	146	236	20	111	81
138	183	197	184	146	78	173	176	80
187	115	71	13	61	76	54	111	80
138	115	71	239	146	236	20	89	81
52	66	66	191	137	3	103	208	81
52	43	140	214	248	48	139	97	80
21	218	47	191	31	3	164	45	76
12	218	140	214	146	236	112	7	81
52	52	47	77	248	236	164	7	81
21	183	140	191	137	48	103	211	80
12	43	140	188	137	236	139	211	80
12	183	47	77	146	48	112	7	80
131	183	140	191	248	236	103	7	79
12	66	47	48	31	74	164	7	78
21	183	140	191	146	74	103	97	79
12	218	47	191	248	236	112	45	81
131	66	47	191	146	74	112	208	81
12	183	244	48	31	125	164	208	81
12	52	140	48	146	3	164	211	80
52	43	47	77	146	3	103	7	81
12	52	66	188	61	3	164	7	81
131	43	244	48	146	3	82	208	80
154	66	244	188	61	3	112	208	81
154	218	140	48	248	3	139	208	80
12	75	75	82	31	74	167	151	81
145	75	75	77	146	140	103	218	81
30	75	47	77	61	74	82	103	81
30	202	75	82	146	208	167	16	79
12	46	244	167	146	140	112	151	81
12	43	197	167	249	74	167	12	80
145	46	75	77	146	74	112	103	81
30	75	75	77	146	208	82	103	80
12	183	75	77	249	140	139	151	81
12	43	75	77	31	140	139	12	80
30	183	75	82	138	74	82	218	78
30	202	197	82	138	140	139	16	80
145	43	142	51	249	140	139	218	80
21	43	244	167	249	140	112	103	81
12	75	75	167	146	208	82	218	80
52	202	47	51	146	208	103	12	81
21	43	197	82	146	208	167	16	80
21	43	244	51	146	140	139	16	80
21	183	197	77	61	237	103	218	81
21	202	197	167	61	3	139	12	81
40	43	197	238	61	51	103	233	81
131	183	197	48	73	1	98	208	79
154	176	140	250	73	51	174	45	81
52	183	244	238	146	236	98	208	80
131	183	244	238	61	114	103	12	81
52	176	173	111	124	189	98	45	81
52	43	244	250	73	236	27	208	80
52	43	140	111	73	51	27	12	80
154	43	197	238	73	236	27	208	80
40	43	210	238	61	51	98	241	81
52	43	173	111	124	189	27	45	81
131	183	210	250	146	114	103	45	80
69	176	140	111	31	51	174	12	80
154	176	140	250	31	1	98	12	80
154	43	197	238	73	189	174	45	80
69	152	173	48	124	189	102	208	81
52	152	244	238	146	114	27	12	80
52	66	210	238	31	1	174	233	81
69	66	197	250	61	189	27	45	80
154	43	197	111	31	1	174	45	79
22	66	47	47	241	48	112	213	78
183	52	197	47	221	100	113	213	81
61	66	244	47	221	48	113	7	81
61	52	47	77	221	42	82	45	80
22	43	140	211	241	42	112	45	81
21	43	244	77	221	42	112	97	81
22	43	244	211	241	3	82	213	81
22	52	244	188	221	3	112	213	81
22	43	140	188	28	48	113	97	80
22	43	244	77	28	42	164	7	81
22	43	197	47	241	48	82	97	81
183	58	18	188	241	42	112	208	80
22	183	244	188	146	42	112	213	81
61	52	244	77	241	229	113	208	80
154	43	47	48	146	42	113	7	81
183	43	197	77	137	48	82	7	81
154	66	197	47	221	229	112	97	80
22	52	140	211	241	3	112	208	80
183	183	18	48	28	229	147	45	81
183	58	47	48	241	100	82	7	80
176	91	140	48	146	237	138	97	80
131	66	244	191	173	92	103	208	80
12	165	47	188	228	48	103	97	81
131	91	140	188	228	48	19	7	81
176	165	140	188	173	92	19	7	81
21	91	244	191	31	39	138	97	80
131	43	244	77	228	48	236	169	81
154	66	244	48	173	92	138	208	79
176	52	244	188	173	39	138	7	81
154	91	197	77	228	39	19	131	81
154	165	140	77	31	48	138	97	80
131	66	47	214	173	92	236	131	81
12	43	47	214	31	48	236	131	81
176	91	140	191	137	39	138	97	81
12	91	244	191	146	48	19	97	82
131	165	197	188	228	237	49	97	79
12	66	197	214	173	237	236	208	79
154	43	244	188	173	237	138	169	81
21	66	66	191	137	92	236	208	81
131	66	244	77	228	39	49	97	81
203	218	69	139	137	67	83	70	81
52	40	137	139	200	3	112	70	80
29	3	244	214	146	67	164	209	81
184	183	66	139	200	125	112	219	79
12	40	66	24	200	3	83	52	77
12	218	111	214	92	125	164	52	81
203	183	66	139	200	3	112	52	81
203	218	244	139	92	236	164	70	80
184	3	137	24	61	236	83	219	80
203	3	69	77	137	125	83	161	80
12	218	244	139	146	236	164	219	81
12	218	137	188	137	3	164	70	80
29	40	111	77	92	48	103	209	80
203	43	111	24	137	48	135	161	79
29	3	66	24	92	67	103	209	80
52	218	111	214	146	3	83	52	79
52	40	137	214	61	67	135	52	79
52	218	66	24	146	3	164	219	80
203	40	244	139	61	67	164	219	81
184	3	244	139	92	3	135	70	79
57	218	110	188	146	3	103	89	81
29	43	110	187	61	127	86	233	81
52	3	224	214	92	3	176	70	81
57	36	65	188	137	127	86	37	79
57	43	65	188	92	236	129	37	81
52	218	224	214	61	59	86	70	79
29	218	65	188	146	67	176	233	80
29	36	110	214	200	236	103	89	80
52	36	65	188	92	59	129	233	81
52	183	65	188	137	236	86	62	81
203	183	110	187	137	59	103	70	79
57	36	137	24	92	59	166	89	79
29	183	65	214	61	59	103	70	81
29	36	137	77	92	236	176	37	79
57	3	69	214	61	59	176	62	80
203	43	137	77	92	67	129	89	81
29	183	110	187	200	59	176	89	80
203	36	110	188	92	127	176	70	81
52	43	224	77	200	127	103	233	81
52	36	224	188	200	67	129	70	81
203	99	69	77	146	3	135	144	80
60	183	94	77	92	123	98	52	80
29	238	128	77	92	48	135	220	81
84	99	69	139	201	170	135	220	81
254	99	69	172	146	48	135	144	79
254	183	244	139	146	48	98	17	80
254	99	244	172	92	170	239	70	82
29	238	69	172	92	123	162	144	79
84	3	111	139	201	123	98	220	81
203	3	128	77	201	123	135	52	81
84	40	128	139	146	125	112	220	79
203	183	69	139	201	125	239	144	80
84	183	94	214	201	170	239	17	81
254	238	111	172	201	123	135	52	79
60	40	94	24	55	123	162	52	81
203	40	128	139	146	123	98	144	80
60	40	111	139	201	170	135	17	81
60	183	244	214	55	123	98	52	81
254	238	69	214	201	3	112	220	81
203	238	128	139	201	170	162	70	81
110	65	94	165	55	3	103	144	80
81	65	177	24	55	55	98	103	81
85	99	94	24	75	113	98	103	80
234	65	197	107	86	55	96	144	81
85	183	177	77	50	55	179	46	81
184	238	69	165	86	55	96	218	81
184	184	177	165	50	111	96	103	80
184	183	197	24	200	111	179	17	81
81	238	94	107	86	3	96	103	80
234	184	177	214	50	3	96	46	81
110	65	94	77	50	3	103	17	80
85	183	177	77	50	55	179	17	80
81	65	69	107	200	111	158	17	80
234	99	197	24	75	55	103	17	81
234	183	94	214	50	111	96	17	80
234	184	69	24	50	233	158	218	81
234	183	94	24	200	111	179	103	80
85	65	111	214	86	111	158	218	80
85	183	177	24	75	233	179	17	79
234	238	111	107	75	3	103	218	79
84	151	69	172	138	142	135	6	80
61	238	127	172	209	135	239	17	80
254	99	69	172	209	252	135	52	81
156	238	127	172	92	142	135	6	77
61	3	69	206	146	252	176	6	80
156	238	239	206	138	142	176	17	81
84	3	224	24	146	96	135	52	79
61	151	239	24	138	115	138	17	81
84	99	153	214	138	252	98	220	79
203	99	127	206	146	142	138	220	81
254	3	224	206	92	115	98	52	79
84	3	69	206	138	115	98	6	80
84	3	153	206	209	252	138	17	79
84	151	127	214	138	115	176	52	81
156	42	239	24	146	142	176	6	81
254	3	239	206	22	96	239	6	81
156	99	69	206	92	115	138	17	81
156	151	127	214	22	142	135	52	80
84	3	239	24	92	142	239	52	81
84	151	224	24	138	252	239	17	81
84	99	71	77	138	122	109	215	81
124	3	247	77	193	138	109	17	80
203	122	153	139	193	135	138	230	81
228	215	247	214	52	115	138	215	81
124	3	69	77	142	135	98	17	80
156	122	153	139	138	252	158	55	80
203	233	153	172	142	138	109	55	79
84	233	71	77	193	138	98	55	80
228	99	97	56	138	115	158	230	80
84	215	69	56	138	135	158	176	80
203	122	153	77	142	138	176	215	81
84	3	97	139	142	138	109	215	79
156	233	153	214	142	138	109	215	81
228	3	97	214	193	252	109	176	80
84	3	153	172	52	122	176	176	79
84	215	97	172	193	115	138	176	80
228	122	247	214	138	115	109	230	80
156	215	97	77	52	135	176	55	81
156	215	247	77	142	138	158	17	81
84	99	69	139	52	115	138	215	81
84	3	153	214	22	48	138	6	81
84	3	127	77	64	142	176	48	81
254	238	239	214	22	112	176	176	79
139	238	69	172	138	252	98	52	80
124	238	98	24	146	112	135	6	80
157	34	98	77	146	252	111	206	79
139	151	239	172	146	48	98	52	81
124	3	153	214	138	112	135	6	79
84	34	69	172	64	142	138	52	80
139	42	69	24	64	135	111	48	77
139	151	69	77	64	48	98	52	80
139	238	153	24	146	142	176	6	81
254	42	127	172	22	252	135	6	80
157	238	239	172	64	142	111	48	81
124	151	153	214	146	135	111	176	81
157	34	127	214	146	252	176	6	81
139	151	127	77	22	112	138	206	80
157	3	153	24	64	112	135	176	81
124	3	239	24	146	48	176	176	81
84	42	98	24	146	112	98	206	81
254	214	191	206	16	32	130	52	81
145	10	69	172	16	32	146	113	78
68	214	69	84	160	7	130	176	81
84	214	239	206	120	252	111	113	80
84	42	191	84	120	252	146	132	80
254	214	239	84	16	142	181	176	80
68	173	191	77	138	48	181	132	80
254	3	36	84	120	252	130	52	81
84	3	36	84	16	7	146	132	81
254	214	239	172	89	252	181	132	79
254	3	36	206	138	142	146	132	80
254	173	36	24	138	48	111	132	81
139	10	191	77	138	252	130	113	80
254	42	191	77	120	142	146	52	79
84	214	191	77	160	48	111	52	81
145	3	239	206	160	32	176	176	80
84	42	161	24	16	142	111	176	81
139	10	191	206	160	7	176	196	81
254	10	36	172	89	142	176	176	81
84	214	69	172	160	252	111	132	80
68	173	175	206	11	244	111	132	80
149	173	205	76	108	7	146	194	78
68	214	36	206	144	48	151	132	81
149	173	36	172	153	174	176	52	80
68	3	161	81	144	48	111	176	76
68	104	175	76	108	48	176	120	80
149	214	47	81	153	174	130	120	80
254	104	205	89	160	174	111	120	81
149	173	36	76	153	244	176	120	80
254	173	175	81	11	32	111	52	80
68	214	175	76	11	48	111	194	81
254	3	205	89	160	7	176	120	81
149	214	175	89	108	7	151	120	81
149	214	161	206	108	32	176	176	81
149	10	161	172	144	48	130	194	80
84	104	36	89	11	7	111	194	79
149	173	161	89	11	48	130	194	81
149	3	205	206	11	244	130	52	81
84	104	161	206	108	48	130	120	81
149	173	205	206	160	174	146	176	81
6	3	205	93	153	174	128	132	80
130	15	47	93	17	198	146	113	79
6	15	233	46	108	48	111	164	81
130	104	205	206	17	198	128	132	82
130	15	62	81	24	174	139	241	81
6	237	233	76	108	48	111	113	81
149	3	165	81	17	198	130	194	81
254	204	165	46	17	174	130	113	81
6	104	205	93	153	198	139	194	80
254	104	165	206	153	33	128	132	81
254	15	233	206	24	7	139	132	79
254	237	62	46	24	48	128	194	79
130	237	47	76	24	198	128	132	81
149	104	47	93	153	174	139	241	81
130	204	47	46	108	174	111	241	80
130	104	62	76	108	174	128	241	81
6	237	47	93	24	7	139	132	80
6	15	47	81	24	198	128	164	80
254	237	62	93	17	7	146	132	80
84	15	62	76	108	198	130	113	79
245	214	157	76	15	176	130	194	81
250	170	47	206	240	174	130	118	81
250	104	36	97	48	23	130	132	80
192	170	161	97	15	23	146	194	81
250	3	157	81	15	42	151	176	81
245	170	157	97	108	42	151	176	81
84	170	47	81	240	42	111	118	80
245	28	175	97	240	4	176	132	81
139	3	157	81	48	4	176	48	78
84	214	36	206	108	42	111	176	81
250	214	47	206	48	42	130	194	80
192	170	175	81	48	174	111	194	81
245	170	157	206	15	174	130	48	81
192	214	161	206	15	4	111	132	81
250	104	47	206	240	176	111	176	79
84	170	36	76	15	4	111	48	81
84	3	157	172	218	42	151	118	80
139	170	47	206	48	42	111	176	81
245	3	36	76	240	4	111	176	81
245	170	175	81	240	23	151	194	80
245	76	205	120	240	7	137	234	80
82	104	229	172	78	54	191	176	81
82	76	38	172	78	48	111	52	80
245	230	229	172	108	54	111	234	80
245	104	38	206	144	177	137	120	82
153	230	205	157	161	48	146	234	82
245	76	36	120	144	7	191	176	80
68	2	205	157	161	48	146	132	81
68	230	229	172	144	174	111	176	82
82	2	175	120	240	48	191	132	81
82	76	175	157	144	7	111	52	80
153	230	205	157	144	177	146	120	81
245	104	175	120	78	7	111	176	80
139	76	38	120	144	174	146	52	80
153	173	175	81	144	54	111	120	79
82	230	38	81	240	7	111	176	80
82	173	36	172	144	48	137	120	81
245	173	205	157	78	48	111	176	79
245	104	38	172	161	177	191	132	81
139	104	38	206	161	177	146	176	81
164	215	205	206	136	244	130	156	81
164	79	36	76	11	32	111	156	80
183	235	36	206	108	7	111	48	81
84	121	175	89	160	59	130	48	80
164	235	36	89	11	32	151	48	80
254	215	175	25	11	244	111	134	76
254	3	36	25	11	32	151	134	79
254	3	36	206	11	7	146	134	79
139	235	175	89	136	59	151	64	79
84	215	36	25	108	59	111	156	79
84	79	205	206	147	138	161	134	80
183	121	161	172	147	244	111	53	81
254	215	175	76	108	138	111	48	80
254	235	175	89	147	7	111	53	81
84	235	47	25	11	244	111	53	81
164	215	205	89	11	59	111	64	81
183	121	205	206	108	32	151	53	80
183	3	161	89	147	59	161	48	78
254	121	47	172	160	138	161	64	81
254	3	161	76	11	32	146	156	81
254	97	47	172	136	196	107	213	80
84	149	47	206	11	59	107	213	80
164	149	36	25	108	59	151	48	80
139	235	175	25	136	59	107	134	81
254	3	36	206	136	104	146	48	81
139	97	205	216	147	59	173	213	82
164	235	47	25	147	104	107	97	79
164	97	205	206	11	186	194	97	82
84	3	47	206	147	186	151	97	80
139	79	175	25	160	104	146	213	80
254	235	47	206	160	7	194	156	80
254	97	175	216	160	196	146	97	80
183	235	36	25	11	186	173	213	83
183	149	175	172	108	104	194	134	80
164	235	175	25	11	104	194	213	80
183	97	205	172	11	196	151	48	80
84	149	35	76	11	186	194	134	81
164	3	35	76	108	186	146	213	81
183	3	35	206	11	59	194	134	79
254	97	47	172	11	59	146	156	81
133	149	175	25	228	7	139	135	80
133	79	175	200	75	7	151	85	80
249	201	37	116	129	7	139	135	81
159	3	36	172	128	234	194	135	81
133	73	36	25	128	7	146	135	79
84	73	47	25	228	200	45	135	82
159	79	36	172	94	104	194	135	81
159	149	205	200	94	200	151	135	81
249	201	37	216	228	200	146	48	80
133	201	37	116	75	200	139	85	81
133	149	205	200	94	234	194	135	81
249	73	36	172	94	15	194	85	80
159	149	36	116	228	234	139	135	81
159	79	36	25	75	15	151	135	80
159	79	37	25	129	7	146	48	77
84	73	36	25	128	234	146	97	79
249	3	47	200	94	7	151	97	80
84	201	47	216	128	7	194	97	81
133	79	47	116	75	200	194	48	80
164	3	175	200	75	7	45	97	81
85	201	163	171	27	234	146	55	81
187	104	37	200	75	104	55	135	81
249	3	37	124	129	194	194	97	80
21	87	37	171	129	7	194	100	81
85	17	100	25	228	15	146	55	80
164	3	37	124	75	7	43	135	78
187	3	100	216	129	15	146	97	81
249	17	47	25	129	7	151	55	80
187	3	100	171	129	104	55	100	81
21	3	100	200	228	104	194	135	81
249	87	100	200	129	15	146	149	80
187	104	37	171	129	194	194	97	78
21	17	47	200	228	194	151	97	80
187	104	37	25	129	234	43	55	81
187	104	47	171	27	234	55	55	81
21	17	205	25	128	15	194	149	80
85	3	47	171	27	194	55	149	80
21	104	205	25	75	15	146	97	79
85	3	100	200	228	15	43	149	81
21	201	47	171	228	194	151	135	81
249	35	35	248	135	7	179	55	81
133	21	36	218	195	234	146	55	81
164	35	35	218	228	95	44	55	81
94	201	36	218	128	104	179	19	81
133	35	36	116	128	95	44	55	81
249	79	236	164	128	104	194	156	81
133	21	205	248	87	104	194	19	81
164	201	35	25	195	104	146	55	78
94	79	35	248	135	234	179	97	81
249	201	35	116	135	234	146	19	81
159	21	205	25	87	88	146	97	81
249	79	36	218	228	95	194	97	80
164	21	205	164	135	234	179	19	80
249	35	236	164	228	234	179	156	80
164	233	36	218	87	88	179	135	81
159	201	36	164	128	88	44	135	80
159	35	36	248	228	7	44	135	80
159	35	205	25	228	234	44	55	81
94	201	35	218	135	95	44	135	78
159	35	36	218	135	104	179	156	80
159	74	35	68	35	7	154	151	81
133	74	35	251	35	111	179	112	81
113	233	230	245	35	8	76	19	81
159	74	139	68	128	8	154	223	79
230	35	172	245	228	88	179	223	80
113	74	35	25	228	111	151	19	79
159	74	172	68	135	88	179	112	82
133	74	35	68	228	88	226	19	80
102	74	35	25	228	169	76	19	81
230	21	139	251	35	169	226	223	81
230	74	230	25	228	111	76	112	82
159	74	230	218	135	8	226	135	80
133	21	230	25	35	8	154	151	79
102	201	35	68	135	88	154	19	81
133	35	230	218	228	7	151	112	81
159	74	139	245	35	8	76	19	81
159	233	35	251	87	88	179	112	81
133	201	165	68	87	111	226	151	81
159	201	172	68	128	169	179	151	80
133	74	139	245	228	169	154	19	81
210	74	230	90	87	88	76	223	80
210	49	230	68	128	7	179	114	81
133	201	205	90	228	106	240	135	81
133	21	172	251	35	88	240	155	81
147	74	67	25	128	88	76	135	81
210	233	172	251	35	169	76	114	81
147	21	5	68	35	106	76	223	81
97	21	172	245	228	88	76	114	80
133	201	230	245	228	88	240	223	80
97	201	230	251	135	106	240	114	80
210	201	172	68	228	88	154	114	79
97	233	67	245	135	8	76	19	78
118	233	172	68	35	88	151	155	82
97	49	67	68	135	169	76	155	80
133	74	230	90	228	7	240	155	80
97	74	5	245	228	169	151	223	81
210	21	205	68	228	88	240	155	81
97	233	5	251	228	169	151	155	78
147	49	205	68	135	88	240	223	82
97	21	67	68	135	8	154	114	80
118	185	247	107	197	169	151	155	80
97	185	171	92	128	8	206	191	82
137	253	171	242	35	169	128	155	81
118	253	205	49	128	106	206	135	81
147	185	7	68	197	106	128	135	80
97	107	7	107	197	82	128	123	81
118	67	67	242	35	6	151	19	81
97	61	7	68	87	8	240	135	80
243	61	67	92	128	6	206	19	81
97	107	67	68	162	169	128	19	80
97	107	171	92	128	169	240	191	81
97	185	67	49	35	8	128	19	78
137	61	247	242	162	6	128	191	81
137	67	7	68	87	82	151	19	81
137	61	67	49	197	6	128	123	78
137	61	7	242	162	82	128	19	82
137	185	67	92	35	106	206	191	80
147	107	205	92	128	106	151	191	81
137	185	205	107	162	8	206	123	81
243	253	205	107	35	82	240	19	80
133	233	211	90	80	16	76	139	81
133	233	211	90	35	137	216	155	81
125	148	174	90	35	7	76	139	79
147	148	205	68	135	105	76	19	80
133	201	230	68	228	7	76	253	81
133	148	205	90	228	7	179	114	81
125	148	33	89	80	16	210	139	79
125	148	33	90	35	44	179	19	81
133	148	174	184	208	16	216	19	81
210	161	205	68	208	16	210	19	81
147	148	230	125	208	44	216	155	81
133	74	211	184	135	16	179	253	80
147	233	211	68	35	7	26	139	81
133	148	230	90	208	137	26	139	80
125	233	230	90	35	16	26	155	81
210	74	174	90	228	137	210	139	80
73	74	33	68	228	44	216	19	80
147	148	230	89	208	7	210	253	81
125	74	33	68	208	7	179	19	80
210	201	205	68	35	137	76	139	80
49	149	45	68	228	40	131	3	79
114	149	45	56	228	40	73	5	79
114	57	212	245	152	112	131	221	80
114	149	3	90	228	112	19	114	78
145	201	71	68	87	134	131	237	80
49	237	45	251	228	88	240	221	80
133	149	205	90	159	56	131	5	81
145	201	71	68	152	88	240	221	81
114	237	212	56	159	134	179	3	80
145	237	212	90	87	40	179	114	81
49	122	3	68	228	56	73	114	79
49	122	212	251	152	88	179	221	81
49	122	212	56	87	134	240	114	80
49	149	3	251	152	88	131	3	78
114	201	205	245	35	40	179	221	80
247	57	205	90	159	134	240	221	81
49	57	3	251	152	40	131	114	78
114	201	71	245	87	88	240	3	81
114	237	3	56	228	40	73	3	80
145	149	45	68	152	88	131	3	80
97	31	67	27	115	7	75	135	78
110	31	67	245	135	157	59	135	81
110	205	172	25	192	88	59	155	79
133	49	67	27	115	57	240	35	81
147	205	212	27	115	157	240	114	78
110	14	67	27	87	88	59	114	81
147	49	67	25	192	157	154	35	80
110	14	67	121	230	57	59	155	79
110	14	230	25	230	46	240	35	81
110	201	67	245	230	7	151	114	81
243	205	230	245	87	46	75	135	79
97	49	67	245	192	57	240	199	77
147	201	67	245	87	57	154	155	79
133	201	67	68	135	157	154	35	81
110	201	67	68	115	157	151	114	80
147	31	230	121	135	46	59	155	78
97	31	67	245	192	88	154	155	81
97	14	212	68	87	57	59	135	81
243	205	67	25	87	7	240	35	80
243	31	212	68	192	57	154	35	79
79	11	172	68	69	11	151	155	79
18	49	212	95	115	11	154	114	80
133	11	7	245	115	57	151	135	82
113	201	7	121	115	165	154	114	79
18	49	172	27	69	57	59	114	81
97	197	230	245	115	11	240	195	80
113	197	230	245	69	165	75	155	81
18	76	230	95	230	57	154	155	79
18	76	71	68	212	166	75	135	81
113	197	7	68	115	88	75	114	80
18	49	71	245	69	11	154	114	81
133	11	71	27	69	165	151	195	81
79	49	71	68	115	165	240	114	80
79	197	71	121	212	11	154	155	81
79	76	230	95	69	88	75	35	81
18	76	212	95	212	57	240	135	79
18	201	172	121	212	166	59	35	79
18	201	230	95	115	165	151	35	79
113	49	7	245	115	11	75	155	81
133	76	7	95	69	166	75	195	81
133	158	67	245	230	157	158	155	81
110	49	67	159	135	58	59	135	81
110	158	67	12	21	37	75	35	79
81	134	230	245	115	88	151	99	81
137	134	67	159	21	46	240	155	80
187	209	116	159	21	37	59	155	81
133	134	67	245	72	46	75	99	81
133	134	67	40	21	37	158	135	80
187	134	67	245	72	88	151	155	79
133	134	67	12	115	46	240	35	81
133	209	67	40	135	37	158	155	81
81	134	230	12	115	37	59	223	80
133	134	168	159	72	37	151	155	80
81	158	67	40	72	157	158	155	81
187	158	168	12	230	88	151	223	80
133	49	168	245	21	88	240	135	76
110	201	67	121	115	46	59	135	81
81	134	168	121	21	58	240	99	81
81	49	230	121	72	46	240	223	81
133	134	168	12	72	58	240	223	81
194	31	237	68	128	61	22	103	81
148	14	7	27	230	135	122	103	81
194	31	232	68	128	135	122	159	81
65	201	232	121	115	88	22	103	81
65	205	212	68	115	88	59	199	81
147	14	7	27	115	135	59	103	78
65	179	232	68	115	34	240	103	78
148	205	237	121	183	135	122	103	79
104	201	232	68	183	88	22	199	81
104	31	212	121	115	61	22	165	80
194	179	212	121	115	135	240	159	77
148	201	232	121	231	135	122	103	81
194	179	7	68	230	88	59	159	80
147	201	7	121	230	157	22	50	81
104	179	232	25	128	34	83	165	80
194	205	212	68	128	157	122	50	80
148	31	212	27	115	135	122	199	79
194	179	7	27	115	88	22	50	81
148	201	212	245	115	157	83	199	81
147	31	232	25	115	61	83	165	80
