Initial objective: 5
------------------------------------------------------------------
Elapsed Time	Temperature	Epoch	Trial	Objective	Acceptance
------------------------------------------------------------------
  0:1:37.305	   1.500000	 1/26	 1/5	        4	         N
  0:3:12.426	   1.500000	 1/26	 2/5	        7	         Y
  0:4:46.170	   1.500000	 1/26	 3/5	        3	         N
  0:6:20.513	   1.500000	 1/26	 4/5	        3	         N
  0:7:53.198	   1.500000	 1/26	 5/5	        4	         N
  0:9:25.140	   1.350000	 2/26	 1/5	        3	         N
 0:10:54.451	   1.350000	 2/26	 2/5	        7	         Y
 0:12:29.561	   1.350000	 2/26	 3/5	        6	         N
  0:14:4.119	   1.350000	 2/26	 4/5	        3	         N
 0:15:37.924	   1.350000	 2/26	 5/5	        5	         N
  0:17:3.390	   1.215000	 3/26	 1/5	        4	         N
 0:18:22.529	   1.215000	 3/26	 2/5	        3	         N
 0:19:41.732	   1.215000	 3/26	 3/5	        4	         N
  0:21:0.903	   1.215000	 3/26	 4/5	        5	         Y
 0:22:20.230	   1.215000	 3/26	 5/5	        4	         N
 0:23:39.294	   1.093500	 4/26	 1/5	        5	         Y
 0:24:58.336	   1.093500	 4/26	 2/5	        4	         N
 0:26:23.273	   1.093500	 4/26	 3/5	        4	         N
 0:27:56.337	   1.093500	 4/26	 4/5	        7	         Y
 0:29:28.483	   1.093500	 4/26	 5/5	        5	         Y
  0:31:7.479	   0.984150	 5/26	 1/5	        5	         Y
 0:32:27.351	   0.984150	 5/26	 2/5	        6	         Y
  0:34:2.247	   0.984150	 5/26	 3/5	        6	         Y
  0:35:40.10	   0.984150	 5/26	 4/5	        4	         N
 0:37:16.589	   0.984150	 5/26	 5/5	        3	         N
 0:38:45.673	   0.885735	 6/26	 1/5	        5	         N
  0:40:5.505	   0.885735	 6/26	 2/5	        4	         N
 0:41:30.853	   0.885735	 6/26	 3/5	        4	         N
  0:43:6.554	   0.885735	 6/26	 4/5	        4	         N
 0:44:38.338	   0.885735	 6/26	 5/5	        4	         N
  0:46:10.96	   0.797162	 7/26	 1/5	        6	         Y
 0:47:41.823	   0.797162	 7/26	 2/5	        4	         N
 0:49:12.271	   0.797162	 7/26	 3/5	        5	         N
 0:50:32.443	   0.797162	 7/26	 4/5	        4	         N
 0:51:51.959	   0.797162	 7/26	 5/5	        5	         N
  0:53:27.21	   0.717445	 8/26	 1/5	        3	         N
 0:54:58.858	   0.717445	 8/26	 2/5	        4	         N
 0:56:30.914	   0.717445	 8/26	 3/5	        3	         N
   0:58:2.75	   0.717445	 8/26	 4/5	        6	         Y
 0:59:34.167	   0.717445	 8/26	 5/5	        5	         N
  1:1:14.166	   0.645701	 9/26	 1/5	        4	         N
  1:2:50.903	   0.645701	 9/26	 2/5	        4	         N
  1:4:24.643	   0.645701	 9/26	 3/5	        5	         N
   1:6:3.939	   0.645701	 9/26	 4/5	        4	         N
  1:7:32.450	   0.645701	 9/26	 5/5	        4	         N
  1:9:13.732	   0.581131	10/26	 1/5	        8	         Y
  1:10:50.81	   0.581131	10/26	 2/5	        5	         N
 1:12:21.478	   0.581131	10/26	 3/5	        5	         N
 1:13:56.376	   0.581131	10/26	 4/5	        5	         N
 1:15:28.168	   0.581131	10/26	 5/5	        4	         Y
 1:16:51.847	   0.523018	11/26	 1/5	        5	         Y
 1:18:17.363	   0.523018	11/26	 2/5	        5	         Y
 1:19:47.953	   0.523018	11/26	 3/5	        5	         Y
 1:21:20.585	   0.523018	11/26	 4/5	        3	         N
 1:22:46.760	   0.523018	11/26	 5/5	        4	         N
  1:24:7.924	   0.470716	12/26	 1/5	        4	         N
 1:25:27.364	   0.470716	12/26	 2/5	        5	         Y
 1:26:46.468	   0.470716	12/26	 3/5	        4	         N
  1:28:5.142	   0.470716	12/26	 4/5	        5	         Y
 1:29:24.107	   0.470716	12/26	 5/5	        5	         Y
 1:30:42.948	   0.423644	13/26	 1/5	        4	         N
  1:32:1.580	   0.423644	13/26	 2/5	        4	         N
 1:33:20.817	   0.423644	13/26	 3/5	        5	         Y
 1:34:39.877	   0.423644	13/26	 4/5	        6	         Y
 1:35:59.517	   0.423644	13/26	 5/5	        4	         N
 1:37:18.605	   0.381280	14/26	 1/5	        5	         N
 1:38:38.163	   0.381280	14/26	 2/5	        4	         N
 1:39:57.173	   0.381280	14/26	 3/5	        4	         N
 1:41:16.390	   0.381280	14/26	 4/5	        5	         N
 1:42:35.827	   0.381280	14/26	 5/5	        4	         N
 1:43:55.135	   0.343152	15/26	 1/5	        4	         Y
 1:45:14.594	   0.343152	15/26	 2/5	        5	         Y
  1:46:34.55	   0.343152	15/26	 3/5	        4	         N
 1:47:53.621	   0.343152	15/26	 4/5	        4	         N
 1:49:13.335	   0.343152	15/26	 5/5	        4	         N
  1:50:35.38	   0.308837	16/26	 1/5	        4	         N
 1:51:55.417	   0.308837	16/26	 2/5	        5	         Y
 1:53:14.524	   0.308837	16/26	 3/5	        6	         Y
 1:54:33.689	   0.308837	16/26	 4/5	        5	         N
 1:55:53.373	   0.308837	16/26	 5/5	        4	         N
 1:57:12.894	   0.277953	17/26	 1/5	        4	         N
 1:58:40.962	   0.277953	17/26	 2/5	        3	         N
  2:0:15.684	   0.277953	17/26	 3/5	        5	         Y
  2:1:50.105	   0.277953	17/26	 4/5	        3	         N
  2:3:19.172	   0.277953	17/26	 5/5	        3	         N
  2:4:42.341	   0.250158	18/26	 1/5	        4	         N
  2:6:10.389	   0.250158	18/26	 2/5	        4	         N
  2:7:32.475	   0.250158	18/26	 3/5	        5	         Y
  2:8:52.213	   0.250158	18/26	 4/5	        3	         N
 2:10:12.236	   0.250158	18/26	 5/5	        2	         Y
 2:11:31.739	   0.225142	19/26	 1/5	        4	         Y
 2:12:51.661	   0.225142	19/26	 2/5	        5	         Y
 2:14:11.571	   0.225142	19/26	 3/5	        5	         Y
 2:15:31.971	   0.225142	19/26	 4/5	        4	         N
 2:16:51.950	   0.225142	19/26	 5/5	        4	         N
 2:18:10.857	   0.202628	20/26	 1/5	        4	         N
 2:19:29.758	   0.202628	20/26	 2/5	        6	         Y
 2:20:48.607	   0.202628	20/26	 3/5	        5	         N
  2:22:7.200	   0.202628	20/26	 4/5	        4	         Y
 2:23:25.980	   0.202628	20/26	 5/5	        5	         Y
 2:24:45.512	   0.182365	21/26	 1/5	        4	         N
  2:26:4.307	   0.182365	21/26	 2/5	        3	         N
 2:27:23.682	   0.182365	21/26	 3/5	        3	         N
 2:28:42.942	   0.182365	21/26	 4/5	        4	         N
  2:30:2.100	   0.182365	21/26	 5/5	        4	         Y
 2:31:21.750	   0.164128	22/26	 1/5	        3	         N
 2:32:41.274	   0.164128	22/26	 2/5	        4	         Y
  2:34:0.359	   0.164128	22/26	 3/5	        3	         N
 2:35:20.832	   0.164128	22/26	 4/5	        4	         Y
  2:36:43.84	   0.164128	22/26	 5/5	        3	         N
  2:38:8.507	   0.147716	23/26	 1/5	        4	         Y
   2:39:34.2	   0.147716	23/26	 2/5	        4	         Y
 2:40:56.397	   0.147716	23/26	 3/5	        5	         Y
 2:42:21.516	   0.147716	23/26	 4/5	        4	         N
 2:43:42.691	   0.147716	23/26	 5/5	        4	         N
 2:45:16.680	   0.132944	24/26	 1/5	        4	         N
 2:46:39.456	   0.132944	24/26	 2/5	        5	         Y
  2:48:5.582	   0.132944	24/26	 3/5	        5	         Y
 2:49:29.191	   0.132944	24/26	 4/5	        5	         Y
 2:50:53.206	   0.132944	24/26	 5/5	        4	         N
 2:52:18.198	   0.119650	25/26	 1/5	        3	         Y
 2:53:44.910	   0.119650	25/26	 2/5	        4	         Y
 2:55:11.442	   0.119650	25/26	 3/5	        5	         Y
 2:56:37.549	   0.119650	25/26	 4/5	        4	         N
 2:57:59.748	   0.119650	25/26	 5/5	        3	         N
 2:59:22.580	   0.107685	26/26	 1/5	        4	         N
   3:0:45.47	   0.107685	26/26	 2/5	        5	         Y
    3:2:8.31	   0.107685	26/26	 3/5	        4	         N
  3:3:32.544	   0.107685	26/26	 4/5	        4	         N
  3:4:55.380	   0.107685	26/26	 5/5	        5	         Y
Final objective: 5