193 45 12 69 111 164 224 177 127 139 50 237 144 195 49 163 146
120 71 12 64 95 203 1 235 98 62 18 69 254 130 229 30 145
56 129 217 158 111 165 251 179 106 54 144 213 47 219 49 160 136
201 191 180 146 11 158 87 52 57 98 238 237 232 240 2 251 143
96 45 54 146 28 86 214 102 135 219 61 50 254 75 166 173 141
193 235 81 146 24 86 87 212 3 152 18 157 245 219 201 126 137
96 246 93 146 113 203 78 52 106 4 165 157 243 75 219 23 152
25 18 217 157 70 86 91 212 244 4 160 158 243 152 201 255 158
238 177 167 46 70 78 78 166 156 174 50 7 233 164 201 30 160
96 202 93 250 111 174 91 102 106 139 245 250 243 240 229 251 131
56 101 93 189 113 3 78 167 134 139 144 102 49 41 179 91 140
39 129 74 243 93 171 91 139 195 154 165 160 243 195 49 251 150
96 235 161 146 144 78 174 177 135 79 160 117 144 152 150 126 136
34 232 121 51 125 164 251 167 98 54 142 132 80 240 166 244 141
229 162 81 51 197 78 78 102 195 152 50 213 50 195 229 108 148
89 177 54 146 201 164 174 52 192 174 61 117 196 130 166 160 136
211 106 81 243 93 158 251 102 156 219 245 127 196 152 192 255 150
25 45 167 51 95 174 91 179 156 174 238 102 50 69 50 70 155
193 106 12 228 25 165 240 177 156 99 245 157 49 219 50 70 137
120 202 26 64 95 164 1 215 244 4 61 213 50 130 150 108 146
45 18 74 69 11 86 148 235 135 236 238 69 254 155 50 255 138
82 101 12 250 197 222 158 139 98 174 144 102 254 152 2 255 165
120 191 81 189 230 78 1 102 134 236 142 158 144 95 166 244 152
25 101 74 69 125 171 240 52 106 125 50 7 47 41 158 108 147
45 9 54 64 125 164 251 52 192 99 174 102 89 95 2 108 133
45 18 12 189 95 222 240 128 242 79 66 199 144 205 50 126 138
154 215 180 147 197 78 87 1 127 4 144 215 245 195 158 138 148
238 106 217 64 64 158 158 1 195 54 18 69 47 41 229 30 147
89 101 217 189 144 222 21 102 134 139 142 102 245 240 36 138 157
229 129 121 228 28 78 251 212 106 79 66 117 89 219 201 41 131
201 129 180 1 70 171 2 178 127 152 160 132 233 95 36 251 138
25 162 180 250 11 29 251 212 59 125 163 117 27 205 2 138 162
201 45 120 243 24 52 224 102 82 62 144 127 243 205 49 138 178
45 129 161 189 201 29 174 166 57 4 144 117 27 101 201 138 156
154 18 54 64 144 52 251 212 82 79 165 50 243 240 229 126 151
193 45 26 51 201 29 224 128 98 98 124 132 233 53 158 126 147
34 246 161 157 70 203 91 1 134 54 144 250 47 155 219 70 156
89 162 214 64 24 222 251 215 135 174 165 250 243 69 150 244 124
201 9 81 69 70 158 21 52 151 125 1 215 245 241 150 70 140
201 106 214 46 70 52 91 196 195 236 61 157 27 130 2 30 142
82 101 74 158 93 174 198 177 242 174 160 199 27 130 179 23 157
120 71 217 51 28 174 21 29 57 99 165 160 232 130 139 251 142
211 162 167 158 230 174 251 196 82 236 163 158 89 152 2 138 156
56 246 81 147 230 78 2 177 57 236 124 250 254 101 192 41 143
211 18 54 250 111 78 174 196 57 54 165 7 243 195 166 138 141
25 246 93 124 111 171 198 196 59 152 84 69 243 41 158 91 156
229 101 167 144 64 222 198 102 106 125 1 127 27 41 36 108 140
211 235 121 189 93 171 174 167 57 4 144 7 80 195 219 70 143
120 18 214 228 230 78 224 52 151 54 144 102 245 69 192 160 158
82 9 120 64 70 158 91 212 156 139 163 158 243 219 166 244 152
238 106 12 1 24 174 174 1 242 139 144 237 27 152 229 244 129
39 235 217 69 11 29 214 215 242 54 18 50 243 240 49 91 158
56 162 214 157 197 86 240 29 192 169 18 50 144 75 201 244 144
39 215 167 250 28 29 214 179 151 54 84 199 233 41 36 244 145
45 232 74 157 125 203 148 178 134 125 124 213 49 130 201 70 137
39 18 120 69 111 158 224 212 127 219 245 117 144 241 201 232 128
82 177 54 158 95 125 240 102 242 152 165 69 27 101 179 41 165
154 45 161 158 24 3 148 29 192 139 163 158 243 95 179 251 158
96 232 167 157 25 78 240 139 59 174 124 250 50 69 219 160 147
34 162 214 250 64 222 198 235 135 79 124 250 50 241 49 70 142
193 232 93 189 197 78 198 167 82 236 245 7 196 240 192 23 130
82 106 214 124 70 164 198 102 244 125 124 213 196 69 201 244 140
34 71 217 1 113 203 198 128 3 174 18 157 233 241 192 255 132
56 215 161 228 230 29 224 212 195 125 66 199 50 41 2 126 144
120 106 74 146 125 86 148 1 134 219 66 250 49 164 150 173 134
25 18 217 228 11 164 251 212 82 4 142 158 47 219 1 173 157
229 9 214 69 64 203 214 52 106 236 61 69 233 130 158 160 138
25 18 93 144 24 29 2 215 242 154 165 132 243 101 192 244 155
96 232 81 157 111 69 240 215 151 174 144 250 89 53 150 244 153
39 246 93 144 201 165 158 102 244 125 163 215 232 152 139 255 147
229 106 81 51 11 78 240 1 151 169 165 50 233 240 201 255 158
238 106 26 1 125 164 21 212 82 99 1 102 233 219 192 30 150
25 235 74 124 113 3 91 102 57 174 165 237 80 69 2 232 143
25 177 167 64 111 164 224 167 242 154 142 160 49 195 36 30 159
39 45 74 124 25 86 174 177 59 139 18 157 233 101 36 23 143
89 215 161 144 95 52 2 128 98 54 50 237 89 75 49 163 176
193 9 81 158 24 164 251 167 135 62 174 127 144 152 1 70 130
238 191 235 1 113 165 240 1 127 79 238 50 80 152 219 160 146
193 162 167 157 111 52 2 177 57 62 66 160 49 75 219 255 143
96 232 12 124 144 78 174 1 3 236 1 213 50 205 192 91 138
229 101 214 64 144 174 224 128 151 62 165 50 233 152 36 41 164
56 177 54 228 11 174 251 102 135 4 238 199 254 41 158 163 151
154 9 217 69 201 165 251 177 106 79 61 7 89 152 219 30 168
25 129 121 157 24 222 1 139 106 62 142 117 27 75 219 163 146
193 235 167 144 28 174 174 166 106 99 66 117 233 69 179 70 138
229 162 54 1 113 29 251 166 156 54 18 199 254 219 229 173 146
45 246 217 157 25 101 224 102 57 174 50 158 144 152 201 91 149
25 71 121 157 230 171 148 52 195 98 160 215 47 195 1 160 134
89 232 120 158 201 203 148 196 195 139 165 50 243 240 2 126 136
39 215 167 250 11 174 21 52 156 139 1 117 80 195 192 23 141
34 106 167 243 64 86 251 196 242 139 163 237 144 240 150 91 157
229 162 120 228 93 174 21 1 98 79 66 69 243 41 150 23 157
229 162 235 1 201 158 224 29 156 139 144 117 243 164 166 70 151
238 202 81 158 93 222 251 167 244 139 238 132 144 240 201 70 159
154 9 81 144 144 86 251 196 3 4 165 213 89 240 1 232 131
34 232 161 250 64 52 224 196 135 169 50 127 144 195 219 244 164
56 45 26 158 25 52 78 166 195 62 160 160 144 164 139 160 142
154 45 74 1 113 171 224 166 127 54 61 69 233 75 192 70 162
82 101 54 124 24 164 214 1 242 152 18 132 243 69 150 255 163
39 18 93 157 64 86 214 139 195 169 124 160 144 205 2 126 152
96 18 120 189 125 164 1 196 59 169 50 132 144 155 158 91 147
89 235 26 124 230 174 158 52 135 236 84 69 243 152 229 244 147
238 177 26 147 93 125 21 215 106 4 160 250 243 240 150 23 162
82 129 235 147 11 171 198 139 151 139 61 157 254 155 49 126 146
154 71 121 228 93 78 158 166 151 174 160 160 50 53 50 70 164
120 129 54 46 144 174 251 235 59 152 245 69 80 53 192 23 142
193 202 54 157 11 203 214 167 192 4 174 69 233 164 219 41 153
154 45 235 228 64 158 224 196 244 62 165 132 47 130 201 126 154
34 177 54 146 93 3 148 212 135 236 160 215 245 155 139 138 140
34 162 12 243 111 29 78 178 192 154 142 213 47 205 150 41 140
96 9 167 243 201 158 87 212 82 236 245 7 27 69 1 160 136
25 202 81 64 113 69 174 179 151 174 245 250 233 205 192 70 160
56 191 26 46 111 78 174 178 106 219 66 250 144 219 36 91 155
25 45 217 250 25 52 21 212 3 62 245 213 243 69 179 232 147
56 232 167 144 24 158 214 29 98 236 50 7 27 95 50 30 145
56 232 214 146 25 29 174 1 135 174 142 237 89 75 229 232 148
39 45 26 157 144 3 214 167 59 219 165 7 233 155 150 160 147
238 202 12 157 11 158 251 167 151 154 160 127 144 219 201 163 149
34 191 12 228 70 171 251 139 195 174 50 237 144 240 50 232 137
39 18 161 146 93 3 91 102 244 62 1 237 243 101 201 30 140
96 246 26 158 70 69 2 1 242 236 163 157 232 41 219 108 127
154 129 214 69 230 171 224 167 59 62 144 157 243 219 139 244 161
34 202 180 228 144 165 2 128 98 236 142 237 245 219 1 244 139
45 162 26 147 111 86 174 179 156 169 165 215 233 101 1 160 144
201 101 120 243 25 125 214 212 192 125 238 250 245 69 179 251 143
120 9 54 157 111 29 78 167 106 236 163 117 243 101 201 126 135
193 232 217 46 70 171 148 102 59 219 163 237 233 219 229 91 160
96 106 161 146 70 222 1 139 156 174 66 69 47 69 201 173 134
56 162 180 243 95 69 91 196 57 219 238 117 245 241 50 244 137
89 202 235 250 25 78 240 178 135 174 1 102 27 241 201 173 155
89 235 217 250 25 29 1 196 106 174 238 117 232 155 139 126 139
229 162 121 46 25 3 78 178 82 98 165 157 50 53 166 251 134
120 232 121 51 11 158 240 29 242 174 238 250 196 41 192 251 148
120 162 121 46 64 78 78 102 134 174 61 127 243 219 201 41 142
25 101 167 189 197 171 78 102 135 219 144 237 80 75 201 30 154
193 45 26 124 24 165 91 29 242 79 165 132 233 241 36 30 150
34 101 120 124 111 164 198 29 127 79 160 117 254 53 1 138 146
56 106 217 64 201 78 198 215 106 139 144 132 254 53 166 23 157
89 106 120 146 144 69 2 139 82 174 50 160 232 164 1 251 142
154 18 74 64 113 174 224 177 106 125 61 213 47 53 158 173 142
211 106 81 243 11 69 198 215 134 152 142 7 233 101 179 30 153
193 162 167 146 70 69 1 166 134 236 245 102 245 205 158 160 132
211 18 26 46 93 52 251 166 192 54 1 50 27 219 36 30 175
45 71 120 157 70 174 158 1 242 152 66 69 245 219 219 91 142
45 106 180 228 125 101 91 128 135 125 238 237 233 101 1 41 152
211 9 167 147 230 78 2 139 59 99 165 213 254 130 179 126 136
193 18 54 46 144 52 251 212 242 4 160 127 243 130 219 70 160
201 101 161 146 11 158 91 1 156 169 18 157 233 205 201 244 148
120 246 12 189 113 125 21 52 57 154 84 213 243 219 1 30 145
229 191 26 158 28 101 1 128 59 99 50 117 50 164 201 251 154
34 246 81 124 64 69 198 139 244 154 66 157 232 75 179 108 159
25 246 180 243 11 203 91 102 106 54 1 158 144 240 36 244 146
201 202 214 146 11 69 21 179 192 98 50 127 254 164 166 160 141
193 235 235 124 197 101 214 29 57 236 124 250 243 41 1 251 152
120 18 235 147 25 203 2 179 98 219 142 160 196 69 1 41 143
229 101 26 124 93 86 240 235 242 219 66 102 27 219 201 163 149
45 202 121 147 24 3 2 139 244 62 144 127 49 95 219 255 158
56 177 74 64 125 203 158 1 242 125 238 69 233 219 201 244 147
238 129 214 243 113 158 174 212 244 62 1 213 49 69 201 251 138
211 232 81 147 64 86 174 167 57 169 163 215 196 101 36 160 176
39 202 235 124 93 165 1 177 98 219 84 127 50 101 49 173 130
193 129 121 158 125 29 2 215 3 219 84 102 80 152 158 160 129
201 246 121 228 25 86 240 179 192 174 61 127 243 155 166 163 166
45 129 26 228 95 86 91 1 82 219 163 250 144 164 158 108 150
96 71 180 146 93 29 251 52 192 79 18 102 49 205 139 251 127
193 106 93 157 111 171 91 235 192 98 84 213 196 195 192 163 145
201 162 93 243 197 158 251 212 82 174 61 157 243 101 201 163 148
238 106 54 64 125 69 174 178 57 54 165 69 233 164 50 126 136
193 232 180 51 28 158 158 102 98 236 66 117 233 101 50 30 147
201 232 26 147 125 29 214 235 82 62 124 102 243 101 179 255 165
56 18 74 189 113 203 148 215 98 98 165 158 196 101 36 251 145
82 162 26 146 144 86 78 177 134 154 142 132 196 241 2 41 155
193 101 26 146 64 101 214 166 127 154 160 117 254 41 201 163 147
211 101 214 146 113 203 1 166 156 236 142 132 233 130 229 160 157
34 106 81 144 201 174 251 1 151 125 238 160 245 69 49 30 141
154 202 12 189 144 29 148 179 195 99 1 160 144 240 2 41 142
229 71 81 147 197 52 148 196 192 125 174 117 232 164 192 255 135
193 101 161 189 125 171 240 178 127 219 163 102 243 241 192 108 164
56 177 93 250 125 52 91 212 59 169 174 7 254 152 158 23 158
82 191 214 144 24 69 1 52 192 125 1 158 80 205 201 232 146
82 162 26 46 93 222 21 166 195 54 50 199 27 240 158 244 139
39 215 214 144 70 164 251 167 242 174 144 237 144 75 150 163 169
82 246 167 243 24 69 240 196 3 139 142 199 233 164 2 251 155
193 106 121 147 64 174 158 166 151 62 50 237 50 75 192 108 147
238 106 235 228 201 165 1 215 242 236 61 250 232 69 150 163 128
25 232 121 158 93 203 21 177 134 236 144 132 254 155 158 108 147
34 9 161 69 197 78 148 212 244 54 238 132 196 41 49 70 158
39 162 167 69 144 29 1 212 151 125 84 7 243 95 49 251 180
89 162 235 158 11 78 251 215 151 4 160 50 27 219 166 163 180
211 71 214 189 197 101 224 52 82 98 144 158 49 155 50 108 159
229 232 81 157 111 78 21 1 192 236 50 199 49 205 50 41 152
45 246 54 1 24 78 87 215 98 154 84 199 80 75 50 126 149
211 18 167 144 11 29 214 215 151 4 165 250 232 240 50 244 148
201 177 74 250 111 203 251 167 135 99 163 127 196 101 49 251 119
120 45 217 1 70 86 224 215 192 174 163 250 232 241 166 244 129
34 9 26 51 111 86 224 212 135 174 163 158 196 101 50 126 142
56 235 26 157 24 3 198 167 3 236 84 132 50 152 36 138 142
45 162 81 64 28 69 224 177 156 125 163 50 50 53 219 41 144
229 101 167 147 197 52 251 178 244 98 18 69 233 155 36 23 149
25 129 121 146 201 3 148 52 195 174 142 213 47 155 166 70 132
193 45 121 64 28 86 158 196 151 79 144 215 49 205 219 70 139
193 177 180 64 24 203 251 177 135 79 142 237 80 205 201 70 127
238 9 26 51 230 86 1 196 59 62 18 50 89 75 150 91 173
238 191 161 124 70 101 2 178 127 79 165 132 232 164 139 163 152
238 101 93 64 125 101 78 29 82 98 1 160 233 155 1 255 160
56 215 81 158 230 171 174 139 134 174 142 157 254 95 150 23 152
82 9 81 51 28 69 224 128 57 174 238 7 80 155 50 70 156
154 235 180 157 24 29 214 177 151 152 61 250 27 240 150 23 136
45 18 74 51 95 203 87 196 195 152 124 158 232 240 179 163 120
120 45 74 64 70 165 158 52 192 154 66 157 47 155 166 91 144
25 45 180 250 11 222 158 196 57 236 160 50 232 219 2 160 147
39 129 81 243 95 158 2 167 195 219 238 213 27 152 139 30 138
25 191 81 64 144 165 87 166 3 236 61 102 254 205 150 108 137
193 71 217 144 28 222 240 1 195 125 160 250 245 240 2 251 134
39 18 54 243 70 52 148 178 106 154 174 132 47 155 192 244 152
120 18 26 157 125 101 240 179 195 174 163 50 49 41 158 30 151
39 215 214 158 28 125 174 196 127 4 245 157 232 101 158 126 138
120 162 54 189 25 86 91 52 59 99 238 237 245 69 150 30 139
154 129 81 144 125 101 251 196 156 154 50 250 27 69 219 138 145
96 106 54 228 64 165 214 235 244 154 238 132 144 41 179 251 138
229 246 93 157 201 165 174 128 156 4 50 250 196 155 2 255 140
154 235 217 146 111 101 91 1 195 236 245 215 49 95 201 126 131
201 215 120 124 230 86 198 52 98 99 174 199 196 164 201 244 147
201 235 121 146 95 158 251 52 195 139 61 160 27 164 192 232 122
238 9 161 51 95 165 21 196 195 174 124 250 245 41 219 108 129
193 106 161 124 70 222 1 212 151 79 66 157 245 241 139 160 137
154 9 120 147 197 3 214 167 242 54 61 127 254 75 36 30 163
193 9 180 69 93 158 198 128 242 236 144 132 243 164 192 251 159
56 202 121 146 197 222 240 196 82 152 165 158 233 75 229 108 138
96 202 120 158 28 3 251 52 106 174 245 250 243 152 201 30 152
89 71 235 243 25 52 1 166 242 236 174 102 254 195 201 30 149
25 45 120 144 197 101 240 212 106 79 163 213 50 101 1 255 135
120 232 180 64 64 125 240 139 195 154 144 117 27 195 139 91 140
96 9 235 228 201 78 251 52 156 174 50 132 254 53 1 244 144
120 18 214 147 28 164 240 196 3 219 144 117 233 205 158 251 147
89 101 93 157 11 158 214 179 3 79 50 7 89 53 1 244 144
89 215 217 189 70 52 148 196 82 154 160 127 89 41 179 232 141
120 101 12 157 113 164 148 1 82 154 238 127 27 69 36 108 164
120 129 120 250 25 203 240 178 57 219 84 50 80 152 139 126 143
34 191 121 124 144 164 148 178 156 54 144 50 243 195 158 173 145
89 101 26 64 24 203 1 177 134 99 245 199 245 53 49 138 151
89 18 167 146 95 203 224 167 3 54 163 7 233 75 166 160 133
211 162 167 228 95 174 87 196 3 62 50 215 50 241 158 160 137
89 232 180 69 144 174 224 102 156 169 160 158 144 240 229 173 136
193 45 81 146 70 29 87 215 134 98 245 160 243 195 166 30 140
56 202 180 243 144 86 148 166 192 4 142 69 233 101 1 91 154
89 202 93 51 95 125 91 139 82 152 144 157 50 75 50 126 134
193 129 81 144 113 69 91 167 3 98 66 199 254 130 229 108 140
39 71 74 51 113 158 251 52 57 139 165 215 232 75 1 126 149
238 162 121 51 64 174 148 29 82 152 165 250 47 69 36 251 153
25 45 93 46 70 125 78 215 151 219 1 102 243 195 2 251 121
25 232 81 147 70 101 158 177 151 219 50 199 233 101 139 70 144
96 235 81 46 95 125 78 52 134 125 18 102 49 152 50 251 142
39 71 217 158 28 29 224 139 195 174 124 102 232 95 1 255 162
39 202 74 144 111 3 2 128 3 169 66 7 49 41 2 251 140
34 129 161 46 93 222 78 139 134 174 66 69 49 130 201 255 139
45 9 93 144 24 52 1 167 192 99 84 102 89 240 179 23 137
82 45 81 189 201 52 224 178 135 169 160 215 243 53 179 23 142
89 215 81 1 25 174 251 167 59 169 124 199 27 53 201 41 138
39 202 180 144 93 69 87 102 59 139 1 132 80 164 49 108 139
211 235 167 158 93 222 198 52 244 4 66 127 233 240 1 232 152
39 162 81 147 113 29 198 179 195 125 142 160 233 130 179 163 135
229 45 81 146 64 69 148 139 106 236 50 102 233 164 179 244 136
229 215 161 124 28 86 1 196 106 236 144 213 233 155 50 232 151
96 202 217 157 70 203 251 102 98 99 245 132 243 152 139 138 136
45 215 180 146 70 125 198 102 134 152 61 215 245 69 192 30 127
25 235 121 144 93 165 214 179 242 174 1 117 50 41 179 251 131
82 246 121 69 230 165 1 52 134 219 245 7 47 219 150 41 146
193 235 93 228 125 29 91 177 156 169 66 157 243 164 166 41 147
211 101 180 158 11 101 198 179 135 54 66 250 233 205 50 163 135
193 101 81 250 24 101 148 235 57 62 1 250 233 101 192 30 157
229 191 12 243 95 222 214 167 151 139 61 132 243 240 166 30 126
211 191 121 144 113 203 251 128 192 174 144 237 144 53 201 41 147
45 215 54 158 11 203 198 102 242 4 144 102 233 101 219 160 132
45 177 54 250 95 78 2 215 242 169 66 50 245 75 49 232 157
89 106 167 250 24 222 174 139 244 169 84 199 233 241 1 163 164
96 71 167 1 230 3 251 167 57 99 61 237 47 164 229 41 154
45 191 26 189 70 222 214 235 156 219 163 158 196 205 2 23 152
229 177 167 157 64 171 240 1 242 219 165 199 50 130 166 255 141
82 215 54 64 24 203 91 1 106 54 174 50 47 155 139 232 152
120 191 74 250 111 171 148 196 151 169 1 50 232 95 139 41 129
120 106 26 51 125 125 251 52 82 139 142 215 245 219 192 108 138
45 71 120 144 95 52 251 178 156 99 18 160 47 152 50 91 151
56 129 74 243 125 222 21 139 151 169 245 158 80 205 192 232 149
120 232 26 1 95 174 91 215 195 169 165 250 254 205 1 108 137
201 191 12 46 111 125 87 235 98 219 50 7 49 219 2 30 140
120 45 74 146 93 203 214 52 242 54 142 158 245 101 192 30 145
39 235 12 158 197 78 1 52 57 125 1 158 233 195 1 23 146
96 71 167 69 70 101 158 102 106 169 174 117 47 101 158 232 144
34 215 214 250 125 29 21 102 156 79 18 237 243 130 50 255 149
34 191 167 146 95 29 87 235 135 169 124 213 254 152 201 23 131
25 232 74 158 197 222 240 177 3 174 144 127 254 152 139 91 144
25 71 161 51 11 3 1 167 192 152 84 69 243 152 150 30 149
193 9 81 46 70 125 251 166 82 169 50 250 233 130 166 30 138
120 9 26 124 201 69 251 128 3 236 124 250 233 95 219 251 126
211 202 93 144 64 174 214 167 98 236 124 117 89 219 150 23 147
211 9 120 64 125 171 251 196 156 152 160 158 232 130 192 30 144
82 106 74 51 64 158 2 177 98 125 245 127 254 95 36 138 145
89 202 120 1 64 101 198 177 59 169 61 158 27 152 158 41 146
201 202 120 250 25 164 21 1 127 152 245 250 254 53 139 91 141
45 106 180 51 70 174 214 235 135 62 1 237 243 155 2 108 142
229 45 161 250 24 3 21 29 57 4 160 69 254 130 36 126 133
56 162 12 146 201 52 214 167 195 98 66 250 245 152 158 244 169
120 232 180 51 111 78 158 139 192 99 66 250 89 205 201 173 153
193 215 26 51 64 78 87 102 135 154 174 102 27 41 219 173 139
56 18 12 46 64 203 158 52 242 98 84 69 245 219 201 244 168
25 9 161 157 25 222 214 212 156 79 18 199 245 240 229 91 141
201 177 121 144 230 158 174 1 195 62 160 157 89 152 36 91 145
211 129 161 46 144 174 240 167 135 139 1 102 254 164 150 244 141
193 177 54 157 125 164 21 167 57 154 66 50 50 205 50 108 161
120 45 81 147 144 69 158 215 195 139 61 199 196 241 192 70 159
96 215 217 46 230 52 158 212 134 174 142 127 89 69 139 251 154
34 129 180 46 24 78 251 235 57 236 124 127 233 240 139 232 138
56 45 180 146 93 165 214 215 192 154 66 160 144 95 192 91 114
45 71 214 1 70 78 198 52 57 79 84 158 232 75 201 70 145
120 246 180 64 64 222 2 52 192 174 66 199 144 195 36 23 151
45 9 235 51 24 52 1 166 59 236 163 250 196 130 201 70 138
56 246 93 124 144 158 224 215 127 99 18 117 245 164 201 251 154
229 232 81 157 197 69 21 196 135 219 174 250 49 195 150 70 155
25 215 161 228 28 69 21 167 195 219 61 160 50 152 1 138 157
39 9 217 46 113 164 198 235 192 174 165 213 233 130 229 163 151
56 162 12 147 144 69 251 235 134 139 144 213 89 241 158 232 148
229 45 81 144 197 69 21 166 242 152 245 158 47 130 150 126 150
238 191 81 46 111 3 251 179 3 174 165 102 233 155 2 251 159
89 101 54 46 197 165 198 29 98 125 160 132 80 95 1 244 137
193 162 93 64 125 3 251 177 244 169 238 69 49 240 139 255 161
154 129 180 46 28 69 198 212 98 125 165 102 243 41 201 163 144
238 202 121 51 24 158 1 102 151 99 163 50 245 155 2 126 139
193 162 180 147 11 86 148 139 3 62 174 127 243 155 229 91 150
154 202 121 64 70 69 198 128 106 219 165 132 245 155 192 255 149
89 106 54 64 125 158 148 52 192 125 142 132 243 240 158 232 143
89 18 54 189 113 174 158 215 82 174 124 160 50 219 36 163 147
82 101 120 243 95 3 240 29 82 54 142 158 233 152 150 138 161
82 45 93 147 28 125 78 167 242 169 163 102 50 219 158 251 147
45 45 121 64 28 69 2 167 82 169 174 215 196 155 192 160 152
34 202 93 124 24 69 21 179 151 79 165 102 233 69 192 108 144
39 191 180 46 24 3 198 215 135 152 238 213 232 41 139 126 153
39 246 93 189 125 29 91 29 98 99 174 199 232 241 1 41 140
120 45 217 64 64 222 91 178 127 152 124 215 243 240 192 41 126
229 232 12 147 70 69 251 29 59 154 66 160 196 41 1 91 141
39 18 121 147 113 171 158 52 98 62 245 160 245 95 201 255 131
193 202 121 189 201 125 251 128 244 79 124 117 233 155 179 160 133
56 101 81 64 70 164 214 139 135 174 84 50 196 219 179 108 165
120 215 217 147 95 52 174 235 57 54 50 237 80 241 166 138 148
34 246 26 144 95 174 240 139 242 152 238 157 27 41 229 255 153
34 202 74 46 24 174 148 178 98 139 160 157 243 101 158 232 146
25 246 74 69 201 171 174 179 195 236 245 157 144 41 2 255 140
154 232 93 124 125 69 1 215 195 54 144 237 233 152 179 30 158
193 232 74 51 28 158 251 179 134 219 144 7 245 240 179 244 154
229 9 12 250 201 164 148 166 195 99 144 117 233 219 192 23 136
82 191 54 51 144 29 198 196 127 99 165 215 49 101 1 126 134
154 246 167 46 144 125 214 167 244 154 165 117 50 205 158 173 149
34 232 74 146 25 203 224 178 242 174 142 199 47 155 201 91 157
82 129 214 64 144 164 240 235 57 236 238 127 254 95 50 255 143
154 45 214 147 113 3 158 179 82 79 245 132 27 219 1 251 140
34 177 167 250 111 171 2 215 242 154 245 117 89 240 219 23 160
238 246 12 144 144 78 198 235 59 219 124 237 254 53 229 244 138
25 235 214 1 197 158 87 128 82 125 84 132 243 69 229 91 135
229 191 81 64 201 52 158 1 135 99 124 50 89 101 150 41 151
193 129 93 146 113 86 251 102 59 79 144 158 245 219 150 160 155
229 18 161 157 144 171 21 139 195 174 124 160 50 69 166 30 150
120 162 161 147 230 29 91 166 242 174 84 213 233 41 50 244 134
96 45 74 124 93 86 78 128 134 139 174 7 245 155 201 173 132
211 191 214 51 93 203 91 177 127 4 50 158 243 101 219 126 135
96 71 161 1 230 165 78 166 98 54 1 213 233 240 36 244 153
82 9 217 228 11 86 198 1 244 125 238 199 232 95 179 244 145
56 129 93 146 95 101 174 196 59 236 84 69 233 41 219 163 136
238 9 54 46 111 164 91 177 242 169 174 50 80 164 166 138 144
96 18 120 144 95 3 251 178 151 98 163 132 47 53 36 173 157
154 215 214 64 93 86 251 139 156 125 144 7 49 205 36 108 145
229 246 81 147 28 171 1 1 57 54 174 117 80 241 50 232 152
229 101 81 51 25 164 2 29 244 154 245 69 233 241 201 23 142
154 202 214 243 70 158 91 52 195 154 66 215 144 195 201 232 145
201 215 121 243 111 3 214 29 135 169 142 132 80 95 219 138 151
154 235 93 51 24 86 2 215 98 99 160 160 49 53 139 108 148
39 232 81 189 125 203 251 215 151 98 245 50 144 53 229 255 149
211 45 235 243 25 203 2 139 244 125 50 215 232 219 150 108 143
120 235 217 1 24 69 78 139 156 152 18 199 47 205 166 160 148
120 101 12 51 28 158 251 178 195 174 174 215 233 75 179 126 168
154 246 54 189 144 101 214 177 195 219 163 199 254 130 158 30 138
25 246 217 51 93 86 91 52 3 125 163 132 232 155 139 70 150
96 246 54 158 125 165 78 128 151 99 163 250 233 69 201 30 148
96 129 81 147 64 69 1 177 106 169 61 102 27 241 158 173 146
45 18 81 147 144 203 240 29 57 174 61 127 254 130 179 30 155
229 9 121 51 144 171 21 139 242 54 238 50 243 152 158 173 149
25 129 217 51 24 222 87 139 106 54 50 7 196 95 2 160 142
34 18 74 243 201 222 87 212 195 99 238 127 49 101 179 41 146
211 101 120 243 95 52 1 128 59 4 50 160 245 155 229 251 139
25 106 26 147 25 171 251 1 98 4 238 215 196 155 50 23 149
154 129 74 158 201 222 198 212 156 99 165 132 27 69 166 108 142
34 101 214 69 201 164 214 1 242 4 124 199 144 130 219 251 146
229 246 93 189 70 203 1 212 135 99 165 132 233 95 179 255 149
193 162 93 146 93 78 214 177 134 99 66 160 80 101 49 126 124
25 246 54 147 230 78 251 1 3 98 144 213 144 69 166 41 161
45 177 74 250 95 52 1 215 156 4 84 158 144 205 150 138 136
56 129 235 51 201 86 198 178 106 98 50 250 196 75 2 70 154
56 101 121 147 25 3 2 215 151 169 245 127 196 101 166 255 157
211 9 180 147 230 174 2 179 82 174 1 160 243 152 2 173 117
154 202 93 1 144 222 91 139 244 174 61 157 254 101 50 108 152
39 246 120 147 201 164 21 166 244 219 18 127 243 130 192 244 140
201 191 81 146 64 171 91 179 127 79 124 199 47 205 179 173 137
34 129 161 157 24 165 240 235 156 79 18 50 49 75 1 173 148
193 202 120 157 230 78 214 177 98 154 142 102 50 152 49 91 153
96 191 217 124 144 222 224 212 57 154 144 69 243 101 201 244 137
201 232 81 46 113 52 214 177 151 125 1 213 50 164 229 70 149
39 45 235 243 230 86 78 179 192 79 144 213 50 152 139 41 130
238 45 214 250 11 101 148 102 192 4 245 127 49 69 201 41 137
96 18 217 69 28 171 87 178 244 125 124 237 243 75 166 251 140
39 18 167 228 70 78 87 177 82 79 174 102 144 152 150 160 142
193 177 180 51 144 29 148 1 242 98 1 215 50 152 150 126 143
89 215 81 51 24 52 21 128 127 236 160 158 243 75 158 91 137
229 162 167 158 70 222 214 102 98 4 245 213 196 69 201 70 149
96 9 217 144 113 69 174 177 59 79 238 199 144 205 179 70 143
34 177 12 157 95 171 214 177 98 62 124 7 80 205 229 108 142
56 129 180 147 230 158 240 215 127 62 61 215 243 164 201 30 131
120 191 81 250 144 171 78 166 192 54 165 215 50 241 192 41 136
211 71 161 243 197 125 198 179 57 98 245 50 196 195 179 255 122
201 191 54 158 113 158 214 166 151 79 238 237 50 195 36 91 150
229 246 54 228 125 171 1 177 242 125 174 117 89 69 150 30 153
238 215 121 46 25 174 251 215 98 125 18 237 50 240 201 138 132
39 246 93 1 197 164 91 196 127 62 124 157 243 53 50 160 150
96 45 81 243 11 52 91 1 192 174 160 199 47 164 36 70 147
120 71 214 228 95 69 198 29 134 125 66 250 50 164 229 232 147
229 235 235 250 25 164 251 215 127 99 144 102 89 101 2 108 140
211 162 214 250 125 101 174 235 242 62 66 199 243 69 36 163 129
193 177 12 64 201 69 224 196 98 219 165 199 245 241 179 255 155
193 45 214 157 11 164 198 102 59 174 174 132 233 152 201 30 144
201 215 81 1 201 101 91 179 244 79 61 157 233 152 192 108 141
25 9 167 158 93 164 91 102 127 139 144 213 243 69 49 91 137
193 45 81 64 113 174 148 215 98 219 142 199 144 164 201 91 153
193 101 217 69 201 101 91 167 106 219 165 237 243 95 166 160 158
193 215 180 124 201 69 87 179 192 174 66 7 243 241 49 251 137
82 18 26 147 125 78 240 29 127 174 84 213 27 155 36 138 155
25 45 12 158 28 78 198 196 244 79 142 102 254 41 192 30 140
211 71 217 69 230 29 251 128 82 54 165 215 243 241 139 108 167
154 235 74 144 144 174 91 212 3 174 165 213 254 69 1 255 139
201 129 121 157 201 222 240 235 3 174 18 7 144 53 192 160 148
201 202 74 64 230 203 158 178 156 4 144 102 144 130 158 91 154
229 106 54 158 70 52 198 215 57 174 245 127 144 75 50 160 158
25 191 81 51 125 69 214 212 57 169 160 199 232 152 36 108 137
229 162 93 144 111 174 21 215 135 4 245 250 27 69 229 126 138
211 129 235 51 95 125 148 1 82 169 163 237 245 241 158 108 146
96 235 81 158 95 52 240 166 192 99 61 160 49 205 179 23 142
211 101 81 243 230 171 240 235 134 79 160 117 47 130 2 251 141
154 45 214 144 11 125 214 167 151 219 18 117 232 53 201 138 147
201 71 121 158 111 171 1 215 106 62 124 237 89 75 166 232 166
120 215 81 189 28 174 214 166 134 4 18 117 144 241 2 255 140
201 232 12 157 113 222 21 1 127 98 66 199 196 152 36 255 148
45 45 161 147 11 69 87 178 242 139 84 117 196 155 150 251 141
238 129 12 69 201 3 251 196 244 154 1 157 80 195 201 173 132
120 71 81 64 201 165 251 166 106 152 160 132 80 53 229 138 156
89 191 161 250 201 101 2 29 98 174 50 237 47 130 50 30 127
39 215 81 158 95 174 158 166 59 236 1 215 233 69 49 91 159
154 106 235 189 197 222 240 177 134 62 18 50 144 240 192 126 137
45 235 54 243 28 125 158 52 3 4 1 69 89 53 2 23 140
211 9 12 46 11 101 251 128 134 174 61 50 196 155 192 108 144
96 202 120 158 201 203 158 139 127 62 18 160 233 241 49 163 142
25 191 81 69 111 158 21 212 135 169 18 7 245 95 192 70 136
25 202 120 144 11 86 148 52 57 219 238 250 233 205 1 30 156
34 215 214 124 144 203 87 52 192 154 84 132 80 101 139 232 138
89 162 93 250 125 165 174 215 106 174 163 132 50 69 150 126 133
238 202 167 158 28 29 224 235 59 174 163 199 233 195 219 255 136
238 71 120 124 11 29 21 29 151 236 18 160 243 41 2 70 155
82 235 121 51 93 222 91 1 195 98 245 132 196 130 179 138 141
45 232 74 157 64 164 1 212 59 174 142 213 232 75 139 255 145
89 202 81 147 95 69 2 167 98 125 50 160 243 240 192 41 121
45 9 12 243 93 69 91 102 3 139 50 213 80 164 49 126 135
34 101 167 146 144 158 158 167 59 169 163 117 144 219 229 41 132
211 246 121 1 113 158 148 128 82 174 165 160 245 101 158 30 146
45 246 214 146 201 158 158 128 59 236 245 7 144 75 201 70 137
82 177 120 1 70 164 240 196 134 98 66 102 196 205 192 108 126
56 191 180 189 197 165 78 166 134 79 84 250 243 219 150 255 143
82 235 26 189 95 52 87 215 242 54 61 215 233 195 192 160 142
211 202 214 1 197 101 2 177 98 154 18 160 243 164 201 160 160
154 71 180 64 113 164 158 166 127 154 142 199 50 155 139 244 134
211 106 54 243 70 69 2 212 156 174 18 160 27 155 2 173 143
82 71 167 146 95 174 21 102 156 152 61 237 232 130 166 91 137
120 71 180 147 125 203 87 102 156 154 84 157 243 219 192 232 164
96 162 121 64 95 158 87 235 156 174 61 213 49 152 1 138 135
25 106 26 243 125 52 214 167 3 154 163 7 27 75 192 108 133
34 9 167 189 113 171 251 196 127 236 84 69 49 241 219 173 164
25 162 54 1 111 164 2 128 127 152 66 160 233 41 36 251 155
96 215 161 189 11 164 87 212 127 62 18 127 144 41 219 163 135
201 202 161 124 113 203 214 215 192 169 165 157 245 101 1 41 138
82 202 121 250 95 69 251 179 82 4 238 127 47 95 50 23 152
39 129 26 147 111 174 240 52 106 4 160 102 243 240 229 232 134
56 215 235 158 111 29 174 166 3 174 66 7 196 205 49 173 150
120 232 121 46 28 52 148 196 192 154 174 50 80 41 50 70 140
193 191 161 124 201 174 1 52 156 98 50 158 243 195 50 126 129
34 106 81 46 230 78 224 139 98 139 84 157 254 241 50 138 181
120 106 26 69 144 69 251 212 98 174 66 160 245 69 150 244 126
25 232 54 64 113 165 1 1 242 169 18 237 243 205 219 23 154
238 129 121 147 201 164 91 235 57 169 165 127 233 75 1 160 142
120 246 180 157 93 125 2 235 98 236 238 215 27 152 219 232 164
39 101 180 250 11 165 214 1 106 139 84 213 245 41 50 244 156
154 215 214 46 25 164 251 167 192 98 50 215 47 130 179 41 146
82 9 121 124 95 171 174 178 98 174 163 160 233 95 49 138 144
96 232 54 69 11 203 87 139 134 125 160 7 243 219 166 251 153
89 45 26 189 111 125 87 139 135 99 160 160 49 75 201 30 143
25 177 74 64 95 158 251 235 195 236 160 7 49 155 49 70 130
201 129 120 147 25 125 174 128 156 219 144 160 233 41 229 163 124
96 235 214 158 70 203 240 102 127 4 238 50 233 69 192 232 145
82 101 74 1 95 203 214 166 82 54 84 157 243 152 158 70 145
82 235 214 157 24 3 2 128 192 62 142 160 27 219 179 244 137
120 106 54 64 25 165 240 177 57 174 66 158 47 101 49 251 152
120 129 121 250 25 86 251 29 156 169 163 102 254 241 36 244 131
120 246 214 64 25 222 148 215 192 54 142 160 232 95 166 173 146
39 9 81 157 93 52 214 212 195 219 18 237 49 41 166 91 160
193 101 217 147 93 52 21 196 106 152 50 69 233 205 201 244 151
45 235 167 69 144 125 1 179 156 98 66 117 233 75 36 163 155
201 235 235 46 25 125 224 235 156 169 160 160 50 155 179 138 127
154 191 161 250 125 78 198 179 195 125 245 7 233 95 179 91 147
238 71 93 158 95 165 91 212 135 174 50 102 243 75 201 108 156
39 215 121 69 11 101 158 179 106 152 165 215 233 155 139 126 136
45 191 74 250 11 3 148 1 134 154 238 102 232 95 219 41 148
154 215 81 69 24 86 158 177 106 139 61 160 243 219 192 126 133
238 106 81 189 64 125 21 178 3 236 124 132 243 130 201 91 152
82 129 81 69 70 86 251 196 244 236 163 50 254 219 158 91 158
120 235 81 147 11 3 158 1 134 62 18 157 50 75 36 108 148
229 235 161 1 201 125 2 235 244 219 66 132 144 152 219 138 149
25 235 93 250 201 174 224 178 242 219 50 213 196 41 229 108 153
201 9 74 69 197 164 91 215 59 236 142 199 196 69 139 23 150
89 235 54 228 64 29 251 128 134 4 163 132 50 95 201 251 135
25 129 235 228 113 125 148 52 135 154 18 237 80 95 229 160 156
82 101 12 46 230 158 21 179 151 4 1 237 49 95 1 255 143
229 162 161 144 25 165 174 29 135 169 1 213 243 195 192 70 156
193 106 120 1 230 203 174 102 156 98 142 50 144 219 192 251 138
89 101 214 64 93 203 158 166 156 169 50 7 243 240 192 244 132
25 232 167 189 70 52 158 212 244 174 61 215 233 155 201 160 143
45 106 74 147 201 86 21 52 106 139 245 132 233 219 49 108 149
193 235 26 51 95 174 251 215 151 174 84 237 49 205 201 160 143
45 101 180 69 95 69 240 102 82 79 84 237 27 195 49 255 133
201 246 121 124 144 69 158 128 127 62 163 199 144 95 201 255 144
238 9 74 228 64 174 148 177 195 174 61 157 144 205 50 138 154
211 162 161 243 95 52 251 177 192 236 1 213 89 41 2 138 153
120 246 217 243 230 29 87 139 98 98 50 199 243 152 50 41 145
229 101 81 158 24 158 21 139 244 219 142 237 144 155 36 163 159
120 177 235 189 64 222 158 235 135 174 163 117 47 205 201 251 136
25 106 214 228 25 3 251 178 106 99 238 199 243 130 201 23 150
45 235 81 243 25 101 240 29 106 174 163 7 89 205 201 251 135
34 202 74 69 230 78 1 102 106 152 61 157 254 53 139 41 173
120 246 120 64 201 78 158 235 3 79 160 158 243 152 36 41 143
34 232 54 250 24 86 2 29 106 174 174 157 243 69 201 173 163
120 202 81 144 64 203 21 177 82 174 18 160 243 240 219 244 141
82 202 161 64 197 158 87 178 98 152 142 102 196 164 229 163 141
96 18 26 1 24 3 224 128 3 169 66 250 89 241 179 41 149
39 106 12 228 113 101 158 166 195 219 124 250 144 205 49 244 152
154 202 214 157 64 174 21 1 192 4 61 132 196 101 229 160 131
25 45 235 46 95 86 2 52 106 54 66 50 80 152 150 41 138
34 235 161 1 11 52 2 166 3 54 245 132 49 41 158 251 154
154 177 120 64 197 125 174 178 57 169 84 127 47 205 158 232 135
39 101 161 228 24 165 148 52 192 79 124 50 243 75 158 232 149
39 9 74 228 111 3 1 29 151 98 1 69 245 164 201 232 150
201 202 167 64 197 52 78 1 82 154 142 117 233 241 150 138 154
154 106 217 158 144 3 240 29 57 54 238 117 233 195 49 160 154
154 101 121 1 25 222 148 179 82 139 245 50 50 152 1 163 155
89 191 12 250 197 78 87 166 242 62 163 213 80 69 229 160 141
154 246 74 1 64 203 1 167 242 174 124 160 196 75 36 41 142
56 177 180 69 95 69 148 215 106 174 160 215 27 219 192 23 155
56 191 120 250 24 3 240 215 57 79 61 7 144 241 1 163 147
193 232 81 144 111 174 148 102 57 174 84 160 80 53 179 163 138
82 202 120 158 144 78 2 139 151 174 238 157 80 69 219 255 155
39 162 81 157 93 171 148 235 244 174 174 102 233 219 50 160 139
25 18 121 1 70 203 224 1 59 99 50 127 50 164 201 251 125
82 232 12 189 111 125 148 179 134 174 245 199 80 219 2 91 158
56 202 120 157 28 52 1 29 3 139 84 157 254 101 50 70 123
89 71 235 189 113 52 251 139 134 125 142 69 80 69 50 160 140
154 129 214 157 25 165 21 29 59 125 163 7 243 41 201 251 145
211 71 81 243 70 3 78 139 134 125 238 69 144 101 2 138 148
229 235 26 144 144 52 1 139 192 125 61 160 254 152 166 160 164
39 215 120 158 111 158 78 196 59 219 165 215 50 195 50 91 148
238 235 81 124 125 69 251 215 242 54 61 102 27 130 179 70 146
201 129 214 124 64 86 148 128 242 98 61 199 49 152 139 30 143
45 45 121 64 70 203 78 166 151 152 66 160 50 195 201 91 134
201 101 12 243 95 222 87 212 127 99 174 250 27 95 1 251 140
96 71 26 1 28 164 240 128 98 79 160 250 47 205 49 232 133
39 18 214 46 113 164 174 139 106 139 144 199 27 164 201 138 129
34 177 121 228 125 203 87 196 59 219 1 117 49 53 201 41 146
45 202 217 46 64 158 214 139 127 152 1 50 254 195 1 70 140
96 162 12 46 144 69 198 139 244 98 160 117 50 101 150 163 139
154 246 121 147 11 52 174 212 195 236 18 69 50 130 49 91 145
154 177 180 124 64 165 87 29 192 169 174 132 196 155 192 126 141
120 191 235 51 197 86 1 179 135 174 174 158 243 241 158 91 135
56 235 235 46 144 52 214 139 151 139 163 157 233 240 50 163 122
45 45 74 1 144 52 240 52 242 125 245 127 27 53 201 70 150
45 71 214 228 70 29 87 1 57 174 238 215 144 195 201 23 141
229 177 74 51 28 78 251 212 242 174 1 102 245 195 139 251 137
82 235 93 157 111 171 198 235 134 174 18 215 233 130 49 23 147
193 129 74 124 230 101 224 179 57 98 50 213 245 195 158 41 162
193 101 74 157 25 174 251 29 82 4 174 237 245 240 166 41 145
193 106 81 157 11 52 2 178 242 174 1 127 245 95 1 251 145
82 45 26 146 201 125 251 29 244 4 124 158 233 53 192 23 134
82 177 180 157 28 101 251 179 59 4 245 160 245 152 36 244 142
211 246 180 243 125 158 78 177 156 98 50 132 233 53 150 160 144
238 162 167 69 95 86 224 128 151 236 245 250 49 41 49 30 140
45 9 120 228 197 69 198 167 151 62 165 127 232 195 166 173 133
96 101 54 144 11 69 198 177 98 79 84 102 144 152 179 91 148
39 45 81 228 11 3 21 166 156 4 142 50 80 195 166 138 144
39 177 93 69 144 171 87 128 134 62 163 50 89 41 50 163 140
154 177 26 51 28 203 174 167 192 139 238 69 245 75 219 30 143
154 106 26 1 25 125 1 178 98 62 174 158 233 130 50 30 161
56 235 54 250 111 165 78 178 106 79 160 69 243 152 192 160 157
56 9 180 51 125 174 174 52 57 174 144 215 49 152 49 173 146
238 246 54 69 113 86 91 177 151 98 160 132 144 75 192 232 163
82 106 74 69 24 174 148 177 127 98 124 69 233 130 2 173 157
82 246 214 228 28 164 148 1 127 236 61 157 144 41 219 232 147
193 177 120 124 113 164 21 178 135 154 163 132 233 53 166 251 140
45 45 74 158 201 203 78 177 127 98 160 250 50 41 36 108 147
238 9 214 64 28 29 240 235 244 219 1 215 80 219 50 126 144
201 191 74 64 93 86 251 166 82 79 124 127 196 205 36 251 145
201 215 81 64 70 158 174 178 98 219 163 127 49 53 50 138 144
154 235 12 250 111 158 148 212 59 169 61 250 243 155 201 160 146
25 177 235 158 93 29 21 139 59 54 84 199 243 41 158 138 153
96 177 180 228 113 86 251 1 192 154 61 158 243 240 36 232 151
34 246 180 147 125 86 240 128 156 174 61 117 243 152 201 70 145
45 202 12 144 230 203 240 235 3 125 1 250 243 95 229 173 142
34 246 161 157 125 29 214 52 151 219 124 157 233 75 158 160 144
193 177 93 146 64 171 2 196 106 236 66 69 196 152 139 163 150
229 202 217 146 230 29 2 1 192 152 50 213 47 195 179 108 129
201 202 180 147 28 78 87 177 59 125 142 7 50 75 192 30 134
96 162 167 158 70 101 214 235 3 54 238 132 245 241 166 126 144
82 202 54 147 93 164 251 179 151 236 238 7 254 155 49 244 134
89 232 26 64 24 52 1 29 57 139 238 127 49 130 49 30 151
120 18 81 157 95 86 148 212 106 125 61 157 254 241 229 23 144
238 9 167 250 24 101 224 179 195 174 245 117 47 195 158 255 153
96 101 214 144 93 69 87 52 151 99 124 7 245 69 2 70 128
238 18 121 189 201 125 174 128 106 154 50 158 49 101 201 91 125
39 18 74 69 70 203 224 235 244 125 174 117 233 95 219 232 142
89 191 180 157 113 101 1 177 151 99 174 102 233 130 192 23 144
96 18 26 228 113 222 174 212 244 219 142 7 232 205 139 91 151
120 235 81 147 201 125 87 215 82 99 66 199 196 101 201 251 142
201 202 81 228 197 101 251 52 195 79 163 213 243 41 2 251 157
89 235 161 46 113 52 91 139 244 174 18 127 196 219 229 126 157
238 18 12 157 93 203 224 102 242 4 124 157 144 240 139 91 135
96 18 180 64 95 174 174 128 82 4 66 50 243 241 201 244 140
211 177 54 147 201 165 174 167 98 125 245 158 232 219 49 126 145
193 235 120 51 24 29 158 212 242 54 163 7 233 205 229 160 146
39 129 26 228 70 101 1 1 106 4 61 157 254 41 1 138 152
56 18 217 46 11 203 1 166 135 54 144 213 232 95 139 163 144
89 9 74 158 125 101 158 29 195 174 163 132 233 101 50 41 140
89 9 161 157 64 125 198 177 106 125 142 132 233 152 150 126 153
89 177 121 51 11 78 21 167 57 54 66 7 233 53 179 108 164
193 215 180 46 28 158 240 167 242 139 142 50 47 219 158 23 151
120 71 214 228 125 158 2 215 82 98 238 213 233 152 158 160 159
82 232 12 51 28 86 174 139 106 169 238 127 196 152 2 160 139
201 235 167 147 197 125 78 196 106 219 50 7 232 195 201 163 125
154 9 12 46 111 125 198 52 82 152 165 102 254 195 150 30 141
120 101 214 157 70 78 158 215 192 62 165 199 27 101 150 173 130
34 106 74 1 144 203 198 166 127 125 50 213 49 155 219 126 138
56 162 217 146 230 3 224 215 156 54 160 158 245 41 1 91 159
25 246 120 69 70 125 1 128 195 125 142 250 47 241 158 173 134
229 235 167 46 144 78 1 178 242 219 144 160 245 130 139 70 130
211 71 93 46 70 203 158 167 195 219 165 158 144 164 229 163 154
96 215 120 1 201 29 78 212 195 125 174 102 233 69 192 138 158
193 45 26 147 93 164 78 178 151 169 1 117 243 75 49 23 143
211 232 161 51 125 158 158 1 244 98 238 127 232 195 50 23 151
154 235 81 46 197 69 174 215 156 174 245 160 243 95 192 91 146
201 9 81 51 28 86 2 1 106 98 50 158 50 41 2 251 138
201 9 74 124 197 86 87 166 134 99 18 69 243 101 49 244 147
238 235 180 158 11 69 251 196 127 79 1 50 49 164 219 23 156
56 215 161 146 70 3 1 215 244 99 238 160 27 152 229 163 169
82 106 235 51 28 86 174 177 135 174 1 50 243 241 179 41 153
193 162 81 144 201 29 78 102 151 125 142 127 254 130 158 163 130
56 101 120 146 28 222 158 177 192 99 1 215 254 152 1 160 125
45 232 217 51 113 69 251 178 127 169 1 158 196 75 229 41 164
154 71 74 228 93 165 251 102 59 98 238 157 50 241 158 41 153
89 45 180 144 93 125 158 128 57 169 238 117 233 155 166 70 128
45 9 120 46 144 165 2 179 3 174 238 69 89 155 166 108 163
25 235 180 64 25 165 87 166 134 54 245 213 232 75 192 30 138
96 45 217 1 25 29 214 52 106 62 163 250 89 155 201 173 138
56 106 120 1 25 171 224 166 242 174 165 132 254 101 179 108 153
238 162 214 146 24 165 21 167 3 54 163 160 245 219 36 160 142
238 232 26 146 64 78 240 235 242 174 124 213 232 53 139 91 147
39 101 214 158 70 164 240 196 59 174 124 157 196 69 139 30 156
89 18 81 158 24 158 1 215 127 154 245 69 47 69 36 41 157
25 177 121 51 201 3 158 178 82 169 18 69 243 155 49 173 152
89 202 120 228 113 101 251 177 135 154 18 132 243 152 201 232 161
45 191 120 189 201 125 214 139 134 174 142 7 80 101 219 251 151
56 9 161 46 11 3 198 166 156 54 144 213 49 219 1 108 157
25 202 26 189 64 203 21 215 151 4 245 132 144 101 158 251 147
96 101 121 157 230 203 1 102 59 154 50 250 245 164 219 232 136
120 101 214 69 113 69 224 178 106 154 238 132 49 205 192 126 164
120 106 120 189 95 101 1 1 127 174 144 50 245 69 158 251 165
82 71 26 228 11 101 87 102 156 98 18 213 47 95 192 232 154
193 71 26 51 64 222 148 166 151 139 238 160 49 69 229 30 137
96 202 26 189 11 69 198 179 195 236 238 199 144 219 49 244 124
201 45 120 146 28 174 174 139 98 54 238 237 49 164 150 30 152
82 45 81 124 113 222 224 215 127 125 18 69 254 130 36 138 138
238 202 217 144 25 125 91 178 195 54 174 250 47 219 1 173 142
45 101 26 124 28 171 148 167 156 79 84 158 254 69 36 91 138
211 129 180 46 28 164 1 128 106 79 165 237 254 130 2 23 156
25 162 167 158 144 164 251 196 192 236 1 132 254 205 139 91 147
154 18 12 144 197 101 1 29 3 152 18 158 49 240 50 23 145
56 235 74 1 95 86 91 102 244 79 61 102 233 41 49 232 146
229 191 54 189 64 3 214 128 3 62 174 132 233 130 36 160 153
34 246 121 146 11 125 198 128 192 62 1 69 243 155 219 30 149
45 71 12 64 125 164 251 128 156 54 245 117 50 101 2 244 128
96 18 120 1 28 52 198 167 156 125 84 199 243 205 179 160 152
193 101 217 46 28 158 78 196 106 236 238 199 27 95 36 23 138
211 9 217 250 197 203 21 212 156 99 18 7 254 164 219 173 139
34 129 93 46 11 164 87 1 82 99 160 7 47 75 192 91 157
120 202 93 157 111 78 214 167 98 236 163 158 243 241 219 160 148
45 106 235 124 64 203 91 235 195 62 66 157 49 219 49 232 148
154 129 26 243 230 222 2 29 135 219 61 158 49 53 49 244 143
201 45 81 157 95 174 87 179 156 54 1 69 80 69 201 255 128
25 177 120 51 25 165 21 235 244 236 144 160 27 69 1 41 141
39 71 217 157 113 101 174 1 151 174 144 160 233 95 219 126 140
154 177 120 189 28 3 224 167 106 174 1 157 196 241 36 41 141
238 215 217 144 125 203 251 167 151 139 165 117 89 53 179 251 155
34 246 235 51 25 52 21 139 127 174 238 132 254 155 179 255 163
229 106 12 189 201 164 1 128 244 154 165 102 233 41 36 160 142
45 18 214 158 64 3 2 196 106 154 124 102 27 219 50 138 145
229 235 81 64 113 158 21 128 106 62 245 160 27 75 166 163 131
45 215 81 51 11 125 198 166 106 154 1 7 50 195 219 251 144
238 162 217 158 197 125 240 212 242 169 238 157 232 164 192 173 150
39 202 235 124 70 52 78 166 59 139 163 199 196 75 36 41 147
238 18 74 147 230 78 78 177 244 154 124 250 50 101 2 108 145
39 9 81 51 113 164 198 212 195 4 84 157 144 130 219 126 149
201 71 81 124 125 158 2 212 244 4 1 158 243 53 158 251 149
120 106 74 243 113 203 21 179 195 99 124 69 196 219 179 173 159
193 162 214 46 24 86 1 166 59 219 144 117 254 75 201 251 144
96 129 93 64 197 78 214 196 244 174 84 158 233 219 201 41 149
39 101 81 243 144 86 158 29 151 54 238 250 254 155 179 173 158
82 162 81 46 144 171 87 178 127 152 163 250 80 152 158 160 136
25 202 180 157 64 203 174 1 82 139 18 158 233 53 158 251 155
193 246 81 147 230 3 2 196 98 79 144 127 243 130 1 91 122
211 191 235 250 24 165 1 179 3 4 142 157 47 75 192 251 157
39 232 120 147 125 203 2 215 135 98 163 127 243 75 179 163 171
25 101 235 51 201 125 240 52 82 125 142 160 243 95 49 138 150
82 45 81 69 197 203 174 167 57 174 50 132 243 240 166 41 160
229 177 120 1 113 3 240 196 98 4 165 215 47 130 1 91 137
25 45 217 1 197 158 91 1 244 62 174 102 233 75 219 251 144
45 9 26 147 201 158 251 167 134 152 1 250 49 164 150 232 153
89 106 161 147 93 203 251 179 195 169 174 237 245 130 139 244 161
238 232 120 158 201 125 87 212 98 99 245 237 144 152 201 108 128
120 162 81 147 113 3 158 212 242 62 1 127 233 53 158 232 152
39 106 235 69 24 203 78 177 57 99 142 237 144 152 139 41 151
193 45 93 250 95 3 240 215 98 125 142 213 243 75 192 138 141
154 232 81 69 24 78 174 128 98 236 61 215 27 164 201 70 142
39 101 81 124 24 171 87 178 82 99 245 158 47 75 192 23 163
229 246 26 124 25 101 214 102 3 169 142 7 243 41 229 138 155
89 232 121 69 111 171 148 167 3 4 160 157 80 69 158 251 139
56 246 81 189 11 3 224 212 135 174 61 132 254 101 150 23 150
120 9 120 46 144 125 174 196 98 169 245 213 245 241 192 138 145
45 235 120 144 201 171 224 139 156 152 61 117 47 205 139 232 131
39 9 161 144 24 101 148 52 242 54 174 160 232 95 158 232 131
89 246 93 228 24 78 214 235 59 152 238 117 232 155 1 23 149
96 232 235 69 93 101 224 128 3 219 84 7 245 101 150 91 136
45 162 81 1 11 29 91 52 135 98 1 50 233 240 49 255 134
82 177 93 69 70 158 148 212 98 62 245 157 254 152 192 160 146
56 246 74 158 113 86 251 235 195 139 66 199 80 205 36 160 155
34 9 12 124 125 164 87 177 127 174 245 102 233 164 219 70 151
229 129 235 228 28 3 158 178 106 174 1 69 47 205 2 232 135
45 232 214 124 11 86 240 52 57 79 165 160 245 130 49 108 146
56 106 54 250 11 78 158 215 82 79 61 237 254 241 219 30 152
154 9 161 124 197 125 1 166 57 62 245 215 196 205 192 126 130
34 129 161 147 111 165 214 128 57 98 245 127 232 95 179 108 134
201 101 74 189 144 101 214 178 59 54 144 7 233 205 166 138 152
82 177 167 250 95 203 224 52 82 4 50 69 233 155 1 160 162
82 129 120 144 11 171 148 212 244 219 18 50 196 164 229 251 141
96 191 74 158 197 52 158 215 98 219 238 69 50 53 1 173 152
89 45 81 158 28 165 87 139 59 139 66 69 89 240 201 30 156
56 129 81 158 230 125 78 178 135 4 61 237 49 130 201 70 146
238 18 235 146 230 222 91 102 57 62 18 250 89 53 166 23 170
229 9 81 124 111 171 240 102 135 62 61 250 49 101 1 108 146
34 9 120 51 113 78 224 52 156 125 144 215 49 164 49 30 140
39 246 167 158 201 174 198 167 192 4 61 199 243 152 139 255 131
34 71 167 69 201 69 174 167 134 79 238 157 89 205 139 23 161
201 191 167 69 24 125 148 166 135 169 142 160 233 53 158 173 142
34 162 74 147 93 171 158 52 98 152 1 117 144 241 139 126 121
34 246 217 51 113 52 78 177 82 174 66 69 49 69 139 126 136
25 232 81 46 11 164 174 52 192 99 124 199 233 240 166 244 148
82 162 81 250 70 222 251 177 242 169 66 199 196 155 158 232 164
238 215 167 228 113 125 78 128 106 54 144 215 233 69 229 126 134
120 129 161 144 111 29 91 29 57 174 245 215 243 75 1 138 155
238 177 74 243 28 222 1 29 151 125 124 50 47 152 192 126 134
193 45 54 189 28 222 240 179 195 219 66 160 232 130 201 244 129
45 106 81 189 93 171 214 215 151 79 144 50 233 240 166 108 126
89 9 26 124 25 203 78 215 156 79 124 213 232 69 36 30 123
96 71 180 243 64 86 21 212 57 219 174 50 144 152 192 255 153
229 215 81 228 111 3 158 215 106 174 50 199 196 95 201 251 166
45 101 235 69 28 203 198 215 57 99 238 157 233 53 201 163 153
96 45 180 158 24 52 21 102 3 4 174 157 49 75 1 251 151
120 129 217 157 64 158 91 1 106 4 238 213 254 219 179 70 145
45 235 121 157 28 29 251 167 195 139 18 102 232 152 158 244 141
82 232 180 51 111 174 2 215 135 62 174 102 27 205 219 163 150
193 246 81 158 113 222 87 128 3 174 165 213 47 53 1 23 155
34 202 120 46 93 78 214 167 98 236 124 7 232 155 229 108 131
238 45 180 147 230 29 158 29 135 125 84 117 254 240 36 251 151
96 71 120 158 25 222 174 212 195 125 50 127 196 240 1 160 145
193 232 214 250 70 29 87 29 242 62 174 199 243 95 179 160 142
89 18 120 157 64 29 78 52 127 99 165 127 47 69 229 23 159
154 129 93 124 93 86 224 52 98 236 245 215 243 95 36 108 134
56 202 167 158 201 29 1 128 156 4 124 213 233 152 2 138 137
82 9 161 147 125 78 91 139 3 139 124 7 254 195 179 255 146
154 191 12 147 24 101 87 215 151 4 1 158 47 75 1 173 136
96 177 121 158 70 203 214 167 192 152 84 250 245 152 179 138 138
120 18 93 158 125 164 78 139 59 54 163 157 243 101 2 232 136
201 106 93 1 70 86 1 196 134 169 160 7 233 152 139 70 138
238 18 217 157 201 78 78 29 195 236 174 213 89 75 229 173 144
34 71 74 157 230 171 148 179 134 98 61 132 49 95 2 30 160
56 232 217 144 25 158 214 167 82 62 165 69 47 205 229 251 149
34 18 93 124 201 78 87 1 106 219 66 127 27 95 158 160 145
96 18 74 1 24 52 174 212 156 4 238 237 50 69 166 30 147
45 177 93 69 70 158 148 212 242 99 160 250 196 53 150 108 155
45 71 235 158 144 222 1 235 3 79 174 127 243 219 50 163 163
211 246 93 250 111 101 214 1 135 154 165 7 49 75 229 232 145
96 232 81 1 125 69 148 128 3 152 165 158 49 240 158 30 141
229 191 81 146 197 158 78 1 156 174 1 237 245 69 166 232 133
154 106 180 144 24 78 78 139 135 154 142 69 232 95 50 126 136
56 202 74 124 11 69 148 196 57 154 160 160 243 95 166 255 124
229 177 217 124 11 222 174 235 135 174 61 127 89 69 2 30 130
120 18 81 158 11 86 2 29 82 54 142 199 196 205 158 251 160
120 191 81 228 28 158 158 178 82 174 50 69 27 75 166 138 151
39 215 74 157 201 158 251 178 59 174 18 7 233 75 50 108 160
229 101 120 144 11 125 174 52 3 174 1 250 232 205 201 244 157
34 235 81 189 111 174 240 1 127 174 84 158 27 195 1 70 150
229 215 235 243 125 158 198 178 242 98 1 250 144 152 150 108 145
56 45 180 157 230 174 78 178 135 219 124 102 80 69 192 108 146
229 45 81 228 111 29 240 179 195 154 163 237 80 69 158 163 160
56 71 93 228 24 78 148 196 242 79 174 160 243 155 179 41 147
25 162 81 46 11 29 174 235 242 79 163 199 80 240 36 255 148
154 235 161 189 95 29 251 167 3 139 165 213 233 219 219 251 139
201 101 54 228 24 171 148 179 156 62 160 102 144 155 166 30 151
211 162 81 147 113 78 158 102 82 174 18 7 50 101 192 255 141
229 101 161 124 64 86 2 128 134 152 160 199 49 240 1 138 152
56 45 235 228 197 86 214 139 127 169 174 132 49 155 36 23 155
96 235 214 243 28 174 78 139 156 169 84 50 233 241 201 232 145
193 106 214 144 11 171 214 52 151 219 61 213 49 164 219 244 132
154 18 74 243 24 69 2 215 82 139 142 132 196 53 158 23 150
238 191 26 51 11 174 214 29 127 152 160 132 243 130 201 255 148
211 18 235 243 64 174 158 166 195 174 84 50 233 69 201 232 145
154 215 161 144 25 125 2 179 59 152 238 213 27 41 158 251 146
238 177 214 158 11 3 240 212 156 4 238 132 144 101 201 23 161
201 202 74 158 111 69 148 139 242 154 238 117 254 53 192 232 153
39 45 180 144 70 222 240 128 156 152 84 199 47 95 219 108 134
45 215 74 51 95 171 240 167 242 79 84 69 233 155 229 138 142
89 71 93 146 144 222 87 196 134 236 61 7 243 69 219 108 136
201 202 12 124 144 165 91 215 57 125 84 215 233 195 201 244 155
154 45 81 228 230 125 1 167 156 174 144 213 232 75 219 41 149
193 18 217 147 95 158 251 166 192 79 66 157 232 69 150 108 146
154 191 120 124 64 29 91 235 135 219 142 127 50 95 179 255 141
39 162 161 147 197 125 78 29 156 236 144 50 50 155 50 173 144
89 71 93 157 230 29 2 212 151 174 84 69 47 205 150 41 155
45 202 217 147 28 222 2 128 57 174 245 102 80 53 50 41 141
229 106 120 51 95 158 148 212 156 99 163 117 245 155 201 30 133
229 232 81 250 201 86 214 215 195 154 142 213 27 240 192 138 147
211 45 161 157 201 165 158 178 59 54 66 132 232 240 201 232 149
89 162 214 243 230 203 1 139 82 174 165 215 245 75 192 160 155
120 162 81 64 113 3 224 215 195 54 174 7 27 164 166 173 153
120 45 167 157 11 86 251 196 98 174 160 127 233 164 49 91 148
229 71 12 228 144 171 251 1 242 125 66 157 232 41 229 30 152
193 246 161 124 93 78 224 215 57 4 124 237 80 53 201 255 158
120 232 217 157 144 164 1 178 127 174 84 7 245 155 150 30 156
25 129 120 147 144 164 174 177 106 154 1 50 233 95 150 244 133
56 177 120 144 11 3 240 196 242 4 165 158 80 152 201 232 122
211 235 214 1 25 158 148 139 106 219 142 157 254 219 139 23 164
193 246 217 69 201 69 251 178 244 99 124 132 243 69 229 23 150
238 129 121 189 95 69 91 52 195 62 174 199 243 101 201 160 172
82 18 161 69 230 171 158 215 59 98 1 7 233 195 139 255 168
154 71 120 124 201 165 148 215 135 4 142 50 233 41 158 232 162
56 232 121 1 93 171 240 167 127 139 61 157 233 241 1 163 150
96 129 81 64 28 69 214 29 98 54 165 157 243 240 1 173 142
56 71 167 64 144 203 148 102 106 98 144 132 233 205 1 91 153
25 246 81 250 93 78 21 177 98 174 84 213 232 152 158 70 146
39 71 12 146 201 29 174 29 135 174 160 117 243 219 179 163 157
211 232 54 64 144 222 21 167 106 4 165 157 89 240 229 108 155
201 246 214 144 93 101 174 177 134 54 1 50 49 152 36 160 149
238 177 214 69 144 203 214 166 127 174 1 158 80 101 139 255 141
25 162 167 124 25 52 21 212 135 154 1 160 144 155 150 30 153
82 71 93 69 113 52 214 128 244 79 18 117 254 241 150 30 137
96 106 120 147 24 203 251 167 242 154 1 69 89 241 229 251 135
39 191 167 46 125 69 251 177 242 152 144 69 233 205 192 108 138
211 162 161 189 25 86 91 177 106 169 160 7 27 155 179 251 133
34 202 93 51 25 158 78 212 134 4 174 158 49 95 49 41 142
154 235 235 147 113 174 1 177 151 62 142 199 245 205 192 160 143
229 177 121 1 113 171 91 166 135 219 66 158 27 164 1 160 140
211 101 214 250 125 171 148 167 57 79 238 160 80 219 201 70 145
34 232 161 158 111 171 78 212 242 125 61 237 144 130 201 255 147
193 246 81 69 144 86 78 139 3 152 245 199 80 101 201 70 142
96 9 214 250 113 171 224 1 59 4 238 7 144 219 150 255 139
39 235 12 243 93 29 174 167 134 125 84 102 50 130 150 232 154
154 202 93 158 111 125 240 212 98 169 61 69 233 205 179 70 151
56 215 81 51 95 52 78 235 57 219 66 213 232 152 179 163 139
120 177 81 69 230 164 198 29 57 79 61 117 27 219 36 163 157
201 232 235 69 111 86 2 196 3 174 238 102 243 195 1 244 166
25 215 26 250 95 78 148 139 82 152 142 157 232 205 36 163 136
25 71 235 1 93 52 174 166 3 152 245 237 47 152 201 91 144
201 246 93 144 70 101 148 29 135 154 238 215 233 53 49 91 139
45 191 12 147 125 52 1 212 127 125 163 199 245 101 219 23 149
82 232 74 51 113 171 78 177 192 236 50 213 144 130 36 23 154
229 162 74 147 144 171 91 212 244 4 245 127 50 205 2 23 148
229 215 180 146 144 29 91 102 244 154 245 117 50 155 219 30 133
201 235 26 124 64 101 251 52 195 125 238 158 233 53 201 41 150
34 191 167 147 25 86 174 212 98 236 142 213 233 101 192 173 137
39 45 12 157 28 52 251 235 106 236 124 199 27 53 50 232 145
193 45 121 189 95 164 198 167 151 154 50 102 50 155 201 23 147
120 215 12 157 201 78 2 212 135 54 174 250 49 240 49 138 131
211 162 214 228 125 222 87 29 106 154 238 157 144 195 36 163 134
211 162 120 250 95 125 174 178 57 62 160 132 80 164 50 255 147
82 246 217 46 125 203 158 179 195 125 50 160 245 75 36 255 137
154 106 180 51 144 78 78 215 134 174 124 50 50 152 201 163 150
211 129 217 69 70 29 148 177 242 219 124 158 233 241 219 23 146
82 235 93 228 230 164 78 1 156 174 142 213 49 69 50 160 137
34 106 161 64 70 171 251 52 134 174 245 157 27 152 179 138 147
45 106 74 69 197 101 214 179 151 99 165 157 245 164 50 41 154
25 101 180 228 201 52 91 235 98 139 1 158 245 195 192 126 145
211 202 121 243 144 165 198 178 244 219 61 250 233 75 219 41 145
56 215 26 147 144 29 21 29 57 169 61 250 245 240 166 70 154
154 129 167 124 28 125 240 179 106 154 1 237 50 130 50 23 148
82 232 121 51 144 3 78 196 98 139 142 237 245 155 158 160 145
82 18 217 46 93 164 91 1 195 169 238 157 243 164 158 70 134
34 246 180 69 144 203 78 1 127 236 165 50 47 155 166 232 156
120 235 26 157 201 3 158 167 57 99 66 250 243 195 139 138 150
229 71 26 144 28 174 148 177 192 4 174 237 232 241 219 232 126
96 18 167 250 230 158 1 235 134 98 163 160 80 240 150 108 132
201 246 74 64 95 158 21 29 57 4 1 7 80 205 219 138 145
120 71 214 69 113 29 78 196 57 4 18 69 243 130 166 173 142
45 215 235 243 111 69 21 1 82 152 238 127 196 241 166 23 159
154 235 81 189 25 86 87 139 134 79 245 199 233 69 166 160 130
56 215 26 1 125 78 91 166 82 98 144 158 243 219 201 30 135
193 106 161 64 113 158 78 52 57 125 165 69 243 241 229 160 143
201 129 167 46 64 101 1 52 98 174 238 102 233 240 49 160 137
154 232 81 146 113 78 198 29 135 169 124 160 89 155 49 41 147
25 246 214 250 113 3 21 196 151 98 163 213 50 240 229 138 141
229 106 74 144 201 125 2 167 98 174 245 102 47 69 192 91 153
201 191 12 69 25 29 224 166 195 174 163 237 243 130 1 163 151
154 232 74 250 95 164 214 196 156 154 144 127 80 205 50 91 152
193 215 120 147 113 69 198 128 3 125 144 132 144 53 201 255 156
238 202 81 147 93 52 1 166 134 62 165 213 233 164 1 41 149
201 106 217 157 28 164 251 177 82 152 84 215 243 241 179 23 143
120 18 93 1 125 69 174 212 57 54 50 50 49 155 158 91 142
45 9 214 124 197 86 198 212 98 174 160 102 232 152 201 30 145
154 235 121 158 64 165 78 215 151 169 50 7 196 219 201 70 137
39 71 120 1 28 203 251 128 192 219 163 102 233 69 158 91 137
45 45 120 124 113 29 2 166 59 152 174 69 233 130 201 41 158
25 9 93 228 201 78 158 52 242 125 61 69 27 205 201 173 144
211 202 12 147 144 222 91 128 242 125 144 7 50 195 2 23 154
201 191 81 147 125 3 158 212 156 54 84 157 144 164 1 173 153
238 215 26 124 201 86 2 128 106 54 144 215 47 130 229 23 145
238 71 81 243 28 203 148 102 59 174 66 117 27 155 192 160 138
154 71 167 124 111 29 240 178 156 54 18 158 50 69 229 108 147
96 202 26 228 95 69 251 177 244 98 66 69 47 53 36 70 157
25 215 120 124 64 52 1 179 106 99 142 160 233 240 36 41 148
45 71 81 243 230 222 240 102 156 236 61 117 49 195 158 108 135
25 191 81 189 24 171 158 167 3 152 165 7 80 152 36 70 140
120 202 26 64 197 52 21 212 57 125 61 199 80 152 158 232 128
96 232 120 147 64 78 148 196 135 219 160 50 47 241 201 255 163
120 106 214 157 230 164 158 178 244 139 174 199 89 41 36 91 145
193 191 81 228 230 29 240 177 82 169 142 199 233 195 1 23 150
45 215 93 158 11 101 87 212 195 154 165 157 245 195 2 255 126
45 177 12 124 125 125 198 215 192 236 142 132 49 164 36 232 154
39 235 74 228 64 101 251 215 59 54 144 237 232 152 139 41 135
238 232 74 146 25 164 174 177 151 154 61 250 196 195 150 232 154
96 177 54 243 144 222 240 196 242 62 142 7 80 53 139 91 135
34 101 214 69 197 222 1 196 134 236 160 213 232 69 158 138 145
211 191 81 146 28 52 240 212 3 169 160 237 245 75 150 160 145
229 106 121 51 24 86 198 235 242 62 144 158 233 75 201 91 146
25 202 12 46 111 29 214 1 244 99 144 132 49 75 179 138 135
89 45 12 147 113 165 148 128 82 99 165 50 27 41 201 244 149
229 106 81 51 93 69 251 178 151 169 165 213 254 101 2 70 153
154 45 81 51 28 158 214 179 242 125 1 199 49 101 201 232 154
56 45 167 69 125 3 224 178 98 79 66 237 80 69 201 163 146
154 45 180 147 70 222 87 177 82 152 144 50 233 155 150 160 147
211 246 81 189 144 69 78 1 57 219 142 250 50 41 139 244 149
45 202 54 51 24 86 1 177 134 4 18 132 144 164 179 232 141
238 202 74 158 201 3 174 1 242 154 142 250 196 205 229 108 139
193 202 93 124 111 158 240 128 82 98 245 158 80 195 179 108 137
154 191 121 158 113 125 251 52 244 236 174 132 50 155 139 30 118
193 106 81 124 64 101 1 177 135 62 245 127 245 240 50 41 136
34 18 81 147 24 203 174 178 59 152 61 50 89 155 201 251 156
120 177 26 46 95 29 251 102 134 174 124 215 245 69 158 255 134
25 18 180 69 24 101 158 178 135 169 1 158 144 130 201 30 143
34 191 217 124 230 222 224 215 135 174 144 132 47 75 49 232 157
154 162 81 250 93 52 214 29 242 169 160 50 233 101 49 108 159
56 235 26 147 24 69 148 177 192 174 160 117 243 164 150 160 145
238 191 235 46 11 174 158 167 151 152 160 250 47 130 201 91 127
238 129 180 147 113 29 1 29 195 98 61 69 245 41 2 255 153
229 71 26 189 113 101 240 167 192 98 144 7 196 219 166 70 146
82 215 121 64 28 164 198 128 156 174 165 158 245 101 166 173 135
229 191 54 124 93 164 158 1 195 79 238 7 243 75 50 160 160
82 9 12 69 113 222 214 235 192 4 160 50 50 195 229 138 144
34 9 214 1 28 164 148 52 156 219 165 127 245 164 49 244 149
39 202 93 146 28 158 87 179 127 152 163 132 245 152 192 163 154
34 235 54 158 230 101 240 177 151 139 66 102 89 152 150 251 143
82 18 214 228 11 125 214 215 98 174 245 7 243 75 179 108 161
154 18 81 146 113 3 214 1 156 174 160 199 243 75 139 244 151
193 215 74 51 11 165 78 212 127 236 18 7 27 241 50 251 144
89 129 217 243 64 69 251 1 244 169 144 127 233 101 49 160 140
39 9 120 243 113 165 87 128 244 139 1 158 254 241 36 163 153
238 45 81 157 95 86 174 139 192 169 124 199 233 95 139 126 145
96 191 74 243 197 203 224 215 192 169 238 50 47 101 36 23 142
154 246 26 146 201 29 78 235 98 125 1 158 47 152 201 70 158
154 246 167 1 95 52 2 178 57 98 238 213 245 155 158 126 158
34 129 120 189 95 101 91 167 135 169 66 250 27 41 166 108 146
39 71 54 147 201 222 251 212 244 139 160 69 27 219 50 70 148
238 177 120 1 95 29 251 177 195 4 160 69 243 219 150 163 153
96 246 12 146 144 86 78 235 242 99 163 237 50 101 229 138 149
120 71 81 146 230 69 251 212 106 4 163 213 89 240 201 244 158
201 106 121 1 25 222 148 102 151 152 124 127 144 152 36 244 141
