Initializing...Initial objective: 55
Temperature: 2
Trial #1. Objective: 21
Trial #2. Objective: 39
Trial #3. Objective: 55
Trial #4. Objective: 47
Trial #5. Objective: 57 - Accepted
Temperature: 1.8
Trial #1. Objective: 58 - Accepted
Trial #2. Objective: 56
Trial #3. Objective: 49
Trial #4. Objective: 39
Trial #5. Objective: 44
Temperature: 1.62
Trial #1. Objective: 45
Trial #2. Objective: 53
Trial #3. Objective: 62 - Accepted
Trial #4. Objective: 48
Trial #5. Objective: 52
Temperature: 1.458
Trial #1. Objective: 28
Trial #2. Objective: 60
Trial #3. Objective: 24
Trial #4. Objective: 35
Trial #5. Objective: 30
Temperature: 1.3122
Trial #1. Objective: 36
Trial #2. Objective: 47
Trial #3. Objective: 55
Trial #4. Objective: 42
Trial #5. Objective: 32
Temperature: 1.18098
Trial #1. Objective: 58
Trial #2. Objective: 59
Trial #3. Objective: 34
Trial #4. Objective: 55
Trial #5. Objective: 52
Temperature: 1.06288
Trial #1. Objective: 54
Trial #2. Objective: 62
Trial #3. Objective: 39
Trial #4. Objective: 29
Trial #5. Objective: 33
Temperature: 0.956594
Trial #1. Objective: 46
Trial #2. Objective: 69 - Accepted
Trial #3. Objective: 54
Trial #4. Objective: 48
Trial #5. Objective: 47
Temperature: 0.860934
Trial #1. Objective: 50
Trial #2. Objective: 54
Trial #3. Objective: 36
Trial #4. Objective: 58
Trial #5. Objective: 53
Temperature: 0.774841
Trial #1. Objective: 38
Trial #2. Objective: 55
Trial #3. Objective: 47
Trial #4. Objective: 57
Trial #5. Objective: 60
Temperature: 0.697357
Trial #1. Objective: 29
Trial #2. Objective: 16
Trial #3. Objective: 31
Trial #4. Objective: 46
Trial #5. Objective: 56
Temperature: 0.627621
Trial #1. Objective: 44
Trial #2. Objective: 57
Trial #3. Objective: 48
Trial #4. Objective: 51
Trial #5. Objective: 55
Temperature: 0.564859
Trial #1. Objective: 57
Trial #2. Objective: 51
Trial #3. Objective: 47
Trial #4. Objective: 59
Trial #5. Objective: 67
Temperature: 0.508373
Trial #1. Objective: 50
Trial #2. Objective: 53
Trial #3. Objective: 52
Trial #4. Objective: 63
Trial #5. Objective: 56
Temperature: 0.457536
Trial #1. Objective: 36
Trial #2. Objective: 52
Trial #3. Objective: 48
Trial #4. Objective: 58
Trial #5. Objective: 58
Temperature: 0.411782
Trial #1. Objective: 36
Trial #2. Objective: 56
Trial #3. Objective: 65
Trial #4. Objective: 19
Trial #5. Objective: 44
Temperature: 0.370604
Trial #1. Objective: 42
Trial #2. Objective: 47
Trial #3. Objective: 49
Trial #4. Objective: 45
Trial #5. Objective: 49
Temperature: 0.333544
Trial #1. Objective: 55
Trial #2. Objective: 24
Trial #3. Objective: 52
Trial #4. Objective: 31
Trial #5. Objective: 58 - Accepted
Temperature: 0.300189
Trial #1. Objective: 58
Trial #2. Objective: 57
Trial #3. Objective: 49
Trial #4. Objective: 50
Trial #5. Objective: 67 - Accepted
Temperature: 0.27017
Trial #1. Objective: 62
Trial #2. Objective: 39
Trial #3. Objective: 44
Trial #4. Objective: 46
Trial #5. Objective: 37
Temperature: 0.243153
Trial #1. Objective: 29
Trial #2. Objective: 49
Trial #3. Objective: 47
Trial #4. Objective: 64
Trial #5. Objective: 56
Temperature: 0.218838
Trial #1. Objective: 37
Trial #2. Objective: 49
Trial #3. Objective: 37
Trial #4. Objective: 58
Trial #5. Objective: 62
Temperature: 0.196954
Trial #1. Objective: 18
Trial #2. Objective: 67
Trial #3. Objective: 51
Trial #4. Objective: 36
Trial #5. Objective: 51
Temperature: 0.177259
Trial #1. Objective: 41
Trial #2. Objective: 60
Trial #3. Objective: 27
Trial #4. Objective: 43
Trial #5. Objective: 50
Temperature: 0.159533
Trial #1. Objective: 57
Trial #2. Objective: 52
Trial #3. Objective: 55
Trial #4. Objective: 66
Trial #5. Objective: 54
Temperature: 0.14358
Trial #1. Objective: 65
Trial #2. Objective: 67
Trial #3. 