Initial objective: 39
------------------------------------------------------------------
Elapsed Time	Temperature	Epoch	Trial	Objective	Acceptance
------------------------------------------------------------------
  0:0:36.686	   1.500000	 1/26	 1/10	       41	         Y
  0:1:20.151	   1.500000	 1/26	 2/10	       45	         Y
   0:2:4.641	   1.500000	 1/26	 3/10	       41	         Y
  0:2:42.572	   1.500000	 1/26	 4/10	       40	         Y
  0:3:18.167	   1.500000	 1/26	 5/10	       40	         N
   0:3:54.89	   1.500000	 1/26	 6/10	       42	         Y
  0:4:29.894	   1.500000	 1/26	 7/10	       43	         Y
   0:5:5.919	   1.500000	 1/26	 8/10	       39	         N
   0:5:42.91	   1.500000	 1/26	 9/10	       41	         Y
  0:6:17.398	   1.500000	 1/26	10/10	       39	         N
  0:6:53.942	   1.350000	 2/26	 1/10	       43	         Y
   0:7:31.96	   1.350000	 2/26	 2/10	       40	         N
  0:8:12.436	   1.350000	 2/26	 3/10	       41	         Y
  0:8:48.341	   1.350000	 2/26	 4/10	       41	         N
  0:9:25.693	   1.350000	 2/26	 5/10	       41	         N
  0:10:7.996	   1.350000	 2/26	 6/10	       45	         Y
 0:10:46.865	   1.350000	 2/26	 7/10	       42	         Y
 0:11:24.550	   1.350000	 2/26	 8/10	       42	         N
  0:12:5.939	   1.350000	 2/26	 9/10	       42	         N
 0:12:46.620	   1.350000	 2/26	10/10	       40	         Y
 0:13:25.972	   1.215000	 3/26	 1/10	       40	         N
   0:14:8.38	   1.215000	 3/26	 2/10	       41	         Y
 0:14:43.582	   1.215000	 3/26	 3/10	       41	         N
 0:15:18.352	   1.215000	 3/26	 4/10	       41	         N
 0:15:56.147	   1.215000	 3/26	 5/10	       42	         Y
 0:16:34.734	   1.215000	 3/26	 6/10	       38	         N
 0:17:11.300	   1.215000	 3/26	 7/10	       40	         Y
 0:17:52.590	   1.215000	 3/26	 8/10	       38	         N
 0:18:29.661	   1.215000	 3/26	 9/10	       42	         Y
 0:19:12.257	   1.215000	 3/26	10/10	       40	         N
 0:19:54.720	   1.093500	 4/26	 1/10	       40	         N
  0:20:40.98	   1.093500	 4/26	 2/10	       39	         N
 0:21:15.825	   1.093500	 4/26	 3/10	       44	         Y
 0:21:53.647	   1.093500	 4/26	 4/10	       42	         N
 0:22:33.327	   1.093500	 4/26	 5/10	       41	         N
 0:23:13.181	   1.093500	 4/26	 6/10	       41	         N
 0:23:54.306	   1.093500	 4/26	 7/10	       40	         N
  0:24:35.17	   1.093500	 4/26	 8/10	       41	         N
 0:25:10.402	   1.093500	 4/26	 9/10	       38	         N
 0:25:47.950	   1.093500	 4/26	10/10	       41	         N
 0:26:30.109	   0.984150	 5/26	 1/10	       39	         N
  0:27:6.174	   0.984150	 5/26	 2/10	       42	         N
 0:27:41.501	   0.984150	 5/26	 3/10	       43	         Y
 0:28:17.133	   0.984150	 5/26	 4/10	       44	         Y
 0:28:53.523	   0.984150	 5/26	 5/10	       42	         Y
 0:29:29.689	   0.984150	 5/26	 6/10	       43	         Y
 0:30:12.779	   0.984150	 5/26	 7/10	       40	         N
 0:30:54.639	   0.984150	 5/26	 8/10	       40	         N
 0:31:31.959	   0.984150	 5/26	 9/10	       39	         N
 0:32:26.528	   0.984150	 5/26	10/10	       44	         Y
 0:33:13.614	   0.885735	 6/26	 1/10	       42	         N
  0:34:6.524	   0.885735	 6/26	 2/10	       39	         N
 0:34:51.890	   0.885735	 6/26	 3/10	       37	         N
 0:35:38.922	   0.885735	 6/26	 4/10	       40	         N
 0:36:25.457	   0.885735	 6/26	 5/10	       38	         N
  0:37:4.599	   0.885735	 6/26	 6/10	       42	         N
 0:37:46.969	   0.885735	 6/26	 7/10	       38	         N
 0:38:26.435	   0.885735	 6/26	 8/10	       43	         Y
  0:39:5.594	   0.885735	 6/26	 9/10	       42	         N
 0:39:42.603	   0.885735	 6/26	10/10	       41	         Y
 0:40:20.805	   0.797162	 7/26	 1/10	       44	         Y
  0:41:4.193	   0.797162	 7/26	 2/10	       41	         N
 0:41:45.245	   0.797162	 7/26	 3/10	       42	         N
 0:42:25.288	   0.797162	 7/26	 4/10	       43	         Y
  0:43:2.715	   0.797162	 7/26	 5/10	       42	         Y
 0:43:39.269	   0.797162	 7/26	 6/10	       38	         N
  0:44:22.49	   0.797162	 7/26	 7/10	       41	         N
  0:45:2.489	   0.797162	 7/26	 8/10	       42	         N
 0:45:40.233	   0.797162	 7/26	 9/10	       47	         Y
 0:46:21.221	   0.797162	 7/26	10/10	       41	         N
 0:46:58.491	   0.717445	 8/26	 1/10	       43	         N
 0:47:36.207	   0.717445	 8/26	 2/10	       44	         N
 0:48:13.916	   0.717445	 8/26	 3/10	       40	         N
 0:48:51.966	   0.717445	 8/26	 4/10	       41	         N
 0:49:31.405	   0.717445	 8/26	 5/10	       42	         N
   0:50:9.22	   0.717445	 8/26	 6/10	       42	         N
 0:50:47.704	   0.717445	 8/26	 7/10	       41	         N
  0:51:27.90	   0.717445	 8/26	 8/10	       42	         N
  0:52:9.480	   0.717445	 8/26	 9/10	       41	         N
 0:52:48.613	   0.717445	 8/26	10/10	       41	         N
 0:53:28.506	   0.645701	 9/26	 1/10	       40	         N
  0:54:6.959	   0.645701	 9/26	 2/10	       40	         N
 0:54:45.174	   0.645701	 9/26	 3/10	       42	         N
 0:55:28.215	   0.645701	 9/26	 4/10	       44	         N
  0:56:5.491	   0.645701	 9/26	 5/10	       39	         N
 0:56:51.179	   0.645701	 9/26	 6/10	       41	         N
 0:57:36.213	   0.645701	 9/26	 7/10	       42	         N
 0:58:16.265	   0.645701	 9/26	 8/10	       43	         N
 0:58:57.115	   0.645701	 9/26	 9/10	       42	         N
 0:59:37.308	   0.645701	 9/26	10/10	       42	         N
  1:0:16.618	   0.581131	10/26	 1/10	       40	         N
  1:0:56.686	   0.581131	10/26	 2/10	       40	         N
  1:1:36.469	   0.581131	10/26	 3/10	       40	         N
  1:2:15.681	   0.581131	10/26	 4/10	       40	         N
  1:2:55.459	   0.581131	10/26	 5/10	       41	         N
  1:3:34.528	   0.581131	10/26	 6/10	       42	         N
  1:4:15.263	   0.581131	10/26	 7/10	       39	         N
  1:4:55.422	   0.581131	10/26	 8/10	       42	         N
  1:5:35.195	   0.581131	10/26	 9/10	       40	         N
    1:6:16.6	   0.581131	10/26	10/10	       40	         N
  1:6:56.725	   0.523018	11/26	 1/10	       44	         N
  1:7:37.515	   0.523018	11/26	 2/10	       42	         N
  1:8:17.309	   0.523018	11/26	 3/10	       43	         N
  1:8:57.658	   0.523018	11/26	 4/10	       43	         N
  1:9:37.974	   0.523018	11/26	 5/10	       40	         N
 1:10:18.130	   0.523018	11/26	 6/10	       41	         N
 1:10:58.214	   0.523018	11/26	 7/10	       37	         N
  1:11:38.55	   0.523018	11/26	 8/10	       45	         N
 1:12:17.791	   0.523018	11/26	 9/10	       39	         N
 1:12:57.381	   0.523018	11/26	10/10	       40	         N
 1:13:37.201	   0.470716	12/26	 1/10	       44	         N
 1:14:16.985	   0.470716	12/26	 2/10	       40	         N
 1:14:56.880	   0.470716	12/26	 3/10	       42	         N
 1:15:36.245	   0.470716	12/26	 4/10	       45	         N
 1:16:15.601	   0.470716	12/26	 5/10	       43	         N
 1:16:55.608	   0.470716	12/26	 6/10	       41	         N
 1:17:35.467	   0.470716	12/26	 7/10	       41	         N
 1:18:15.195	   0.470716	12/26	 8/10	       43	         N
 1:18:55.219	   0.470716	12/26	 9/10	       42	         N
 1:19:35.391	   0.470716	12/26	10/10	       41	         N
 1:20:15.509	   0.423644	13/26	 1/10	       39	         N
 1:20:55.291	   0.423644	13/26	 2/10	       41	         N
 1:21:35.148	   0.423644	13/26	 3/10	       38	         N
 1:22:15.359	   0.423644	13/26	 4/10	       40	         N
  1:22:56.12	   0.423644	13/26	 5/10	       41	         N
 1:23:35.804	   0.423644	13/26	 6/10	       40	         N
  1:24:16.92	   0.423644	13/26	 7/10	       46	         Y
 1:24:56.340	   0.423644	13/26	 8/10	       42	         N
 1:25:35.785	   0.423644	13/26	 9/10	       41	         N
 1:26:15.174	   0.423644	13/26	10/10	       41	         N
 1:26:54.860	   0.381280	14/26	 1/10	       40	         N
 1:27:34.729	   0.381280	14/26	 2/10	       43	         N
  1:28:14.90	   0.381280	14/26	 3/10	       42	         N
 1:28:53.485	   0.381280	14/26	 4/10	       41	         N
 1:29:33.472	   0.381280	14/26	 5/10	       40	         N
 1:30:13.315	   0.381280	14/26	 6/10	       44	         N
 1:30:53.735	   0.381280	14/26	 7/10	       40	         N
 1:31:33.800	   0.381280	14/26	 8/10	       41	         N
 1:32:13.738	   0.381280	14/26	 9/10	       40	         N
 1:32:54.141	   0.381280	14/26	10/10	       41	         N
   1:33:34.6	   0.343152	15/26	 1/10	       40	         N
 1:34:13.951	   0.343152	15/26	 2/10	       36	         N
 1:34:53.843	   0.343152	15/26	 3/10	       41	         N
 1:35:33.303	   0.343152	15/26	 4/10	       43	         N
 1:36:13.387	   0.343152	15/26	 5/10	       42	         N
 1:36:53.243	   0.343152	15/26	 6/10	       43	         N
 1:37:33.320	   0.343152	15/26	 7/10	       42	         N
  1:38:13.48	   0.343152	15/26	 8/10	       42	         N
 1:38:53.182	   0.343152	15/26	 9/10	       40	         N
 1:39:32.958	   0.343152	15/26	10/10	       40	         N
  1:40:13.57	   0.308837	16/26	 1/10	       43	         N
 1:40:53.203	   0.308837	16/26	 2/10	       42	         N
 1:41:32.825	   0.308837	16/26	 3/10	       42	         N
 1:42:12.970	   0.308837	16/26	 4/10	       41	         N
 1:42:52.883	   0.308837	16/26	 5/10	       39	         N
 1:43:33.253	   0.308837	16/26	 6/10	       41	         N
 1:44:13.719	   0.308837	16/26	 7/10	       42	         N
 1:44:53.941	   0.308837	16/26	 8/10	       42	         N
 1:45:33.659	   0.308837	16/26	 9/10	       42	         N
 1:46:13.776	   0.308837	16/26	10/10	       41	         N
 1:46:53.235	   0.277953	17/26	 1/10	       41	         N
 1:47:33.164	   0.277953	17/26	 2/10	       38	         N
 1:48:13.288	   0.277953	17/26	 3/10	       39	         N
 1:48:53.507	   0.277953	17/26	 4/10	       39	         N
 1:49:33.755	   0.277953	17/26	 5/10	       41	         N
 1:50:13.618	   0.277953	17/26	 6/10	       42	         N
 1:50:53.136	   0.277953	17/26	 7/10	       43	         N
 1:51:33.307	   0.277953	17/26	 8/10	       42	         N
 1:52:13.513	   0.277953	17/26	 9/10	       43	         N
  1:52:54.68	   0.277953	17/26	10/10	       42	         N
 1:53:33.725	   0.250158	18/26	 1/10	       39	         N
 1:54:13.121	   0.250158	18/26	 2/10	       40	         N
 1:54:52.795	   0.250158	18/26	 3/10	       39	         N
 1:55:31.939	   0.250158	18/26	 4/10	       44	         N
 1:56:10.784	   0.250158	18/26	 5/10	       42	         N
 1:56:49.999	   0.250158	18/26	 6/10	       42	         N
 1:57:29.385	   0.250158	18/26	 7/10	       41	         N
  1:58:8.938	   0.250158	18/26	 8/10	       44	         N
 1:58:48.317	   0.250158	18/26	 9/10	       42	         N
  1:59:28.73	   0.250158	18/26	10/10	       42	         N
   2:0:8.562	   0.225142	19/26	 1/10	       43	         N
  2:0:48.670	   0.225142	19/26	 2/10	       41	         N
  2:1:28.370	   0.225142	19/26	 3/10	       41	         N
   2:2:8.746	   0.225142	19/26	 4/10	       41	         N
  2:2:47.714	   0.225142	19/26	 5/10	       45	         N
  2:3:27.333	   0.225142	19/26	 6/10	       41	         N
   2:4:7.562	   0.225142	19/26	 7/10	       38	         N
  2:4:47.977	   0.225142	19/26	 8/10	       42	         N
  2:5:28.172	   0.225142	19/26	 9/10	       39	         N
   2:6:8.915	   0.225142	19/26	10/10	       39	         N
  2:6:48.511	   0.202628	20/26	 1/10	       43	         N
  2:7:28.924	   0.202628	20/26	 2/10	       42	         N
   2:8:8.937	   0.202628	20/26	 3/10	       40	         N
  2:8:49.823	   0.202628	20/26	 4/10	       41	         N
  2:9:30.137	   0.202628	20/26	 5/10	       41	         N
 2:10:10.470	   0.202628	20/26	 6/10	       42	         N
 2:10:50.412	   0.202628	20/26	 7/10	       41	         N
 2:11:30.318	   0.202628	20/26	 8/10	       41	         N
 2:12:10.267	   0.202628	20/26	 9/10	       41	         N
 2:12:50.306	   0.202628	20/26	10/10	       43	         N
 2:13:30.433	   0.182365	21/26	 1/10	       39	         N
 2:14:10.945	   0.182365	21/26	 2/10	       40	         N
 2:14:50.657	   0.182365	21/26	 3/10	       40	         N
 2:15:30.302	   0.182365	21/26	 4/10	       41	         N
 2:16:10.444	   0.182365	21/26	 5/10	       42	         N
 2:16:50.605	   0.182365	21/26	 6/10	       42	         N
   2:17:30.9	   0.182365	21/26	 7/10	       41	         N
  2:18:10.93	   0.182365	21/26	 8/10	       39	         N
   2:18:49.8	   0.182365	21/26	 9/10	       41	         N
 2:19:28.804	   0.182365	21/26	10/10	       40	         N
  2:20:7.723	   0.164128	22/26	 1/10	       38	         N
  2:20:47.22	   0.164128	22/26	 2/10	       39	         N
 2:21:26.751	   0.164128	22/26	 3/10	       39	         N
  2:22:6.604	   0.164128	22/26	 4/10	       41	         N
 2:22:46.174	   0.164128	22/26	 5/10	       41	         N
 2:23:25.544	   0.164128	22/26	 6/10	       40	         N
  2:24:5.604	   0.164128	22/26	 7/10	       43	         N
 2:24:44.612	   0.164128	22/26	 8/10	       38	         N
   2:25:24.1	   0.164128	22/26	 9/10	       43	         N
  2:26:3.563	   0.164128	22/26	10/10	       41	         N
 2:26:42.833	   0.147716	23/26	 1/10	       38	         N
 2:27:21.930	   0.147716	23/26	 2/10	       41	         N
  2:28:1.407	   0.147716	23/26	 3/10	       40	         N
 2:28:41.745	   0.147716	23/26	 4/10	       44	         N
 2:29:22.642	   0.147716	23/26	 5/10	       42	         N
  2:30:3.939	   0.147716	23/26	 6/10	       43	         N
 2:30:43.565	   0.147716	23/26	 7/10	       41	         N
 2:31:23.246	   0.147716	23/26	 8/10	       41	         N
   2:32:3.31	   0.147716	23/26	 9/10	       43	         N
  2:32:43.82	   0.147716	23/26	10/10	       41	         N
 2:33:22.860	   0.132944	24/26	 1/10	       42	         N
  2:34:2.370	   0.132944	24/26	 2/10	       41	         N
 2:34:42.559	   0.132944	24/26	 3/10	       41	         N
 2:35:22.357	   0.132944	24/26	 4/10	       41	         N
   2:36:2.22	   0.132944	24/26	 5/10	       43	         N
 2:36:41.968	   0.132944	24/26	 6/10	       46	         N
 2:37:21.480	   0.132944	24/26	 7/10	       40	         N
  2:38:1.666	   0.132944	24/26	 8/10	       40	         N
 2:38:41.715	   0.132944	24/26	 9/10	       39	         N
 2:39:21.422	   0.132944	24/26	10/10	       42	         N
  2:40:0.948	   0.119650	25/26	 1/10	       42	         N
 2:40:39.892	   0.119650	25/26	 2/10	       39	         N
  2:41:20.38	   0.119650	25/26	 3/10	       41	         N
 2:41:59.485	   0.119650	25/26	 4/10	       43	         N
 2:42:39.101	   0.119650	25/26	 5/10	       42	         N
 2:43:18.763	   0.119650	25/26	 6/10	       46	         N
 2:43:58.465	   0.119650	25/26	 7/10	       40	         N
 2:44:38.330	   0.119650	25/26	 8/10	       43	         N
 2:45:18.177	   0.119650	25/26	 9/10	       42	         N
 2:45:57.958	   0.119650	25/26	10/10	       43	         N
 2:46:37.499	   0.107685	26/26	 1/10	       41	         N
 2:47:17.327	   0.107685	26/26	 2/10	       44	         N
 2:47:57.427	   0.107685	26/26	 3/10	       46	         N
 2:48:37.250	   0.107685	26/26	 4/10	       40	         N
  2:49:17.58	   0.107685	26/26	 5/10	       43	         N
 2:49:56.109	   0.107685	26/26	 6/10	       41	         N
  2:50:35.67	   0.107685	26/26	 7/10	       42	         N
  2:51:15.38	   0.107685	26/26	 8/10	       42	         N
 2:51:54.904	   0.107685	26/26	 9/10	       40	         N
 2:52:34.717	   0.107685	26/26	10/10	       42	         N
Final objective: 46