67 196 218 56 64 199 75 88 3 191 167 37 5 108 59 250 147

103 117 8 55 212 204 255 157 3 120 248 159 33 208 66 184 144

250 159 8 33 124 239 75 219 64 218 28 41 17 208 27 20 138

186 117 169 55 112 187 75 157 243 107 217 112 145 76 55 30 127

112 117 8 211 64 187 242 164 64 120 217 222 17 127 94 98 159

186 196 214 193 248 205 198 214 193 77 173 222 212 232 206 249 159

73 117 18 211 64 219 138 186 28 161 173 136 6 38 203 131 139

7 77 210 56 244 237 75 164 64 120 229 41 165 102 200 43 136

24 184 48 253 133 199 220 180 64 55 167 52 96 108 20 10 132

8 50 18 125 181 219 138 88 247 120 109 154 17 208 80 225 144

112 117 222 211 3 219 255 36 43 83 248 177 96 139 251 131 143

112 77 75 211 19 5 44 19 193 83 173 154 5 38 80 61 157

8 101 68 253 213 204 10 19 121 83 239 203 150 76 200 98 141

250 199 222 191 19 237 75 157 235 67 248 37 17 188 27 98 119

8 77 249 30 112 5 44 164 106 239 173 211 40 108 200 225 156

73 77 8 77 124 137 138 157 247 143 83 105 44 78 160 131 155

24 196 105 192 3 209 75 219 130 55 53 105 69 38 112 61 138

24 77 102 191 248 204 194 219 28 55 173 83 240 60 251 225 167

24 94 249 125 3 137 220 157 106 218 109 52 169 232 55 43 150

112 245 8 30 19 211 255 219 130 218 83 177 165 208 27 20 139

8 245 48 77 244 211 220 57 247 83 53 211 6 139 80 249 143

67 199 75 211 124 205 44 219 243 218 217 159 69 76 80 52 146

24 50 102 77 191 137 10 186 235 17 217 222 169 139 112 172 145

170 199 8 87 19 205 242 61 235 221 9 211 44 78 20 52 135

112 117 8 203 98 137 75 164 4 56 53 222 6 174 203 10 150

190 117 18 87 212 219 75 239 206 107 28 154 150 78 23 20 154

67 196 214 165 3 199 194 214 130 55 53 52 33 232 23 225 129

232 159 222 203 19 81 194 69 3 17 28 203 64 127 55 225 153

170 117 232 77 64 5 10 219 243 221 229 203 150 127 23 249 145

232 94 8 55 191 211 122 69 3 239 229 211 33 208 27 43 124

24 101 8 114 19 199 75 219 121 161 83 177 33 188 55 172 151

190 199 249 191 191 219 194 214 243 55 22 203 40 232 23 98 133

7 199 214 192 64 204 220 88 130 143 167 136 44 232 55 98 149

7 159 249 30 208 205 107 157 28 120 28 37 240 188 112 43 137

250 117 218 55 64 219 122 157 130 107 212 105 240 102 203 184 160

112 70 218 87 64 205 242 88 235 56 173 41 5 65 66 98 168

56 245 75 192 248 45 242 219 3 210 53 37 44 188 55 225 125

8 202 169 192 244 187 213 164 243 56 248 52 6 232 200 61 166

186 77 8 191 213 45 75 164 121 161 83 37 6 174 55 249 
190 199 249 203 181 204 44 180 28 67 109 177 169 36 160 98 134

250 117 8 193 3 137 255 186 193 143 217 112 17 102 20 61 145

67 98 75 55 248 239 255 69 28 239 217 112 165 60 23 225 119

232 245 8 56 244 137 255 180 243 239 52 112 96 65 94 184 164

35 117 102 125 213 45 44 157 3 191 9 136 69 76 27 250 
194 70 232 33 3 205 198 214 247 143 235 83 64 127 66 184 152

73 77 232 55 191 81 213 186 170 210 83 52 212 127 20 61 156

190 117 218 33 181 81 60 164 28 77 248 203 64 65 80 223 163

7 199 232 55 212 45 198 57 206 239 173 154 96 232 80 52 153

7 77 18 192 191 45 194 57 64 55 83 204 40 108 251 61 134

170 199 8 56 19 237 122 61 28 77 248 222 6 60 27 223 137

170 245 8 203 133 239 242 88 4 77 173 105 145 127 80 172 149

194 101 8 87 213 239 10 210 4 83 239 154 212 38 206 172 146

103 117 105 87 248 219 60 164 193 143 248 211 69 174 94 223 125

250 202 8 56 208 45 242 157 81 161 83 37 69 188 80 131 150

67 159 75 56 64 239 75 88 28 218 173 177 6 44 160 52 160

194 199 169 56 3 239 198 186 64 191 248 83 145 139 160 20 155

170 117 210 203 248 209 220 19 4 83 229 159 6 174 160 52 150

250 50 105 203 212 45 138 180 4 17 217 105 40 232 23 250 171

186 184 249 253 112 209 213 88 193 239 212 177 6 188 27 131 148

35 199 249 165 213 205 219 61 243 218 217 211 69 78 59 43 160

8 70 222 193 64 219 242 219 28 77 52 41 96 76 59 250 130

7 101 232 55 208 5 255 186 3 77 235 211 69 108 200 61 141

232 202 18 55 64 81 44 157 121 17 248 159 169 174 20 250 145

186 98 218 193 191 5 138 157 106 218 83 37 169 127 94 98 140

250 245 218 193 112 137 220 180 81 191 239 222 212 76 27 61 135

73 184 218 165 3 239 75 180 170 210 109 204 169 36 206 20 157

73 50 169 30 181 45 255 19 193 17 229 136 64 232 20 98 151

232 199 48 165 181 5 44 36 130 161 173 203 64 232 112 10 149

250 202 68 56 212 219 122 210 3 120 248 41 150 108 160 250 142

232 199 249 191 19 45 198 19 43 218 28 222 240 36 200 30 135

35 245 75 87 19 239 75 61 206 191 53 203 165 232 20 172 148

35 50 8 203 208 194 122 186 235 67 173 112 145 232 200 223 163

194 159 68 87 124 137 220 186 64 107 109 159 69 44 203 249 147

67 159 105 191 124 237 13 19 3 239 109 204 64 44 80 131 134

73 199 105 193 64 239 60 157 170 143 167 203 165 44 94 250 156

250 70 105 203 124 219 198 214 3 143 239 222 165 139 55 225 136

103 202 222 33 19 137 194 186 206 218 53 177 169 78 59 98 148

112 202 18 203 248 187 138 186 28 161 28 105 240 208 200 225 143

103 70 169 33 213 211 107 88 106 218 9 105 64 76 80 225 151

8 245 75 165 64 194 138 219 106 143 217 105 40 208 94 249 148

8 101 249 211 212 211 10 88 106 83 83 204 212 174 27 10 143

35 245 8 33 3 211 75 69 3 77 22 203 169 108 55 172 137

56 70 48 191 212 204 220 219 243 218 248 83 5 78 55 43 119

73 199 210 165 3 81 194 180 64 120 52 154 6 188 55 225 132

186 117 214 30 19 239 213 61 106 107 83 177 165 102 251 225 158

24 77 8 33 112 137 219 186 121 107 217 52 40 38 203 250 147

194 202 105 193 191 45 10 57 4 67 239 105 145 232 112 225 147

112 199 214 33 64 204 60 214 235 55 229 177 17 127 200 43 138

112 94 222 55 19 239 107 19 121 120 248 52 169 60 112 98 135

67 202 232 125 3 211 219 88 247 191 53 105 96 108 59 20 156

170 77 8 30 181 205 60 61 106 77 248 83 150 78 20 98 134

186 117 8 56 212 205 138 186 106 218 235 83 145 65 94 61 140

232 117 8 56 248 199 107 214 170 239 22 204 33 36 20 249 159

103 159 8 77 19 199 10 186 130 143 9 177 240 36 94 184 161

194 50 102 77 112 209 44 219 130 55 235 136 212 38 160 43 156

103 245 232 77 98 239 60 164 193 67 229 204 96 60 206 20 161

186 245 169 33 212 205 122 57 243 107 212 154 212 60 160 131 
186 94 249 56 248 5 194 186 235 17 83 83 5 36 55 98 
67 70 222 203 133 137 122 19 4 17 22 105 150 44 112 223 134

67 245 249 203 212 194 242 19 235 67 248 203 44 65 251 184 130

67 159 8 77 244 81 213 186 43 239 22 136 96 108 55 249 147

170 117 68 125 64 199 198 214 243 221 53 41 240 65 55 249 138

170 70 232 125 212 5 255 19 206 143 109 222 44 232 55 30 
35 245 214 87 98 237 122 19 3 67 9 41 44 65 23 250 146

194 101 105 55 3 194 213 164 81 77 22 41 44 108 112 249 152

8 98 75 77 213 219 13 180 81 77 53 222 69 44 160 61 145

103 245 232 211 64 209 60 186 64 161 28 52 169 232 80 250 125

35 50 75 193 19 219 107 88 247 107 239 154 33 127 20 98 140

8 117 68 253 181 187 75 164 106 210 212 203 150 60 20 98 127

232 98 68 192 208 205 213 210 3 191 173 159 64 65 200 43 146

35 199 75 253 212 5 75 69 130 218 173 203 212 127 20 43 146

103 245 214 55 213 137 242 186 81 120 109 52 169 78 27 131 140

190 199 18 77 191 204 194 186 28 221 235 204 96 44 206 98 136

56 117 75 114 181 219 255 19 28 218 52 105 96 78 20 61 141

103 117 8 30 133 237 107 19 64 161 217 222 6 76 251 225 142

8 117 8 87 124 5 60 164 106 218 109 204 40 76 94 249 145

35 202 8 203 98 219 220 57 81 77 239 83 150 108 112 10 145

250 196 75 193 133 194 198 157 170 120 235 136 212 108 59 172 149

232 117 18 203 3 239 10 88 243 55 212 159 6 188 23 172 139

24 101 8 192 3 81 44 186 243 120 173 37 212 65 206 184 154

170 202 48 125 98 199 122 180 3 161 248 112 150 208 160 250 166

8 117 214 191 19 187 44 19 121 210 239 177 64 127 55 61 134

232 199 232 87 181 205 242 164 28 67 212 222 44 36 112 10 137

24 199 102 203 248 194 194 19 121 83 28 52 5 36 94 52 133

24 77 8 55 64 194 107 57 130 120 83 203 17 208 203 98 147

194 199 8 77 244 204 213 157 106 221 212 204 40 36 94 184 136

8 77 75 211 112 204 194 239 3 221 167 105 6 76 251 30 156

56 98 169 33 208 137 198 239 28 55 83 159 240 36 23 131 139

103 199 232 55 98 81 213 219 130 161 28 105 44 127 160 61 145

112 117 222 77 212 239 75 57 4 161 248 222 212 60 200 61 141

56 245 218 55 64 199 107 36 170 56 9 154 6 208 80 98 145

232 199 18 125 213 209 122 61 4 221 28 222 145 208 94 250 144

56 184 75 191 248 209 198 57 193 17 248 222 165 174 94 61 136

7 159 210 55 112 45 242 69 130 77 173 222 145 139 112 223 155

35 196 214 191 212 204 60 210 170 56 173 203 96 232 206 98 142

73 94 210 125 181 239 44 164 247 239 22 105 5 65 112 98 132

24 184 232 87 244 219 13 69 28 77 22 222 240 44 200 61 160

67 184 8 193 124 81 44 239 28 210 248 41 69 188 27 225 157

186 199 249 56 208 209 242 239 3 83 22 52 69 36 80 223 131

186 50 68 77 64 219 220 88 247 107 173 211 33 127 203 225 143

250 77 249 165 3 5 194 180 43 210 83 154 64 60 251 20 144

190 117 18 114 112 45 242 186 64 210 173 41 17 127 27 172 145

35 196 68 192 248 239 44 69 130 221 239 222 150 38 55 20 134

250 199 232 33 133 5 107 239 130 55 229 154 33 127 66 61 139

7 98 105 211 19 211 194 214 235 143 167 136 96 188 66 184 158

186 101 214 87 98 205 242 19 81 218 235 159 6 108 94 225 151

24 199 8 193 3 137 219 214 81 17 9 222 165 188 160 184 137

8 98 214 165 248 239 60 57 64 17 53 222 40 102 20 98 162

35 117 68 253 133 239 194 19 243 107 109 37 145 78 23 98 156

190 245 222 114 191 187 255 36 243 56 229 203 6 188 20 223 147

194 196 18 56 64 239 219 186 243 67 248 52 96 139 203 223 
250 117 68 77 133 5 75 88 247 210 217 136 33 208 20 30 138

24 77 75 114 208 239 107 157 130 77 217 203 5 232 59 98 130

7 94 102 165 208 211 198 210 3 218 52 159 96 36 55 30 163

186 184 249 114 244 219 255 239 3 120 173 136 169 60 55 52 141

112 117 249 203 64 204 194 210 247 55 229 154 169 60 20 61 140

170 77 48 30 124 204 138 157 247 239 83 203 150 232 203 225 
170 101 102 114 64 237 75 69 121 218 28 37 96 232 23 52 167

186 199 102 55 248 211 107 186 28 55 109 83 165 102 27 225 130

250 159 75 114 64 239 194 61 247 161 229 222 5 127 59 98 147

194 159 8 211 208 219 138 88 64 239 52 105 6 139 27 172 
112 117 102 114 133 81 44 219 106 191 173 203 5 108 112 52 153

7 202 68 56 64 5 75 180 243 218 235 222 6 188 160 249 146

103 77 8 165 64 199 13 157 130 55 22 105 6 76 206 249 151

35 245 18 33 248 81 10 180 3 83 217 222 44 139 206 131 129

35 184 48 203 191 204 138 186 206 67 109 37 40 127 59 131 143

8 202 169 56 133 205 220 88 106 17 167 204 40 65 203 250 155

250 94 210 56 181 219 255 239 193 143 217 112 33 208 203 52 147

24 199 169 192 213 199 75 239 121 239 28 52 145 139 94 20 128

232 202 8 192 181 187 107 61 193 107 212 177 17 102 160 223 145

112 101 169 211 64 199 60 239 193 120 167 222 150 44 160 131 143

56 199 169 33 181 237 194 19 193 120 83 222 169 65 20 172 147

112 101 249 30 133 187 194 186 121 143 9 203 6 102 200 61 141

56 94 48 192 248 204 13 186 170 56 167 154 17 208 55 249 154

67 196 8 253 208 199 107 19 170 67 229 52 96 44 160 250 156

67 196 18 114 133 187 198 19 170 77 9 177 44 76 160 30 161

103 184 169 87 248 5 75 186 235 143 109 222 44 38 94 10 141

112 159 18 192 213 239 220 239 235 83 235 159 169 65 55 10 131

67 199 169 191 112 239 219 239 170 67 173 112 96 78 160 98 157

190 50 68 33 213 239 198 61 235 221 52 112 40 60 94 131 148

170 70 48 77 191 239 220 219 28 17 229 154 96 108 94 10 125

73 117 18 77 3 194 122 210 235 67 167 37 145 44 160 249 150

24 101 210 87 64 194 255 57 3 67 53 83 17 139 160 52 162

56 117 8 253 248 211 13 210 81 120 53 112 145 188 160 225 147

170 98 75 191 133 209 194 164 243 107 173 204 69 76 59 98 141

170 196 222 191 112 209 138 210 235 67 212 112 150 78 203 223 152

250 77 249 33 208 81 255 19 193 77 28 222 69 102 55 98 133

190 50 18 114 3 199 107 186 130 161 217 177 96 38 20 52 142

170 98 214 56 112 45 75 219 106 239 9 83 96 102 23 30 157

8 199 68 33 124 187 255 186 243 210 83 37 40 38 55 225 147

73 94 222 30 212 187 242 210 106 107 212 37 17 60 200 10 143

73 117 218 30 19 211 107 186 3 55 83 105 240 65 27 43 152

194 196 169 33 213 81 242 180 243 210 239 112 169 174 200 43 149

190 117 18 192 133 211 138 69 130 56 9 105 240 108 20 184 129

56 70 68 33 181 204 138 88 28 67 109 204 240 65 112 43 137

35 98 222 114 64 5 213 214 193 120 52 83 5 76 55 61 141

67 70 222 203 191 205 13 239 247 143 28 211 64 139 80 20 140

24 70 8 165 112 199 13 239 43 77 109 222 150 78 20 223 154

24 117 214 193 244 219 213 157 3 161 83 105 33 174 66 98 129

186 117 249 192 181 199 213 19 43 210 173 204 40 174 55 184 131

103 101 68 165 213 187 138 164 43 67 173 41 44 208 20 20 130

232 202 8 114 208 187 75 239 170 221 22 112 40 108 80 20 156

190 70 102 114 98 194 255 186 130 210 22 37 169 65 251 184 153

194 117 8 192 112 237 44 57 193 191 167 222 96 36 20 61 147

250 117 105 30 112 45 219 214 3 67 53 112 169 139 66 172 161

194 94 68 253 212 237 13 36 235 218 212 41 150 38 160 10 150

232 159 18 203 181 137 44 157 64 77 109 159 17 65 112 20 142

190 199 105 165 64 199 75 186 43 143 167 204 165 38 203 131 164

112 70 232 30 64 237 255 186 3 161 9 154 240 38 160 10 151

73 101 68 191 244 137 213 219 206 56 229 112 33 108 23 43 157

194 199 210 33 213 5 242 210 206 17 28 154 240 102 203 131 150

103 101 18 114 248 211 138 61 170 55 53 52 212 208 23 172 145

170 199 214 193 181 239 44 239 206 210 52 83 169 188 160 172 
232 117 68 33 64 204 60 88 43 239 52 203 240 188 160 52 146

194 117 68 193 3 219 10 19 106 77 22 159 240 60 59 131 135

186 94 249 55 64 239 122 57 28 107 22 83 165 174 66 223 148

103 196 222 77 98 45 60 69 64 17 52 211 240 36 112 20 158

8 50 8 203 98 239 75 19 43 191 212 159 150 108 200 20 137

8 98 249 56 64 194 213 61 3 218 217 105 212 44 160 20 135

7 202 218 165 124 137 44 157 43 221 212 222 240 232 251 249 127

232 117 105 125 208 194 122 186 243 143 28 136 44 60 203 131 146

56 199 48 33 191 209 198 19 206 218 248 159 96 65 203 52 150

56 199 214 55 64 81 122 239 81 55 52 222 150 232 23 30 147

112 199 68 211 3 204 198 239 43 210 248 222 40 36 112 223 157

250 77 75 253 64 187 60 19 28 191 229 222 40 38 200 61 137

56 159 8 193 3 137 44 57 3 239 109 222 17 188 55 20 132

103 184 68 253 191 137 13 57 81 67 83 136 40 127 66 249 152

73 159 218 253 64 209 122 186 243 67 9 159 6 102 20 98 157

73 199 218 87 3 239 122 88 235 239 212 154 150 78 23 30 137

8 117 68 165 64 237 122 180 121 107 217 154 212 102 27 249 134

8 199 8 203 248 81 10 186 170 17 239 105 6 188 206 98 153

67 70 169 203 208 237 44 186 64 210 22 41 6 44 27 30 131

56 94 232 87 212 204 220 186 206 239 109 52 145 76 251 10 139

170 159 102 77 213 5 213 186 81 17 83 112 5 127 55 249 152

186 117 232 203 124 205 242 36 247 221 173 112 150 65 27 61 136

56 117 214 211 212 239 242 219 170 221 229 136 150 174 94 61 154

56 117 249 56 64 239 13 57 121 210 173 177 64 188 23 249 132

250 196 169 55 3 5 220 88 243 67 52 177 212 36 251 98 140

232 117 48 56 181 5 10 219 106 191 22 222 212 174 20 10 132

250 202 75 77 133 239 60 57 64 161 229 204 17 108 251 10 153

8 196 8 193 124 199 75 19 130 120 212 222 64 76 55 184 137

56 70 68 211 191 205 107 57 81 120 217 41 44 139 251 30 159

186 117 18 211 112 219 13 180 243 210 53 211 145 44 200 52 157

190 199 249 193 98 204 75 61 247 143 217 211 69 232 160 131 154

194 202 210 203 212 209 213 88 193 218 239 41 212 44 160 61 151

56 50 8 192 191 137 122 88 193 67 217 105 240 60 20 225 128

250 159 249 77 98 137 242 219 206 239 22 222 44 38 251 10 143

103 50 218 33 98 211 10 186 170 120 212 83 44 78 23 250 166

24 101 68 33 212 45 75 239 28 191 235 177 40 65 112 98 146

170 101 18 77 212 205 220 210 206 218 212 41 96 139 203 131 
112 117 169 114 3 194 60 157 130 56 52 203 145 60 59 43 141

170 159 8 114 64 239 44 36 81 221 239 204 40 78 66 43 152

186 117 214 87 112 204 44 210 130 239 9 154 169 208 203 225 144

186 101 68 192 248 209 194 180 235 143 28 112 150 102 66 184 167

170 184 218 191 98 204 44 239 121 143 248 52 69 232 160 225 143

103 117 102 33 208 204 213 19 130 107 248 154 5 108 160 223 160

112 199 210 191 248 199 75 69 3 17 217 203 64 76 251 52 134

56 101 210 192 181 209 213 239 247 120 52 211 64 174 66 61 159

73 117 18 165 124 239 13 36 121 210 239 177 44 102 59 172 153

24 199 210 30 64 194 213 61 193 83 229 37 44 36 27 52 152

103 202 222 114 191 237 213 19 130 17 235 52 33 38 59 98 162

190 70 8 56 208 194 194 36 3 67 248 211 6 102 112 43 140

73 159 222 165 244 211 122 219 3 239 53 204 96 102 94 10 136

170 70 8 77 133 204 107 180 235 120 52 211 6 127 200 225 145

24 77 8 203 124 211 220 36 243 161 167 105 169 44 203 61 136

8 94 169 125 124 194 10 36 43 218 217 41 169 102 20 98 151

186 199 169 165 212 45 255 88 4 210 212 37 145 174 23 131 146

24 101 18 55 98 187 75 157 206 191 239 105 240 188 59 223 147

112 199 232 203 244 199 194 186 64 83 109 204 169 208 112 172 147

194 202 102 165 208 219 75 239 28 55 22 222 165 44 200 249 138

8 98 102 114 248 209 10 61 64 83 212 154 5 44 206 52 153

190 245 214 30 64 209 60 88 235 221 217 105 96 208 80 43 146

8 184 8 253 64 81 219 210 28 107 53 105 17 174 94 250 150

194 184 249 33 64 81 75 157 170 83 235 37 212 102 94 172 141

186 101 210 125 19 205 10 19 247 83 212 112 150 127 206 225 143

8 202 18 125 191 219 44 57 64 191 239 159 17 208 160 223 141

186 202 169 125 124 5 220 57 121 210 28 222 5 108 251 172 123

103 50 218 203 213 204 213 219 130 107 52 203 69 127 23 20 145

73 199 218 192 181 239 13 36 121 239 235 211 69 127 251 43 136

112 159 48 211 212 204 138 219 81 56 229 37 6 44 23 225 
186 196 218 125 64 187 194 36 106 191 212 222 145 38 59 250 
232 159 214 125 133 199 255 219 193 191 9 159 150 60 27 30 122

170 77 48 203 208 204 10 36 3 120 217 83 169 208 160 10 141

56 184 48 165 19 239 13 61 81 83 229 83 33 60 80 184 169

232 117 68 56 64 81 60 164 170 17 239 83 64 188 20 184 164

73 117 68 193 133 45 219 210 64 77 167 83 240 44 112 43 148

67 202 249 77 212 187 44 164 64 143 248 203 40 36 203 30 157

250 94 48 55 64 199 138 239 3 55 52 177 40 232 80 223 136

73 98 218 30 3 219 242 164 206 77 9 222 165 174 80 225 158

190 101 169 114 112 137 107 69 43 120 167 52 169 76 112 131 164

35 117 8 114 133 239 242 69 235 210 212 105 6 76 80 43 141

112 196 75 114 248 187 220 180 206 120 217 37 64 65 27 61 150

7 70 48 192 19 199 13 36 4 191 9 159 33 127 160 98 151

250 101 18 211 3 239 13 61 235 107 52 41 17 44 59 43 149

67 184 214 253 191 209 219 180 4 107 22 41 240 208 160 184 151

170 98 214 30 64 187 60 186 243 221 239 211 169 60 20 225 134

103 77 105 192 181 199 213 214 130 143 235 41 44 102 206 131 165

190 117 8 191 3 194 194 214 193 107 167 136 64 108 160 225 141

194 202 8 87 248 137 10 36 106 143 52 222 17 38 20 61 140

7 159 105 55 64 239 198 214 64 83 9 211 69 108 80 250 143

186 77 249 30 19 194 213 239 235 210 229 222 40 78 27 131 141

24 101 249 30 191 45 138 186 193 77 83 41 44 65 59 43 143

194 245 169 33 64 45 220 186 106 107 239 203 96 102 80 184 140

56 77 75 55 3 199 138 69 106 143 52 177 44 108 59 172 143

35 101 169 56 112 187 213 186 106 107 83 177 33 232 160 98 154

232 117 232 125 112 45 220 186 206 67 22 83 5 174 160 172 147

194 117 75 55 3 199 242 180 64 17 109 154 145 44 66 184 161

194 98 8 192 248 211 255 186 28 221 217 177 33 65 80 249 141

194 245 48 56 64 81 198 214 170 83 167 112 169 44 200 223 160

186 117 210 56 124 199 213 214 28 67 173 136 96 60 251 223 149

194 184 8 203 112 199 122 186 193 210 9 222 17 36 206 249 159

232 50 68 77 98 239 242 19 170 218 173 222 150 208 160 61 143

24 196 218 211 3 137 75 36 206 120 22 222 150 208 66 249 163

103 245 18 193 98 209 213 164 4 221 9 177 169 60 66 43 162

250 98 75 56 133 239 220 210 81 83 217 159 44 44 203 98 159

24 202 68 77 19 204 107 157 193 83 52 83 169 188 160 20 135

24 159 210 33 133 194 198 219 4 107 239 154 169 188 55 172 134

194 117 249 77 133 187 255 186 81 161 212 52 44 36 55 223 140

112 199 102 165 64 199 219 61 235 210 212 136 240 36 206 43 137

232 101 8 253 3 187 198 186 121 239 212 222 96 174 94 98 157

250 199 232 192 208 199 198 61 130 218 167 83 44 139 59 223 155

186 94 102 56 64 199 107 210 81 83 173 112 240 38 55 10 144

112 202 249 253 19 81 122 19 121 218 52 112 44 127 59 131 137

7 159 214 30 181 204 138 61 43 218 28 204 6 78 80 184 130

103 199 8 30 181 209 219 164 28 83 167 41 240 76 80 184 158

56 77 18 203 244 81 220 164 3 221 22 159 33 139 160 250 134

232 98 68 114 213 187 220 214 130 83 248 222 33 60 66 223 133

232 199 210 192 208 205 220 88 193 143 229 204 44 65 23 184 126

103 199 169 55 244 237 213 239 64 56 9 222 64 60 66 10 137

112 184 249 56 19 81 255 219 4 120 229 154 240 232 251 249 148

232 202 48 165 208 194 122 219 130 56 217 112 17 38 20 61 145

73 245 48 77 64 194 60 61 247 67 28 112 40 127 251 172 145

170 196 222 56 213 194 60 157 247 56 109 41 240 139 251 223 143

8 70 249 191 181 5 122 69 28 210 173 41 5 208 160 30 112

24 77 169 33 19 239 213 186 4 210 52 222 6 102 27 30 154

170 98 169 192 181 194 122 19 64 161 173 154 64 76 27 52 155

24 245 48 33 64 187 255 164 43 55 167 159 165 36 66 223 172

35 199 249 30 208 239 107 210 106 239 167 41 17 102 94 10 158

232 117 68 30 64 81 213 157 3 210 28 105 44 188 251 30 159

170 184 8 87 112 187 75 186 28 107 229 52 5 78 27 10 146

56 184 222 55 112 81 219 210 106 107 53 136 169 78 203 98 142

190 101 68 125 213 187 44 186 206 191 239 41 169 76 160 131 163

103 98 249 193 64 137 242 219 247 107 22 154 40 60 203 172 156

67 159 210 114 64 5 107 157 206 55 167 136 212 127 94 30 144

232 202 214 125 133 81 60 61 243 77 9 222 150 36 27 172 145

67 77 75 87 248 199 75 180 121 17 109 204 169 139 94 61 136

103 70 169 203 244 239 75 61 235 56 9 37 33 127 94 223 143

103 245 169 203 191 239 122 219 130 191 212 105 69 108 27 20 146

232 50 8 33 64 204 13 239 193 143 83 112 145 60 20 20 152

7 196 169 253 248 239 75 164 81 55 83 159 169 108 20 225 135

232 245 249 192 19 204 242 239 170 107 248 112 165 127 59 98 141

232 117 18 192 112 5 10 19 64 191 52 222 165 65 251 172 162

194 117 75 77 191 209 194 69 81 17 22 211 169 44 94 52 141

35 94 102 30 3 137 122 239 4 210 217 222 40 127 160 250 156

73 98 105 211 213 45 198 88 170 77 28 211 145 188 112 172 161

186 117 68 192 124 219 44 69 170 218 109 83 5 232 23 98 149

56 184 18 77 98 81 194 19 235 77 229 83 6 127 200 10 140

232 159 102 125 112 187 219 210 64 55 217 136 33 139 94 225 138

103 199 249 77 191 199 60 57 193 143 167 154 96 76 200 20 149

186 94 232 56 213 239 220 214 121 218 229 211 165 44 59 223 149

194 184 222 125 124 45 220 88 235 218 217 136 33 108 27 52 158

56 159 249 253 19 187 107 219 243 218 235 211 169 127 251 98 112

7 199 8 87 124 199 198 57 4 161 235 112 44 108 251 250 155

186 50 8 193 248 5 122 186 130 67 9 136 5 78 59 61 144

194 117 218 55 64 81 219 157 64 67 235 159 212 174 66 98 148

67 202 218 56 112 45 60 164 4 191 22 159 169 36 112 43 145

250 98 18 165 124 205 44 57 106 120 212 211 6 232 23 61 147

103 94 8 33 244 187 213 36 43 239 109 177 145 78 66 225 154

250 245 249 192 19 211 13 180 130 67 9 37 17 102 160 52 140

170 202 222 55 213 137 255 239 206 191 83 159 44 38 55 20 143

170 70 8 77 181 5 213 219 81 56 235 211 33 232 27 223 163

250 70 102 211 112 187 10 219 130 143 22 112 96 174 23 61 145

170 117 48 193 212 219 75 69 81 120 109 177 17 36 66 225 149

190 70 68 114 213 237 255 214 121 221 239 37 40 188 20 225 151

7 245 105 114 133 211 75 57 3 143 167 154 64 38 27 10 144

8 184 8 33 64 45 122 57 121 120 52 154 5 108 66 172 153

7 159 68 55 133 219 242 186 4 161 235 136 212 44 200 223 143

232 101 102 125 64 205 213 239 28 107 229 41 240 174 20 172 147

170 202 105 114 133 81 107 69 247 107 217 154 64 188 203 250 142

232 117 214 211 248 219 44 239 235 17 52 52 5 76 80 61 139

112 117 18 193 124 239 75 19 243 239 239 222 40 139 206 225 135

7 101 222 125 191 5 75 239 121 67 53 37 17 127 55 43 154

232 196 102 192 19 187 107 69 206 17 173 204 64 36 27 172 148

190 196 210 191 3 239 213 19 235 218 9 136 6 208 203 249 133

7 199 68 203 244 211 138 214 4 191 229 37 240 127 251 184 160

186 196 249 55 191 45 60 88 193 239 248 37 6 36 206 20 141

190 159 222 203 64 45 198 19 235 161 22 41 64 38 94 225 133

194 101 210 193 98 204 198 186 4 17 167 83 150 36 59 225 145

190 117 249 211 213 211 10 186 3 83 239 159 6 208 80 43 151

73 98 68 165 64 204 138 164 81 143 212 211 69 108 94 172 134

7 101 105 165 191 205 219 157 193 120 53 204 69 139 27 223 146

232 101 222 114 212 199 213 239 43 161 217 105 6 38 251 184 152

194 159 48 33 19 81 75 164 235 161 9 83 212 78 20 20 146

170 245 102 56 98 204 213 180 43 221 167 37 240 174 27 225 138

103 98 18 33 124 45 255 186 43 191 229 211 44 139 20 61 143

190 196 232 87 124 239 13 186 193 221 212 112 212 65 200 225 151

56 117 232 191 248 204 255 239 206 77 235 41 64 208 206 52 148

103 117 210 87 124 5 219 239 193 107 239 204 64 102 55 131 138

103 202 8 211 124 219 75 19 235 55 235 203 150 60 59 223 133

8 94 8 165 133 205 198 180 43 191 53 222 96 108 206 225 147

112 94 232 192 244 219 220 61 121 218 83 159 240 188 27 172 128

194 245 105 253 191 204 60 57 43 55 53 222 44 65 160 172 155

35 101 232 253 98 239 220 186 43 17 52 222 17 78 94 10 150

250 77 222 253 191 219 213 180 106 221 83 159 69 208 206 225 147

73 101 18 77 212 45 75 186 206 210 53 203 6 60 112 30 148

250 50 222 191 98 204 198 239 64 143 167 154 169 76 80 43 138

186 70 8 203 64 209 198 180 130 161 239 112 17 102 160 131 131

67 117 249 33 64 237 242 210 170 107 235 203 169 76 203 172 167

170 245 75 77 212 194 219 164 121 107 239 211 169 174 203 10 147

112 70 75 253 98 211 198 88 170 107 83 177 240 208 59 98 151

73 77 48 165 208 187 107 186 43 55 217 41 6 208 80 43 135

67 94 232 211 208 137 75 88 43 120 109 154 33 208 160 131 137

194 159 222 33 3 237 13 19 81 218 217 211 64 76 80 43 152

35 245 214 87 133 5 138 36 235 210 248 83 5 232 112 52 120

103 117 214 192 133 237 255 88 193 55 248 105 44 102 94 98 134

190 184 169 191 208 5 10 219 28 218 22 222 5 60 55 10 144

190 184 169 165 208 5 213 210 121 56 83 41 240 232 27 250 139

7 199 249 87 244 219 122 19 43 191 229 211 96 127 160 131 148

67 94 222 55 124 239 75 239 206 239 239 52 64 127 27 43 152

170 199 218 253 124 199 75 157 121 55 212 154 6 174 59 184 149

35 94 222 114 112 205 220 239 3 120 248 83 40 38 66 52 137

170 94 8 77 244 239 198 19 81 83 217 41 145 65 20 61 139

250 199 169 77 208 205 138 219 28 191 167 136 6 108 59 98 150

186 98 105 165 64 194 242 61 235 191 248 52 165 36 59 98 142

73 70 249 125 64 239 10 219 130 56 28 154 64 60 23 223 149

24 196 232 192 112 205 213 186 4 83 229 211 240 78 27 20 155

103 159 48 33 124 219 122 157 28 83 217 203 145 78 94 43 148

7 50 48 203 64 5 198 180 106 161 248 52 169 60 160 10 147

56 159 249 203 3 239 213 88 235 218 9 83 69 102 94 43 148

194 98 105 191 191 204 122 180 193 83 28 37 6 232 251 223 145

112 245 68 125 112 204 60 19 170 67 235 222 212 76 20 61 138

186 117 68 114 64 209 194 19 3 120 28 204 33 232 251 10 136

7 117 8 87 19 205 194 164 43 107 9 204 64 102 55 184 138

112 196 210 203 19 209 60 157 170 83 109 222 40 44 27 184 143

35 196 222 125 213 239 213 69 121 67 28 136 69 60 94 10 155

194 101 68 253 191 205 194 19 247 55 22 211 96 108 59 61 134

8 202 18 33 248 239 213 186 193 221 9 177 64 44 80 184 152

35 117 169 165 181 204 122 57 28 191 52 177 212 76 80 184 135

8 98 8 33 213 209 255 164 4 67 109 222 165 78 59 20 142

190 196 169 193 213 199 242 210 193 77 28 83 240 76 55 225 126

170 94 8 87 213 239 60 157 121 120 235 83 165 78 27 172 148

190 117 18 56 248 5 255 180 43 120 9 105 64 174 20 20 120

103 94 68 203 181 187 60 210 28 67 248 154 165 78 160 52 136

56 184 210 165 191 81 44 69 106 221 212 222 44 44 160 10 131

35 196 18 203 213 81 242 186 243 67 28 222 44 232 94 20 146

190 70 222 211 191 45 194 186 247 221 22 204 165 188 206 172 165

170 117 105 192 19 211 10 239 4 239 229 154 145 188 112 20 158

7 196 214 56 64 5 75 164 106 210 239 41 150 76 23 225 153

186 159 18 192 124 239 138 157 170 55 28 204 5 174 66 131 171

190 199 102 114 98 199 213 186 106 107 239 159 169 139 251 223 147

170 199 18 253 112 205 13 214 170 161 22 211 5 102 66 172 161

56 199 214 211 191 237 44 180 3 77 239 41 240 102 94 61 150

56 159 218 203 64 209 10 210 64 107 235 222 5 232 27 172 146

24 202 8 87 124 239 220 19 28 67 28 112 40 78 203 30 143

56 117 210 125 212 211 194 88 243 120 235 204 240 76 59 172 131

35 50 18 114 3 81 213 180 106 55 235 203 5 208 94 172 154

112 199 249 55 244 209 10 88 64 56 9 177 165 38 112 250 142

112 50 218 33 181 81 10 57 130 56 239 37 165 38 112 98 154

186 196 210 30 191 45 44 19 170 67 9 222 6 65 27 10 144

103 117 210 193 98 81 219 36 81 218 53 211 150 78 66 20 133

56 50 222 125 133 239 60 157 130 55 217 52 150 78 94 61 144

7 202 48 191 124 205 242 57 193 17 248 41 40 188 23 223 139

73 77 18 253 248 237 75 57 3 143 235 222 33 38 160 43 147

194 94 8 125 181 219 75 186 170 56 173 52 145 102 66 98 167

7 199 105 192 248 81 213 36 235 239 109 83 64 174 203 20 147

67 101 232 192 64 239 60 57 247 210 109 177 40 36 206 61 139

67 159 18 30 133 45 10 186 28 77 235 105 150 44 80 61 141

56 199 75 253 64 237 198 164 206 77 109 177 150 76 112 184 133

112 77 218 77 98 204 255 69 170 221 52 222 169 36 206 30 143

7 199 169 191 248 137 219 57 64 221 167 222 240 232 20 30 141

190 94 218 203 64 81 10 219 28 218 109 222 33 65 59 250 134

56 98 214 33 248 45 213 19 106 191 235 159 5 127 94 249 155

56 117 232 77 208 81 60 61 121 191 83 154 169 108 112 250 158

194 159 218 33 212 204 10 186 43 17 248 41 96 36 160 52 141

56 199 249 125 248 209 194 186 81 239 22 105 69 76 20 98 138

190 50 75 165 133 5 107 164 235 210 229 136 240 78 160 52 138

232 245 218 253 213 211 194 210 170 56 173 37 40 102 27 10 151

24 50 8 56 19 205 242 214 43 191 212 177 44 208 27 61 141

190 101 249 253 64 5 138 69 121 77 217 222 33 232 20 250 139

112 70 75 114 3 211 13 186 106 77 212 222 5 44 66 61 156

250 159 8 165 64 209 13 164 43 56 52 211 33 44 23 184 143

186 50 105 114 124 205 213 186 121 56 229 154 17 78 66 223 146

232 159 218 192 181 219 13 210 130 17 28 112 150 65 206 43 144

73 101 249 191 98 187 75 157 170 143 109 222 240 208 160 223 136

186 199 68 77 212 199 44 69 130 83 239 136 64 232 80 184 141

8 196 222 87 64 205 242 210 170 239 109 83 212 188 203 250 160

24 117 232 77 98 239 194 186 3 107 235 52 212 188 200 30 139

24 117 210 165 191 137 75 36 81 55 212 204 69 174 80 98 133

7 199 210 211 212 219 219 219 243 239 235 203 165 78 94 20 136

112 98 169 125 98 5 219 57 247 77 212 41 145 102 23 61 148

35 50 8 125 19 194 213 186 28 67 9 204 150 44 94 98 139

67 202 232 56 64 137 107 164 206 77 83 37 44 188 160 172 138

186 50 8 33 181 199 10 186 206 143 83 177 64 208 66 20 143

35 101 222 55 133 81 255 180 243 55 22 112 165 102 203 20 140

73 199 249 125 248 205 13 239 130 221 109 154 165 102 59 225 144

190 117 102 165 124 194 220 88 170 221 235 37 5 38 94 30 160

250 199 68 77 112 211 122 88 130 67 28 52 44 60 80 30 159

8 199 232 125 191 5 44 214 43 218 53 83 64 102 66 30 165

24 196 8 193 3 199 122 180 193 161 109 83 64 44 200 61 140

56 159 249 191 64 45 44 180 243 218 9 52 17 127 206 249 126

250 70 48 56 191 45 242 239 247 191 9 204 33 232 206 98 142

7 101 8 56 64 204 220 88 43 67 248 105 145 108 20 131 151

170 117 222 30 3 211 255 36 43 221 217 83 240 36 20 43 161

24 98 169 193 124 239 198 210 64 67 9 52 165 139 59 43 147

73 199 210 33 191 219 44 219 64 239 9 83 145 139 66 184 154

186 159 249 30 124 239 194 214 81 239 109 211 33 139 20 10 135

7 199 48 125 112 209 242 36 235 161 212 177 40 60 27 52 161

250 50 68 33 112 205 122 219 28 210 229 177 64 36 80 61 170

67 196 105 253 64 219 107 36 206 161 28 159 240 78 80 250 151

35 117 249 253 244 205 13 186 206 191 173 159 212 78 66 10 154

170 199 8 56 98 237 242 186 43 218 22 154 6 44 94 10 141

24 70 48 253 191 239 220 36 193 77 239 222 17 36 251 61 135

73 199 210 77 181 45 10 180 243 55 173 204 69 208 251 249 152

194 199 8 55 244 205 220 239 64 55 239 37 44 78 55 20 138

7 199 249 203 64 187 122 164 4 191 217 112 165 44 66 98 162

170 196 214 56 248 81 242 239 193 239 9 211 240 78 206 98 141

56 199 218 192 112 204 122 210 243 83 28 222 17 60 206 98 153

35 199 222 192 248 137 60 239 206 143 53 136 69 38 20 98 146

232 50 18 125 3 187 219 186 3 77 229 222 40 76 200 43 139

56 117 8 203 112 211 13 214 81 17 52 222 169 44 27 184 138

170 117 222 211 248 239 219 219 130 210 239 204 96 208 112 30 136

190 159 102 114 248 239 255 36 130 107 83 83 165 44 200 30 136

250 77 105 30 133 211 242 88 193 239 167 41 212 188 66 30 150

56 245 222 165 133 237 10 186 193 77 248 41 165 108 160 98 146

67 101 210 77 213 204 10 61 81 161 83 37 69 188 27 10 143

232 94 214 191 213 81 10 180 235 161 83 83 44 174 20 250 140

73 117 232 77 112 194 198 88 81 17 173 41 33 60 160 10 140

112 98 8 114 181 209 138 61 28 107 167 222 145 102 20 30 167

186 117 105 193 19 237 13 88 4 107 248 105 6 139 27 20 145

103 199 18 125 208 209 220 214 4 218 173 222 165 108 200 30 153

186 202 68 56 98 45 13 164 106 221 28 211 64 108 27 98 127

73 245 18 114 19 219 122 180 170 191 239 83 33 60 20 52 157

67 117 222 30 244 204 242 88 106 83 248 41 69 60 59 98 143

232 202 75 203 124 219 107 164 64 107 22 159 96 139 200 10 144

186 117 18 30 19 239 75 157 121 77 229 204 96 102 160 98 140

112 202 210 55 208 187 219 69 235 107 109 211 145 232 251 172 157

112 94 105 55 98 187 255 19 247 191 248 177 5 174 55 249 153

35 117 102 211 64 211 194 69 243 218 229 83 6 127 94 30 147

35 199 8 165 248 209 13 69 43 221 109 203 145 174 55 225 156

35 245 102 191 64 205 107 88 4 239 212 159 169 65 20 98 126

186 70 8 30 248 239 122 239 206 17 83 105 5 65 251 20 129

186 70 18 193 244 211 219 210 193 77 248 222 240 127 59 10 146

24 98 48 192 124 209 75 239 4 107 235 37 40 127 160 10 142

24 101 210 192 181 237 219 210 4 218 109 41 69 139 94 98 163

7 117 102 55 133 239 122 69 81 221 52 83 5 102 80 225 
250 50 249 77 181 187 122 186 247 221 28 154 17 102 203 61 132

73 202 214 253 19 205 138 180 243 17 239 203 6 36 160 30 149

186 117 75 192 212 81 75 69 43 107 173 37 240 44 112 223 145

170 245 48 55 248 205 44 186 243 218 52 105 240 76 20 131 147

250 94 210 87 244 211 194 57 235 83 248 112 69 38 112 61 133

24 199 18 114 133 199 242 219 121 107 109 211 44 127 203 223 152

190 70 105 211 3 209 44 88 130 67 248 136 40 102 55 172 148

194 245 249 253 3 239 122 88 247 56 248 37 145 102 200 225 145

103 98 232 191 64 219 213 19 43 55 229 136 44 36 206 43 121

186 202 75 33 124 237 194 180 64 191 53 37 169 139 80 172 155

73 159 169 33 112 137 219 69 64 55 83 83 6 208 203 172 167

170 94 8 114 133 239 220 61 3 120 235 112 96 232 27 250 129

190 117 8 55 112 237 242 210 64 17 248 222 69 174 251 98 
250 77 75 77 3 199 122 88 206 55 22 52 64 139 66 10 149

186 94 169 211 98 45 122 219 28 17 22 41 44 208 94 52 143

250 199 249 203 98 137 107 61 64 239 229 37 240 127 200 225 141

186 101 8 253 3 194 198 239 28 143 109 159 96 78 20 98 162

232 117 218 87 19 209 194 57 247 161 52 159 212 127 206 250 138

35 94 48 125 181 137 107 210 3 17 239 222 33 108 80 61 138

250 70 222 193 181 211 220 180 4 120 173 105 17 60 59 249 142

8 199 102 203 98 239 255 164 235 67 22 222 96 232 59 43 171

194 245 68 77 19 239 138 157 206 77 109 105 212 208 80 98 135

67 77 232 193 248 211 75 61 243 17 9 154 165 108 59 250 151

170 98 169 211 98 194 138 219 43 191 217 177 145 36 200 172 161

35 184 105 211 213 187 219 36 43 120 229 204 69 139 80 225 158

250 117 18 77 208 187 219 214 121 77 22 222 96 65 160 10 149

67 50 210 33 64 237 44 69 3 143 28 211 96 38 80 172 127

170 101 249 191 244 209 138 180 64 143 229 112 69 108 112 10 153

67 70 8 191 124 199 138 57 243 55 239 159 44 36 251 223 153

7 245 8 125 112 194 60 36 43 218 9 105 69 36 251 30 143

170 159 249 33 64 211 13 19 81 221 167 222 212 232 160 249 153

35 202 8 87 244 239 13 180 106 143 22 105 40 108 66 10 147

7 184 8 87 181 205 44 57 81 77 248 37 17 65 80 30 155

67 199 75 56 191 194 75 180 43 83 22 211 145 60 27 172 134

190 117 48 165 244 239 60 239 130 218 53 37 40 174 66 250 136

194 50 8 77 248 204 107 164 4 120 52 105 17 38 20 172 
7 101 214 30 213 204 75 239 243 143 212 159 145 78 27 131 133

190 245 8 165 191 205 220 88 247 191 229 105 145 102 203 250 145

250 70 249 211 248 239 198 61 43 77 28 159 5 208 55 172 129

24 101 169 253 19 209 60 219 3 55 9 177 64 38 160 61 139

56 202 222 193 3 137 255 61 235 120 22 222 150 65 251 30 163

186 117 218 87 124 209 213 19 235 239 9 154 44 108 55 30 154

56 184 68 114 191 194 138 219 243 143 22 177 212 76 80 131 133

194 94 169 87 19 239 138 57 193 77 53 159 44 232 160 52 143

56 196 8 114 191 45 75 186 193 239 53 159 165 108 23 30 139

112 70 232 56 181 239 138 180 106 161 229 203 6 60 80 43 148

112 117 105 87 19 239 194 239 4 83 235 222 96 188 66 10 158

8 117 8 87 64 209 122 57 130 239 109 41 150 102 59 61 147

24 117 102 30 64 204 194 157 81 191 229 159 96 174 59 98 140

8 199 68 165 3 204 13 57 243 107 235 37 17 102 203 98 136

232 196 214 55 19 5 75 164 170 239 9 37 5 188 160 172 149

250 94 222 203 124 5 60 61 28 210 212 136 240 139 203 52 146

73 184 214 253 244 237 138 214 43 83 83 136 165 65 66 61 150

194 202 169 87 124 187 194 214 106 55 109 222 17 108 55 10 141

232 199 105 191 181 137 255 210 28 67 52 105 240 232 20 98 140

232 184 68 211 191 239 242 69 193 83 217 83 212 78 160 98 144

194 101 105 193 212 204 213 164 4 239 217 203 150 38 112 225 156

56 199 222 55 208 239 122 239 193 107 229 203 69 139 27 249 150

170 94 105 253 208 239 75 186 106 161 83 52 69 60 66 225 145

170 199 102 33 124 239 44 210 3 77 248 83 69 174 80 30 142

190 70 8 56 208 209 60 69 64 77 109 222 212 65 206 172 141

170 202 68 165 212 204 13 210 81 107 22 112 69 188 160 131 141

7 202 169 33 208 239 255 164 64 210 28 203 44 139 200 184 150

35 245 102 56 181 5 255 69 170 239 83 83 17 78 160 249 150

7 94 8 77 191 81 255 57 243 55 83 52 5 38 112 225 132

35 117 169 33 64 237 194 219 28 77 239 136 165 108 94 10 143

112 196 75 125 208 204 10 164 4 67 239 83 150 78 23 172 162

250 199 232 165 64 239 255 210 28 107 167 105 169 78 160 225 117

8 196 169 55 181 211 60 88 121 67 9 136 69 127 112 250 150

56 199 210 56 98 194 10 239 64 107 217 136 17 76 27 43 137

56 184 169 30 3 187 213 186 243 83 235 83 169 76 203 30 136

190 77 8 192 64 199 194 19 4 77 83 222 5 208 203 52 152

103 77 48 192 244 204 198 164 3 107 52 211 169 174 160 30 156

35 196 8 114 248 205 107 61 206 210 217 136 64 60 59 223 134

186 117 210 253 98 237 198 164 206 218 229 112 6 127 160 98 155

250 199 214 56 212 199 242 239 43 221 235 159 145 127 20 10 139

67 94 8 77 133 239 194 219 4 143 22 83 69 139 94 172 152

250 202 8 87 124 239 75 69 28 210 167 41 64 38 160 225 138

67 245 249 193 133 205 75 180 28 67 235 204 64 76 200 20 149

190 245 169 203 64 5 75 180 121 218 109 222 40 60 112 249 132

73 245 214 253 64 81 242 186 235 56 53 37 64 38 206 184 138

24 70 8 193 212 5 44 36 3 143 212 177 33 36 112 223 138

7 101 75 55 213 137 194 157 193 77 109 203 240 78 80 250 138

194 70 18 125 191 199 10 210 121 17 212 37 64 102 94 225 148

112 202 218 87 181 205 75 186 4 56 235 83 69 38 251 52 152

250 77 222 203 133 237 194 180 121 83 28 136 5 38 112 223 121

103 196 222 114 3 209 138 219 81 239 53 136 212 76 59 131 132

24 184 75 87 64 187 138 36 28 221 22 203 5 127 112 98 137

73 101 105 87 124 199 138 157 206 83 212 112 145 139 160 10 143

103 199 8 125 124 239 198 219 81 218 9 222 150 174 200 98 146

103 159 8 191 124 5 138 69 206 17 109 105 64 78 200 172 151

8 245 232 193 133 204 220 164 4 221 52 52 5 108 27 131 143

56 184 75 30 191 209 219 164 64 143 52 41 240 174 59 52 142

56 98 68 253 124 239 138 214 206 221 109 154 44 76 112 98 113

190 199 214 77 181 137 242 61 64 221 212 204 145 188 203 131 151

73 159 222 253 212 239 107 61 243 17 217 222 17 174 59 249 136

232 196 214 211 112 205 44 214 130 83 83 203 240 108 94 10 144

8 184 222 193 98 205 107 57 235 210 173 211 6 38 200 131 139

67 94 222 56 244 81 44 180 193 83 248 177 165 36 94 43 149

190 98 218 55 3 45 13 186 121 221 239 177 150 174 27 98 160

73 70 218 211 98 137 194 157 4 161 22 41 5 76 66 20 142

103 159 218 56 244 45 44 180 206 161 235 83 145 38 94 10 142

194 98 8 192 64 45 220 36 28 55 109 105 150 78 160 250 145

186 101 249 203 112 137 220 180 243 107 52 83 5 232 206 43 156

250 117 18 87 19 209 138 19 4 56 83 222 6 78 80 43 144

67 199 48 125 98 204 255 69 28 17 83 112 96 102 206 131 137

250 98 18 55 3 187 122 186 235 143 239 112 240 139 251 43 146

67 117 75 125 208 199 198 61 106 83 235 177 69 78 200 98 147

186 245 75 125 19 199 220 69 130 210 109 41 212 78 59 131 148

67 184 169 192 112 81 60 36 235 221 109 37 5 139 203 184 154

103 70 75 56 213 45 194 214 235 161 212 136 64 38 55 52 129

24 77 169 125 208 237 198 19 121 221 248 41 17 65 80 43 134

56 117 214 125 64 211 44 186 106 239 217 41 240 208 59 249 137

24 245 222 211 64 219 122 19 247 55 239 136 17 76 206 61 137

7 117 8 203 213 209 213 157 193 143 28 37 17 78 160 98 158

190 196 102 114 244 239 220 239 81 239 9 105 240 78 59 250 140

67 101 169 30 208 5 44 219 206 210 239 41 165 65 20 249 158

67 202 222 191 248 209 219 186 3 55 109 52 40 139 203 250 158

67 196 169 87 244 239 219 88 28 191 109 112 6 174 80 225 136

190 184 214 77 112 45 138 214 247 67 229 112 6 38 55 98 139

232 101 18 55 208 45 107 61 243 17 53 105 44 44 59 10 166

56 159 249 203 248 239 75 164 243 191 229 203 5 174 20 30 139

8 98 210 87 181 205 194 157 81 56 52 41 33 38 80 223 151

186 98 210 114 3 239 198 19 121 120 212 211 64 139 66 223 150

56 70 214 165 19 5 75 210 81 83 167 204 40 139 20 98 158

250 184 8 211 64 239 138 19 43 239 22 41 40 208 23 172 155

67 184 8 114 98 237 219 19 4 218 248 222 96 102 206 223 160

24 50 18 56 64 204 10 186 28 55 248 154 212 36 203 98 146

24 199 105 30 191 239 44 57 28 67 173 83 5 232 80 131 139

112 117 222 125 213 237 213 157 81 83 52 112 69 76 59 249 134

24 159 18 211 213 199 138 69 206 221 9 159 96 127 206 223 146

73 101 222 30 213 45 213 164 170 107 109 52 44 127 251 52 140

7 196 232 56 212 194 219 186 3 77 248 136 5 76 80 223 136

170 70 48 192 64 209 219 61 3 143 248 37 6 188 160 98 142

250 245 214 56 213 45 60 164 243 120 83 83 240 232 27 30 148

103 101 222 203 133 137 107 219 4 77 248 154 64 76 94 61 156

35 94 8 211 112 187 255 219 243 210 212 105 40 78 112 184 146

8 94 222 56 133 5 194 36 193 143 239 105 33 232 206 250 147

7 196 169 77 64 204 60 186 243 83 229 105 64 188 94 223 128

56 77 102 125 133 45 220 57 106 161 83 159 165 65 203 98 143

7 199 75 125 181 209 198 239 64 56 239 154 64 36 80 98 147

190 98 8 30 191 219 219 186 247 55 167 41 6 139 66 98 161

190 117 8 193 124 209 219 186 247 55 9 204 6 65 200 98 131

67 117 8 77 248 209 194 219 43 120 248 52 69 188 160 98 135

186 159 8 33 244 205 13 239 243 218 9 204 17 76 251 172 140

112 184 68 56 133 219 219 164 81 56 173 41 165 38 27 61 154

8 50 75 165 181 187 220 88 170 83 9 83 5 108 203 250 159

190 77 8 125 208 187 219 164 81 17 109 37 40 108 66 225 166

170 70 8 87 248 239 122 164 206 107 217 112 40 38 27 249 170

232 117 169 125 133 209 107 36 106 239 9 211 17 78 55 52 143

73 70 210 211 208 204 194 186 43 191 239 204 64 44 206 223 157

7 50 249 165 208 199 122 69 170 120 109 211 40 102 80 249 141

7 98 214 125 248 209 13 19 206 120 239 52 5 208 112 172 158

73 101 214 30 212 204 242 210 106 55 217 83 96 108 203 249 157

194 98 210 165 112 239 13 180 4 210 229 105 165 174 23 52 130

190 199 218 203 212 237 255 69 130 143 53 52 44 44 66 20 151

112 98 218 33 3 209 219 19 130 221 167 159 64 65 251 131 146

170 199 68 203 208 239 60 214 247 17 167 203 69 174 59 98 150

186 117 48 203 64 45 219 186 170 143 22 112 169 232 55 131 160

232 117 232 56 244 211 220 210 243 67 173 211 212 76 23 61 151

35 101 210 77 248 204 194 157 106 120 235 222 69 139 94 223 150

112 196 214 211 133 219 75 210 121 55 217 204 64 60 94 20 143

232 196 48 191 133 237 60 88 206 83 53 37 6 78 112 98 151

24 117 222 114 64 81 122 57 121 239 235 222 212 208 203 61 133

190 101 105 77 19 187 75 57 3 161 212 136 33 102 251 184 148

35 245 68 55 19 237 194 157 130 143 235 222 6 60 66 43 150

7 199 105 253 181 209 213 186 4 55 83 177 240 60 160 184 147

103 117 249 211 124 211 198 36 130 55 9 222 150 174 80 61 134

24 98 48 191 19 205 198 219 43 107 248 83 69 60 23 10 137

232 94 18 253 244 204 198 239 247 218 239 222 40 65 23 131 147

8 245 8 125 248 209 255 69 28 55 109 41 40 174 66 250 137

112 184 222 191 64 211 255 186 81 161 212 204 33 127 160 131 143

250 77 102 56 64 239 13 186 235 239 173 203 64 139 27 172 136

190 196 48 192 208 237 60 186 170 83 173 159 33 65 203 43 161

7 202 210 55 191 239 255 57 43 239 83 112 69 65 203 223 156

112 70 75 55 98 194 219 61 206 107 248 136 96 36 27 10 166

232 117 232 193 213 205 60 88 130 17 167 37 6 108 251 10 158

190 98 68 125 208 239 122 157 243 143 167 211 69 208 66 43 145

8 245 18 193 212 194 75 186 235 161 53 105 5 108 160 61 128

250 245 48 192 64 45 220 19 4 120 52 105 150 65 160 249 133

250 98 249 56 248 219 220 61 206 221 167 136 150 38 200 223 134

170 184 8 114 181 239 107 164 206 107 167 37 64 65 94 131 124

35 117 8 192 212 45 44 61 3 107 235 222 5 127 66 184 138

186 70 68 33 212 204 219 239 206 17 239 204 240 102 206 131 148

67 98 249 77 19 187 255 239 106 56 167 211 145 78 80 43 151

73 199 249 203 133 239 75 69 170 83 229 211 5 78 27 250 142

103 159 102 125 208 209 122 36 64 218 212 37 96 127 206 172 150

7 199 68 203 208 45 13 186 28 55 173 159 240 127 112 250 135

73 50 105 203 3 239 219 219 170 56 248 222 5 127 59 249 144

170 196 105 30 181 194 75 57 28 239 248 112 33 174 251 131 117

103 196 8 33 98 194 242 69 235 77 9 204 64 127 55 43 140

56 101 48 193 248 211 194 186 4 239 109 222 33 36 80 52 144

8 199 232 253 244 187 60 36 81 218 239 154 40 208 160 10 151

232 94 214 114 208 187 122 219 81 210 229 52 44 60 200 225 122

250 117 48 77 112 137 220 210 43 218 53 177 40 188 112 184 155

24 50 169 193 64 237 44 219 121 191 217 222 64 44 206 10 140

24 117 249 165 244 45 255 19 121 218 212 154 40 60 251 10 150

232 77 8 77 208 205 107 157 130 83 83 105 96 60 112 43 150

190 117 105 33 212 45 198 219 130 67 248 222 6 232 55 172 149

194 117 222 87 248 205 219 210 243 107 173 105 69 78 27 225 152

8 117 75 191 19 209 75 57 43 239 109 83 44 38 55 250 153

112 117 105 114 191 194 255 214 3 210 83 154 212 139 203 10 147

170 101 68 165 133 219 75 157 3 77 217 105 150 36 160 52 144

7 196 8 165 124 209 194 19 81 120 248 52 240 139 66 98 155

186 159 68 33 112 209 242 186 3 218 248 83 96 127 160 131 153

194 117 8 211 212 5 75 219 235 239 212 112 145 208 200 223 148

170 196 232 77 213 239 255 157 81 143 212 37 240 38 160 98 132

250 199 75 87 112 187 107 164 81 56 53 203 44 139 59 223 144

8 184 75 193 124 137 13 186 3 107 248 211 150 65 94 249 123

103 50 232 253 19 237 13 180 28 221 235 203 165 232 160 43 151

35 117 102 211 244 239 44 186 247 17 235 222 145 139 251 52 135

56 101 102 125 208 5 13 19 81 17 109 222 240 44 251 20 147

24 199 169 55 64 137 138 214 235 239 248 204 69 38 160 98 
232 202 18 114 212 5 60 19 170 17 52 112 96 188 55 172 150

103 70 102 77 213 239 10 214 121 77 248 159 145 108 23 172 150

170 70 75 77 213 219 194 239 28 191 248 52 33 139 55 98 150

250 184 48 55 213 45 13 69 121 17 173 136 6 139 27 98 127

103 245 232 193 248 211 10 157 206 55 28 83 33 174 80 98 136

35 202 232 193 64 205 255 186 28 17 212 159 44 76 203 98 141

8 117 75 211 248 205 10 219 121 161 109 41 240 108 112 184 140

186 199 218 192 64 209 44 214 206 239 173 222 6 232 160 10 147

232 184 68 211 98 5 44 186 64 218 212 177 69 188 27 225 143

7 117 218 30 64 209 198 214 121 17 235 203 33 188 66 61 157

250 199 169 77 213 237 75 88 28 56 229 211 165 127 251 61 161

24 159 68 30 248 45 122 69 28 67 167 203 150 60 203 30 144

24 98 232 211 248 81 194 69 206 143 83 177 145 38 160 225 143

194 98 102 87 208 45 194 186 121 56 109 204 5 78 206 184 140

7 70 68 253 213 187 60 157 4 83 9 105 33 139 200 52 150

7 199 48 56 98 237 194 36 130 67 167 203 69 60 23 61 149

7 98 48 30 208 239 75 210 3 107 239 41 64 44 23 43 141

8 245 232 33 64 239 60 214 235 191 28 37 40 232 112 43 150

67 199 249 56 112 239 60 157 170 83 217 112 6 65 160 172 133

232 184 75 30 191 45 219 210 121 55 235 154 17 188 112 52 149

73 196 214 114 191 137 107 88 206 161 22 222 169 208 94 98 144

170 159 210 125 191 205 242 88 130 210 173 105 96 44 20 10 148

67 77 169 193 64 205 75 88 106 55 52 136 40 36 55 184 146

103 245 48 114 64 209 107 164 43 210 212 177 40 65 55 250 149

7 117 18 125 112 237 13 88 170 83 229 112 40 174 66 20 168

56 50 8 33 213 187 107 180 247 210 53 203 96 76 66 10 156

7 77 222 192 248 239 194 186 121 67 239 177 33 38 20 30 134

56 77 48 203 124 45 194 88 28 161 212 177 69 102 66 225 154

250 50 232 77 244 199 198 186 64 161 53 136 6 78 23 98 132

35 199 18 253 98 205 60 19 43 191 229 41 40 76 94 30 144

7 159 68 56 133 204 220 61 106 143 167 112 145 127 203 61 150

24 101 214 203 19 194 242 157 81 218 109 105 44 188 200 184 119

186 199 8 87 19 205 198 180 130 67 248 83 69 139 27 131 136

103 50 210 77 3 137 194 36 28 221 53 83 169 36 160 10 129

250 199 18 87 98 239 198 164 206 218 53 222 33 38 206 223 146

8 50 214 77 124 219 75 88 121 77 9 222 165 188 200 98 132

170 94 18 253 64 5 255 210 193 120 167 105 212 174 160 30 140

73 202 68 114 208 137 194 57 64 143 22 222 33 139 160 249 158

67 77 68 87 19 199 220 36 206 55 217 112 6 139 160 223 138

35 101 169 30 213 237 219 186 81 143 28 159 33 38 80 52 161

112 202 210 114 112 194 242 19 247 218 53 105 17 188 251 131 148

194 77 8 56 64 239 107 180 170 77 109 52 17 44 27 30 148

194 196 8 193 213 187 13 219 4 221 83 222 150 36 160 131 140

67 77 8 211 248 199 198 36 43 161 239 222 240 78 206 98 137

190 50 102 30 244 239 10 88 193 221 22 203 33 65 160 249 141

67 184 18 77 212 5 10 210 206 210 83 203 96 60 206 10 137

8 245 8 253 212 239 255 214 106 83 212 105 17 76 251 98 138

8 199 214 56 64 205 213 157 247 120 235 136 212 38 112 61 144

24 70 169 87 248 237 75 186 193 221 173 83 145 78 66 20 151

35 101 218 191 208 199 213 19 193 107 217 203 212 232 94 52 134

232 50 214 33 133 205 60 186 193 191 9 177 240 36 94 10 151

67 70 169 55 64 204 122 210 64 107 22 154 5 78 66 52 144

35 159 218 192 98 211 213 180 247 83 248 222 150 38 160 10 131

250 199 232 56 181 194 220 180 130 56 53 52 5 232 55 131 146

232 101 102 211 98 137 122 186 4 77 53 211 69 44 251 30 154

194 184 232 192 213 209 220 164 235 143 109 105 6 76 206 20 147

7 117 218 193 64 211 242 210 3 77 217 177 169 208 200 52 132

194 245 18 253 133 187 138 210 4 77 22 154 150 108 20 131 143

103 245 105 30 213 137 194 88 247 77 52 41 64 44 55 10 137

73 245 214 125 248 137 10 219 170 67 235 52 17 232 112 184 164

35 159 8 77 191 137 44 61 206 56 235 37 64 60 20 30 157

170 50 48 211 98 81 242 88 3 191 53 177 150 188 20 223 145

35 50 169 203 19 187 213 157 106 218 109 154 40 208 55 43 168

232 117 218 253 244 209 255 69 121 120 109 222 96 38 200 43 135

103 199 102 191 191 204 138 186 170 56 235 222 6 78 112 172 131

35 199 8 253 19 237 75 239 106 56 9 177 150 127 55 30 147

7 101 102 211 212 237 60 239 81 55 9 112 17 65 20 52 148

103 196 218 253 213 5 44 164 130 67 212 177 169 108 200 249 134

190 202 232 33 248 237 194 210 81 83 235 105 240 108 160 61 145

186 159 8 125 248 239 138 157 170 210 229 41 44 188 20 52 150

56 196 169 253 112 45 44 186 170 143 239 136 6 127 251 52 156

8 70 232 56 64 5 75 186 243 221 248 211 150 188 112 250 144

170 159 210 191 191 205 44 186 106 143 239 177 212 36 66 61 150

103 94 68 192 191 81 122 57 64 143 248 222 64 108 66 131 141

24 117 232 30 112 194 60 88 43 17 9 203 64 188 160 131 
186 199 222 55 3 239 13 57 64 218 28 159 165 188 200 223 120

190 101 214 203 244 81 213 36 64 161 52 52 69 36 55 10 135

35 117 102 203 64 209 194 164 81 239 9 177 165 38 59 184 157

232 245 169 203 248 237 138 180 170 17 173 136 145 102 206 98 153

112 98 48 203 191 211 194 57 28 107 22 222 150 232 59 225 126

170 199 48 211 208 81 242 57 206 218 235 203 150 65 55 172 150

73 50 75 193 244 205 220 180 247 120 53 52 6 76 94 250 145

24 70 105 192 3 209 107 57 243 239 248 222 5 44 80 10 161

170 196 169 55 98 205 242 61 81 239 167 177 240 174 160 43 131

35 117 8 87 212 45 44 57 43 55 167 177 69 78 55 61 143

194 159 218 114 112 239 138 210 106 191 28 159 5 188 200 250 163

73 117 222 114 208 187 138 69 170 77 22 105 40 38 251 52 148

7 199 75 125 208 5 13 186 3 218 53 37 64 127 160 223 135

170 199 48 56 124 239 242 88 235 56 28 41 64 76 27 98 142

186 199 232 165 248 239 213 157 43 210 52 37 96 188 80 184 126

8 159 214 211 64 219 13 157 193 218 239 177 6 188 23 98 141

67 101 8 211 181 211 107 214 28 221 239 177 33 208 66 250 147

8 245 169 193 181 237 198 219 28 55 248 52 5 188 94 249 138

8 199 222 77 191 194 122 157 106 239 52 159 64 78 160 223 143

170 117 222 203 64 204 198 88 206 56 173 211 169 38 160 30 148

250 70 48 56 244 199 213 186 235 67 22 159 64 139 27 30 154

190 159 18 203 248 204 13 180 243 17 9 177 6 232 27 43 139

170 117 169 77 64 219 122 61 106 161 229 177 6 188 112 225 138

186 70 8 191 133 194 60 186 3 161 167 211 44 108 206 249 136

232 117 18 192 3 5 198 239 64 120 229 154 5 38 23 52 159

8 94 8 192 244 45 255 157 235 107 22 203 64 78 206 225 158

73 202 102 114 64 199 44 210 28 161 109 105 212 232 251 172 142

56 94 210 30 64 209 75 57 121 77 217 83 69 108 160 20 151

170 77 232 33 208 81 122 36 243 55 22 204 212 127 55 172 155

73 202 218 191 244 239 13 186 247 17 9 203 150 174 23 249 143

250 202 214 77 212 81 122 214 3 77 28 41 240 65 200 43 125

194 184 210 191 64 239 75 164 106 191 109 211 40 76 200 20 129

250 117 222 253 191 237 138 88 235 83 167 112 150 188 27 52 128

186 117 102 30 124 205 122 69 235 218 9 159 64 232 206 184 139

8 50 249 56 213 239 242 210 121 56 52 222 64 38 160 172 144

112 94 48 55 181 194 138 180 170 67 173 154 240 44 20 10 140

8 77 48 125 191 219 10 88 243 120 9 154 69 108 200 250 133

24 159 232 191 213 187 75 219 243 143 229 222 33 188 160 184 136

186 117 18 193 212 81 107 164 28 143 217 159 165 102 55 184 145

35 199 222 165 191 237 138 164 43 83 167 222 240 44 160 172 143

35 117 102 191 64 219 122 36 193 83 83 203 169 127 80 61 133

190 196 8 165 208 209 219 61 243 161 239 83 240 38 55 249 143

232 202 75 30 3 81 220 69 121 221 52 41 40 60 80 225 150

7 184 105 193 248 5 10 239 235 221 239 37 212 102 251 98 147

170 98 75 30 208 209 194 157 193 221 109 222 145 102 59 249 139

35 101 169 87 248 239 255 186 43 55 52 177 40 108 112 43 160

232 101 222 125 213 199 10 157 247 210 83 159 64 108 66 52 149

170 199 48 77 64 237 122 61 170 67 52 112 165 60 94 249 142

190 199 222 55 124 209 13 57 247 77 83 37 5 60 23 223 147

250 50 210 191 212 194 122 88 3 107 22 41 33 232 251 98 146

35 184 214 253 3 209 75 57 28 210 212 177 17 78 27 52 146

250 117 75 77 248 194 60 239 81 161 53 203 150 108 251 98 137

7 196 75 77 3 211 213 36 3 17 9 83 17 127 80 184 139

67 184 232 211 133 209 213 214 81 120 235 136 64 60 251 223 150

8 70 232 30 208 187 107 88 130 161 217 159 6 102 55 10 149

190 77 222 114 124 239 194 186 206 55 217 83 69 139 251 61 138

8 117 169 211 19 211 60 36 64 17 53 154 40 174 23 250 142

8 94 18 125 19 237 219 186 206 77 239 222 96 188 66 10 155

73 77 169 114 124 199 107 69 106 56 217 41 145 108 55 43 135

250 117 18 87 208 237 122 19 193 17 173 203 96 78 251 172 123

7 245 222 33 133 239 122 69 28 239 217 159 64 44 206 20 139

112 202 249 87 248 239 213 239 130 210 229 112 240 36 160 223 149

250 50 75 77 213 237 219 36 193 67 83 222 44 78 66 131 140

73 196 75 55 244 209 194 186 170 17 217 52 6 108 160 98 147

190 117 68 253 191 211 10 57 130 143 9 222 145 38 203 250 138

194 196 8 125 64 209 194 61 206 218 217 177 40 188 59 52 120

103 196 214 165 191 209 255 157 206 17 9 52 33 36 200 61 143

250 199 249 125 181 237 138 157 235 107 235 52 40 76 94 184 144

232 199 210 192 133 194 122 219 4 83 173 41 40 108 94 52 146

232 199 214 211 244 205 60 88 28 120 173 203 96 232 160 10 145

112 70 249 165 98 219 255 164 4 221 229 37 6 76 80 225 150

67 101 222 114 19 194 60 239 130 67 212 177 169 44 160 250 148

170 184 18 77 19 239 75 157 4 210 248 203 169 36 203 52 124

186 101 8 203 181 205 75 157 81 210 109 136 5 60 200 250 140

24 199 75 30 133 45 198 61 206 67 53 112 69 108 206 131 134

232 199 68 211 133 5 255 19 206 56 22 105 212 78 66 98 141

103 184 48 211 19 194 44 88 243 191 52 136 96 188 160 30 156

186 245 218 56 133 219 13 180 206 239 109 203 96 76 55 52 139

73 94 18 56 3 187 213 219 43 143 212 203 240 208 203 30 128

190 70 105 87 3 194 220 69 43 107 248 52 96 38 112 10 133

190 77 169 114 133 204 219 19 43 218 167 222 44 60 112 225 143

24 184 105 192 124 45 107 19 106 143 9 83 150 76 66 10 159

103 77 102 55 98 187 13 239 43 17 22 222 169 78 251 249 128

24 196 214 253 3 187 75 69 106 107 83 177 240 44 112 30 138

35 50 169 125 191 187 107 186 4 221 53 83 40 44 55 98 127

67 98 75 114 248 81 44 157 28 143 212 136 169 36 206 30 144

73 98 249 56 181 81 255 19 81 120 28 37 33 102 94 61 149

112 245 232 253 64 209 13 19 43 210 9 211 145 60 160 249 126

194 70 102 203 181 219 242 219 28 218 52 83 44 76 27 43 141

170 70 218 30 191 209 107 164 81 56 167 105 40 76 200 223 145

67 98 105 125 244 204 75 186 4 55 53 203 40 188 112 184 134

67 199 48 77 3 45 220 157 81 83 52 136 44 208 66 98 146

103 199 222 114 98 219 10 164 247 143 22 211 240 188 160 98 137

194 196 8 193 212 211 75 210 170 77 235 204 33 76 206 225 135

8 94 18 55 98 81 13 157 247 239 167 222 64 139 66 184 147

7 199 102 114 64 45 219 61 193 120 22 37 169 188 23 61 147

232 77 18 33 64 239 10 57 81 77 229 177 69 108 66 223 130

67 101 102 191 124 239 13 19 235 218 212 204 17 44 80 61 133

170 50 48 125 133 5 194 164 247 56 217 159 69 188 20 52 139

194 159 249 165 124 239 194 61 247 83 22 136 33 36 80 172 146

103 184 105 125 64 194 75 69 247 77 83 222 40 139 112 98 160

35 70 8 165 64 81 198 157 206 77 239 211 64 44 55 172 145

190 196 68 30 98 209 138 210 64 56 83 37 40 65 200 250 158

73 199 210 77 248 239 213 164 235 218 167 159 5 232 20 172 162

7 245 68 30 244 219 220 88 170 55 52 105 240 38 55 61 158

35 199 68 30 19 204 107 186 121 67 212 203 44 188 160 131 165

232 117 8 125 64 187 75 180 193 143 212 222 240 108 203 225 134

170 196 214 203 212 199 10 210 3 218 83 203 64 78 160 43 151

186 202 222 253 133 219 219 180 206 120 239 222 6 127 160 250 142

112 50 222 55 248 239 220 157 235 56 235 203 40 188 27 20 142

24 245 210 125 64 209 219 164 81 107 212 204 150 208 203 98 154

186 199 18 56 112 194 219 61 4 83 83 52 165 65 94 98 136

190 184 102 77 248 199 255 57 106 17 248 112 69 188 55 223 154

56 159 68 211 244 45 194 61 4 55 212 37 69 108 80 184 144

24 245 222 55 191 5 255 57 3 191 212 112 6 188 200 20 143

8 98 8 56 181 239 242 164 243 143 212 222 33 44 160 98 145

186 70 218 114 19 194 220 19 28 143 22 52 150 232 59 98 161

24 117 75 30 19 237 242 164 81 77 83 83 96 60 251 43 141

67 196 48 253 3 187 60 239 193 218 235 203 69 38 27 223 142

56 245 232 30 3 194 219 19 243 56 52 211 64 102 80 61 150

232 94 218 56 208 194 255 214 130 55 53 52 165 44 160 98 152

190 70 210 253 112 187 194 239 206 107 248 203 96 44 23 10 137

24 159 232 193 248 239 44 157 243 221 217 159 150 188 66 131 146

8 196 48 203 64 211 138 219 247 107 239 203 69 76 112 61 122

67 199 222 253 244 205 107 69 28 77 52 159 212 60 27 10 147

24 159 8 114 208 239 107 36 64 218 167 83 165 208 200 98 143

250 245 105 125 98 211 44 69 106 191 212 105 96 188 160 184 157

24 77 105 56 244 5 213 164 64 210 9 204 5 44 206 98 150

250 199 169 203 124 187 219 239 130 83 217 83 145 102 94 30 158

250 159 18 56 181 239 220 186 170 210 167 37 6 102 251 131 160

56 94 105 56 212 199 122 19 243 218 173 112 40 208 200 249 144

112 77 169 77 212 194 44 186 3 239 217 136 165 139 160 131 138

170 196 18 193 19 45 75 36 3 210 53 154 64 208 66 131 152

186 117 222 253 98 81 10 36 81 77 83 177 64 139 160 223 149

103 159 48 56 64 5 138 88 170 210 167 136 6 102 20 52 163

73 70 222 55 248 199 220 57 243 210 28 159 96 188 20 131 124

103 94 102 56 248 45 44 180 43 218 22 154 240 127 112 61 135

103 199 102 55 64 5 194 180 106 143 212 105 5 108 160 184 155

250 159 8 87 213 137 213 61 235 17 235 112 165 108 160 131 134

232 199 222 165 112 137 107 214 206 143 212 52 145 78 94 43 158

170 98 8 87 64 45 44 186 81 191 173 83 96 139 94 223 155

73 202 232 33 19 219 107 164 243 67 53 159 69 188 200 131 149

112 117 8 77 181 187 220 36 43 67 52 105 150 208 66 172 146

73 196 105 114 64 45 242 19 130 218 52 136 17 36 200 184 147

67 77 218 211 112 204 242 157 235 210 173 52 33 127 94 250 147

103 101 232 33 98 239 213 57 3 67 229 41 5 102 59 249 146

24 50 8 77 98 205 10 219 64 210 52 112 169 174 20 225 131

186 159 214 193 208 194 122 164 130 17 52 204 40 78 206 98 130

73 70 75 193 98 5 242 239 4 191 28 154 17 127 59 10 158

7 117 218 56 133 239 122 69 4 161 229 203 150 78 94 250 150

7 159 48 165 181 81 242 239 170 143 217 177 64 38 203 172 127

56 159 210 55 64 81 75 157 206 120 229 41 5 65 27 20 153

170 202 75 56 64 187 219 214 64 143 83 211 40 232 20 249 153

170 202 18 203 112 5 107 214 170 55 217 222 17 139 112 10 136

24 196 249 33 64 205 107 19 106 221 83 211 6 60 160 98 165

112 77 218 193 64 137 122 164 81 218 212 136 150 60 200 223 141

190 245 218 191 212 239 220 239 170 218 83 177 69 78 206 52 161

103 101 102 253 98 45 10 180 64 210 173 154 150 127 94 131 155

67 245 8 211 3 204 194 180 81 17 167 177 17 208 206 250 141

73 199 8 77 181 5 220 186 235 83 28 136 165 139 251 61 139

112 196 249 33 112 5 107 19 64 67 248 222 6 78 251 225 165

232 77 8 193 208 187 255 186 121 210 235 211 17 208 80 131 149

250 184 210 114 19 239 44 210 106 239 9 112 40 127 112 61 153

190 94 210 165 191 5 122 19 64 239 52 136 40 139 23 250 146

186 199 8 203 133 237 13 61 81 161 52 112 17 65 27 184 145

190 202 102 193 191 5 107 210 121 56 9 37 6 76 59 225 147

170 50 75 33 213 205 213 36 81 239 235 52 33 108 160 52 142

