Initializing...Done
Initial objective: 59
------------------------------------------------------------------
Elapsed Time	Temperature	Epoch	Objective	Acceptance
------------------------------------------------------------------
  0:0:51.833	          4	1/45	    59	         N
  0:1:43.103	          4	1/45	    66	         Y
  0:2:34.500	          4	1/45	    97	         Y
  0:3:24.458	          4	1/45	    48	         N
  0:4:15.644	          4	1/45	    78	         N
   0:5:6.939	          4	1/45	    66	         N
  0:5:57.547	          4	1/45	    83	         N
  0:6:47.766	          4	1/45	    73	         N
  0:7:35.882	          4	1/45	    78	         N
  0:8:23.790	          4	1/45	    65	         N
  0:9:11.401	       3.68	2/45	    63	         N
  0:9:58.503	       3.68	2/45	    45	         N
 0:10:45.482	       3.68	2/45	    63	         N
 0:11:32.777	       3.68	2/45	    73	         N
 0:12:20.283	       3.68	2/45	    76	         Y
  0:13:8.195	       3.68	2/45	    85	         Y
 0:13:55.907	       3.68	2/45	    72	         N
 0:14:42.933	       3.68	2/45	    65	         N
  0:15:30.67	       3.68	2/45	    71	         N
 0:16:17.489	       3.68	2/45	    66	         N
  0:17:4.967	     3.3856	3/45	    55	         N
 0:17:51.857	     3.3856	3/45	    32	         N
 0:18:40.865	     3.3856	3/45	    71	         N
 0:19:36.681	     3.3856	3/45	   110	         Y
 0:20:32.454	     3.3856	3/45	    70	         N
 0:21:27.786	     3.3856	3/45	    89	         N
 0:22:23.532	     3.3856	3/45	   112	         Y
 0:23:19.327	     3.3856	3/45	   101	         N
 0:24:15.206	     3.3856	3/45	    55	         N
 0:25:10.502	     3.3856	3/45	    48	         N
  0:26:5.792	   3.114752	4/45	    75	         N
  0:27:1.421	   3.114752	4/45	    69	         N
  0:27:58.78	   3.114752	4/45	    52	         N
 0:28:52.850	   3.114752	4/45	    77	         N
 0:29:48.519	   3.114752	4/45	    93	         N
 0:30:43.857	   3.114752	4/45	   108	         Y
  0:31:39.46	   3.114752	4/45	    90	         N
 0:32:33.911	   3.114752	4/45	    70	         N
 0:33:30.282	   3.114752	4/45	   105	         N
 0:34:26.926	   3.114752	4/45	    87	         N
 0:35:23.509	  2.8655718	5/45	    73	         N
  0:36:20.79	  2.8655718	5/45	   111	         Y
 0:37:15.551	  2.8655718	5/45	    62	         N
 0:38:11.164	  2.8655718	5/45	    78	         N
  0:39:6.354	  2.8655718	5/45	    40	         N
   0:40:3.21	  2.8655718	5/45	    88	         N
 0:40:58.228	  2.8655718	5/45	    86	         N
  0:41:56.13	  2.8655718	5/45	   118	         Y
 0:42:51.645	  2.8655718	5/45	    49	         N
 0:43:47.951	  2.8655718	5/45	   119	         Y
 0:44:44.806	  2.6363261	6/45	    93	         N
 0:45:41.654	  2.6363261	6/45	   107	         N
 0:46:37.222	  2.6363261	6/45	    92	         N
 0:47:32.627	  2.6363261	6/45	    68	         N
 0:48:28.442	  2.6363261	6/45	   118	         Y
 0:49:25.473	  2.6363261	6/45	   123	         Y
 0:50:20.975	  2.6363261	6/45	    80	         N
 0:51:17.742	  2.6363261	6/45	   113	         N
 0:52:13.518	  2.6363261	6/45	    74	         N
  0:53:9.762	  2.6363261	6/45	   123	         N
  0:54:5.664	    2.42542	7/45	    93	         N
  0:55:1.864	    2.42542	7/45	    53	         N
 0:55:59.423	    2.42542	7/45	    88	         N
 0:56:55.845	    2.42542	7/45	    97	         N
 0:57:51.878	    2.42542	7/45	    54	         N
 0:58:46.833	    2.42542	7/45	    71	         N
 0:59:42.532	    2.42542	7/45	    94	         N
  1:0:38.847	    2.42542	7/45	    92	         N
  1:1:36.509	    2.42542	7/45	    97	         N
    1:2:33.9	    2.42542	7/45	   108	         N
  1:3:30.284	  2.2313864	8/45	   121	         N
  1:4:25.356	  2.2313864	8/45	    76	         N
  1:5:21.305	  2.2313864	8/45	    65	         N
  1:6:16.596	  2.2313864	8/45	    62	         N
  1:7:12.930	  2.2313864	8/45	    62	         N
  1:8:10.687	  2.2313864	8/45	   113	         N
   1:9:7.497	  2.2313864	8/45	   110	         N
  1:10:2.908	  2.2313864	8/45	    75	         N
 1:10:59.160	  2.2313864	8/45	    91	         N
 1:11:56.261	  2.2313864	8/45	    98	         N
 1:12:52.451	  2.0528755	9/45	   111	         N
 1:13:48.589	  2.0528755	9/45	    84	         N
 1:14:44.848	  2.0528755	9/45	    77	         N
 1:15:40.963	  2.0528755	9/45	    70	         N
 1:16:37.593	  2.0528755	9/45	   144	         Y
 1:17:33.603	  2.0528755	9/45	   105	         N
 1:18:29.423	  2.0528755	9/45	    40	         N
 1:19:24.924	  2.0528755	9/45	    89	         N
 1:20:21.381	  2.0528755	9/45	    90	         N
 1:21:16.604	  2.0528755	9/45	    99	         N
 1:22:13.452	  1.8886455	10/45	    92	         N
  1:23:9.338	  1.8886455	10/45	   100	         N
  1:24:4.946	  1.8886455	10/45	   105	         N
  1:25:0.346	  1.8886455	10/45	    80	         N
 1:25:55.933	  1.8886455	10/45	   103	         N
 1:26:52.557	  1.8886455	10/45	    77	         N
 1:27:45.455	  1.8886455	10/45	    73	         N
 1:28:40.124	  1.8886455	10/45	    62	         N
 1:29:38.622	  1.8886455	10/45	   128	         N
 1:30:37.816	  1.8886455	10/45	    94	         N
 1:31:36.344	  1.7375538	11/45	    76	         N
 1:32:34.636	  1.7375538	11/45	    69	         N
  1:33:34.79	  1.7375538	11/45	    80	         N
 1:34:42.219	  1.7375538	11/45	    88	         N
 1:35:45.889	  1.7375538	11/45	    65	         N
 1:36:38.155	  1.7375538	11/45	    92	         N
  1:37:39.54	  1.7375538	11/45	    62	         N
 1:38:36.680	  1.7375538	11/45	    60	         N
 1:39:38.315	  1.7375538	11/45	    67	         N
 1:40:34.407	  1.7375538	11/45	    86	         N
 1:41:32.699	  1.5985495	12/45	    69	         N
 1:42:36.296	  1.5985495	12/45	    57	         N
 1:43:40.895	  1.5985495	12/45	    94	         N
 1:44:34.807	  1.5985495	12/45	    58	         N
 1:45:35.104	  1.5985495	12/45	    97	         N
 1:46:36.496	  1.5985495	12/45	   111	         N
 1:47:28.712	  1.5985495	12/45	    78	         N
 1:48:17.241	  1.5985495	12/45	    88	         N
  1:49:5.577	  1.5985495	12/45	    96	         N
 1:49:56.763	  1.5985495	12/45	    83	         N
  1:50:46.32	  1.4706656	13/45	    86	         N
 1:51:35.974	  1.4706656	13/45	    70	         N
 1:52:27.221	  1.4706656	13/45	    78	         N
  1:53:19.16	  1.4706656	13/45	    58	         N
 1:54:14.964	  1.4706656	13/45	    98	         N
   1:55:10.0	  1.4706656	13/45	   111	         N
  1:56:4.845	  1.4706656	13/45	   103	         N
 1:56:59.304	  1.4706656	13/45	    77	         N
 1:57:56.128	  1.4706656	13/45	   124	         N
 1:58:52.659	  1.4706656	13/45	    97	         N
 1:59:45.341	  1.3530123	14/45	    70	         N
   2:0:38.85	  1.3530123	14/45	    82	         N
  2:1:33.272	  1.3530123	14/45	   123	         N
  2:2:25.615	  1.3530123	14/45	    87	         N
  2:3:22.744	  1.3530123	14/45	    85	         N
  2:4:16.104	  1.3530123	14/45	    92	         N
  2:5:16.809	  1.3530123	14/45	   142	         N
  2:6:15.710	  1.3530123	14/45	    73	         N
   2:7:14.65	  1.3530123	14/45	    79	         N
  2:8:12.231	  1.3530123	14/45	    92	         N
   2:9:7.777	  1.2447713	15/45	    73	         N
  2:10:3.363	  1.2447713	15/45	    70	         N
  2:11:1.652	  1.2447713	15/45	    42	         N
  2:12:1.335	  1.2447713	15/45	   101	         N
  2:13:0.132	  1.2447713	15/45	   101	         N
 2:13:58.850	  1.2447713	15/45	    87	         N
  2:14:57.96	  1.2447713	15/45	    77	         N
   2:15:54.6	  1.2447713	15/45	    57	         N
 2:16:50.607	  1.2447713	15/45	    79	         N
  2:17:47.47	  1.2447713	15/45	    74	         N
 2:18:42.676	  1.1451896	16/45	    97	         N
  2:19:39.86	  1.1451896	16/45	   100	         N
 2:20:36.352	  1.1451896	16/45	   133	         N
 2:21:32.807	  1.1451896	16/45	    96	         N
 2:22:29.116	  1.1451896	16/45	    74	         N
 2:23:24.160	  1.1451896	16/45	    69	         N
 2:24:20.588	  1.1451896	16/45	   122	         N
 2:25:17.879	  1.1451896	16/45	    84	         N
 2:26:14.767	  1.1451896	16/45	    66	         N
 2:27:12.861	  1.1451896	16/45	   120	         N
  2:28:9.463	  1.0535744	17/45	    77	         N
  2:29:6.922	  1.0535744	17/45	    89	         N
  2:30:3.978	  1.0535744	17/45	    67	         N
  2:31:0.265	  1.0535744	17/45	    96	         N
 2:31:56.389	  1.0535744	17/45	   115	         N
 2:32:53.453	  1.0535744	17/45	   126	         N
 2:33:49.594	  1.0535744	17/45	   100	         N
 2:34:46.896	  1.0535744	17/45	    95	         N
 2:35:43.656	  1.0535744	17/45	    72	         N
 2:36:39.952	  1.0535744	17/45	   125	         N
 2:37:36.601	 0.96928849	18/45	    69	         N
 2:38:33.652	 0.96928849	18/45	    64	         N
 2:39:29.487	 0.96928849	18/45	    92	         N
 2:40:26.275	 0.96928849	18/45	    88	         N
 2:41:22.696	 0.96928849	18/45	   106	         N
 2:42:18.722	 0.96928849	18/45	    90	         N
 2:43:15.788	 0.96928849	18/45	   100	         N
 2:44:13.827	 0.96928849	18/45	   112	         N
 2:45:10.691	 0.96928849	18/45	    97	         N
  2:46:7.347	 0.96928849	18/45	   107	         N
  2:47:3.621	 0.89174541	19/45	    94	         N
 2:47:59.234	 0.89174541	19/45	    99	         N
 2:48:56.333	 0.89174541	19/45	   102	         N
 2:49:53.301	 0.89174541	19/45	   109	         N
 2:50:49.891	 0.89174541	19/45	    65	         N
 2:51:46.199	 0.89174541	19/45	    96	         N
 2:52:42.500	 0.89174541	19/45	    98	         N
  2:53:39.35	 0.89174541	19/45	   109	         N
 2:54:36.163	 0.89174541	19/45	   116	         N
  2:55:32.57	 0.89174541	19/45	    88	         N
 2:56:27.907	 0.82040578	20/45	    78	         N
  2:57:25.39	 0.82040578	20/45	    59	         N
 2:58:20.951	 0.82040578	20/45	   105	         N
 2:59:17.467	 0.82040578	20/45	   102	         N
  3:0:13.394	 0.82040578	20/45	    58	         N
   3:1:9.929	 0.82040578	20/45	   111	         N
   3:2:5.232	 0.82040578	20/45	    93	         N
    3:3:1.92	 0.82040578	20/45	    73	         N
  3:3:57.497	 0.82040578	20/45	    95	         N
  3:4:55.198	 0.82040578	20/45	   125	         N
  3:5:50.536	 0.75477332	21/45	    28	         N
  3:6:46.582	 0.75477332	21/45	    89	         N
  3:7:44.328	 0.75477332	21/45	    92	         N
  3:8:40.556	 0.75477332	21/45	    42	         N
  3:9:36.568	 0.75477332	21/45	    56	         N
 3:10:32.460	 0.75477332	21/45	    60	         N
 3:11:30.221	 0.75477332	21/45	   115	         N
 3:12:26.862	 0.75477332	21/45	    92	         N
 3:13:23.726	 0.75477332	21/45	    94	         N
 3:14:19.836	 0.75477332	21/45	    91	         N
 3:15:15.264	 0.69439145	22/45	    80	         N
 3:16:10.842	 0.69439145	22/45	    98	         N
  3:17:7.286	 0.69439145	22/45	    97	         N
  3:18:4.320	 0.69439145	22/45	   102	         N
  3:19:1.187	 0.69439145	22/45	    85	         N
 3:19:58.208	 0.69439145	22/45	    86	         N
 3:20:55.472	 0.69439145	22/45	   127	         N
 3:21:52.374	 0.69439145	22/45	    94	         N
 3:22:49.116	 0.69439145	22/45	    72	         N
 3:23:46.105	 0.69439145	22/45	    90	         N
 3:24:41.669	 0.63884014	23/45	    65	         N
 3:25:38.793	 0.63884014	23/45	    80	         N
 3:26:35.330	 0.63884014	23/45	    82	         N
 3:27:31.247	 0.63884014	23/45	    94	         N
 3:28:27.447	 0.63884014	23/45	    67	         N
 3:29:23.248	 0.63884014	23/45	    63	         N
  3:30:21.73	 0.63884014	23/45	   113	         N
 3:31:18.244	 0.63884014	23/45	   129	         N
 3:32:15.146	 0.63884014	23/45	    87	         N
 3:33:10.804	 0.63884014	23/45	    63	         N
  3:34:7.708	 0.58773292	24/45	   103	         N
   3:35:6.70	 0.58773292	24/45	   121	         N
  3:36:2.312	 0.58773292	24/45	    85	         N
 3:36:58.645	 0.58773292	24/45	    53	         N
 3:37:54.679	 0.58773292	24/45	    77	         N
 3:38:50.726	 0.58773292	24/45	   110	         N
 3:39:46.677	 0.58773292	24/45	    80	         N
 3:40:43.409	 0.58773292	24/45	    90	         N
 3:41:41.358	 0.58773292	24/45	    91	         N
 3:42:38.437	 0.58773292	24/45	    93	         N
 3:43:35.128	 0.54071429	25/45	    99	         N
 3:44:30.723	 0.54071429	25/45	    94	         N
 3:45:28.851	 0.54071429	25/45	    93	         N
 3:46:26.338	 0.54071429	25/45	    85	         N
  3:47:23.44	 0.54071429	25/45	    93	         N
 3:48:19.471	 0.54071429	25/45	   110	         N
 3:49:15.276	 0.54071429	25/45	    69	         N
 3:50:11.454	 0.54071429	25/45	    81	         N
  3:51:7.765	 0.54071429	25/45	   126	         N
  3:52:3.849	 0.54071429	25/45	    90	         N
  3:53:1.136	 0.49745715	26/45	    97	         N
 3:53:56.430	 0.49745715	26/45	    64	         N
 3:54:53.266	 0.49745715	26/45	    66	         N
 3:55:49.406	 0.49745715	26/45	    80	         N
 3:56:45.302	 0.49745715	26/45	    91	         N
 3:57:42.224	 0.49745715	26/45	   101	         N
 3:58:39.454	 0.49745715	26/45	    84	         N
 3:59:36.125	 0.49745715	26/45	   113	         N
  4:0:32.664	 0.49745715	26/45	   109	         N
  4:1:29.491	 0.49745715	26/45	   102	         N
  4:2:26.466	 0.45766058	27/45	    71	         N
  4:3:22.155	 0.45766058	27/45	    60	         N
  4:4:19.428	 0.45766058	27/45	   111	         N
  4:5:16.306	 0.45766058	27/45	    62	         N
   4:6:14.94	 0.45766058	27/45	    93	         N
  4:7:10.927	 0.45766058	27/45	   123	         N
   4:8:6.687	 0.45766058	27/45	   109	         N
   4:9:4.297	 0.45766058	27/45	    92	         N
  4:10:1.589	 0.45766058	27/45	   109	         N
 4:10:57.246	 0.45766058	27/45	    67	         N
 4:11:54.169	 0.42104773	28/45	    83	         N
 4:12:50.389	 0.42104773	28/45	    69	         N
  4:13:47.20	 0.42104773	28/45	    75	         N
 4:14:42.964	 0.42104773	28/45	    86	         N
 4:15:40.151	 0.42104773	28/45	   112	         N
 4:16:36.162	 0.42104773	28/45	    86	         N
 4:17:31.729	 0.42104773	28/45	    49	         N
 4:18:27.966	 0.42104773	28/45	    98	         N
 4:19:23.423	 0.42104773	28/45	    89	         N
 4:20:19.972	 0.42104773	28/45	    98	         N
 4:21:16.204	 0.38736391	29/45	    91	         N
 4:22:12.791	 0.38736391	29/45	   110	         N
  4:23:9.193	 0.38736391	29/45	    95	         N
  4:24:6.605	 0.38736391	29/45	    89	         N
  4:25:2.831	 0.38736391	29/45	    81	         N
 4:25:59.327	 0.38736391	29/45	    76	         N
 4:26:55.840	 0.38736391	29/45	    43	         N
 4:27:52.582	 0.38736391	29/45	   121	         N
 4:28:48.671	 0.38736391	29/45	    53	         N
 4:29:45.345	 0.38736391	29/45	    96	         N
  4:30:41.36	  0.3563748	30/45	    85	         N
 4:31:36.757	  0.3563748	30/45	    75	         N
 4:32:32.774	  0.3563748	30/45	    78	         N
 4:33:30.222	  0.3563748	30/45	    95	         N
 4:34:27.352	  0.3563748	30/45	    93	         N
 4:35:25.318	  0.3563748	30/45	   124	         N
 4:36:22.294	  0.3563748	30/45	    87	         N
 4:37:18.215	  0.3563748	30/45	    89	         N
 4:38:14.312	  0.3563748	30/45	    77	         N
  4:39:10.11	  0.3563748	30/45	    87	         N
  4:40:6.479	 0.32786481	31/45	    72	         N
  4:41:2.341	 0.32786481	31/45	    44	         N
  4:41:59.67	 0.32786481	31/45	    49	         N
 4:42:56.679	 0.32786481	31/45	    96	         N
  4:43:53.23	 0.32786481	31/45	    83	         N
 4:44:49.621	 0.32786481	31/45	    38	         N
 4:45:45.997	 0.32786481	31/45	   100	         N
 4:46:42.373	 0.32786481	31/45	    96	         N
  4:47:39.32	 0.32786481	31/45	    80	         N
 4:48:36.152	 0.32786481	31/45	    88	         N
 4:49:32.939	 0.30163563	32/45	    77	         N
 4:50:28.496	 0.30163563	32/45	    87	         N
 4:51:24.763	 0.30163563	32/45	    76	         N
 4:52:20.546	 0.30163563	32/45	    80	         N
 4:53:16.734	 0.30163563	32/45	    76	         N
 4:54:13.704	 0.30163563	32/45	    82	         N
 4:55:10.804	 0.30163563	32/45	    96	         N
  4:56:6.997	 0.30163563	32/45	    81	         N
  4:57:3.309	 0.30163563	32/45	   121	         N
  4:58:0.214	 0.30163563	32/45	   104	         N
 4:58:56.890	 0.27750478	33/45	   115	         N
 4:59:53.839	 0.27750478	33/45	    93	         N
  5:0:49.763	 0.27750478	33/45	    73	         N
   5:1:47.10	 0.27750478	33/45	    93	         N
  5:2:43.299	 0.27750478	33/45	    69	         N
  5:3:40.343	 0.27750478	33/45	    45	         N
  5:4:37.795	 0.27750478	33/45	    56	         N
  5:5:34.554	 0.27750478	33/45	   120	         N
  5:6:31.167	 0.27750478	33/45	    91	         N
  5:7:27.186	 0.27750478	33/45	    78	         N
  5:8:24.995	  0.2553044	34/45	   109	         N
  5:9:21.415	  0.2553044	34/45	    87	         N
 5:10:18.254	  0.2553044	34/45	    69	         N
 5:11:15.837	  0.2553044	34/45	    89	         N
  5:12:13.46	  0.2553044	34/45	    51	         N
  5:13:9.451	  0.2553044	34/45	   121	         N
  5:14:5.614	  0.2553044	34/45	    86	         N
  5:15:1.398	  0.2553044	34/45	    89	         N
 5:15:57.738	  0.2553044	34/45	    69	         N
 5:16:54.247	  0.2553044	34/45	    90	         N
 5:17:50.411	 0.23488004	35/45	    66	         N
 5:18:46.223	 0.23488004	35/45	   105	         N
 5:19:41.604	 0.23488004	35/45	    75	         N
 5:20:38.188	 0.23488004	35/45	   100	         N
 5:21:34.538	 0.23488004	35/45	    80	         N
 5:22:31.140	 0.23488004	35/45	    95	         N
  5:23:27.90	 0.23488004	35/45	    81	         N
