103 249 254 199 124 187 61 36 249 67 208 37 6 127 20 20 148

7 109 8 243 76 2 61 182 107 111 28 37 108 44 203 219 159

158 94 8 127 124 109 75 211 64 187 235 121 49 102 232 240 134

114 159 104 126 244 209 75 18 197 93 22 37 169 164 206 52 145

170 117 168 23 244 137 75 211 28 187 9 220 81 139 96 240 143

170 204 240 243 124 211 221 157 85 54 101 115 71 204 20 10 126

75 56 8 126 212 45 221 57 28 111 235 121 44 139 94 217 142

7 199 249 23 177 13 154 160 249 67 120 136 240 44 251 217 141

114 109 4 165 177 5 154 182 4 120 22 37 5 204 203 184 134

187 199 240 243 69 195 61 61 166 120 120 52 49 38 232 140 137

158 71 146 184 177 204 154 160 197 111 101 37 5 166 203 140 140

8 109 105 18 69 239 254 57 85 54 120 222 182 216 206 30 142

240 184 210 193 190 13 154 88 107 52 239 220 108 38 206 35 151

51 117 75 33 3 199 221 186 166 242 235 177 108 38 206 35 156

198 204 254 33 216 211 10 182 166 54 28 211 81 166 94 226 146

20 117 254 23 212 109 44 214 166 93 52 220 49 60 160 10 130

114 56 150 193 76 109 221 186 107 218 52 220 209 204 55 10 119

170 204 104 77 244 239 10 69 4 77 120 154 71 127 187 10 144

232 56 254 184 216 195 75 88 43 163 109 211 173 44 232 140 129

8 249 254 77 112 209 106 160 4 111 120 136 44 127 160 52 159

114 98 146 126 76 13 154 157 64 207 89 136 5 102 206 35 145

114 199 104 221 114 204 99 160 28 93 117 159 81 139 251 226 127

57 109 254 221 112 239 215 239 64 163 167 115 173 74 160 226 140

232 204 8 33 177 209 255 61 185 52 109 136 64 164 59 184 132

83 204 249 55 212 137 106 88 85 218 117 154 182 139 232 219 157

7 117 104 55 112 229 44 239 43 187 117 154 71 44 21 10 157

83 109 249 18 208 5 10 57 43 163 235 37 209 1 203 140 146

158 199 75 77 208 65 221 239 107 242 235 136 182 127 251 20 135

114 56 150 127 190 211 106 157 28 77 167 211 182 44 206 217 144

187 249 254 126 212 5 1 69 64 67 173 222 71 44 21 131 150

198 199 240 165 244 2 221 211 107 163 120 136 169 216 160 30 152

75 204 168 184 213 204 99 239 185 52 167 112 232 44 206 217 151

170 184 146 193 212 5 192 211 107 93 117 211 71 166 59 225 141

198 204 249 126 3 195 255 186 4 17 95 193 212 232 232 140 137

240 109 218 184 213 65 1 214 43 242 52 220 209 44 21 10 151

240 98 75 33 112 204 154 157 249 77 173 52 173 127 160 219 137

114 199 4 77 208 45 106 211 185 52 239 52 209 74 187 30 126

83 199 105 243 76 195 192 157 28 52 167 37 240 74 160 140 145

8 204 8 199 76 187 1 182 197 77 109 220 6 164 80 219 133

8 117 240 77 190 109 192 57 4 187 9 112 64 216 206 29 133

240 98 210 165 244 199 230 186 43 54 235 211 49 184 21 52 142

7 94 75 126 213 109 221 214 206 67 117 115 44 204 55 217 132

187 117 8 193 190 2 106 36 43 83 109 37 6 164 160 30 141

83 109 8 184 114 13 75 88 166 187 117 159 6 216 206 225 125

8 98 146 221 19 45 1 211 206 207 239 136 212 74 251 10 145

57 94 254 23 244 45 221 186 64 67 9 115 182 74 55 225 132

20 94 210 18 190 229 255 18 107 207 235 177 108 216 94 217 154

7 94 8 165 114 5 10 88 4 218 173 52 108 204 206 29 131

8 117 4 23 244 239 99 69 85 52 239 193 64 166 232 10 159

7 199 75 33 69 209 221 160 136 77 239 37 5 60 80 219 146

7 184 146 125 208 13 61 214 225 207 109 37 232 102 20 96 164

103 71 104 77 114 204 230 88 249 83 109 112 44 216 55 131 154

57 199 240 165 216 195 61 18 85 67 9 121 209 102 55 20 147

114 56 254 77 76 65 10 211 185 120 208 220 212 232 21 52 147

170 109 146 23 212 137 44 186 225 97 239 154 81 166 206 225 
170 71 8 193 216 239 215 61 253 163 101 115 232 1 206 52 125

114 94 4 126 69 2 99 18 249 120 208 52 240 102 59 52 164

75 109 254 127 213 13 254 239 197 97 89 193 44 60 55 30 142

198 56 4 23 177 204 99 186 28 54 239 37 6 127 80 140 156

170 159 104 55 190 65 221 211 3 17 101 37 108 127 112 219 129

187 98 218 77 208 5 255 160 28 52 208 121 108 166 251 35 129

57 202 218 55 177 229 221 57 107 187 22 220 5 166 206 35 154

240 109 218 33 19 109 255 182 43 97 239 37 182 232 203 184 151

20 98 4 127 112 239 192 239 43 187 22 112 169 1 21 131 142

83 202 75 184 19 204 154 157 253 83 52 136 6 164 203 240 149

57 159 75 199 208 209 221 182 4 120 235 136 81 139 206 240 146

20 249 249 184 76 65 221 186 43 93 95 112 44 74 55 52 148

20 56 104 221 76 195 75 182 85 67 239 193 240 102 80 131 156

51 184 150 33 112 211 221 157 3 242 89 154 81 1 187 184 155

198 199 8 18 76 65 75 186 43 120 208 222 173 184 55 35 138

187 56 210 193 212 239 75 160 249 67 28 220 240 38 112 131 155

57 109 150 243 76 13 1 88 28 163 95 37 108 232 160 30 136

57 249 249 77 216 5 10 18 64 163 235 121 64 60 80 20 146

114 98 8 33 76 45 215 88 136 207 208 159 49 60 59 225 146

20 71 8 126 124 137 1 18 107 242 235 52 209 74 203 131 141

114 94 168 125 69 195 215 182 85 207 167 136 212 139 21 29 144

7 204 218 55 114 239 230 88 166 187 239 220 64 44 112 240 145

187 117 210 243 212 2 1 88 28 52 235 37 240 164 251 225 155

114 94 218 23 114 5 75 57 225 77 120 159 6 102 203 131 145

83 199 168 55 19 45 215 214 85 17 52 37 182 44 94 30 137

232 98 146 126 124 5 254 239 136 218 120 52 108 74 206 225 163

158 109 249 243 3 187 75 36 166 77 28 115 173 216 94 219 146

7 71 8 184 114 195 254 211 185 77 89 177 209 166 112 226 132

103 94 240 221 216 45 221 214 4 218 173 121 49 60 112 10 134

20 117 4 23 216 5 99 214 107 163 109 115 5 74 232 140 136

158 117 75 77 212 45 99 182 225 67 9 121 49 164 55 52 148

170 117 146 184 190 137 99 61 28 163 28 52 64 60 112 226 136

20 204 105 125 244 199 192 211 166 111 208 37 212 184 160 29 140

7 199 8 18 69 209 221 211 206 163 120 121 49 216 232 30 161

240 98 146 193 216 13 99 186 166 120 167 121 6 102 160 219 142

51 94 218 23 3 211 10 186 85 67 28 112 182 204 203 240 130

170 202 240 184 212 137 154 214 197 242 239 222 49 166 203 131 146

232 249 249 126 208 239 192 186 28 17 235 154 182 204 55 140 129

198 71 4 77 3 187 254 182 225 54 235 37 240 44 74 35 149

114 109 8 193 190 187 44 57 43 83 52 154 232 60 206 184 147

83 71 8 77 112 199 99 57 4 83 22 37 49 102 80 29 142

170 199 105 184 208 204 255 157 185 187 109 220 6 60 55 10 132

57 249 75 23 114 13 44 88 64 67 9 177 108 102 187 35 134

51 204 218 193 216 137 221 57 85 97 120 37 44 184 96 35 146

103 71 240 125 213 13 230 186 206 52 95 154 44 204 96 225 137

75 56 75 126 19 195 254 157 4 93 120 222 173 102 96 35 154

75 109 105 77 19 109 254 160 43 93 89 220 108 60 232 30 134

83 56 249 127 112 199 154 186 28 83 235 52 81 44 96 140 142

232 56 105 126 76 239 192 61 249 54 120 154 49 232 160 140 156

240 184 102 221 76 2 192 214 185 187 52 115 44 38 80 52 138

114 199 4 200 114 65 254 157 43 163 22 220 6 204 232 96 151

7 94 75 55 124 195 154 186 166 67 28 220 6 166 112 217 134

20 202 4 126 76 199 215 211 3 111 117 52 6 139 74 10 135

8 159 8 127 76 229 75 88 206 187 89 115 240 139 59 10 136

20 184 146 126 216 187 61 36 253 97 173 121 212 204 251 96 130

8 94 254 126 208 199 254 69 4 207 167 112 5 38 74 52 138

20 98 75 33 177 239 221 160 4 83 208 136 44 44 55 20 153

198 98 150 33 213 187 106 36 253 93 235 154 49 1 232 52 142

232 249 102 77 244 109 61 18 197 67 173 222 6 127 232 29 136

103 109 102 77 76 2 255 36 43 218 208 177 6 44 251 29 134

170 249 102 18 69 211 10 61 166 163 22 37 64 139 55 10 139

20 117 150 77 177 195 254 88 136 77 235 121 49 139 232 20 173

187 199 168 77 124 65 75 211 206 111 95 37 240 102 96 20 144

7 98 218 125 190 2 44 61 3 52 239 37 169 102 251 226 157

83 98 102 199 3 65 255 69 107 54 167 37 209 164 96 184 142

75 202 104 184 112 204 215 69 136 93 117 222 64 216 74 184 140

7 56 150 184 76 13 1 239 28 17 167 115 169 38 59 131 124

232 117 218 23 190 204 254 36 28 242 120 193 209 164 206 35 147

187 204 218 165 244 2 215 186 185 67 208 220 232 60 20 240 147

20 117 240 221 114 2 255 160 249 111 101 37 64 184 203 35 146

51 159 240 243 190 137 44 36 185 97 109 220 232 38 59 240 123

114 249 102 165 213 65 61 211 64 67 22 159 108 102 21 35 158

57 184 210 125 190 211 10 211 3 77 89 220 169 164 187 131 136

83 249 8 184 190 45 44 182 3 93 22 52 209 60 21 226 159

83 199 249 243 112 204 192 36 253 120 117 220 71 164 206 20 137

158 56 104 165 244 195 254 239 28 52 208 220 240 127 59 35 150

57 117 168 199 190 2 221 211 3 163 173 37 71 184 94 29 150

8 159 146 33 190 13 221 36 253 17 208 211 108 44 20 226 143

240 199 254 18 216 5 254 61 85 52 22 112 173 1 21 96 148

240 109 150 126 177 211 44 88 136 187 173 211 108 204 96 52 141

20 71 210 126 3 137 99 211 43 52 167 154 182 102 94 52 146

158 109 210 33 19 13 215 211 43 120 101 154 232 74 94 184 146

240 117 240 23 208 229 61 88 3 54 235 121 6 164 203 217 135

232 98 105 221 244 239 215 36 249 120 239 220 212 102 203 29 124

83 249 75 23 19 45 1 18 64 54 208 121 81 60 187 240 140

51 159 75 55 208 137 221 69 166 242 52 220 173 60 203 217 148

103 199 240 199 244 109 75 18 197 54 22 154 232 102 251 20 152

83 94 210 193 76 199 106 36 206 17 235 159 49 102 232 30 155

103 56 105 184 208 109 75 18 43 52 9 220 71 216 94 217 148

114 109 254 126 3 65 192 160 28 207 109 136 232 1 21 29 132

240 117 146 221 213 199 61 214 166 67 173 52 173 38 251 226 146

51 117 8 184 76 13 221 69 28 17 101 154 108 38 251 52 146

240 249 240 125 69 209 99 57 85 218 28 154 6 38 74 240 150

187 109 249 18 69 109 254 211 64 207 95 220 44 139 96 10 129

187 117 75 23 177 229 221 186 64 93 120 52 81 164 187 131 130

83 98 105 200 177 2 10 182 206 111 101 37 49 44 251 217 143

158 199 254 193 76 195 215 214 85 111 95 159 173 232 96 240 142

75 184 105 77 19 109 230 239 206 111 117 211 5 204 21 140 151

232 98 240 243 19 209 75 186 85 17 120 37 71 166 80 29 139

232 202 210 33 69 45 221 69 197 218 117 222 6 184 96 35 155

232 199 254 221 19 211 255 157 136 163 9 193 81 216 251 240 126

198 199 105 165 190 109 10 214 64 52 9 37 232 184 94 30 144

8 249 105 184 76 239 1 239 4 17 22 177 182 127 21 30 158

57 94 240 184 76 195 192 239 249 163 117 136 240 127 21 30 143

8 109 240 165 124 65 255 57 64 17 95 136 71 74 206 184 139

83 202 146 165 190 204 10 160 225 111 239 220 232 74 203 240 139

187 109 240 165 76 209 106 157 85 17 95 136 173 139 187 219 151

232 159 210 125 76 109 99 61 225 83 9 159 169 204 55 35 134

114 56 146 33 3 45 221 18 197 207 9 220 108 102 203 20 159

232 159 240 200 114 211 255 239 225 97 9 220 232 102 80 240 155

103 199 150 18 190 137 192 36 28 163 208 220 212 166 96 29 153

103 94 146 125 216 211 230 186 166 77 101 154 108 204 232 35 143

75 199 8 200 216 195 230 57 28 187 22 193 240 216 96 184 157

158 202 254 18 114 137 254 211 28 93 167 121 108 38 96 35 163

20 199 8 18 69 187 1 160 225 93 167 220 108 216 232 35 165

7 109 8 200 190 239 154 186 136 67 173 136 209 102 20 225 132

7 204 254 126 69 65 1 61 185 242 95 37 49 184 55 219 156

57 117 254 18 19 199 1 211 185 77 52 115 240 60 21 217 140

7 202 8 127 208 229 10 160 28 218 22 121 49 184 160 29 156

170 98 249 193 112 187 254 18 249 207 117 193 44 204 206 96 143

8 184 150 55 213 45 75 36 197 163 28 52 44 102 80 35 135

103 184 254 18 69 109 106 186 136 17 235 211 44 74 55 29 147

187 71 75 200 114 239 44 36 185 242 101 37 64 74 112 140 164

57 109 168 18 76 239 215 57 43 111 109 121 209 1 206 10 130

75 94 218 126 114 195 106 214 225 242 109 154 5 166 96 20 146

57 184 150 126 212 195 106 88 3 207 95 177 169 184 21 35 161

103 199 210 199 19 199 75 69 253 218 239 159 44 102 232 219 137

75 71 102 18 76 211 230 36 225 83 28 222 169 44 59 52 140

83 98 240 18 216 2 215 214 43 97 109 115 6 232 187 225 129

232 249 249 184 212 137 106 182 28 77 22 159 240 74 74 131 146

57 199 75 221 212 5 230 18 136 207 235 220 71 204 206 240 132

20 117 249 125 76 109 221 160 249 120 167 154 182 216 20 20 133

158 117 249 200 124 187 215 160 197 187 117 136 240 1 55 217 142

170 202 249 127 124 45 44 211 225 120 9 222 212 232 251 240 161

170 109 105 184 3 239 44 211 107 242 173 222 173 204 21 225 121

83 159 240 126 114 199 254 211 64 67 95 159 212 102 160 20 127

187 249 8 127 216 2 75 69 185 93 167 121 81 204 112 29 148

57 117 240 199 244 13 192 214 185 83 167 211 108 102 96 96 
240 204 102 77 76 5 44 186 166 54 89 154 71 102 160 226 136

57 249 75 165 213 199 254 182 197 54 167 136 5 74 74 225 
20 56 254 55 216 65 106 57 225 111 28 220 182 164 187 52 136

83 109 105 125 112 45 106 160 28 67 95 177 5 164 112 219 145

103 184 240 127 112 239 44 211 225 187 28 112 212 74 96 10 140

57 98 104 23 114 137 10 186 206 120 117 115 232 38 112 52 139

75 204 104 127 216 239 154 160 185 111 235 220 182 44 96 217 129

57 202 254 221 212 137 44 186 197 163 95 115 108 232 203 35 148

83 94 249 221 212 137 255 211 166 242 52 136 240 102 94 35 134

240 204 249 193 76 204 10 214 43 207 52 121 232 184 160 30 131

8 202 249 33 19 109 215 211 85 77 167 37 49 232 55 240 146

83 159 8 200 3 209 10 57 43 218 101 154 81 102 55 219 148

20 117 150 77 216 45 254 186 4 93 208 222 81 38 94 30 154

8 117 104 77 244 195 61 36 206 97 52 121 169 139 94 140 137

7 109 8 125 213 187 230 57 4 77 28 220 232 139 112 20 133

51 202 75 127 76 109 221 61 253 187 109 37 108 1 160 226 140

7 159 240 199 76 137 192 182 3 83 89 121 182 102 232 20 136

7 109 249 18 208 199 255 214 28 242 95 222 212 44 80 140 140

198 184 102 127 213 109 192 239 225 52 95 154 44 38 206 35 133

57 109 150 77 190 13 254 186 225 111 235 115 212 127 96 52 130

114 159 210 193 19 211 106 160 197 17 208 193 169 216 20 184 150

20 117 240 200 208 13 221 239 107 218 208 37 169 102 251 10 147

83 56 104 33 212 5 192 211 64 67 208 112 6 164 203 29 136

20 98 240 243 177 5 192 211 43 17 101 211 44 102 59 225 136

57 202 75 23 124 45 221 160 197 97 173 52 209 44 80 35 143

51 117 218 127 190 65 61 61 206 54 9 222 71 127 96 10 146

8 199 168 77 212 204 44 57 4 93 239 136 71 216 203 20 167

170 249 249 184 76 204 61 160 85 83 89 220 182 38 251 184 145

198 94 8 125 216 195 10 18 197 83 89 121 6 127 94 10 159

240 184 4 221 76 195 254 69 185 242 235 211 232 74 232 240 136

83 117 104 199 76 5 254 182 3 207 28 121 6 102 187 219 155

158 117 168 184 19 5 99 36 253 77 117 211 212 139 187 96 150

240 199 254 199 69 187 99 157 64 93 9 193 49 139 206 52 159

8 98 210 18 69 239 221 239 185 111 120 115 44 127 20 131 138

83 199 102 243 212 137 230 69 225 52 235 154 169 184 160 217 147

232 98 168 221 112 187 221 239 107 120 52 222 209 127 96 184 147

7 71 4 127 19 211 215 186 197 207 167 211 108 216 55 10 153

103 199 150 200 76 137 61 36 166 93 109 222 71 60 112 226 144

232 204 105 199 112 211 154 88 206 120 239 211 64 38 203 240 141

7 71 102 55 244 109 99 69 28 54 89 193 108 127 160 30 146

83 94 249 200 177 137 215 186 197 163 117 211 173 232 74 20 127

7 199 168 18 216 199 254 214 43 111 109 177 6 184 160 96 154

232 109 102 127 69 187 99 36 225 242 208 37 209 139 55 131 148

83 199 218 33 112 13 75 18 197 97 95 220 182 216 160 52 132

114 199 249 126 213 211 154 157 249 77 117 121 71 216 59 219 143

170 204 8 193 216 109 255 211 85 67 52 121 212 204 251 10 145

83 199 105 23 76 137 221 211 4 54 95 220 212 102 55 30 137

158 199 8 33 124 5 215 186 64 17 95 115 6 74 59 52 160

8 159 210 126 124 199 1 36 197 17 89 220 6 102 206 219 149

75 184 146 200 114 199 230 57 249 242 208 115 212 166 96 96 148

158 71 104 221 208 211 230 18 28 77 173 121 209 1 55 217 140

103 98 104 55 76 13 10 61 107 163 208 121 81 184 160 217 143

114 199 249 23 212 5 230 57 3 97 101 136 232 44 232 225 154

8 204 75 126 213 5 221 69 4 67 109 177 71 204 187 29 141

158 199 104 23 76 13 106 18 225 67 120 222 108 127 55 29 140

8 199 218 165 208 45 61 61 107 120 52 220 169 184 203 35 
198 71 8 33 216 199 44 239 206 218 167 159 169 184 20 240 157

75 204 150 193 213 187 75 88 136 120 117 177 71 44 94 29 127

198 71 4 33 213 195 10 186 85 242 117 220 5 166 59 219 140

232 249 104 125 69 195 230 18 206 67 167 121 64 184 96 29 156

198 159 168 33 124 239 1 18 197 83 239 112 182 44 203 240 136

83 117 75 125 69 45 99 160 28 187 52 220 173 60 96 96 143

51 98 254 184 76 187 255 239 3 218 208 193 5 102 112 226 141

170 117 104 18 19 199 1 61 64 207 9 211 5 216 232 140 146

114 204 102 55 114 209 154 18 136 120 173 52 182 44 80 184 149

8 98 102 221 177 211 75 88 197 67 109 37 182 1 96 240 134

51 204 240 127 114 187 230 57 166 120 239 220 212 102 59 30 127

187 204 249 77 177 239 75 18 64 218 95 115 6 164 232 140 147

83 117 8 193 124 229 10 211 107 120 109 220 182 102 206 140 144

240 199 249 55 212 204 221 88 28 111 239 222 108 74 187 184 151

103 199 8 125 112 137 154 18 253 163 173 112 182 127 112 219 148

158 249 104 184 244 187 1 239 107 120 235 115 232 184 74 29 140

170 94 8 221 112 45 106 186 197 83 120 220 240 74 187 35 168

232 204 102 200 177 229 10 211 136 17 109 52 108 139 251 225 136

51 199 105 33 216 195 254 186 166 77 235 211 212 102 251 219 159

83 98 168 33 213 199 75 211 64 93 173 37 44 184 96 96 152

232 199 240 184 19 199 221 239 249 187 235 112 232 102 160 30 128

240 98 105 125 76 239 215 61 4 111 173 37 108 1 94 219 152

83 56 146 33 3 239 99 57 64 111 167 159 169 60 160 140 144

75 204 8 18 124 211 154 18 64 242 120 211 5 232 74 140 137

83 117 102 126 212 65 99 57 4 77 117 222 209 166 21 219 153

75 199 146 33 76 137 75 211 253 97 173 220 209 216 206 219 
20 202 168 55 76 109 99 211 225 111 167 136 232 74 112 96 130

7 199 75 184 177 239 154 61 43 207 208 220 212 74 94 96 134

170 94 4 127 190 211 230 61 43 187 101 52 173 204 96 219 154

198 159 4 77 76 211 44 182 28 187 208 222 232 216 21 30 139

187 249 249 165 114 2 61 36 28 120 95 220 71 139 20 217 136

114 204 254 55 244 13 44 157 225 242 208 112 209 60 232 10 149

114 117 150 77 114 2 215 186 43 93 235 222 49 166 203 20 137

232 94 146 18 216 209 255 211 136 52 120 159 169 74 55 30 139

240 117 75 77 208 239 10 186 253 163 208 121 182 102 59 29 144

114 199 210 18 190 211 1 57 197 52 120 154 71 216 206 52 130

57 94 75 199 216 239 75 18 107 52 22 37 71 232 187 29 157

240 199 8 199 69 45 192 186 249 207 173 136 209 102 74 10 139

103 71 104 125 177 65 154 186 253 83 9 112 169 102 80 184 126

240 159 168 127 177 109 99 239 28 111 9 222 5 166 232 35 128

114 249 105 125 124 211 254 61 43 97 52 115 5 60 21 225 156

57 199 210 184 212 137 215 57 107 120 9 52 173 216 251 96 139

198 94 254 125 216 199 221 18 3 77 52 112 212 60 206 226 154

8 117 4 199 213 204 221 186 206 218 109 136 44 102 232 225 136

57 109 75 125 244 137 221 182 253 207 89 159 182 204 112 35 132

198 109 150 199 216 5 10 57 206 67 173 159 71 1 232 131 126

232 71 8 77 216 229 221 211 4 207 167 177 71 102 232 52 156

114 159 105 126 76 45 99 61 249 163 22 177 212 204 74 96 147

170 117 218 184 190 2 221 36 28 187 120 37 49 204 112 20 134

170 184 218 199 213 204 10 214 43 97 167 211 232 38 160 184 130

75 117 240 33 208 137 254 36 4 52 28 220 173 184 55 52 145

187 94 168 125 208 211 221 157 3 67 22 211 182 216 59 131 145

170 202 240 18 69 195 192 186 28 93 208 154 240 204 112 140 150

8 159 249 77 213 5 254 160 185 163 167 220 232 164 74 219 137

240 249 146 33 76 204 254 157 28 17 167 220 71 102 203 184 139

114 202 240 77 76 239 254 88 43 242 101 220 169 204 232 29 145

187 199 102 165 124 204 192 18 197 77 89 220 209 139 74 131 133

198 202 218 126 216 65 99 214 136 163 235 159 182 164 251 35 135

7 117 218 127 177 109 61 57 107 83 28 37 108 38 74 219 154

187 199 249 127 76 13 99 61 3 54 28 193 169 184 20 184 138

170 199 254 18 76 187 215 69 64 97 239 220 169 164 203 225 126

103 199 210 77 19 239 230 211 249 187 120 136 182 166 160 35 138

187 109 240 126 76 137 215 211 197 120 117 220 209 102 94 217 161

20 249 8 55 212 137 75 18 206 163 101 193 49 164 251 219 150

158 71 8 18 212 45 1 182 3 93 117 193 108 232 203 184 151

187 249 104 23 213 137 221 186 225 111 52 112 44 127 94 219 147

114 204 146 127 124 187 192 186 206 52 173 37 169 184 160 219 161

51 199 150 199 19 109 255 61 197 93 239 177 108 38 59 140 138

57 199 104 127 114 2 230 182 136 17 101 121 169 232 96 131 147

7 109 168 23 190 13 230 57 3 54 95 220 6 164 80 29 142

240 204 4 184 244 195 215 36 28 17 22 115 212 232 80 184 146

240 56 249 127 69 137 1 61 225 93 173 159 81 166 232 96 141

232 71 218 77 69 5 154 157 185 93 95 222 49 164 206 30 135

75 184 8 165 69 2 1 160 253 163 52 136 81 1 187 184 138

232 184 102 126 212 65 1 88 197 163 22 220 232 127 94 131 142

75 199 150 193 213 2 61 18 166 111 109 159 71 127 20 131 149

83 117 146 126 76 195 61 186 107 93 167 220 71 74 206 35 168

20 56 8 125 177 195 154 186 249 187 117 193 173 127 20 184 138

158 98 8 193 69 199 215 239 4 67 239 220 173 232 74 131 153

187 204 210 126 213 204 192 88 43 187 120 211 64 184 232 184 143

75 71 146 33 114 109 221 36 28 242 173 37 6 204 160 226 151

198 199 168 23 208 239 255 186 197 242 101 177 6 216 203 10 142

170 109 8 77 19 45 75 88 107 207 22 177 232 139 112 10 129

114 98 218 18 216 229 221 57 249 242 208 121 6 44 20 96 153

114 94 240 221 114 5 154 69 85 187 120 37 5 38 206 217 150

232 117 4 200 19 45 44 61 43 77 173 115 108 204 55 131 130

114 184 249 23 76 65 192 57 185 67 208 220 182 232 74 140 128

8 249 75 77 19 229 254 61 43 52 235 222 212 60 74 226 135

198 117 168 55 190 209 230 160 206 120 173 193 232 164 74 29 137

51 202 105 23 177 195 99 186 185 207 235 211 232 232 20 219 161

103 249 210 127 112 5 154 69 136 218 173 37 81 164 232 140 148

187 117 146 33 19 204 61 57 43 218 101 211 212 232 80 35 153

158 249 8 18 124 187 106 69 28 242 117 220 212 232 187 240 133

57 109 146 33 208 204 230 214 197 187 117 136 209 164 74 52 140

232 56 8 55 213 45 1 182 4 67 28 37 232 164 112 96 144

114 202 249 127 216 211 215 160 4 207 89 193 64 60 21 10 140

51 249 4 55 244 2 44 57 85 163 101 121 49 127 21 131 129

83 56 240 184 208 2 215 186 136 54 117 121 182 74 20 10 166

8 199 105 77 216 5 99 18 4 97 239 37 240 164 112 184 145

198 159 210 221 177 195 254 182 197 54 101 177 209 127 94 219 146

51 184 8 125 76 109 221 157 43 111 239 115 232 164 187 184 168

51 184 249 221 112 109 75 157 206 120 109 220 5 44 112 96 165

170 109 150 18 208 229 221 211 206 111 22 211 212 139 80 226 149

83 249 8 221 213 45 106 182 253 52 28 177 64 38 160 35 147

103 199 254 55 69 187 215 36 3 207 239 193 81 74 80 20 129

8 94 168 199 3 137 106 211 28 207 101 37 240 38 203 226 135

240 199 210 193 213 195 10 211 249 52 9 222 44 102 206 184 154

198 199 168 23 69 45 44 239 107 17 167 121 81 139 187 219 148

20 71 249 18 177 209 99 214 185 54 167 193 182 44 206 29 152

51 184 75 77 76 187 255 186 197 67 9 220 5 74 59 225 149

20 159 254 23 3 5 99 160 4 17 120 112 6 60 55 140 127

83 199 105 77 212 45 215 239 107 120 9 136 240 204 21 30 155

20 109 210 193 124 195 221 211 206 111 117 211 6 60 55 217 159

51 159 150 199 3 65 221 88 136 207 52 115 6 102 187 225 136

57 56 249 77 244 209 221 211 185 54 239 37 182 44 187 217 136

75 117 104 33 76 229 154 214 3 218 239 220 240 164 160 96 137

114 249 102 18 3 137 221 157 206 83 101 112 232 166 206 35 151

20 117 254 126 190 211 99 69 85 111 117 52 108 232 21 20 150

7 204 146 55 190 13 221 69 3 67 239 37 173 216 74 29 132

187 184 8 77 114 187 61 18 136 207 95 220 212 184 232 240 138

114 56 105 18 114 187 75 157 43 93 235 211 169 44 203 30 142

240 202 240 165 212 2 192 186 253 83 208 112 6 166 160 219 140

198 94 8 55 212 229 254 182 225 67 208 220 108 216 96 29 133

83 184 75 55 213 45 99 69 64 242 120 177 71 139 203 52 135

240 109 249 77 213 209 221 57 136 207 173 121 173 164 20 217 145

170 117 75 55 216 65 254 160 197 242 28 136 71 204 94 140 136

8 184 146 55 208 229 106 36 85 242 101 52 173 60 206 225 161

83 249 146 200 212 13 221 214 185 187 239 37 49 102 206 225 148

8 56 210 165 244 229 215 182 206 52 117 37 44 232 74 217 147

114 202 240 243 76 204 106 69 185 242 167 115 209 60 206 131 136

170 159 102 184 212 229 61 157 136 111 208 112 108 44 203 226 147

158 159 254 165 244 199 255 211 253 77 239 37 212 127 21 140 127

170 199 254 127 69 65 221 88 249 52 9 112 212 44 74 219 149

170 109 240 55 190 45 230 211 136 52 235 222 169 102 74 29 144

232 184 150 18 216 45 215 186 166 17 235 37 232 44 59 35 147

158 204 218 200 177 5 61 182 28 67 52 112 209 166 96 35 133

57 184 210 55 213 187 106 157 136 83 95 193 169 216 96 226 160

57 204 105 243 213 45 44 69 85 77 208 37 44 216 206 217 146

7 117 210 18 124 195 255 239 43 54 173 112 212 44 74 217 162

240 117 210 243 213 2 106 36 3 97 239 112 232 204 203 10 154

83 199 210 55 177 209 192 18 225 187 208 222 209 44 112 217 144

75 98 4 55 190 211 230 88 28 93 109 220 232 184 187 96 143

103 204 8 199 213 199 255 88 107 163 101 159 64 102 96 184 133

8 98 146 18 124 2 192 160 206 242 120 37 212 102 203 240 124

158 249 4 33 213 65 192 182 4 111 52 193 232 60 20 219 123

20 184 218 165 3 195 230 69 197 17 117 222 173 102 74 131 142

83 184 4 77 76 211 44 211 43 52 239 222 71 127 74 29 134

232 117 75 18 114 204 230 88 107 83 89 115 212 216 94 219 144

57 184 168 18 76 209 230 160 225 93 167 159 182 166 94 226 146

57 199 168 184 76 204 221 157 197 187 239 177 5 74 160 240 139

158 109 8 200 69 211 255 88 166 97 120 211 49 216 203 35 130

198 184 105 200 76 239 75 214 136 17 208 121 232 102 21 20 152

158 202 105 184 3 45 75 214 3 17 52 136 209 102 94 30 109

114 71 218 126 19 239 254 61 43 83 239 193 173 164 206 52 145

114 199 105 125 213 5 192 88 206 17 95 222 232 204 232 30 136

51 204 254 199 177 199 192 61 185 97 22 136 64 1 160 30 137

103 159 254 18 177 109 1 186 249 83 101 154 169 232 96 131 142

7 199 4 125 177 211 254 69 206 111 235 220 240 127 55 96 132

20 71 240 18 244 2 215 88 206 111 9 159 44 74 20 225 126

7 109 150 193 124 137 230 211 197 111 52 37 5 44 80 131 155

51 98 254 125 208 195 61 36 4 120 208 112 108 204 20 20 152

240 249 146 55 112 204 99 239 249 163 109 112 64 38 160 240 150

232 184 8 33 212 187 230 211 3 77 208 136 209 232 96 140 148

57 56 254 243 19 199 44 182 206 120 109 220 81 102 251 30 143

198 109 8 243 19 109 221 186 28 54 95 220 173 204 74 20 139

57 56 102 127 19 239 75 186 206 77 9 159 71 139 160 10 136

75 109 254 127 208 199 99 186 136 218 52 37 232 204 94 217 151

170 117 249 199 244 65 154 157 197 207 95 37 173 139 59 20 147

7 199 4 200 114 137 221 186 136 187 120 121 169 44 187 184 147

158 56 75 165 244 187 44 211 197 120 52 37 81 74 203 96 161

103 98 104 221 208 2 75 186 206 52 9 115 182 74 55 52 133

240 199 75 33 3 195 192 36 249 83 52 193 64 216 20 219 139

75 94 210 126 216 109 215 186 225 120 9 112 212 164 187 10 141

158 199 104 125 216 239 215 69 43 93 52 136 209 139 20 10 139

114 109 8 199 213 137 255 57 197 242 101 52 169 44 59 217 135

7 117 105 165 114 137 215 211 3 67 235 211 6 204 74 96 155

51 199 254 193 76 187 154 186 64 17 235 115 71 166 20 30 141

198 199 4 243 177 195 106 214 43 93 28 52 71 232 55 225 157

7 56 8 243 208 199 154 61 107 207 109 211 209 164 59 131 143

232 184 75 33 213 209 255 211 225 93 235 37 240 127 20 226 152

83 109 75 126 3 204 99 211 85 83 101 154 81 102 55 29 134

57 199 240 18 244 229 10 211 206 93 167 112 182 102 206 131 149

232 184 146 33 112 199 254 211 85 83 101 159 64 166 251 240 147

51 249 105 127 76 199 106 157 3 218 101 112 49 232 187 52 155

103 109 249 127 69 65 221 157 107 52 101 159 44 164 251 240 152

114 98 240 165 212 137 221 57 249 97 173 222 232 102 206 52 132

158 159 218 33 208 45 230 88 107 17 117 220 44 139 21 217 130

158 98 210 55 69 195 230 214 185 83 239 37 64 127 55 131 133

114 94 102 125 76 239 221 186 136 207 28 193 5 184 251 226 141

187 109 146 200 112 195 254 182 185 242 239 193 6 1 112 52 136

158 249 168 23 177 5 75 239 85 54 120 121 5 166 112 140 145

103 98 104 200 216 65 230 88 197 67 9 136 64 166 20 184 148

198 71 254 165 244 13 221 186 3 207 95 115 169 74 112 20 164

51 109 104 55 76 13 154 160 185 120 9 112 240 139 187 96 130

170 98 105 33 3 187 221 186 107 83 95 52 44 127 20 225 142

187 199 102 243 69 65 106 211 3 120 235 220 240 232 96 226 149

75 199 75 127 3 239 106 36 107 207 109 121 6 184 55 131 129

103 109 75 200 114 5 61 69 249 207 167 154 173 139 20 52 145

7 159 8 127 124 195 99 36 136 242 101 154 49 1 21 30 138

8 94 240 127 69 195 254 88 43 120 89 112 182 184 80 217 152

20 109 150 221 112 187 75 157 225 93 109 222 182 216 187 184 139

198 94 249 125 3 239 221 211 206 111 89 220 240 44 112 29 133

103 184 218 193 76 211 230 214 206 67 167 159 81 102 96 240 157

7 202 210 221 124 2 215 61 253 187 120 112 64 102 59 217 141

198 109 210 165 244 229 44 57 206 17 52 220 71 44 232 96 156

187 117 102 33 177 5 221 69 253 218 22 177 108 102 187 225 147

158 117 210 77 19 187 10 186 166 120 9 115 212 127 232 140 144

232 71 105 221 212 239 215 211 206 207 208 37 169 184 55 35 138

8 109 75 125 208 239 254 182 4 17 167 52 232 1 94 225 154

75 117 249 18 212 229 61 18 166 67 101 222 81 127 20 20 138

51 98 218 243 208 109 254 211 85 17 173 115 71 164 55 30 148

232 184 8 125 76 204 154 157 166 67 117 115 108 102 96 240 152

187 202 8 165 76 229 255 186 28 17 101 193 232 164 74 240 151

20 199 105 33 177 45 230 211 225 207 52 159 5 232 187 240 146

75 202 210 23 76 2 1 182 197 111 120 52 49 164 20 184 134

51 109 8 193 190 5 44 88 206 77 167 193 209 74 74 140 151

20 109 105 193 3 229 1 157 43 163 52 220 169 1 55 240 149

20 109 8 193 212 13 1 186 136 83 235 37 232 232 206 29 163

103 117 8 184 244 45 106 18 197 187 52 211 182 127 20 52 138

240 109 168 33 114 195 221 157 28 242 109 177 6 232 206 226 149

187 117 105 18 114 5 221 57 166 111 120 121 209 74 96 20 145

7 94 249 184 114 13 75 239 136 120 117 220 173 139 94 10 151

83 249 75 125 190 187 215 61 185 54 101 37 240 204 96 140 134

114 204 218 127 213 199 230 160 85 163 239 37 71 166 232 29 132

170 117 146 33 177 2 10 160 253 242 109 177 64 38 55 20 146

103 109 210 200 3 239 1 214 185 120 109 222 232 60 203 30 135

51 184 8 199 177 137 154 186 28 17 173 37 209 164 21 29 133

103 109 168 126 69 187 44 88 197 77 173 52 5 127 206 20 141

114 71 4 23 216 211 230 239 206 67 120 37 44 127 59 217 137

114 56 210 18 76 239 1 157 136 52 173 37 64 232 206 131 128

232 204 150 184 177 65 215 57 64 187 101 211 209 216 251 225 136

57 117 105 127 76 13 221 160 197 242 95 115 240 164 21 20 161

57 117 104 221 19 229 192 61 107 120 28 220 64 216 74 225 163

114 71 254 200 177 187 106 239 225 93 89 136 49 102 80 226 147

51 56 75 199 216 204 10 182 85 242 52 177 173 164 251 225 148

57 94 210 77 76 204 230 157 166 67 239 52 209 216 112 52 137

170 159 8 18 112 187 154 61 107 111 167 112 71 204 20 30 
75 71 8 125 212 239 106 18 43 83 52 136 108 102 80 30 152

83 159 105 23 208 204 221 61 64 83 89 115 71 204 112 140 143

20 184 8 77 216 5 254 36 225 187 52 115 71 74 55 226 142

232 184 4 127 76 211 99 18 166 54 208 211 81 166 232 30 174

170 98 254 23 19 229 192 157 28 52 235 220 240 60 206 140 136

20 109 249 127 213 13 154 211 166 54 167 52 108 184 80 30 127

8 199 4 127 124 211 106 211 253 207 173 222 49 127 112 219 161

7 199 75 125 244 45 221 61 4 207 120 52 81 102 203 219 138

20 109 105 18 112 5 106 186 249 77 239 37 108 139 232 35 158

57 204 105 200 76 109 221 211 28 52 22 37 81 44 96 140 156

83 98 8 18 213 45 221 239 85 242 208 222 173 74 160 219 149

75 109 168 193 19 229 154 57 3 120 167 220 49 232 94 35 156

51 184 218 193 124 109 192 88 43 111 239 37 6 74 232 225 136

8 204 218 23 69 239 75 211 253 83 52 220 64 204 160 240 140

170 94 104 33 3 45 1 36 136 93 173 211 173 204 55 10 128

158 94 104 221 19 137 61 186 185 97 117 211 81 38 21 131 127

7 117 75 193 190 5 255 186 206 207 95 115 212 232 94 184 164

20 117 102 18 244 199 99 211 249 17 173 112 108 102 251 225 130

240 94 8 243 190 65 230 157 64 111 109 154 182 184 187 140 159

83 56 146 184 76 195 215 211 3 207 52 37 71 102 232 20 142

170 199 240 55 76 65 254 186 206 93 28 193 169 164 80 29 134

170 98 218 243 244 195 154 57 185 67 208 177 240 1 20 184 149

8 117 210 33 124 45 154 211 136 67 167 211 44 139 112 29 150

232 109 4 77 69 137 192 18 85 54 28 222 49 60 232 20 133

187 199 249 77 112 13 215 61 253 67 101 159 71 102 112 35 164

240 202 8 221 124 45 106 57 28 17 89 159 182 232 112 217 150

187 202 249 77 216 239 1 214 166 111 109 220 44 166 203 217 144

158 56 104 33 212 229 230 57 107 120 120 193 240 127 55 225 152

187 109 146 127 112 45 10 61 107 242 120 220 5 38 21 240 
240 199 150 33 213 5 154 182 107 17 167 52 209 166 160 240 152

232 204 105 18 3 137 106 214 249 17 235 220 44 204 203 52 146

7 109 210 33 69 199 106 18 253 77 239 222 240 164 112 184 157

114 71 168 33 114 5 61 57 43 218 22 154 108 38 187 20 143

57 117 150 33 190 195 215 18 185 67 101 193 49 44 21 226 149

187 109 4 77 76 2 61 182 107 111 117 222 240 164 59 35 154

240 98 105 33 112 211 215 61 136 120 208 37 5 60 94 35 148

170 199 210 200 76 13 254 36 185 242 239 115 240 164 55 30 151

158 204 75 165 213 109 99 239 43 218 239 159 71 139 160 96 144

158 117 102 127 213 137 255 36 206 17 52 115 173 166 59 240 139

20 204 4 127 69 65 10 160 64 120 89 52 240 38 112 240 141

75 117 105 126 177 65 154 182 206 111 28 220 240 216 59 217 141

198 117 210 125 177 195 215 36 4 83 22 211 71 102 203 20 154

57 159 75 127 213 199 221 214 85 67 109 37 240 102 251 30 152

187 94 210 200 3 65 230 160 206 120 28 193 212 44 96 52 139

232 249 254 243 19 199 75 239 225 77 117 220 44 102 55 240 144

20 98 105 33 190 65 75 186 28 17 52 154 209 184 21 217 153

75 109 75 221 124 5 61 88 253 67 89 177 81 1 55 10 145

198 159 240 127 212 137 255 157 107 218 239 115 108 204 20 30 166

187 109 249 127 213 199 106 160 206 218 167 220 71 216 232 240 162

75 159 104 55 76 5 221 69 85 111 101 154 108 60 206 226 148

187 109 4 193 208 239 61 160 4 77 117 136 209 38 160 184 135

158 199 210 193 208 239 192 214 136 207 235 193 232 127 96 225 147

20 109 249 126 114 2 99 61 166 77 101 211 182 102 55 20 144

158 199 4 165 76 199 44 57 206 54 101 220 240 127 160 30 139

103 202 75 77 69 5 61 157 253 93 28 220 49 44 203 29 137

232 199 218 33 69 65 10 239 4 77 22 121 169 166 96 29 143

57 56 218 33 112 45 230 88 166 207 95 222 5 74 232 140 141

158 184 249 23 124 204 255 211 249 67 239 115 232 216 80 240 157

8 109 102 77 177 137 99 160 28 97 89 112 44 60 94 52 124

114 159 8 55 213 137 230 57 197 83 117 220 232 139 94 20 129

114 117 150 199 3 109 44 160 85 111 235 115 108 139 160 35 145

20 98 254 33 212 239 154 69 4 17 120 37 173 38 112 52 145

75 199 168 221 76 65 1 186 206 83 28 37 44 139 96 52 148

240 184 104 33 244 204 254 18 249 187 52 121 209 127 20 184 147

75 117 240 125 76 211 44 69 3 242 95 211 173 164 232 219 134

170 204 168 199 19 211 44 211 64 120 52 177 173 232 74 226 153

198 56 4 193 244 2 1 186 197 93 95 52 182 102 232 184 144

20 109 105 221 244 5 44 36 28 242 173 52 240 204 21 20 161

51 109 240 200 190 239 75 160 197 17 101 220 81 102 187 30 121

51 56 104 126 177 187 154 211 64 97 89 177 173 60 94 10 143

198 56 218 55 112 109 192 36 197 242 235 211 5 139 203 29 159

57 199 218 18 244 187 99 239 85 111 101 177 232 1 74 10 145

83 117 254 77 190 65 154 57 64 111 52 177 173 102 112 140 133

114 159 146 221 212 65 75 186 28 17 167 52 71 44 21 217 150

198 71 8 200 212 13 10 211 28 207 117 121 49 1 203 131 150

240 94 249 23 244 5 44 69 197 120 239 159 44 166 80 30 137

240 204 146 127 208 65 254 69 166 54 173 112 212 74 206 96 125

8 199 240 126 190 13 215 61 253 93 117 37 49 127 251 52 152

158 199 254 125 208 65 106 214 43 67 239 211 232 216 206 225 156

170 56 105 221 190 137 106 211 107 187 52 222 6 60 206 219 136

57 117 218 18 76 137 99 214 85 120 208 177 209 74 80 217 152

57 109 4 184 208 211 1 61 85 97 101 112 64 232 232 20 163

240 109 8 18 177 187 254 157 85 93 235 136 6 127 160 217 144

75 56 4 33 114 137 215 214 253 111 208 159 6 102 251 140 147

20 117 4 18 212 239 215 61 249 111 101 177 5 102 187 140 153

232 109 8 199 208 13 154 61 225 187 109 121 71 232 112 217 124

158 109 146 243 177 211 230 211 249 120 117 154 212 232 96 240 143

7 249 104 221 177 209 215 186 166 83 120 193 81 139 160 52 131

103 94 146 193 3 199 215 160 253 93 28 136 5 60 206 96 149

240 117 218 199 213 187 230 18 85 83 120 115 81 139 20 29 151

158 71 104 243 69 209 215 160 166 120 9 37 169 164 21 29 143

198 184 102 23 19 211 192 182 4 83 89 121 240 166 203 29 144

170 94 8 193 177 187 10 61 206 218 208 52 6 184 232 226 140

232 184 210 126 124 204 230 211 249 67 28 220 44 232 96 240 134

8 184 218 18 216 137 75 61 185 54 22 121 64 166 203 226 151

7 98 8 165 114 5 255 57 253 17 235 222 240 44 251 140 156

75 199 4 127 112 199 221 186 28 207 208 112 108 216 59 240 133

51 249 8 199 216 209 230 214 3 163 109 37 232 139 112 225 140

7 202 210 125 124 229 230 239 225 97 117 177 209 74 59 30 122

7 117 168 199 190 187 1 61 206 67 109 159 108 102 21 35 133

232 109 249 199 213 229 221 186 166 111 239 112 81 127 55 30 158

240 199 210 77 114 13 44 36 4 218 101 112 169 139 160 10 151

51 109 254 243 124 5 154 186 166 242 167 211 71 44 96 184 169

20 56 254 193 177 137 10 214 3 97 173 220 173 102 96 20 126

8 204 75 55 76 65 61 211 206 97 117 211 49 74 59 35 128

51 199 254 33 114 187 221 57 253 83 120 159 64 102 74 30 145

158 109 105 243 124 229 44 61 64 97 22 211 108 1 20 131 137

187 56 240 243 212 187 215 186 64 187 235 159 81 1 112 219 150

158 199 249 221 208 195 192 36 197 83 109 220 44 216 21 35 140

83 98 104 221 190 195 192 36 206 163 95 52 169 232 21 35 143

83 117 249 125 69 109 44 239 225 52 208 115 173 216 74 52 147

240 98 146 125 76 187 99 182 185 77 28 154 173 204 112 240 127

8 56 146 165 69 209 215 61 3 54 52 177 5 102 94 52 149

198 109 254 126 212 137 61 239 225 77 89 159 49 102 232 225 138

8 94 146 199 76 2 221 157 28 93 239 37 232 1 251 240 145

8 94 8 184 69 45 230 157 4 67 235 177 212 216 80 219 140

8 109 104 221 213 45 10 182 206 97 28 115 212 164 74 240 140

75 184 249 221 76 45 255 18 28 120 167 220 173 102 59 226 130

7 117 75 23 177 2 75 186 197 93 117 37 44 166 94 225 162

158 109 146 199 208 209 75 211 43 242 9 222 64 102 232 20 139

51 202 254 200 212 2 215 239 4 120 109 52 108 232 232 240 155

170 94 150 55 213 239 75 61 206 242 95 136 81 102 94 35 171

187 109 4 200 212 239 254 36 107 54 235 115 232 204 94 226 151

7 56 254 55 19 239 61 157 3 67 89 154 169 204 94 29 130

114 249 8 33 76 204 1 57 28 52 120 136 81 184 55 225 152

170 109 8 18 244 109 75 61 28 111 167 115 64 184 74 225 137

20 117 254 193 69 5 221 61 197 163 120 193 169 164 203 30 136

83 109 104 165 177 65 75 214 107 77 9 193 209 216 21 96 146

103 159 168 77 76 239 1 36 28 207 95 220 182 164 203 52 148

187 109 218 18 244 137 44 211 28 218 28 121 182 38 187 140 142

57 117 150 126 114 45 61 57 206 218 117 121 64 60 94 52 150

7 109 254 125 244 199 106 57 64 93 9 220 212 232 203 29 135

158 199 218 193 112 239 99 69 253 163 109 220 240 216 74 217 147

83 98 8 243 213 137 154 160 85 163 117 52 5 204 112 226 154

170 199 150 77 190 199 75 57 166 111 208 222 49 44 232 20 142

57 117 249 165 114 211 215 211 197 218 95 220 240 184 206 35 142

198 109 105 33 76 2 44 157 28 52 22 115 6 74 96 140 126

103 249 146 127 69 65 10 69 185 17 101 112 232 166 55 225 153

198 56 104 221 244 2 99 88 64 163 52 177 232 127 206 20 153

20 199 218 23 3 229 61 69 4 187 22 112 5 204 232 30 150

20 94 254 193 69 5 230 211 107 83 117 211 232 1 112 35 138

198 159 75 33 76 65 61 239 166 54 208 154 6 102 80 35 152

75 56 249 126 3 211 75 157 28 17 109 37 212 127 96 217 141

103 98 168 200 190 13 255 211 28 93 9 52 5 74 74 140 152

170 94 168 184 216 5 254 182 64 97 52 136 64 38 20 52 152

240 56 150 127 216 211 192 211 253 242 120 112 71 127 232 96 143

83 159 210 77 177 137 154 214 64 52 101 222 6 184 80 20 138

8 117 150 165 69 109 61 36 85 163 120 37 232 166 55 184 151

170 56 150 165 19 195 230 160 136 120 101 222 81 184 94 30 142

114 98 8 165 112 199 154 211 3 120 117 121 108 38 251 184 165

103 204 146 23 19 209 1 214 136 163 28 154 173 139 80 10 137

83 56 168 77 244 211 192 186 206 218 117 121 71 164 160 35 150

158 204 102 221 212 65 254 211 197 218 95 177 212 44 160 140 148

114 199 102 127 213 187 10 61 206 111 28 220 240 164 94 29 136

7 199 4 55 212 137 1 211 3 120 101 222 182 44 20 240 139

51 109 210 77 76 229 61 88 43 83 173 177 232 74 80 20 138

170 159 8 126 76 195 230 182 253 207 239 159 182 232 21 226 149

75 56 75 125 3 2 255 18 185 242 239 159 64 102 112 184 161

158 199 240 125 124 211 154 57 85 83 52 193 232 204 21 96 153

103 159 4 126 76 65 99 160 166 218 95 177 108 44 232 226 160

83 202 240 165 216 109 10 88 197 187 89 37 64 139 80 30 136

170 56 8 200 76 2 192 160 225 207 120 136 6 127 80 96 174

7 109 168 125 177 209 221 182 197 52 117 177 169 44 160 226 142

232 117 102 193 69 2 44 160 249 52 109 220 49 164 74 29 150

198 199 218 125 114 204 61 239 197 77 9 52 6 184 112 226 154

198 109 4 126 19 229 221 69 253 111 173 159 64 164 187 140 138

198 204 146 200 244 229 221 186 206 242 239 121 5 216 96 35 149

51 204 104 200 76 137 254 57 253 242 235 37 173 102 251 96 148

103 109 75 165 114 195 10 186 136 120 239 220 5 38 94 20 148

20 94 102 125 114 211 10 36 85 242 22 220 232 216 206 10 139

20 204 104 126 3 137 230 61 64 77 109 136 108 60 55 52 145

83 199 105 126 112 45 106 57 249 83 95 154 209 127 206 217 163

75 199 218 77 76 2 221 57 166 54 22 136 182 127 206 140 141

8 117 254 221 76 5 61 88 136 52 9 193 6 166 187 226 162

83 159 150 77 244 13 221 239 107 120 89 220 64 74 94 20 156

114 98 218 165 114 109 254 61 253 187 52 211 5 102 251 52 154

83 199 4 55 69 109 99 239 64 163 89 37 173 44 206 10 141

103 56 105 200 19 211 221 186 85 93 89 220 71 166 206 52 138

158 71 254 55 69 5 1 157 64 97 235 193 64 127 160 35 136

114 204 8 221 208 195 106 186 4 111 120 220 6 166 160 10 134

7 109 8 193 190 5 1 57 43 163 117 37 44 102 206 29 127

198 202 150 199 212 5 254 69 4 77 95 112 240 184 187 29 155

83 109 210 199 114 229 154 211 249 77 95 177 209 232 21 52 139

51 199 102 243 112 2 221 160 136 218 28 112 108 74 55 96 146

198 71 218 23 190 13 44 211 225 17 52 115 44 38 96 219 121

240 117 102 18 177 65 255 211 206 242 101 52 182 38 55 10 128

170 204 210 165 3 195 44 211 4 54 9 220 71 216 55 140 146

83 94 75 33 124 229 10 211 136 83 120 154 6 216 74 30 150

240 199 150 77 190 45 215 211 166 93 28 115 173 139 96 29 138

20 199 8 165 244 187 221 36 43 120 101 177 44 44 96 35 138

103 109 150 23 124 5 10 69 249 83 167 211 6 232 187 240 163

75 94 254 127 114 199 106 211 28 111 52 211 44 164 80 131 145

198 109 8 184 212 137 44 61 85 67 52 211 232 164 187 131 133

83 71 249 55 69 13 61 214 197 17 95 177 240 60 20 217 137

51 159 75 199 69 65 44 182 43 54 117 222 64 74 206 29 142

170 184 150 125 112 2 221 211 43 242 239 52 173 38 74 240 150

8 159 218 125 3 229 192 61 85 67 101 177 209 38 94 217 137

158 94 8 243 112 211 99 57 43 17 9 115 5 44 232 10 165

198 109 8 243 212 65 254 36 64 163 117 159 169 44 96 29 147

75 117 146 199 244 199 221 186 136 163 239 115 71 38 20 217 150

114 98 75 18 216 204 255 69 85 120 120 177 64 166 55 96 155

7 98 254 125 69 13 44 36 28 207 95 37 49 102 55 30 150

75 109 150 243 208 65 106 214 85 187 167 112 212 44 112 217 152

7 109 249 193 216 13 106 61 28 83 28 37 71 60 20 219 132

57 204 218 126 177 45 10 239 28 54 120 222 6 60 80 219 143

240 249 105 200 177 65 221 211 185 54 52 37 232 166 112 96 159

8 109 168 221 19 229 10 88 206 52 235 112 169 74 80 140 141

187 249 150 221 76 137 215 61 4 67 109 220 5 166 20 217 143

158 204 4 193 216 199 44 186 107 17 167 211 5 216 112 29 155

240 94 254 23 212 45 221 157 3 67 89 112 64 102 20 20 142

170 204 240 23 244 204 10 36 166 242 235 37 182 204 59 96 146

20 71 4 184 112 239 75 18 136 77 22 211 182 60 206 219 130

75 249 8 126 190 5 192 18 206 93 109 121 44 216 251 35 132

232 117 75 18 213 211 44 211 85 83 235 193 5 166 203 219 128

114 98 218 193 208 65 154 157 28 77 235 37 5 164 20 240 136

103 56 75 33 208 45 255 239 249 93 28 177 173 139 187 184 157

114 56 254 243 19 109 1 157 3 163 95 136 240 216 80 219 157

83 204 218 77 216 195 61 214 28 163 239 220 209 139 96 20 144

198 159 8 125 124 199 61 214 3 97 109 220 5 232 206 131 146

83 202 105 127 19 137 10 69 28 218 117 220 71 102 20 131 145

114 202 150 165 76 13 44 186 197 187 52 220 209 74 74 30 125

187 202 102 193 212 137 44 211 43 17 89 193 173 74 187 52 138

187 249 168 221 76 5 99 88 28 83 167 136 182 166 187 225 167

103 56 150 200 19 199 192 69 64 97 109 222 81 232 80 29 142

7 249 146 125 177 65 99 18 43 242 22 193 182 166 112 10 156

240 184 240 77 124 211 221 186 136 54 22 154 49 60 232 29 144

114 71 104 55 112 199 221 214 28 242 109 52 64 1 160 96 128

57 184 240 23 76 65 99 69 3 111 167 220 49 216 21 52 145

7 109 210 199 124 199 221 36 185 207 109 159 232 184 187 10 138

187 204 8 125 19 137 221 182 107 207 120 193 232 1 251 35 116

75 184 150 165 112 5 10 182 253 187 120 159 240 60 187 29 154

158 94 104 221 177 229 230 160 28 218 22 112 240 38 187 10 151

114 199 254 127 208 204 221 57 225 218 101 52 81 74 74 240 141

75 249 146 200 244 211 75 211 166 97 28 154 182 74 187 35 122

7 117 75 33 177 229 230 61 185 93 117 220 81 60 74 240 133

51 199 210 18 69 204 75 160 85 187 52 52 44 139 74 184 144

75 117 168 165 3 229 99 214 136 97 52 136 173 204 94 96 139

198 109 105 18 69 199 221 57 28 52 52 220 5 232 251 96 125

158 71 210 199 69 65 192 186 107 187 173 37 209 184 20 35 151

187 71 8 193 76 2 221 18 185 77 167 52 44 74 251 10 149

75 71 168 221 69 229 99 36 28 97 173 193 44 102 160 20 141

187 199 104 55 244 209 254 160 28 17 120 220 108 139 160 219 140

114 109 254 127 124 229 10 211 197 111 9 112 209 38 59 219 152

51 56 102 23 213 65 106 211 136 54 239 136 173 102 112 96 138

158 109 8 199 208 65 75 69 225 93 89 220 44 44 21 240 154

158 109 8 55 177 45 221 88 197 54 167 220 209 1 251 29 168

187 159 249 18 212 2 192 69 136 17 239 37 169 1 160 226 135

114 109 4 23 190 239 221 211 206 77 117 136 232 102 187 219 135

7 109 146 18 19 137 254 182 197 207 28 154 209 1 74 140 127

198 109 249 125 69 204 1 61 28 207 52 193 169 204 80 10 137

20 117 249 184 216 211 255 182 166 77 101 159 6 204 74 35 144

198 202 146 127 114 187 99 18 206 242 109 52 81 164 251 52 136

7 56 105 33 76 209 154 69 166 93 101 52 5 127 80 226 159

114 249 4 199 76 209 154 61 166 97 95 193 182 184 203 240 168

20 204 8 125 216 204 61 182 225 187 9 115 5 38 251 226 149

20 199 249 33 216 199 75 182 85 120 89 115 169 74 21 10 140

7 199 218 184 19 109 255 57 253 67 52 115 44 232 203 20 133

75 199 102 127 177 229 255 18 3 120 22 211 64 139 232 140 154

103 94 210 125 177 5 44 239 136 207 109 220 49 38 232 184 137

198 109 4 199 213 2 230 214 43 207 173 37 212 1 20 140 139

232 249 210 127 216 137 254 69 136 52 9 222 49 204 187 96 170

187 199 146 55 76 109 10 157 64 54 120 115 209 102 112 184 158

198 109 8 126 124 187 75 61 3 17 173 154 232 44 160 184 154

240 98 75 127 208 211 192 214 206 218 101 37 5 139 203 140 143

57 117 249 23 208 5 154 18 206 52 120 112 108 184 80 35 156

170 98 218 199 208 229 61 211 185 111 52 52 182 1 21 240 145

103 71 240 125 19 13 99 214 185 67 239 220 240 102 74 184 149

20 249 75 165 114 109 215 214 206 163 22 177 169 102 112 225 147

187 249 8 33 177 2 61 57 253 77 101 136 173 139 59 140 146

170 204 249 127 124 187 221 239 197 242 28 52 44 232 187 131 146

170 249 102 55 208 5 192 36 85 218 109 222 64 102 94 52 132

75 98 146 125 190 45 254 61 253 52 22 220 5 38 21 52 150

57 56 240 33 124 45 215 239 206 54 120 220 64 164 80 35 167

114 109 210 165 244 5 221 57 64 242 9 220 6 74 55 30 153

114 159 240 33 216 211 221 88 253 83 101 220 169 184 232 30 141

7 109 249 55 114 211 44 160 4 97 117 112 6 232 96 217 136

57 199 240 125 212 229 10 160 166 218 95 37 6 102 112 217 142

240 184 249 243 19 13 221 160 225 52 235 222 49 60 20 240 143

7 184 8 243 190 211 215 160 64 218 167 220 232 74 55 226 128

232 204 104 221 124 65 99 211 4 120 9 177 5 127 232 30 161

8 117 4 125 177 2 99 157 85 93 52 52 209 38 59 225 158

170 249 75 184 177 209 221 186 166 97 52 115 6 1 55 30 138

7 109 249 184 19 204 254 182 166 67 167 136 209 38 187 52 126

198 202 210 125 212 13 61 160 249 207 235 121 6 44 251 10 144

114 199 146 221 76 13 192 88 136 242 239 222 44 1 96 226 134

8 199 146 18 216 187 61 214 85 77 22 211 64 74 55 96 144

232 71 4 193 19 2 221 211 225 93 95 211 64 232 55 240 142

232 94 240 125 208 239 230 61 64 93 120 37 108 166 20 217 148

103 109 168 77 190 239 154 57 185 17 239 220 44 44 96 10 118

187 71 75 200 76 195 44 211 253 54 208 159 209 139 232 226 155

170 109 249 33 112 137 106 182 4 218 101 115 81 102 80 131 173

232 56 8 243 244 199 75 160 43 93 9 37 209 164 203 20 155

158 199 102 200 3 2 221 211 64 207 208 37 108 60 80 219 136

83 94 168 199 208 109 221 214 3 67 101 177 71 1 251 240 154

8 71 249 125 208 137 192 239 166 120 239 211 232 166 20 10 143

240 71 8 243 208 199 215 88 206 97 239 112 232 1 206 219 139

83 117 4 221 76 239 255 88 43 83 22 159 5 184 55 96 161

83 184 4 165 216 239 154 88 249 52 101 121 108 204 251 10 137

240 249 249 18 216 65 254 186 4 67 52 154 169 164 20 96 133

114 117 150 23 76 199 254 211 85 218 52 222 44 184 232 217 147

158 56 168 221 19 204 10 214 43 77 9 37 64 102 21 29 134

103 202 218 126 114 211 254 211 225 111 52 222 240 216 203 10 145

187 71 105 33 76 2 10 186 166 242 101 136 71 44 187 96 160

198 117 8 23 124 229 75 157 43 163 101 121 209 74 160 35 159

20 98 75 55 3 109 61 211 253 207 235 193 44 1 94 131 147

57 94 102 55 112 5 99 182 225 52 208 112 64 44 96 217 139

198 71 249 165 114 239 254 239 249 17 109 121 44 232 21 225 140

51 56 75 199 216 239 99 186 225 187 95 222 240 44 187 30 136

7 159 104 125 177 187 44 157 166 187 101 115 232 1 55 184 139

187 71 4 221 208 45 1 186 107 187 101 159 240 232 112 140 160

51 109 8 199 76 229 1 211 64 218 28 136 6 127 80 20 149

114 117 8 165 190 195 154 61 3 187 235 37 212 60 206 131 154

8 117 105 221 244 13 221 69 166 242 109 37 209 102 206 140 149

114 56 240 243 19 65 1 61 225 187 89 115 6 74 112 30 139

103 202 218 55 19 199 99 160 249 111 9 115 209 1 94 217 127

51 199 105 77 76 199 61 57 64 83 101 220 64 74 203 10 133

232 184 240 126 112 109 255 18 43 187 28 154 209 166 206 29 143

158 249 254 200 213 137 99 239 225 97 120 222 212 139 20 52 133

103 117 210 184 124 65 154 36 28 163 239 222 209 38 20 35 140

114 71 8 23 76 137 99 88 249 17 173 154 173 127 80 131 149

83 199 146 243 19 199 221 186 197 52 235 193 169 139 74 219 145

232 199 8 221 190 65 154 88 43 242 239 222 49 44 80 217 149

103 204 168 125 244 65 215 186 206 111 95 220 71 166 112 30 149

57 199 254 126 177 109 61 69 3 52 117 211 173 139 55 140 161

114 56 8 127 208 204 61 69 166 54 117 177 44 38 206 226 151

83 199 4 193 76 5 99 18 253 17 52 154 5 127 20 30 146

103 159 102 77 177 65 44 239 64 54 95 177 169 232 96 219 140

20 109 4 18 216 137 154 239 185 54 117 112 173 102 112 96 152

75 117 240 199 76 45 221 182 136 52 167 154 240 127 112 240 136

187 109 249 127 3 195 230 211 85 52 109 37 64 74 112 217 162

7 202 240 55 216 65 255 214 28 242 235 121 108 102 232 226 142

240 202 254 77 213 5 99 182 185 97 95 222 5 204 94 131 139

187 71 254 184 177 211 10 160 249 111 9 211 44 164 94 219 137

8 159 168 200 19 229 106 186 185 77 101 211 232 164 112 219 143

75 56 150 200 76 229 61 211 253 52 101 154 81 127 112 96 164

232 249 8 18 177 187 61 61 185 111 235 159 44 204 20 140 137

240 98 104 127 124 209 154 61 166 163 117 211 6 102 251 20 124

198 184 249 184 244 187 10 239 197 207 22 52 108 216 206 96 154

7 184 240 77 208 5 1 157 64 187 22 112 240 102 203 52 152

20 56 150 193 190 109 106 211 28 83 28 112 71 184 206 20 151

187 159 75 199 190 239 215 57 85 218 95 177 173 102 74 184 133

83 98 240 165 212 187 221 69 185 54 109 112 240 44 20 140 144

51 56 150 221 19 187 10 182 107 242 22 52 212 232 80 140 140

170 71 254 165 124 109 230 214 28 163 95 115 5 204 55 96 138

170 204 254 33 124 195 44 18 3 83 120 37 209 204 187 20 144

198 204 8 127 124 13 99 61 3 242 167 37 240 102 232 96 146

198 98 254 243 69 137 99 61 166 93 95 115 6 1 187 20 143

170 94 168 125 216 195 75 61 107 93 117 136 209 204 160 131 128

8 56 105 125 212 2 61 186 253 97 22 115 209 232 59 29 148

158 204 105 200 114 239 221 214 253 93 208 154 64 216 112 225 176

240 98 105 193 208 187 215 186 197 242 208 159 64 102 187 96 145

7 94 210 199 114 2 44 36 3 52 101 159 81 166 232 219 134

57 199 4 23 76 199 230 211 3 207 117 52 6 1 203 225 146

7 159 150 33 216 195 221 182 4 67 120 220 44 139 160 131 145

198 109 75 125 208 2 221 36 85 77 22 211 6 102 55 29 149

158 199 105 243 190 199 44 211 43 97 95 220 5 184 112 52 141

240 117 75 33 19 2 10 69 4 83 117 115 64 74 20 184 144

7 56 218 184 76 13 61 186 249 52 109 193 5 38 206 131 131

103 184 254 221 112 204 254 57 166 187 235 220 64 204 55 96 144

114 56 75 77 76 195 254 186 4 242 235 121 182 127 59 217 149

8 204 168 77 114 13 230 36 225 52 235 177 173 164 112 226 139

198 109 102 221 69 239 192 69 4 111 9 220 240 102 160 30 149

170 199 210 127 190 5 215 186 197 54 239 115 182 164 21 30 140

20 184 102 55 212 199 75 186 206 111 239 177 64 184 59 10 144

20 98 8 18 177 13 215 211 166 242 173 37 232 38 94 140 153

232 117 254 77 124 65 254 88 43 93 109 115 182 216 74 225 135

170 56 218 243 177 187 254 211 107 187 120 154 169 44 55 226 140

57 184 8 243 3 13 61 36 64 83 173 159 182 74 232 140 153

57 117 218 77 112 229 192 57 28 77 101 211 232 164 160 52 156

51 117 104 125 124 199 99 239 43 120 22 37 64 204 96 52 131

198 109 254 33 244 109 61 239 28 97 22 136 212 60 20 96 152

114 117 75 33 19 239 61 214 3 242 239 37 64 102 112 52 151

83 109 146 243 19 65 254 57 28 218 101 37 212 166 96 240 142

158 184 4 33 112 209 106 88 28 218 235 154 232 184 206 226 159

75 199 146 199 3 137 61 160 197 54 52 37 232 204 96 131 149

51 199 254 243 19 239 255 182 166 97 95 121 232 216 187 35 126

57 199 8 221 114 204 106 36 136 17 109 37 44 60 94 10 131

158 202 146 77 216 211 1 88 185 17 101 52 212 216 80 20 149

240 159 8 23 76 2 230 160 3 207 89 222 240 216 21 140 149

51 199 75 165 112 109 44 186 185 67 28 37 81 127 251 131 146

20 184 8 18 177 211 254 61 197 52 120 193 108 44 55 52 137

103 94 249 126 76 45 215 18 64 54 95 37 71 127 251 184 157

187 117 168 221 212 199 221 186 4 93 120 159 232 74 251 52 140

187 117 240 125 76 2 215 61 4 97 120 115 64 127 206 20 143

240 199 104 221 76 187 221 214 28 54 95 136 212 216 74 35 137

198 202 146 126 76 187 192 211 185 187 109 220 44 102 74 35 143

158 109 105 126 212 109 44 160 185 97 28 177 182 139 74 29 134

8 199 240 193 19 195 10 57 249 163 95 121 169 139 74 226 151

187 159 249 193 76 45 255 88 85 52 235 136 5 164 251 10 128

187 98 249 165 112 209 106 88 185 218 9 112 81 1 21 131 138

187 56 168 33 213 5 44 160 253 242 173 136 71 127 160 140 166

83 71 4 55 3 45 255 157 206 207 167 222 212 204 160 240 148

8 98 168 221 213 137 154 211 43 97 52 177 49 204 59 184 138

7 202 8 184 212 45 99 211 28 93 239 37 173 102 160 184 156

20 199 218 125 177 209 221 239 253 67 22 121 81 44 187 184 133

187 98 105 33 76 65 10 160 136 218 9 220 209 44 94 20 156

20 202 240 199 76 109 154 36 253 17 101 115 108 38 74 226 150

158 202 104 55 213 45 44 157 206 207 117 220 5 102 59 96 145

232 199 105 18 212 229 99 182 253 54 52 211 71 204 203 226 157

240 56 102 243 244 13 10 186 166 207 52 177 108 102 206 225 144

240 249 150 125 112 65 106 186 43 242 120 37 232 216 187 35 149

240 98 105 33 19 229 221 69 4 93 167 220 232 44 251 20 145

103 199 102 221 19 229 10 18 253 97 120 136 71 127 94 30 146

7 56 4 200 190 45 44 69 3 207 109 220 108 127 20 35 145

232 184 210 125 213 209 106 211 249 218 235 112 5 1 20 10 162

232 98 249 165 76 195 99 157 43 52 89 115 44 216 203 217 146

103 202 210 55 208 229 230 69 225 242 9 159 49 102 112 35 149

187 184 8 77 177 109 192 186 64 163 167 222 64 166 74 240 157

20 159 168 184 3 2 230 18 4 242 28 220 108 204 21 226 137

57 184 249 243 212 199 215 211 166 77 109 115 173 166 203 225 154

8 109 104 165 69 195 44 36 85 120 109 159 71 38 80 140 135

187 199 218 243 177 209 221 211 64 97 109 121 71 139 160 217 137

240 117 218 184 177 109 230 182 43 54 167 136 64 164 251 225 138

103 199 254 23 19 109 221 157 64 93 28 222 232 74 206 35 138

187 109 210 55 216 187 10 214 85 93 167 159 5 74 160 217 157

51 199 8 23 216 195 154 211 64 77 167 37 5 102 112 20 137

170 204 104 33 213 199 254 211 166 83 117 211 232 127 203 219 128

158 117 4 125 124 13 1 69 136 242 208 177 209 74 21 29 141

83 109 146 125 124 65 255 211 4 83 235 37 71 164 74 29 137

7 159 146 200 114 195 99 214 28 83 22 211 108 216 251 30 141

75 202 102 125 190 65 75 160 28 93 239 220 5 44 160 35 136

198 249 75 184 208 229 61 211 197 93 120 211 240 60 80 10 149

75 199 75 165 190 187 44 88 206 67 101 37 240 166 21 131 154

103 199 146 33 76 109 44 160 197 17 239 112 71 1 20 226 129

187 199 8 126 216 229 254 211 225 93 95 37 212 60 80 96 138

187 109 8 200 208 5 154 57 107 54 235 154 232 164 80 219 134

170 56 105 200 216 204 1 61 85 77 239 193 209 74 232 131 142

83 184 102 221 76 195 75 88 225 83 52 193 182 1 21 10 142

240 109 150 127 208 45 192 186 197 52 101 220 44 232 251 225 148

75 199 254 127 112 65 192 214 253 242 109 154 6 164 232 184 133

232 94 104 193 76 2 106 57 253 218 120 177 212 44 20 140 151

51 249 150 184 213 13 154 57 225 93 22 193 44 38 59 226 148

57 199 75 18 76 45 192 160 253 218 167 136 169 102 232 96 156

198 184 210 127 76 209 192 69 28 111 95 37 81 216 160 131 148

75 202 8 125 19 204 230 69 43 120 89 52 240 184 203 184 139

8 117 254 184 244 45 44 36 3 93 120 193 81 38 203 96 135

187 94 8 199 216 229 221 182 206 163 101 115 49 60 160 184 145

158 204 104 18 177 137 1 36 253 120 120 177 108 74 55 29 145

232 117 150 77 69 5 230 182 166 17 109 154 6 139 206 35 134

20 117 168 199 190 195 99 239 136 52 9 177 64 60 203 217 139

170 199 8 165 76 137 1 214 197 83 208 220 169 232 203 219 145

240 117 8 165 3 195 255 186 64 52 208 177 173 102 74 30 139

57 204 105 199 76 199 61 182 3 242 9 220 173 1 206 240 152

158 98 4 193 76 45 1 239 3 111 173 37 240 38 160 217 155

7 199 218 199 76 137 221 69 85 83 95 136 71 204 112 240 132

8 109 75 33 212 199 75 186 85 111 117 177 232 139 203 96 164

7 98 218 33 114 137 106 36 107 97 101 112 169 216 94 20 159

8 199 8 23 190 211 230 214 225 54 208 37 182 44 232 184 142

158 109 4 243 216 204 1 88 64 207 120 121 182 44 251 240 128

240 98 75 33 3 239 221 36 107 111 117 222 6 44 96 96 149

7 204 146 200 76 109 99 211 107 120 95 136 169 1 80 10 124

8 204 240 200 190 239 254 36 4 52 235 52 209 166 112 140 144

170 117 8 221 177 195 154 214 225 163 235 193 5 204 74 219 154

7 204 240 200 19 211 192 88 3 242 120 222 6 232 59 217 143

57 202 4 55 114 229 1 160 28 218 101 159 232 1 96 217 141

170 202 240 199 213 137 10 182 3 97 173 136 6 38 21 140 131

57 98 8 127 177 13 61 157 253 207 89 222 44 102 187 225 152

170 202 249 18 208 239 10 211 197 97 167 222 5 166 80 225 137

158 56 168 221 244 5 192 69 85 163 117 154 240 38 160 131 133

114 184 102 165 3 137 215 186 136 83 95 37 212 139 187 219 126

20 117 105 243 19 45 154 61 85 163 28 211 64 38 80 226 157

170 204 75 193 212 229 215 160 3 77 22 177 173 102 232 226 146

114 199 102 127 76 211 254 69 249 17 208 115 49 216 21 10 139

57 71 75 23 114 5 154 69 136 93 235 136 232 102 96 219 148

75 159 105 126 76 109 75 61 166 67 117 136 212 44 160 20 152

20 249 168 126 216 2 154 61 197 17 109 52 232 38 59 29 132

8 204 240 126 114 229 10 239 206 218 101 211 169 44 74 217 150

187 184 105 193 112 209 75 211 225 187 173 136 44 74 55 225 145

114 199 168 126 69 13 221 211 166 54 120 220 212 204 160 35 140

103 117 210 18 208 229 75 69 43 187 22 220 173 232 59 20 160

20 94 8 125 112 229 254 182 225 218 95 112 81 102 187 35 143

158 94 240 77 3 229 99 61 197 242 52 193 209 216 59 10 134

103 71 8 199 212 209 44 61 107 67 89 193 212 102 232 240 151

232 199 105 55 112 239 106 186 166 17 120 193 5 232 203 217 160

20 159 8 243 208 109 44 211 64 83 52 211 232 1 251 219 159

103 199 150 127 3 187 221 36 85 163 235 159 108 38 160 226 138

240 199 218 165 112 211 215 211 107 54 109 193 173 139 94 20 151

75 71 240 199 76 199 215 186 225 120 109 159 173 204 251 35 147

170 109 249 18 216 209 61 157 3 163 167 136 64 38 20 131 147

103 199 75 55 213 199 10 88 3 52 120 222 169 127 206 140 127

20 109 218 55 3 5 75 18 64 111 109 159 71 204 160 131 132

232 184 4 199 177 239 230 160 225 54 208 52 49 102 96 35 147

75 249 210 33 177 45 44 186 107 111 22 193 240 164 112 217 169

232 204 254 184 69 199 106 157 85 207 52 121 5 184 59 20 152

240 159 75 18 76 5 215 186 3 17 101 211 6 127 20 96 160

187 184 8 127 208 195 254 214 185 83 101 112 44 60 251 20 144

83 117 8 55 76 5 99 61 3 187 101 193 169 216 94 29 149

232 71 146 221 216 199 230 36 249 97 22 37 240 184 203 10 144

158 109 75 77 216 209 106 211 253 120 208 37 81 216 203 226 141

57 56 150 23 69 239 221 186 64 120 52 112 6 127 74 52 146

240 159 240 125 208 45 230 211 43 218 208 112 212 1 59 96 146

51 117 249 193 112 239 44 182 197 163 28 220 169 127 232 184 135

198 199 102 77 216 45 44 69 107 111 22 193 81 204 203 30 143

103 94 102 165 216 209 221 239 64 17 109 211 182 60 94 219 140

232 199 150 165 76 211 99 186 85 207 235 211 212 74 96 226 136

57 249 105 55 190 137 10 211 185 187 95 112 64 204 112 131 137

187 199 240 33 216 2 255 36 3 163 95 115 182 216 59 219 123

57 184 104 165 177 45 255 182 225 111 28 112 64 166 232 29 156

75 204 249 184 244 65 1 186 225 83 52 115 81 139 251 10 126

158 184 150 127 76 195 221 61 136 242 120 220 240 139 21 20 130

170 159 168 33 216 209 44 160 43 187 89 112 209 102 232 35 144

51 202 105 199 114 2 44 36 253 54 52 193 182 102 21 217 154

8 204 249 193 124 5 254 61 249 54 22 37 169 44 80 10 138

198 202 146 221 114 65 1 211 4 218 28 220 6 127 206 184 142

57 98 104 243 76 2 75 214 43 77 22 220 64 60 187 52 140

114 94 75 184 76 13 61 186 64 218 22 37 212 44 80 217 134

83 159 102 77 212 209 221 211 4 52 235 159 64 204 112 20 158

114 109 8 126 114 195 255 182 185 111 89 136 108 204 94 10 142

