238 35 210 4 244 168 14 217 190
209 245 21 73 244 219 31 241 178
192 211 246 73 123 253 200 217 182
192 35 226 229 243 244 31 217 163
192 245 226 229 177 253 117 37 174
192 141 210 73 243 244 31 37 183
192 141 226 73 244 244 227 217 146
207 179 21 4 177 219 227 37 209
207 35 52 73 177 244 31 133 191
0 141 21 32 123 168 117 217 205
209 211 52 73 123 168 117 241 175
209 245 21 73 123 244 117 241 183
192 211 210 4 123 163 31 241 191
238 211 21 73 49 219 200 241 199
0 245 52 73 177 244 31 192 197
0 245 21 73 177 168 227 241 187
209 35 210 73 244 244 31 37 169
192 179 21 229 123 244 117 133 190
192 245 52 32 177 253 117 192 188
0 179 246 4 244 253 200 217 179
238 35 210 4 243 163 200 241 182
238 179 21 73 49 219 117 37 197
192 211 52 32 49 219 227 192 189
0 245 246 229 244 253 227 217 163
192 141 52 4 243 219 31 217 191
207 35 246 73 243 244 31 241 180
238 245 21 4 243 168 14 217 191
207 35 210 32 49 219 31 133 188
0 245 226 32 244 163 200 133 176
192 179 226 32 244 244 31 192 166
238 35 21 73 243 168 31 192 189
209 141 52 4 123 253 200 133 201
207 141 246 32 123 253 200 217 173
238 245 52 73 244 244 227 37 185
209 179 210 73 123 244 31 217 194
207 35 246 4 123 253 117 241 182
192 211 52 229 123 253 200 241 175
207 245 21 32 123 168 200 217 184
209 141 246 73 244 253 227 192 180
192 35 52 73 177 219 200 241 189
192 211 52 73 177 168 14 217 212
209 141 210 4 243 168 117 217 157
238 35 226 4 123 244 227 217 175
238 35 210 229 243 253 227 217 148
192 141 246 32 243 168 117 37 171
209 35 210 73 177 244 117 37 173
207 245 246 4 123 219 31 192 192
192 211 52 4 244 253 227 133 194
192 179 52 73 243 253 200 192 196
207 141 246 4 49 253 117 133 198
209 179 21 73 244 253 200 241 175
209 211 210 229 243 253 31 37 185
209 211 52 73 49 219 227 133 197
207 245 226 73 123 244 200 217 178
209 141 21 73 244 244 31 241 190
192 179 226 32 49 168 200 37 209
238 35 246 4 244 244 14 133 159
209 245 226 229 243 163 227 192 152
207 141 210 73 177 163 200 241 183
209 245 226 229 123 219 14 192 192
209 179 210 4 123 253 117 192 187
0 211 246 73 243 244 117 37 184
207 211 21 73 177 168 31 133 212
207 141 246 73 243 253 227 217 171
209 141 246 73 49 168 200 37 188
0 35 210 229 49 168 14 241 192
238 35 52 32 49 168 14 241 196
209 179 246 73 49 253 31 241 177
192 179 21 32 123 163 31 217 191
192 179 52 73 177 253 200 192 192
192 141 226 73 177 163 14 133 199
209 245 21 73 243 244 117 241 169
207 245 21 73 49 253 200 217 193
238 141 246 73 49 168 117 192 190
207 35 21 32 244 253 31 241 187
192 35 52 73 177 253 117 217 172
0 141 246 229 49 219 200 241 181
207 35 210 32 49 168 14 241 203
209 141 21 4 177 168 117 37 192
207 179 210 229 243 168 227 217 173
207 35 226 73 244 253 14 241 170
209 245 226 73 244 253 200 241 166
0 179 21 73 244 219 227 192 204
238 141 226 73 123 244 227 192 172
209 141 21 73 244 244 31 133 183
0 179 210 229 243 168 31 133 195
238 179 226 32 123 163 200 37 187
238 141 52 32 244 244 200 217 184
238 35 52 4 244 253 227 192 185
0 211 210 73 49 163 14 241 200
238 35 21 73 243 253 31 217 185
0 245 52 32 49 253 227 217 179
238 141 52 73 123 168 200 192 189
0 245 21 4 177 253 117 133 183
238 211 246 4 49 219 227 241 191
238 35 21 73 49 219 200 37 192
238 245 21 73 177 168 200 37 197
238 245 246 32 244 253 31 37 184
207 141 52 32 177 244 200 192 195
0 179 246 73 244 244 227 241 185
238 35 210 229 243 219 200 192 176
0 245 246 73 243 219 200 217 178
238 245 226 32 49 244 200 217 174
207 179 52 229 49 253 31 37 187
209 141 21 73 177 168 227 133 188
238 35 226 229 49 219 117 37 171
0 179 21 73 243 163 200 37 205
0 35 21 4 244 253 14 217 189
209 141 210 4 244 219 200 37 186
0 179 246 4 243 163 31 192 197
209 35 226 229 244 219 200 192 172
192 211 21 73 49 253 31 37 202
0 179 52 73 177 253 31 241 194
192 211 226 73 49 219 117 241 187
209 211 52 32 177 253 14 217 190
209 141 226 73 49 168 227 217 175
192 179 52 73 177 219 227 133 193
0 35 52 32 123 168 14 192 218
0 141 52 4 177 253 117 192 193
207 211 210 32 123 253 200 241 201
0 35 52 73 177 168 227 217 184
0 35 210 32 123 168 117 217 186
0 35 226 32 244 219 227 192 182
207 179 210 73 123 168 31 241 192
238 35 210 4 177 163 31 192 193
238 245 226 4 49 163 117 217 175
192 245 226 32 123 253 227 192 172
0 245 21 73 123 219 200 241 187
209 211 210 229 123 219 200 217 189
238 141 246 4 177 219 14 217 184
0 245 210 73 244 163 200 241 175
238 245 21 4 177 219 200 192 199
192 141 52 32 177 163 117 37 190
207 211 21 32 243 219 14 192 201
238 245 226 73 177 168 117 133 177
238 179 21 229 243 163 117 192 186
207 35 210 4 49 219 200 217 196
238 211 210 73 244 244 227 217 173
238 141 52 32 49 168 14 217 199
192 211 210 73 243 244 117 192 172
209 141 52 229 244 168 31 192 177
209 245 210 32 123 163 14 192 200
207 211 226 4 123 163 117 133 177
192 35 52 229 49 163 227 192 192
192 179 226 4 243 163 31 192 181
192 179 246 73 243 253 14 133 198
192 179 21 73 177 163 117 192 192
0 179 21 73 49 253 117 241 200
192 179 226 4 244 163 31 192 173
209 35 21 229 244 168 227 37 179
0 211 226 73 49 168 31 37 209
238 179 52 73 243 168 31 37 183
207 179 226 73 243 219 14 217 202
209 35 21 32 49 244 227 37 188
209 179 21 73 243 219 200 37 197
192 245 21 229 243 244 117 133 167
207 245 21 73 244 253 200 241 189
0 211 210 73 243 244 227 37 182
238 211 226 229 177 253 200 133 191
207 179 246 73 177 163 200 192 199
207 35 52 32 49 163 14 37 207
209 35 246 73 244 253 117 192 173
0 141 21 73 177 244 117 133 180
0 211 226 73 244 244 117 217 172
238 35 246 229 244 163 200 133 174
207 245 246 73 123 219 117 133 180
192 245 246 73 49 168 31 37 197
209 141 52 32 243 219 117 241 171
0 211 246 32 243 253 31 192 198
192 141 226 73 123 219 117 217 168
0 35 226 73 244 244 227 192 174
207 35 210 73 49 253 200 241 180
207 211 21 229 177 244 14 133 201
238 211 210 229 177 219 31 133 199
192 141 210 73 49 168 31 37 196
192 245 226 4 177 219 14 241 177
209 211 246 73 49 219 31 37 199
207 179 210 73 243 163 117 133 187
192 211 226 32 123 253 14 241 168
238 141 210 229 244 163 31 133 186
0 35 210 4 49 253 227 241 179
0 141 21 73 123 219 14 217 202
207 211 210 73 244 253 227 241 178
0 179 246 229 49 163 227 192 179
207 245 21 32 177 163 14 241 189
209 245 210 229 177 244 31 217 174
192 211 52 73 49 244 200 133 195
192 141 210 229 243 253 117 37 169
209 141 246 73 244 163 31 37 204
0 35 246 32 177 168 227 192 189
238 179 226 32 177 244 117 217 165
238 245 246 229 123 244 14 217 177
207 35 226 73 177 253 200 192 190
209 35 210 4 244 168 200 192 186
209 141 246 32 177 168 14 37 197
207 35 21 73 243 168 14 241 184
209 179 246 73 123 168 31 192 195
192 179 210 73 244 253 200 241 165
238 35 52 73 177 253 117 241 175
238 141 226 32 244 253 14 192 190
209 211 21 73 49 163 14 37 204
238 35 226 73 49 244 117 133 179
207 179 210 73 123 253 200 241 190
0 211 52 73 243 253 200 133 201
209 211 210 73 244 163 31 241 187
209 141 246 73 49 168 117 133 190
207 141 226 32 177 219 14 133 215
192 179 246 229 123 168 200 192 191
0 35 21 229 243 163 117 133 189
238 211 52 32 123 219 227 37 205
238 179 210 32 49 163 14 192 203
238 245 52 32 244 168 14 133 192
209 245 226 229 177 253 117 241 150
207 211 246 4 244 244 14 217 204
209 141 210 229 123 244 14 133 178
238 141 246 73 49 168 227 133 201
192 141 21 32 177 244 227 37 190
238 211 210 4 243 163 14 133 203
0 141 210 73 244 163 31 241 193
207 245 210 73 49 244 31 217 198
209 179 246 32 177 244 14 217 182
192 35 52 73 177 219 117 37 192
207 35 52 32 123 163 227 37 196
0 211 21 73 243 253 227 37 192
209 35 246 73 123 168 14 133 185
0 211 210 4 123 253 117 192 197
0 179 246 32 244 168 117 37 195
207 35 210 32 243 219 14 192 200
207 141 21 73 177 163 117 133 187
209 211 52 73 123 244 200 37 191
207 211 21 229 177 168 227 241 180
207 211 226 73 123 163 14 37 181
238 35 21 73 177 168 31 37 200
192 35 21 229 243 219 200 241 166
207 141 210 32 244 168 14 192 183
0 35 246 229 123 163 200 37 195
192 245 210 229 123 163 14 217 187
238 211 52 32 244 253 200 192 195
207 211 210 73 123 219 200 133 184
238 35 246 73 123 244 14 37 191
0 35 226 73 123 244 200 217 186
192 179 226 32 177 168 14 37 212
209 141 226 73 244 244 227 37 172
209 35 226 73 49 219 31 241 179
0 141 210 4 49 163 31 133 207
238 141 246 73 123 168 14 37 189
209 211 21 229 123 244 31 133 204
0 245 246 229 177 253 117 37 185
238 245 226 229 177 244 200 241 157
238 35 246 73 177 219 117 192 180
207 179 52 4 49 244 227 241 190
0 179 210 73 243 168 14 133 200
238 245 246 229 243 253 200 192 168
192 141 246 73 244 163 117 241 181
0 179 246 73 177 168 200 37 194
0 179 226 229 49 219 117 133 180
238 35 246 73 243 253 14 241 181
207 211 52 4 177 163 31 217 194
207 35 21 4 49 244 227 133 191
207 35 21 73 177 219 31 241 194
0 141 21 229 243 253 31 241 184
0 245 226 4 243 253 200 37 168
209 141 246 73 243 219 117 217 165
0 211 226 73 123 163 117 133 195
192 141 226 229 243 219 14 133 178
238 141 226 73 49 244 227 37 182
0 179 52 73 123 253 200 217 199
207 141 226 32 244 168 14 37 195
207 211 210 73 243 219 200 241 174
207 141 210 73 177 219 14 133 195
0 245 21 73 244 244 227 37 193
0 35 21 4 244 253 31 192 194
238 245 246 32 244 219 117 133 186
0 141 246 73 49 244 14 133 195
207 141 52 4 243 253 117 133 205
192 211 246 32 243 253 117 133 168
0 179 210 32 243 168 31 241 185
238 179 210 32 49 168 14 37 205
209 211 210 32 49 219 14 241 180
238 211 246 73 243 253 227 192 176
192 179 21 229 177 253 14 133 199
0 211 21 32 177 219 227 192 204
238 245 210 229 243 163 117 37 174
238 35 21 229 123 168 227 133 193
238 245 52 4 177 253 117 241 184
0 211 210 229 49 244 31 133 182
192 179 210 73 177 253 200 37 192
192 211 52 32 244 253 200 37 201
209 211 210 73 177 219 14 217 192
238 211 52 4 244 244 117 192 184
192 179 52 4 244 168 227 192 193
192 245 52 32 243 219 14 241 189
0 211 246 73 177 253 31 217 193
207 141 246 4 123 244 31 192 175
207 35 226 32 49 219 200 241 186
238 141 21 32 49 163 14 217 213
192 141 226 32 177 244 117 241 162
192 35 246 229 177 219 200 217 177
192 179 21 73 244 244 200 37 193
207 179 226 32 177 168 31 37 195
207 141 21 4 123 163 117 37 192
238 141 226 32 123 168 14 133 191
238 141 21 229 244 163 14 37 189
0 211 226 73 177 253 227 241 168
207 179 246 4 49 244 14 217 197
238 35 52 73 123 244 31 37 192
238 35 226 229 243 219 14 37 190
238 179 52 73 49 168 227 133 214
207 245 21 73 243 244 200 192 197
209 179 21 73 49 163 200 217 195
209 141 210 73 49 219 14 192 191
207 211 226 73 243 253 117 217 165
192 141 21 4 49 219 200 241 203
0 211 226 4 123 244 200 192 201
209 35 21 73 177 219 14 241 200
238 245 52 229 243 244 200 192 181
192 35 21 229 123 168 31 192 201
207 245 52 73 243 253 14 217 186
209 211 226 4 123 253 200 192 186
238 245 21 73 243 253 200 241 193
209 245 21 4 244 253 227 192 176
192 245 210 229 49 168 227 37 181
192 211 52 73 49 219 200 217 189
0 35 52 73 123 219 117 133 202
0 211 210 4 49 163 117 241 175
238 141 226 4 49 163 200 241 191
0 211 21 4 244 219 31 37 216
207 179 226 32 177 253 117 192 177
192 179 210 73 244 163 117 192 180
209 141 21 4 244 163 14 133 188
207 211 52 32 177 168 117 133 183
0 245 210 4 123 168 31 37 200
238 141 52 32 177 163 227 217 206
192 211 210 229 49 244 200 37 176
209 179 210 73 177 244 227 133 181
207 35 210 73 49 219 117 192 199
0 141 246 4 123 168 117 217 191
0 211 210 73 244 168 14 217 193
238 35 246 73 244 163 200 217 186
207 35 226 73 243 244 117 217 170
209 211 210 73 177 219 227 37 199
192 141 21 229 243 244 117 241 164
207 141 52 229 243 163 200 133 189
207 35 246 4 177 244 117 241 181
192 141 226 32 123 253 200 192 170
207 141 210 32 49 168 31 133 206
209 35 246 4 49 253 31 37 183
238 179 21 73 244 244 200 192 183
209 35 21 32 49 219 200 37 198
209 245 52 73 244 219 31 217 183
207 245 210 73 244 244 117 217 182
207 179 226 32 177 244 14 192 189
207 35 226 229 49 253 31 217 186
238 179 21 4 243 219 117 133 204
238 35 246 4 49 253 117 37 178
207 35 226 73 123 168 200 133 192
192 35 21 32 177 163 227 192 191
207 245 246 32 177 244 14 192 190
207 211 210 73 177 168 227 133 181
192 179 21 229 244 219 117 133 180
192 211 210 32 244 219 117 217 170
192 141 246 73 244 163 227 241 174
0 211 246 73 123 253 31 217 196
207 211 52 229 243 253 117 192 177
192 179 52 4 49 219 14 192 193
209 141 52 73 49 219 31 133 196
238 179 246 32 49 168 200 241 191
192 211 210 4 244 219 117 37 197
192 211 52 73 49 168 31 133 205
0 141 52 229 243 168 227 37 192
207 179 21 4 123 244 227 133 190
238 179 210 229 49 253 14 37 192
209 179 52 4 243 219 200 241 184
209 35 21 73 123 253 14 192 204
207 211 210 73 49 244 227 133 190
209 179 52 229 177 168 117 217 173
207 179 246 73 177 163 14 192 200
209 35 52 73 244 163 14 217 193
192 35 21 229 243 244 14 217 174
192 141 21 73 244 163 117 241 178
238 141 246 73 123 253 200 217 178
209 245 210 4 123 163 14 133 197
238 141 210 73 123 219 14 241 200
209 245 210 4 177 163 200 241 180
209 35 210 4 244 244 31 241 176
207 211 246 32 49 219 227 217 185
238 211 226 229 177 168 117 133 182
192 179 226 32 243 219 31 217 183
209 141 52 73 243 168 14 217 191
0 35 21 4 177 168 14 192 195
209 211 210 32 244 253 227 37 181
192 211 226 32 243 163 31 217 164
192 141 21 4 244 163 117 217 186
209 141 226 229 177 168 200 192 182
0 211 246 73 49 219 31 217 184
209 211 52 4 243 253 227 192 189
207 245 226 4 49 168 117 37 182
192 211 226 32 49 244 227 37 184
0 211 226 4 177 168 31 217 196
238 35 210 32 123 244 14 133 195
238 179 210 73 123 253 14 192 205
238 141 226 4 49 163 200 192 174
0 35 246 4 244 168 14 192 197
238 211 246 73 244 163 227 217 184
0 141 52 4 243 244 200 133 189
192 35 21 73 177 168 227 133 194
207 211 226 229 243 219 227 192 168
209 35 21 32 123 163 31 37 202
0 35 210 4 49 219 14 133 196
0 141 21 73 177 244 227 133 184
238 35 246 4 49 219 227 133 189
207 35 246 229 177 219 227 133 172
0 35 52 73 49 168 200 192 210
0 179 226 4 123 168 227 192 196
209 141 226 73 123 219 227 192 182
0 35 226 73 177 168 31 192 185
238 141 21 73 244 163 117 192 180
192 211 52 4 123 244 14 37 200
238 35 210 73 177 253 31 217 194
238 35 246 73 244 244 227 217 173
209 179 210 4 49 168 200 241 194
192 35 210 229 49 253 227 217 147
0 245 52 32 49 253 200 192 192
207 35 21 73 49 163 200 192 203
207 35 210 73 49 253 200 37 183
238 179 52 4 243 163 227 37 190
209 179 21 4 49 168 31 241 189
207 35 226 73 244 168 227 241 168
207 141 21 4 243 253 227 241 187
209 211 226 32 177 219 200 37 187
207 245 226 73 243 253 117 192 156
209 35 52 4 177 168 200 217 187
192 35 226 73 49 253 117 192 172
238 141 52 229 244 163 117 241 171
238 245 21 229 243 253 14 133 202
209 35 21 229 244 219 227 192 182
209 211 21 229 244 163 31 192 189
192 35 226 73 243 163 227 37 180
192 35 246 32 123 219 200 192 183
192 179 21 73 123 168 117 192 198
209 245 21 229 123 163 14 37 188
0 211 226 73 177 244 117 217 171
207 245 246 229 243 253 31 133 202
209 211 246 229 49 163 117 217 163
238 141 226 229 177 168 14 192 182
238 141 226 229 177 163 117 37 192
209 179 210 229 243 168 117 192 165
238 245 52 32 243 163 117 192 178
238 35 21 229 49 168 200 37 183
192 179 226 229 123 168 14 133 196
209 179 246 229 244 253 14 37 196
209 35 21 4 123 168 227 133 188
238 35 21 4 244 253 14 133 163
192 179 21 32 49 219 117 133 180
192 141 226 229 243 219 200 241 171
192 179 246 73 244 163 117 37 184
207 245 226 73 123 244 14 217 188
192 35 246 229 244 219 31 217 186
0 179 246 32 49 244 227 192 178
207 35 226 73 177 163 227 241 165
238 35 21 73 244 219 117 192 183
192 35 52 32 123 168 200 217 194
209 179 210 4 244 219 117 37 189
238 35 226 229 49 244 200 217 179
207 35 52 4 123 219 31 133 201
0 245 52 32 49 163 14 217 192
238 35 226 73 49 219 227 192 184
207 35 226 73 177 219 14 241 195
0 141 226 73 123 244 14 241 202
207 35 52 73 177 168 227 192 192
209 35 21 4 243 244 227 217 166
238 211 21 229 123 253 14 133 194
209 35 226 73 244 219 14 192 187
0 35 52 229 177 253 14 37 176
207 141 226 32 123 168 14 192 195
207 211 226 73 123 163 31 37 194
238 141 21 229 177 219 14 241 195
192 245 246 229 123 244 227 217 157
207 211 226 229 123 168 227 241 173
238 179 226 4 49 253 31 217 190
238 245 226 4 177 253 31 37 180
192 179 21 32 243 244 117 241 165
0 245 52 73 244 244 31 133 201
0 211 21 73 123 244 200 192 189
192 35 226 73 123 253 14 241 184
192 141 226 229 243 244 227 217 136
207 211 246 229 123 168 14 217 203
192 211 210 32 177 168 200 192 188
238 245 210 73 243 244 117 37 184
207 179 226 73 177 244 227 37 186
209 141 21 4 177 163 14 192 195
207 35 210 32 177 244 227 241 161
0 245 210 73 243 253 14 241 180
0 211 21 32 123 163 227 133 213
192 141 210 73 244 163 14 192 185
0 245 52 32 49 244 14 133 197
0 35 226 32 49 244 227 192 163
207 179 52 4 123 253 14 192 215
209 141 52 4 49 168 227 241 193
0 179 210 73 244 219 14 192 192
192 141 21 4 243 219 117 241 197
209 211 21 73 177 219 200 241 195
0 179 210 73 243 244 200 217 191
192 141 226 4 244 168 200 37 176
207 35 52 32 243 244 117 37 190
209 245 21 4 244 168 227 241 176
192 35 210 32 243 253 14 217 156
207 245 226 32 177 168 14 217 189
209 245 52 229 49 244 14 192 188
238 35 246 73 177 244 200 241 164
207 141 52 229 123 163 14 37 199
209 179 210 229 243 163 200 217 168
209 179 246 73 123 253 227 37 198
0 245 246 32 49 168 200 217 187
192 35 246 229 49 219 200 133 176
192 179 210 229 123 253 31 133 186
192 141 21 32 123 168 227 241 189
207 211 52 229 49 168 117 192 186
238 245 52 73 49 168 31 133 215
207 245 226 73 49 163 14 37 196
192 211 226 73 177 253 117 217 172
192 179 246 32 123 163 227 217 184
238 179 210 73 244 168 14 217 205
209 141 210 73 243 168 200 192 166
207 141 226 73 177 163 14 37 209
207 35 21 229 49 253 227 37 185
0 141 246 73 243 168 14 37 192
207 245 210 32 177 219 227 192 189
192 245 21 73 177 253 117 192 182
192 179 226 73 177 163 14 241 174
207 211 246 229 123 219 117 133 189
0 141 52 73 243 219 227 217 201
209 35 226 73 243 168 31 37 187
207 141 226 73 123 219 227 217 178
192 211 210 32 123 219 227 241 183
192 179 246 32 244 219 227 217 172
209 211 52 73 123 163 117 241 191
238 35 210 73 243 168 227 192 174
209 35 52 73 177 163 200 241 184
192 245 226 4 49 219 14 241 182
209 211 246 229 49 219 31 241 181
238 141 52 73 49 168 14 192 193
0 245 226 229 177 219 227 192 169
207 211 21 32 123 163 200 241 206
192 211 52 73 177 219 31 37 199
209 35 226 229 177 168 200 192 187
209 179 210 73 123 253 14 241 180
209 141 52 229 123 253 14 241 190
0 211 246 32 123 244 31 217 197
238 211 226 32 244 244 31 217 178
207 35 52 4 177 219 31 37 196
238 141 52 73 243 253 14 192 177
209 141 52 32 243 244 14 37 192
238 141 226 73 49 219 31 133 191
209 141 226 229 177 244 117 133 157
192 179 52 229 243 219 117 217 172
238 141 21 229 49 168 117 217 190
238 245 210 73 49 244 14 217 190
192 35 21 32 243 219 227 133 192
192 245 246 32 49 244 117 192 173
207 245 52 4 244 168 31 192 191
207 211 210 4 49 168 31 217 211
209 179 226 73 123 244 227 217 168
0 179 52 73 177 168 227 37 218
207 141 226 73 49 163 200 241 190
238 35 246 73 177 253 117 241 171
238 35 21 4 177 219 31 133 188
238 179 226 4 244 253 200 241 171
0 179 246 73 244 244 14 217 187
209 141 21 32 123 163 200 192 194
0 179 210 4 123 253 200 37 187
0 35 246 73 177 163 227 133 180
192 211 52 229 243 219 117 241 164
238 35 226 73 243 219 117 192 165
207 211 21 32 244 163 200 217 197
192 211 246 4 243 163 227 217 178
238 35 52 32 49 168 200 241 201
238 141 210 73 123 163 117 37 186
207 35 52 32 123 253 14 241 187
0 141 52 32 177 244 117 192 189
192 211 246 32 243 168 200 217 175
0 211 52 4 177 244 14 217 184
209 179 246 32 244 163 14 241 190
207 179 210 4 123 163 14 133 201
192 141 52 229 177 163 227 241 186
192 211 210 73 123 253 117 217 176
192 179 52 4 49 163 200 37 190
209 141 210 73 243 163 227 192 183
207 211 226 4 49 219 14 241 193
209 245 226 32 123 253 227 37 183
209 245 52 32 243 168 31 217 181
207 35 246 32 177 219 31 217 202
207 141 246 73 243 163 227 241 187
238 245 52 73 177 163 14 37 211
0 211 210 73 49 253 31 133 206
238 211 226 73 244 219 200 192 176
207 211 52 73 177 253 117 217 197
207 141 246 32 123 219 14 192 190
192 141 52 4 243 253 117 241 181
209 245 21 4 49 163 227 192 191
207 141 226 4 244 253 227 37 179
0 35 21 73 177 163 200 241 196
0 141 52 32 123 253 14 241 185
207 179 246 4 177 219 200 192 185
209 211 52 32 123 244 200 37 184
0 35 21 229 244 168 117 241 185
207 179 246 229 123 168 227 192 177
192 35 52 73 49 163 31 192 192
209 211 52 73 243 253 227 37 187
209 179 210 73 243 253 31 133 200
0 35 21 229 243 219 227 217 173
238 211 246 73 49 253 31 241 188
192 35 210 73 123 168 31 241 184
192 179 246 32 49 253 227 37 190
238 245 210 229 244 163 200 241 172
209 179 21 73 243 244 117 192 175
192 211 21 229 123 168 31 217 198
238 211 21 73 244 168 227 241 178
209 211 226 73 244 253 200 37 178
238 245 246 73 243 219 200 241 176
0 245 52 73 49 244 200 133 215
209 211 210 73 244 219 117 37 193
207 141 246 73 123 219 14 37 188
192 245 21 32 123 219 117 37 191
192 35 226 32 244 219 14 37 193
209 245 246 73 177 219 31 241 181
192 211 226 32 243 163 14 241 168
0 179 210 229 244 219 14 37 205
209 179 210 32 177 244 200 37 180
207 35 21 32 49 219 227 241 193
207 211 226 4 177 219 227 37 190
192 35 246 4 49 244 14 217 170
238 141 246 4 243 244 14 37 186
209 141 21 4 123 163 14 217 199
192 245 246 73 244 163 200 217 180
192 245 246 32 244 244 14 192 192
192 211 246 229 123 163 227 37 176
192 211 52 32 177 219 227 192 192
209 141 226 73 243 168 14 133 186
0 211 226 73 244 168 200 133 192
207 141 246 32 123 219 117 192 183
192 211 246 73 244 163 227 241 176
207 35 246 73 123 219 117 37 205
207 211 21 73 243 253 14 241 199
0 245 21 229 123 253 227 241 180
238 141 52 73 244 219 200 37 176
209 245 246 73 243 244 227 192 175
238 35 246 73 123 244 14 241 185
192 179 226 32 123 163 14 133 194
238 141 226 73 244 163 31 133 191
207 141 210 73 243 253 14 133 186
0 35 246 4 243 163 227 217 192
192 211 210 73 243 244 200 192 176
207 179 52 73 49 253 227 217 182
0 245 226 4 123 244 117 192 161
209 141 226 32 244 163 227 241 164
238 211 210 32 177 168 200 241 194
238 245 210 73 49 163 14 241 196
207 179 246 73 243 253 200 133 185
209 35 246 73 243 244 31 133 181
192 211 226 4 244 253 227 133 182
207 35 21 73 244 163 117 192 196
207 35 21 229 244 163 227 241 185
192 141 226 229 49 253 200 241 165
209 245 52 73 244 253 200 217 178
238 35 21 4 243 163 200 241 195
209 35 210 229 123 253 117 133 176
209 211 21 73 177 219 227 133 187
209 141 246 32 243 168 227 37 170
209 141 226 73 123 253 227 217 179
238 179 210 32 244 168 200 133 187
209 245 52 32 243 168 227 192 187
192 211 226 32 244 253 14 241 173
0 179 21 73 49 168 31 241 198
209 245 52 73 123 244 227 37 190
209 35 210 4 123 253 227 217 176
0 179 210 73 49 219 227 192 184
207 245 52 73 49 168 227 217 192
207 211 226 4 244 244 31 133 187
207 141 210 32 49 163 200 241 192
238 141 21 4 49 163 14 37 195
0 245 52 73 243 163 31 217 198
0 141 21 4 243 219 14 241 208
209 179 210 4 49 168 227 37 192
192 35 52 4 123 253 200 217 194
0 179 226 73 177 244 200 192 177
192 211 210 4 243 219 117 133 184
209 35 210 229 177 168 117 37 177
0 179 226 32 49 244 31 133 200
238 35 210 229 243 163 200 217 180
0 211 52 73 49 163 227 37 201
238 179 21 73 243 253 117 217 169
209 35 52 32 123 163 227 241 196
209 141 226 4 49 219 200 217 179
207 141 21 73 244 253 31 217 181
192 179 246 73 177 219 31 133 192
209 35 52 73 123 219 200 37 201
238 179 226 229 244 253 227 241 150
192 245 52 4 177 219 200 217 187
207 35 21 32 177 163 31 133 202
0 245 226 229 244 168 14 192 186
207 35 210 4 49 219 31 192 195
238 179 52 32 49 244 31 241 190
207 245 226 32 123 168 14 217 192
238 179 246 229 49 168 14 217 207
238 141 226 32 177 163 227 37 185
0 211 210 32 49 253 117 217 180
0 211 52 73 243 244 200 217 187
207 179 21 32 49 163 14 192 209
0 211 226 73 244 168 200 133 192
0 211 52 32 49 253 200 192 191
192 245 226 73 177 168 14 241 172
0 179 210 73 49 168 117 133 188
192 141 226 32 243 168 14 217 166
238 211 210 73 123 253 200 241 191
207 211 226 32 177 244 227 37 190
192 179 21 32 49 163 200 133 193
0 141 21 4 177 163 31 37 193
0 211 21 4 243 163 31 217 198
207 35 52 73 123 219 14 192 203
207 35 210 229 177 219 14 192 204
238 245 21 229 243 163 227 133 194
192 211 52 4 244 244 117 192 176
207 245 52 73 243 244 14 37 186
192 245 210 73 123 168 200 217 177
192 35 52 32 244 244 200 217 170
192 179 246 73 123 244 117 133 190
0 35 21 229 177 244 117 133 179
192 141 246 4 244 168 227 133 181
0 179 246 4 123 219 227 192 182
0 211 226 73 177 253 227 241 168
238 35 226 73 123 253 14 37 189
192 245 226 229 177 219 227 37 160
0 35 21 4 177 219 14 37 196
238 141 246 73 123 163 227 217 189
238 179 21 73 243 253 200 192 188
207 211 226 4 123 244 14 37 186
238 179 226 73 49 253 117 37 183
238 245 210 32 123 163 227 241 182
207 35 210 32 243 253 117 192 169
209 141 21 32 244 244 14 133 206
207 211 246 73 49 219 14 37 197
0 179 52 73 244 244 227 192 193
238 35 210 32 244 163 117 133 165
238 211 226 32 244 163 117 37 183
207 211 226 229 244 253 14 192 186
209 179 21 73 244 244 117 217 180
238 35 226 73 49 163 117 192 184
0 35 226 73 177 219 117 217 189
207 211 246 4 177 219 117 241 181
238 141 226 229 49 163 200 192 182
207 141 246 32 123 168 14 37 190
209 35 210 4 243 168 14 37 182
209 211 226 4 243 253 227 192 175
207 35 210 73 123 253 117 192 185
209 179 210 32 243 163 14 133 180
0 245 21 73 177 253 31 192 201
192 245 210 229 177 168 31 133 184
238 35 210 73 123 168 227 241 184
238 211 246 229 177 163 200 192 191
209 141 21 32 177 244 200 37 190
192 179 246 229 244 168 227 192 189
0 35 226 32 123 168 200 192 193
0 211 226 73 49 163 200 133 205
207 141 21 229 177 219 200 217 189
209 35 246 32 244 253 14 133 192
192 211 52 229 243 219 117 133 179
238 245 210 73 243 219 14 133 193
192 35 52 73 177 244 14 37 182
209 141 210 32 243 253 117 241 153
238 35 246 4 177 163 117 241 178
192 211 246 4 49 219 14 133 192
238 141 246 73 177 253 117 241 171
209 141 246 229 243 163 31 37 189
207 35 52 229 177 253 227 241 158
238 179 52 229 177 168 227 37 194
0 141 246 32 123 163 227 192 200
192 179 246 73 49 219 227 133 190
0 179 210 73 244 168 200 192 191
192 35 226 229 123 219 14 217 182
238 245 21 4 177 163 31 37 196
238 141 246 73 243 219 227 192 173
209 245 52 73 243 168 31 241 189
0 211 21 73 244 244 117 37 197
209 141 52 32 49 253 227 37 209
238 35 210 4 244 219 117 192 190
0 211 210 32 123 168 200 133 199
192 211 246 32 123 168 200 217 196
0 245 52 229 177 168 227 133 198
0 179 21 229 123 244 31 37 192
238 211 52 229 244 244 117 241 170
192 179 226 73 244 168 31 241 173
209 179 246 229 123 244 200 217 175
209 141 21 229 244 168 200 133 200
207 35 52 4 123 219 14 37 194
207 35 210 73 49 219 117 241 190
238 141 226 32 123 244 200 133 170
0 245 52 229 123 253 31 217 188
209 35 21 32 49 219 227 192 198
209 245 52 73 123 219 200 217 193
238 179 21 229 244 253 227 192 188
0 141 52 4 177 219 117 133 189
209 141 246 229 49 219 227 37 183
207 211 210 229 243 163 117 133 171
238 179 246 73 243 163 31 241 175
192 211 210 32 49 219 227 241 189
207 211 246 73 244 168 31 192 199
192 35 226 229 123 253 200 133 170
0 179 21 229 177 253 31 217 173
238 245 21 73 49 253 117 37 201
0 245 21 4 49 253 227 133 188
192 179 210 4 244 163 31 192 175
209 245 21 4 244 219 31 217 187
192 211 210 229 123 219 200 192 183
209 211 21 229 123 168 227 217 182
0 141 246 73 244 253 200 37 178
238 211 21 73 123 253 31 241 189
238 245 52 73 123 163 14 241 204
238 35 226 73 177 163 31 217 189
192 211 52 32 123 168 14 133 207
192 211 21 73 177 163 14 217 192
192 141 52 229 244 163 117 241 187
209 179 210 229 123 253 200 192 179
0 35 210 73 49 168 227 37 188
209 245 246 73 49 244 200 192 176
207 245 21 73 123 244 31 37 194
207 179 210 73 49 163 227 192 196
207 141 210 73 243 168 200 217 184
238 179 246 32 244 163 31 37 197
0 211 21 229 123 219 227 133 193
209 211 210 4 244 244 117 241 178
207 35 246 229 49 168 227 133 172
209 211 226 73 123 253 227 192 193
0 245 21 4 177 168 227 217 190
238 211 246 73 244 253 31 192 195
192 179 246 32 243 253 227 217 156
209 35 21 73 49 219 227 133 207
209 141 210 4 243 163 200 133 183
207 211 210 229 243 168 14 217 196
0 179 226 4 243 253 14 217 180
192 179 210 73 123 253 227 241 168
238 245 52 73 177 219 117 37 184
192 245 226 32 49 219 31 133 195
238 141 246 73 49 244 227 37 185
0 141 210 73 243 244 200 133 174
192 35 226 32 244 244 14 192 181
209 211 52 32 243 219 227 192 191
238 35 21 32 243 253 200 217 184
207 141 226 73 244 253 227 217 162
192 141 210 32 243 168 31 241 180
238 211 52 229 123 253 200 241 184
238 141 52 73 49 163 14 192 189
192 211 246 229 244 253 31 217 179
209 245 226 4 177 219 14 241 184
192 211 246 73 244 219 14 241 175
238 35 246 32 49 168 117 217 187
209 211 21 73 123 219 117 241 196
209 179 226 32 244 219 31 192 187
192 211 226 73 123 219 117 241 176
209 211 21 4 243 163 200 133 191
207 179 210 229 123 244 31 241 177
0 35 52 32 243 253 200 217 176
207 245 210 73 49 244 200 37 189
0 179 21 229 243 253 227 217 169
238 35 246 229 244 163 14 133 198
0 35 21 229 244 168 200 217 180
192 35 210 229 243 253 200 217 161
209 141 210 73 244 163 14 37 181
238 179 226 229 177 244 117 192 181
238 245 210 32 49 163 117 133 188
207 35 21 32 243 244 14 133 174
192 179 21 73 49 253 31 217 198
207 179 210 229 177 163 14 241 192
192 141 226 73 123 244 14 241 176
209 245 21 32 244 219 31 217 193
192 245 52 32 177 163 117 241 177
192 245 52 32 244 253 227 192 181
238 245 21 4 244 253 31 217 174
238 141 246 73 177 163 117 37 199
192 35 226 4 49 168 227 217 172
192 245 210 32 123 163 200 133 178
238 179 210 229 244 163 200 133 176
207 35 21 73 243 168 14 133 198
0 35 226 32 243 163 14 133 198
209 245 246 32 243 163 200 192 178
192 35 21 229 123 253 200 241 171
0 211 210 73 177 219 200 241 183
192 211 210 73 244 163 117 37 181
209 245 246 73 243 163 200 133 179
0 245 226 73 243 244 31 37 189
207 245 52 229 243 244 227 133 192
238 211 210 229 49 168 117 133 182
192 35 226 229 49 253 227 133 170
0 211 246 229 243 163 31 192 186
192 211 210 32 244 163 31 37 187
192 35 226 73 123 219 117 37 182
192 141 226 73 123 253 117 217 177
209 141 246 229 244 168 227 133 177
238 179 52 32 244 244 200 192 174
192 35 210 73 123 253 227 217 173
209 245 21 73 177 253 14 192 195
192 141 210 4 123 219 14 192 192
207 141 21 73 123 253 117 217 193
0 211 21 229 243 244 117 133 186
0 211 226 73 123 163 117 217 191
238 245 226 73 49 219 31 241 190
0 245 210 4 243 244 200 192 170
238 211 52 73 177 168 117 192 193
0 179 52 229 243 168 200 217 185
238 35 246 73 49 219 227 133 180
209 141 210 229 177 219 117 37 170
192 245 52 32 244 219 117 133 195
238 245 246 32 243 163 117 241 163
192 179 210 73 123 219 200 241 182
192 211 21 73 177 168 227 241 185
207 179 210 32 49 253 227 133 195
0 179 52 32 177 168 117 217 177
238 245 226 73 243 219 117 37 170
207 35 21 73 49 244 227 37 201
192 179 210 4 49 219 14 241 190
192 179 246 4 177 168 227 133 200
207 245 21 73 49 253 227 192 205
209 35 21 73 123 219 31 192 216
209 35 21 229 49 168 227 217 184
238 179 246 4 244 244 200 217 174
192 245 210 32 123 219 117 241 177
0 179 210 73 49 244 200 192 195
192 141 21 4 177 244 117 217 187
192 245 226 32 49 219 200 192 175
0 179 21 73 49 163 227 192 212
209 35 210 73 177 244 117 241 163
209 35 52 32 123 253 31 37 193
209 35 246 229 177 253 227 241 153
0 141 226 229 49 244 227 217 150
238 141 246 73 177 163 14 37 206
209 245 210 4 177 163 14 192 184
192 35 52 32 244 244 14 217 184
192 245 21 229 243 168 227 133 180
0 35 226 73 244 253 200 192 182
0 179 226 32 123 168 227 37 204
207 211 21 4 49 168 14 217 207
209 179 21 4 123 168 14 217 188
0 179 52 4 244 168 31 37 200
209 245 52 229 123 253 200 192 194
238 141 210 32 244 163 14 192 190
209 179 21 229 243 163 200 192 183
209 141 246 229 244 163 227 133 198
209 245 52 73 243 244 227 133 177
192 245 52 229 243 244 31 241 164
238 141 21 73 244 244 31 37 187
209 179 210 32 243 219 200 217 171
0 179 52 73 123 168 117 241 197
0 179 246 73 243 253 200 133 192
192 211 52 32 49 168 117 192 193
192 179 246 4 243 168 14 37 183
238 245 246 73 49 244 14 192 190
207 245 52 4 177 163 31 217 191
192 245 226 4 49 219 31 192 190
209 35 210 4 244 219 117 241 182
207 245 246 32 49 244 200 133 187
207 179 210 73 123 219 200 37 198
192 35 210 73 243 163 227 192 186
238 141 246 229 244 219 227 37 173
207 211 21 229 49 253 227 192 196
238 141 21 229 123 219 31 241 180
0 245 246 32 243 244 14 37 187
192 35 52 73 49 163 200 192 199
0 179 226 4 244 168 200 133 193
207 179 210 229 123 168 117 241 167
207 179 210 229 177 168 31 217 192
207 211 52 4 49 163 31 217 200
238 141 52 4 177 244 14 217 194
238 35 226 229 177 253 200 37 181
238 211 246 73 49 244 227 192 182
207 141 246 229 243 244 200 192 176
238 35 226 73 177 253 117 241 171
0 211 52 4 49 244 200 217 187
207 141 21 73 123 244 227 37 201
209 211 246 4 177 244 227 217 166
209 141 21 229 244 219 31 37 210
207 245 210 32 49 168 14 217 197
238 179 246 32 49 163 14 37 200
207 35 52 229 177 244 227 241 171
192 245 226 73 244 244 31 217 165
0 141 21 73 244 244 31 241 193
238 211 210 4 243 253 117 37 179
238 35 246 229 177 168 227 133 199
0 245 210 4 123 253 14 133 187
0 245 226 4 244 244 31 37 177
192 179 226 229 177 168 31 241 163
0 141 210 73 123 244 117 133 194
0 35 246 73 177 163 31 133 192
207 245 226 73 177 219 200 192 190
207 245 246 32 49 168 14 133 206
238 141 210 73 177 163 200 192 193
238 35 226 73 243 219 227 241 172
238 211 226 229 244 219 31 241 182
207 35 226 73 177 253 14 217 193
0 141 210 4 123 168 117 217 187
0 179 52 229 123 219 117 241 185
