Initial objective: 52
------------------------------------------------------------------
Elapsed Time	Temperature	Epoch	Trial	Objective	Acceptance
------------------------------------------------------------------
  0:0:50.345	          3	1/17	1/15	    52	         N
  0:1:40.653	          3	1/17	2/15	    52	         N
    0:2:31.3	          3	1/17	3/15	    48	         N
  0:3:21.342	          3	1/17	4/15	    49	         N
  0:4:11.686	          3	1/17	5/15	    50	         Y
    0:5:2.92	          3	1/17	6/15	    48	         Y
  0:5:52.525	          3	1/17	7/15	    48	         N
  0:6:42.904	          3	1/17	8/15	    47	         N
  0:7:33.281	          3	1/17	9/15	    52	         Y
  0:8:23.667	          3	1/17	10/15	    49	         Y
  0:9:14.111	          3	1/17	11/15	    51	         Y
  0:10:4.483	          3	1/17	12/15	    55	         Y
 0:10:54.864	          3	1/17	13/15	    52	         Y
 0:11:45.281	          3	1/17	14/15	    47	         N
  0:12:37.21	          3	1/17	15/15	    55	         Y
 0:13:34.161	       2.55	2/17	1/15	    55	         N
 0:14:32.331	       2.55	2/17	2/15	    51	         Y
 0:15:28.334	       2.55	2/17	3/15	    54	         Y
 0:16:24.619	       2.55	2/17	4/15	    52	         N
 0:17:21.219	       2.55	2/17	5/15	    54	         N
 0:18:17.966	       2.55	2/17	6/15	    55	         Y
 0:19:12.144	       2.55	2/17	7/15	    54	         Y
  0:20:7.715	       2.55	2/17	8/15	    50	         N
  0:21:1.791	       2.55	2/17	9/15	    56	         Y
  0:22:0.357	       2.55	2/17	10/15	    52	         N
 0:22:57.772	       2.55	2/17	11/15	    50	         N
 0:23:54.339	       2.55	2/17	12/15	    53	         Y
 0:24:48.137	       2.55	2/17	13/15	    51	         Y
 0:25:38.447	       2.55	2/17	14/15	    53	         Y
 0:26:28.722	       2.55	2/17	15/15	    47	         N
   0:27:19.8	     2.1675	3/17	1/15	    50	         Y
  0:28:9.305	     2.1675	3/17	2/15	    50	         N
 0:28:59.653	     2.1675	3/17	3/15	    55	         Y
 0:29:49.991	     2.1675	3/17	4/15	    57	         Y
 0:30:40.282	     2.1675	3/17	5/15	    52	         N
 0:31:30.594	     2.1675	3/17	6/15	    54	         N
 0:32:20.952	     2.1675	3/17	7/15	    53	         N
 0:33:11.248	     2.1675	3/17	8/15	    52	         N
  0:34:1.554	     2.1675	3/17	9/15	    57	         N
 0:34:51.853	     2.1675	3/17	10/15	    50	         Y
 0:35:42.190	     2.1675	3/17	11/15	    49	         N
 0:36:32.502	     2.1675	3/17	12/15	    52	         Y
 0:37:22.786	     2.1675	3/17	13/15	    50	         Y
  0:38:13.83	     2.1675	3/17	14/15	    49	         N
  0:39:3.390	     2.1675	3/17	15/15	    49	         Y
 0:39:53.680	   1.842375	4/17	1/15	    48	         Y
 0:40:43.998	   1.842375	4/17	2/15	    49	         Y
 0:41:34.322	   1.842375	4/17	3/15	    53	         Y
 0:42:24.647	   1.842375	4/17	4/15	    50	         Y
 0:43:14.917	   1.842375	4/17	5/15	    56	         Y
  0:44:5.815	   1.842375	4/17	6/15	    53	         N
 0:44:56.139	   1.842375	4/17	7/15	    54	         N
 0:45:46.418	   1.842375	4/17	8/15	    55	         Y
 0:46:36.747	   1.842375	4/17	9/15	    54	         N
  0:47:27.57	   1.842375	4/17	10/15	    53	         Y
 0:48:17.384	   1.842375	4/17	11/15	    49	         N
  0:49:7.672	   1.842375	4/17	12/15	    57	         Y
 0:49:57.963	   1.842375	4/17	13/15	    57	         N
 0:50:48.290	   1.842375	4/17	14/15	    57	         N
 0:51:38.576	   1.842375	4/17	15/15	    53	         N
 0:52:28.861	  1.5660187	5/17	1/15	    49	         N
 0:53:19.153	  1.5660187	5/17	2/15	    54	         N
  0:54:9.434	  1.5660187	5/17	3/15	    59	         Y
 0:54:59.710	  1.5660187	5/17	4/15	    57	         Y
  0:55:50.52	  1.5660187	5/17	5/15	    61	         Y
 0:56:40.359	  1.5660187	5/17	6/15	    55	         N
 0:57:30.670	  1.5660187	5/17	7/15	    61	         N
 0:58:20.972	  1.5660187	5/17	8/15	    54	         N
 0:59:11.281	  1.5660187	5/17	9/15	    64	         Y
   1:0:1.591	  1.5660187	5/17	10/15	    66	         Y
  1:0:51.898	  1.5660187	5/17	11/15	    60	         N
  1:1:42.209	  1.5660187	5/17	12/15	    49	         N
  1:2:32.497	  1.5660187	5/17	13/15	    58	         N
  1:3:22.833	  1.5660187	5/17	14/15	    58	         N
  1:4:13.137	  1.5660187	5/17	15/15	    58	         N
   1:5:3.432	  1.3311159	6/17	1/15	    53	         N
  1:5:53.814	  1.3311159	6/17	2/15	    59	         N
  1:6:44.102	  1.3311159	6/17	3/15	    61	         N
  1:7:34.381	  1.3311159	6/17	4/15	    58	         N
  1:8:24.712	  1.3311159	6/17	5/15	    52	         N
  1:9:14.990	  1.3311159	6/17	6/15	    55	         N
  1:10:5.368	  1.3311159	6/17	7/15	    55	         N
 1:10:55.724	  1.3311159	6/17	8/15	    58	         N
  1:11:46.35	  1.3311159	6/17	9/15	    61	         N
 1:12:36.338	  1.3311159	6/17	10/15	    55	         N
 1:13:26.694	  1.3311159	6/17	11/15	    54	         N
  1:14:17.14	  1.3311159	6/17	12/15	    52	         N
  1:15:7.281	  1.3311159	6/17	13/15	    55	         N
 1:15:57.560	  1.3311159	6/17	14/15	    58	         N
 1:16:47.887	  1.3311159	6/17	15/15	    58	         N
 1:17:38.219	  1.1314485	7/17	1/15	    56	         N
 1:18:28.518	  1.1314485	7/17	2/15	    59	         N
 1:19:18.896	  1.1314485	7/17	3/15	    53	         N
  1:20:9.214	  1.1314485	7/17	4/15	    59	         N
 1:20:59.553	  1.1314485	7/17	5/15	    67	         Y
 1:21:49.876	  1.1314485	7/17	6/15	    55	         N
 1:22:40.224	  1.1314485	7/17	7/15	    62	         N
 1:23:30.590	  1.1314485	7/17	8/15	    62	         N
 1:24:20.922	  1.1314485	7/17	9/15	    60	         N
 1:25:11.242	  1.1314485	7/17	10/15	    57	         N
  1:26:1.572	  1.1314485	7/17	11/15	    47	         N
 1:26:51.897	  1.1314485	7/17	12/15	    63	         N
 1:27:42.207	  1.1314485	7/17	13/15	    54	         N
 1:28:32.511	  1.1314485	7/17	14/15	    54	         N
 1:29:22.811	  1.1314485	7/17	15/15	    61	         N
 1:30:13.130	 0.96173126	8/17	1/15	    59	         N
  1:31:3.468	 0.96173126	8/17	2/15	    57	         N
 1:31:53.787	 0.96173126	8/17	3/15	    53	         N
 1:32:44.100	 0.96173126	8/17	4/15	    62	         N
 1:33:34.413	 0.96173126	8/17	5/15	    57	         N
 1:34:24.723	 0.96173126	8/17	6/15	    54	         N
   1:35:15.2	 0.96173126	8/17	7/15	    59	         N
  1:36:5.319	 0.96173126	8/17	8/15	    55	         N
 1:36:55.625	 0.96173126	8/17	9/15	    59	         N
 1:37:45.908	 0.96173126	8/17	10/15	    57	         N
 1:38:36.192	 0.96173126	8/17	11/15	    59	         N
 1:39:26.493	 0.96173126	8/17	12/15	    63	         N
 1:40:16.766	 0.96173126	8/17	13/15	    60	         N
   1:41:7.54	 0.96173126	8/17	14/15	    54	         N
 1:41:57.421	 0.96173126	8/17	15/15	    56	         N
 1:42:47.758	 0.81747158	9/17	1/15	    60	         N
  1:43:38.61	 0.81747158	9/17	2/15	    54	         N
 1:44:28.376	 0.81747158	9/17	3/15	    62	         N
 1:45:18.700	 0.81747158	9/17	4/15	    60	         N
   1:46:9.20	 0.81747158	9/17	5/15	    56	         N
 1:46:59.332	 0.81747158	9/17	6/15	    58	         N
 1:47:49.642	 0.81747158	9/17	7/15	    60	         N
 1:48:39.989	 0.81747158	9/17	8/15	    58	         N
 1:49:30.334	 0.81747158	9/17	9/15	    62	         N
 1:50:20.653	 0.81747158	9/17	10/15	    59	         N
 1:51:10.969	 0.81747158	9/17	11/15	    55	         N
  1:52:1.307	 0.81747158	9/17	12/15	    53	         N
 1:52:51.588	 0.81747158	9/17	13/15	    55	         N
 1:53:41.929	 0.81747158	9/17	14/15	    57	         N
 1:54:32.225	 0.81747158	9/17	15/15	    55	         N
 1:55:22.518	 0.69485084	10/17	1/15	    57	         N
 1:56:12.803	 0.69485084	10/17	2/15	    52	         N
  1:57:3.122	 0.69485084	10/17	3/15	    58	         N
 1:57:53.470	 0.69485084	10/17	4/15	    51	         N
 1:58:43.785	 0.69485084	10/17	5/15	    55	         N
  1:59:34.88	 0.69485084	10/17	6/15	    55	         N
  2:0:24.388	 0.69485084	10/17	7/15	    62	         N
  2:1:14.728	 0.69485084	10/17	8/15	    62	         N
    2:2:5.28	 0.69485084	10/17	9/15	    58	         N
  2:2:55.334	 0.69485084	10/17	10/15	    61	         N
  2:3:45.669	 0.69485084	10/17	11/15	    59	         N
  2:4:35.990	 0.69485084	10/17	12/15	    58	         N
  2:5:26.315	 0.69485084	10/17	13/15	    60	         N
  2:6:16.669	 0.69485084	10/17	14/15	    54	         N
    2:7:7.19	 0.69485084	10/17	15/15	    54	         N
  2:7:57.345	 0.59062321	11/17	1/15	    61	         N
  2:8:47.681	 0.59062321	11/17	2/15	    56	         N
    2:9:38.3	 0.59062321	11/17	3/15	    60	         N
 2:10:28.287	 0.59062321	11/17	4/15	    59	         N
 2:11:18.654	 0.59062321	11/17	5/15	    60	         N
  2:12:8.973	 0.59062321	11/17	6/15	    60	         N
 2:12:59.255	 0.59062321	11/17	7/15	    61	         N
 2:13:49.572	 0.59062321	11/17	8/15	    59	         N
 2:14:39.883	 0.59062321	11/17	9/15	    54	         N
 2:15:30.192	 0.59062321	11/17	10/15	    59	         N
 2:16:20.467	 0.59062321	11/17	11/15	    60	         N
 2:17:10.778	 0.59062321	11/17	12/15	    60	         N
  2:18:1.105	 0.59062321	11/17	13/15	    60	         N
 2:18:51.418	 0.59062321	11/17	14/15	    61	         N
 2:19:41.720	 0.59062321	11/17	15/15	    60	         N
 2:20:31.984	 0.50202973	12/17	1/15	    61	         N
 2:21:22.326	 0.50202973	12/17	2/15	    58	         N
 2:22:12.653	 0.50202973	12/17	3/15	    63	         N
  2:23:2.966	 0.50202973	12/17	4/15	    59	         N
 2:23:53.305	 0.50202973	12/17	5/15	    65	         N
 2:24:43.625	 0.50202973	12/17	6/15	    57	         N
 2:25:33.958	 0.50202973	12/17	7/15	    57	         N
 2:26:24.232	 0.50202973	12/17	8/15	    59	         N
 2:27:14.577	 0.50202973	12/17	9/15	    55	         N
  2:28:4.902	 0.50202973	12/17	10/15	    62	         N
 2:28:55.214	 0.50202973	12/17	11/15	    58	         N
 2:29:45.548	 0.50202973	12/17	12/15	    59	         N
 2:30:35.899	 0.50202973	12/17	13/15	    57	         N
 2:31:26.201	 0.50202973	12/17	14/15	    61	         N
 2:32:16.495	 0.50202973	12/17	15/15	    63	         N
  2:33:6.806	 0.42672527	13/17	1/15	    60	         N
 2:33:57.103	 0.42672527	13/17	2/15	    63	         N
 2:34:47.462	 0.42672527	13/17	3/15	    60	         N
 2:35:38.538	 0.42672527	13/17	4/15	    57	         N
 2:36:28.892	 0.42672527	13/17	5/15	    60	         N
 2:37:19.218	 0.42672527	13/17	6/15	    57	         N
  2:38:10.77	 0.42672527	13/17	7/15	    59	         N
   2:39:5.18	 0.42672527	13/17	8/15	    58	         N
  2:39:57.40	 0.42672527	13/17	9/15	    59	         N
 2:40:48.841	 0.42672527	13/17	10/15	    59	         N
 2:41:40.149	 0.42672527	13/17	11/15	    61	         N
 2:42:30.763	 0.42672527	13/17	12/15	    56	         N
 2:43:22.372	 0.42672527	13/17	13/15	    54	         N
  2:44:13.22	 0.42672527	13/17	14/15	    59	         N
  2:45:3.567	 0.42672527	13/17	15/15	    58	         N
 2:45:53.971	 0.36271648	14/17	1/15	    66	         N
 2:46:44.311	 0.36271648	14/17	2/15	    62	         N
 2:47:34.694	 0.36271648	14/17	3/15	    54	         N
  2:48:25.53	 0.36271648	14/17	4/15	    63	         N
 2:49:15.683	 0.36271648	14/17	5/15	    61	         N
 2:50:20.901	 0.36271648	14/17	6/15	    64	         N
 2:51:11.440	 0.36271648	14/17	7/15	    59	         N
  2:52:1.757	 0.36271648	14/17	8/15	    59	         N
 2:52:52.106	 0.36271648	14/17	9/15	    56	         N
 2:53:42.698	 0.36271648	14/17	10/15	    61	         N
 2:54:33.443	 0.36271648	14/17	11/15	    59	         N
 2:55:24.112	 0.36271648	14/17	12/15	    66	         N
 2:56:14.604	 0.36271648	14/17	13/15	    59	         N
   2:57:5.20	 0.36271648	14/17	14/15	    63	         N
 2:57:55.386	 0.36271648	14/17	15/15	    54	         N
 2:58:46.869	 0.30830901	15/17	1/15	    56	         N
  2:59:41.27	 0.30830901	15/17	2/15	    58	         N
  3:0:36.680	 0.30830901	15/17	3/15	    61	         N
  3:1:27.842	 0.30830901	15/17	4/15	    62	         N
  3:2:18.179	 0.30830901	15/17	5/15	    59	         N
   3:3:13.98	 0.30830901	15/17	6/15	    59	         N
   3:4:3.553	 0.30830901	15/17	7/15	    55	         N
  3:4:53.950	 0.30830901	15/17	8/15	    60	         N
  3:5:46.623	 0.30830901	15/17	9/15	    60	         N
  3:6:39.235	 0.30830901	15/17	10/15	    60	         N
   3:7:30.50	 0.30830901	15/17	11/15	    58	         N
  3:8:20.746	 0.30830901	15/17	12/15	    58	         N
  3:9:11.649	 0.30830901	15/17	13/15	    63	         N
  3:10:2.174	 0.30830901	15/17	14/15	    63	         N
 3:10:52.657	 0.30830901	15/17	15/15	    52	         N
 3:11:43.168	 0.26206266	16/17	1/15	    62	         N
 3:12:33.884	 0.26206266	16/17	2/15	    62	         N
 3:13:24.209	 0.26206266	16/17	3/15	    63	         N
 3:14:14.859	 0.26206266	16/17	4/15	    66	         N
  3:15:5.242	 0.26206266	16/17	5/15	    57	         N
 3:15:55.605	 0.26206266	16/17	6/15	    57	         N
 3:16:45.928	 0.26206266	16/17	7/15	    60	         N
 3:17:36.257	 0.26206266	16/17	8/15	    57	         N
 3:18:26.601	 0.26206266	16/17	9/15	    58	         N
 3:19:16.928	 0.26206266	16/17	10/15	    64	         N
  3:20:7.278	 0.26206266	16/17	11/15	    63	         N
 3:20:57.603	 0.26206266	16/17	12/15	    59	         N
 3:21:47.942	 0.26206266	16/17	13/15	    69	         Y
 3:22:38.265	 0.26206266	16/17	14/15	    60	         N
 3:23:28.631	 0.26206266	16/17	15/15	    65	         N
 3:24:18.948	 0.22275326	17/17	1/15	    63	         N
  3:25:9.270	 0.22275326	17/17	2/15	    61	         N
 3:25:59.583	 0.22275326	17/17	3/15	    62	         N
 3:26:49.967	 0.22275326	17/17	4/15	    58	         N
 3:27:40.326	 0.22275326	17/17	5/15	    65	         N
 3:28:30.687	 0.22275326	17/17	6/15	    57	         N
 3:29:20.998	 0.22275326	17/17	7/15	    61	         N
 3:30:11.332	 0.22275326	17/17	8/15	    67	         N
  3:31:1.654	 0.22275326	17/17	9/15	    58	         N
 3:31:52.620	 0.22275326	17/17	10/15	    61	         N
 3:32:42.913	 0.22275326	17/17	11/15	    62	         N
 3:33:33.262	 0.22275326	17/17	12/15	    67	         N
 3:34:23.542	 0.22275326	17/17	13/15	    61	         N
 3:35:13.824	 0.22275326	17/17	14/15	    58	         N
  3:36:4.120	 0.22275326	17/17	15/15	    63	         N
Final objective: 69