122 57 157 230 146 235 107 86 180 35 158 244 162 30 45 89 153

142 183 50 220 99 88 59 125 198 133 15 186 30 67 169 54 154

124 181 155 181 58 169 90 55 88 165 218 101 203 54 47 54 135

252 205 55 120 131 147 216 239 164 214 40 93 30 39 143 147 137

228 183 51 54 40 169 136 105 180 133 15 227 52 30 45 244 140

61 202 151 136 63 88 172 22 7 43 42 255 5 30 47 244 128

23 202 50 192 222 241 181 38 185 193 238 113 171 30 143 70 135

116 157 211 29 206 147 107 199 185 209 67 110 215 99 250 244 148

124 181 94 230 49 88 23 12 198 202 218 101 30 39 75 183 143

252 157 135 195 226 88 201 55 10 226 169 244 111 170 3 194 137

116 83 215 181 255 235 211 231 170 165 238 244 162 67 121 12 143

23 83 2 79 63 187 171 12 237 214 238 194 30 39 125 70 151

195 207 215 181 43 204 90 204 208 133 218 110 207 170 58 208 
47 181 135 195 192 125 232 131 10 209 158 103 169 39 124 73 151

122 22 94 192 121 169 136 199 10 202 201 244 111 51 169 208 144

26 134 152 112 172 187 23 179 144 134 25 141 169 74 124 124 149

26 207 211 79 172 160 107 84 88 157 67 101 171 7 250 244 156

142 11 234 237 255 41 211 55 107 209 25 93 175 30 121 96 134

228 83 155 218 146 88 235 12 174 165 42 164 209 109 119 70 142

228 183 235 153 195 187 79 55 208 189 8 93 111 7 75 244 128

236 22 215 218 172 147 23 22 103 202 42 255 52 170 128 96 139

61 50 211 54 172 235 136 22 10 134 13 103 30 64 250 43 142

230 26 94 179 220 41 171 86 103 35 200 164 77 149 166 147 130

122 26 55 79 43 204 107 125 105 135 42 176 203 51 166 54 127

61 202 157 153 220 41 59 53 164 226 25 160 215 83 169 96 141

124 148 94 29 63 37 172 53 164 135 218 244 175 174 216 89 145

232 134 155 17 192 204 23 55 237 165 40 186 209 170 169 244 148

193 59 55 218 49 204 107 245 88 141 7 227 162 39 216 96 152

122 148 50 181 172 37 24 22 208 3 42 113 171 0 231 54 142

122 183 59 17 125 37 232 179 144 35 200 176 206 39 58 3 138

230 26 211 179 131 160 201 84 27 35 7 194 97 30 47 89 148

116 50 235 39 192 149 216 125 10 141 234 233 5 99 9 244 135

142 83 157 192 125 187 172 50 5 74 220 176 5 174 119 73 142

124 123 155 237 170 241 107 50 107 189 169 103 207 83 47 208 156

124 181 234 17 226 149 90 22 10 66 201 101 162 83 124 12 144

124 11 151 195 172 125 172 12 7 141 220 113 171 83 125 12 147

193 202 235 237 199 41 181 105 88 143 67 93 209 0 128 244 155

47 157 152 230 226 235 23 50 10 74 67 227 175 228 143 76 148

94 64 151 54 43 147 90 245 10 133 198 164 171 99 75 89 145

29 220 51 79 146 235 110 179 144 66 25 93 79 64 58 143 139

29 183 152 39 170 37 235 50 88 214 238 176 206 70 119 3 140

29 181 94 195 199 187 179 245 88 189 198 255 169 228 124 43 131

142 83 90 220 255 88 181 125 198 35 15 233 175 170 128 54 149

52 207 157 221 199 41 216 86 103 133 42 169 123 7 47 43 152

232 22 211 221 255 235 216 105 237 226 198 194 97 83 9 54 141

116 134 184 112 131 235 110 50 162 157 25 176 119 70 121 124 
29 181 155 44 43 173 107 131 107 209 198 164 119 83 216 183 152

61 202 151 179 199 235 216 22 103 226 169 244 5 54 169 76 143

124 11 184 220 99 160 24 38 208 157 198 233 207 30 75 89 133

61 57 51 230 99 149 24 50 10 209 198 169 112 109 9 194 137

94 123 232 237 170 235 235 105 237 209 234 176 97 74 125 12 151

236 59 51 153 255 173 90 125 180 157 234 148 77 149 47 160 
122 134 232 221 226 37 235 22 144 134 67 186 206 64 75 96 138

94 26 50 44 63 156 110 0 237 66 42 67 203 170 119 143 135

94 59 155 221 121 149 232 204 208 134 13 194 175 64 124 96 144

116 134 50 221 49 160 182 125 164 3 116 67 150 51 3 73 151

230 50 135 195 121 149 23 55 237 214 13 227 111 109 119 109 151

252 148 187 17 222 149 90 199 105 74 169 67 150 228 124 109 146

29 59 155 221 255 133 59 84 174 193 8 101 79 67 58 124 148

47 11 155 218 125 204 90 84 7 35 42 6 171 54 58 70 133

61 157 232 237 220 125 232 231 185 214 169 194 207 64 128 244 154

61 83 215 29 170 88 179 239 162 46 25 110 206 64 216 147 137

29 183 157 79 146 133 107 12 144 35 42 176 203 83 128 194 142

47 202 232 221 63 37 110 53 105 125 220 169 111 83 14 160 146

61 254 50 39 121 213 235 245 27 202 67 227 206 70 231 208 131

47 181 59 17 192 41 90 204 107 43 158 244 77 109 231 208 136

116 181 90 230 40 187 171 245 208 133 7 169 111 39 14 244 128

47 207 187 221 58 213 235 12 105 133 67 113 112 64 119 160 156

116 207 211 79 172 213 23 50 185 3 116 6 111 7 3 208 138

236 148 59 136 121 235 182 0 10 165 13 93 162 170 9 109 148

29 181 155 179 99 41 59 38 198 74 220 93 203 70 45 96 133

232 181 184 17 255 149 181 125 10 125 218 148 111 174 250 89 152

194 157 157 181 99 169 172 86 27 209 169 113 97 170 124 160 140

116 148 101 39 125 213 171 38 124 74 25 164 119 170 119 244 151

116 183 94 220 49 213 216 131 105 202 201 176 206 54 121 76 154

61 57 184 136 170 160 179 231 5 141 67 148 207 70 250 244 154

29 64 2 179 172 41 216 204 27 141 40 194 111 90 46 194 147

193 11 50 44 49 41 182 86 185 46 25 110 111 90 125 147 152

194 254 94 153 206 173 201 50 10 46 116 103 79 228 124 109 154

228 123 94 112 49 173 211 22 180 46 198 67 111 39 45 109 146

230 207 184 153 172 173 110 105 180 209 220 244 111 70 231 43 130

232 202 155 181 121 147 172 131 5 143 13 164 207 0 125 12 
142 157 155 120 220 125 235 53 103 125 218 101 171 174 75 12 141

52 181 155 179 170 235 24 168 103 66 3 255 112 74 3 89 151

194 183 155 44 255 215 90 105 185 135 218 176 203 149 169 54 154

228 83 151 220 172 215 90 168 208 133 25 233 171 67 14 3 149

194 123 155 153 146 149 172 50 27 135 13 233 150 70 216 85 165

252 254 232 17 43 169 110 55 27 133 238 101 111 99 128 147 144

142 202 235 220 172 88 23 131 107 135 234 67 206 109 58 244 138

122 205 155 54 222 82 24 179 7 202 238 227 162 109 250 73 132

61 57 90 39 226 88 211 105 237 46 201 6 111 51 216 54 144

236 64 232 39 58 88 182 0 124 74 42 186 206 7 58 43 139

124 202 187 39 195 215 79 203 185 141 42 169 150 0 128 85 132

47 157 157 220 99 88 79 22 105 43 15 233 79 70 119 43 151

230 254 232 79 222 37 90 131 10 135 201 224 112 0 58 109 133

47 220 157 237 222 160 182 125 10 193 7 176 150 7 124 85 
47 181 101 17 121 37 90 105 237 133 201 148 209 30 231 76 141

122 220 215 54 121 241 24 239 10 165 42 164 215 39 58 194 143

116 59 135 220 49 169 181 125 144 209 200 194 30 67 58 160 142

47 59 232 221 220 133 232 179 185 135 200 101 5 74 9 208 
122 64 234 220 206 213 79 204 208 141 208 160 77 109 143 147 136

116 183 151 220 99 88 110 239 107 134 7 255 175 90 143 96 148

116 220 2 237 226 125 90 125 162 135 13 148 171 228 169 89 153

52 157 90 220 195 213 110 38 10 141 200 110 207 30 58 54 132

232 254 135 136 226 204 179 55 208 202 218 103 112 39 125 147 154

116 123 235 136 43 147 211 84 162 209 200 110 77 0 45 73 127

124 254 211 112 192 88 107 84 162 193 13 169 123 109 128 124 152

61 11 234 44 195 82 90 203 198 141 15 176 123 149 119 85 137

236 207 232 120 121 160 110 86 107 209 234 6 175 30 124 160 145

23 207 151 120 222 241 136 84 124 134 198 169 206 51 58 143 156

29 202 184 112 121 82 179 0 237 214 208 101 30 64 166 73 
194 26 211 17 58 149 107 105 208 165 116 186 203 170 47 244 140

122 205 215 39 131 88 136 231 103 125 25 176 79 228 124 73 150

26 202 184 218 99 37 136 131 164 141 67 244 112 30 75 76 136

61 57 184 181 255 88 110 231 180 135 169 186 162 170 14 124 134

228 11 55 192 199 241 107 179 164 157 158 227 79 64 119 109 133

61 181 135 220 199 125 90 199 10 134 158 103 209 74 231 73 137

228 134 232 136 63 215 232 38 124 46 42 6 207 64 14 73 144

252 207 232 112 199 213 216 0 162 43 220 244 206 39 46 43 150

236 26 157 44 192 88 90 125 164 43 13 176 112 228 46 12 132

47 59 235 195 58 133 24 84 105 74 220 6 112 51 128 76 134

94 22 152 39 220 88 90 105 105 214 15 101 119 51 128 85 137

23 220 215 220 58 169 59 204 180 157 238 101 215 70 3 208 147

94 181 55 17 195 204 136 231 198 43 158 255 206 0 125 160 128

116 123 90 195 226 82 24 231 162 214 234 93 79 64 9 12 140

26 220 50 181 49 88 216 245 10 135 3 244 52 170 143 147 155

116 59 94 44 131 160 107 204 105 226 200 110 162 39 166 109 147

232 148 211 195 220 241 90 239 5 202 13 244 5 99 9 244 136

194 26 55 220 40 235 90 199 27 133 234 160 30 90 125 244 136

23 157 90 237 99 204 171 239 7 143 116 6 112 70 216 147 152

230 57 151 192 206 173 59 22 162 74 234 227 203 30 75 109 142

232 83 157 192 146 187 232 245 107 135 42 255 169 39 124 147 143

252 183 51 192 121 169 182 12 180 189 158 255 150 74 125 183 162

236 50 135 221 131 156 216 53 88 141 3 103 52 83 14 183 138

228 148 51 153 40 235 90 84 208 157 13 176 209 30 128 54 146

29 205 155 112 99 147 59 131 180 202 200 255 112 39 9 143 129

252 181 90 112 125 187 232 203 208 165 7 176 169 228 125 89 146

116 148 55 79 199 187 23 22 185 134 15 67 215 109 47 109 142

52 205 232 230 206 160 107 168 103 226 25 110 209 7 143 70 154

29 11 55 220 146 187 179 168 174 125 8 93 162 149 169 3 149

193 83 234 44 40 160 136 0 237 74 218 148 119 39 250 194 156

236 59 94 54 222 160 211 86 198 193 7 148 123 0 14 244 156

61 134 135 218 43 41 171 125 208 209 13 103 175 70 166 109 140

252 181 2 120 220 187 235 50 174 226 8 176 119 228 47 76 156

230 57 59 221 125 125 216 203 237 157 218 255 30 228 47 43 130

228 202 151 29 199 160 211 84 162 135 25 141 162 170 9 244 141

252 148 235 79 40 187 110 204 144 189 234 6 175 64 250 73 142

116 26 155 39 206 125 201 38 198 125 169 255 215 70 45 89 135

193 148 101 179 58 235 107 204 107 202 3 186 77 174 250 109 145

230 220 184 221 131 41 182 168 144 46 201 194 111 30 250 96 157

193 148 51 39 255 125 90 55 124 202 15 6 150 70 46 3 137

236 202 215 192 192 204 90 239 237 189 198 103 123 70 128 160 127

52 59 235 195 49 41 172 203 237 134 13 244 175 64 124 73 160

61 254 211 192 43 160 59 86 124 141 40 148 207 74 119 89 141

61 134 101 29 170 147 172 84 174 3 201 113 207 64 143 109 143

122 181 59 195 99 41 172 168 170 134 201 101 123 39 169 109 123

232 11 135 230 170 133 90 239 88 165 234 67 175 109 75 85 142

61 254 90 54 43 88 235 105 198 189 198 186 77 228 231 124 146

47 183 94 120 206 156 59 168 7 226 7 148 162 7 166 73 122

228 50 234 181 43 147 110 86 27 189 200 186 207 228 169 124 156

26 59 55 192 125 187 182 86 162 193 234 255 215 39 124 109 131

236 254 135 220 226 187 110 12 10 133 13 194 112 228 58 70 144

228 157 55 192 146 169 179 125 105 66 3 164 30 90 169 43 149

232 181 184 237 172 41 181 168 88 66 208 6 79 170 45 43 163

124 202 50 218 99 160 90 179 124 202 25 255 207 83 14 76 151

116 134 51 153 192 147 24 86 105 66 218 169 123 83 166 43 148

252 181 51 181 172 187 107 239 170 43 208 169 162 39 46 12 149

232 22 90 221 63 37 216 50 237 209 40 176 112 39 45 147 145

228 50 187 44 49 204 136 12 5 43 220 224 207 109 119 89 149

26 157 234 136 43 204 90 168 237 135 220 6 150 39 169 124 147

142 22 94 44 170 173 179 245 105 133 67 148 111 39 45 12 142

230 22 235 192 63 147 201 38 124 66 7 103 206 54 58 43 128

142 205 135 39 63 41 90 168 162 66 40 6 52 39 216 96 162

124 26 152 237 146 213 136 131 174 165 218 113 171 170 143 208 138

52 181 59 220 121 215 90 204 180 125 220 67 209 149 14 124 137

232 134 152 181 220 149 171 55 103 43 169 113 203 64 250 3 143

47 148 157 120 226 37 136 53 164 46 116 67 97 74 14 70 
122 57 211 136 172 187 179 55 180 134 218 141 207 109 58 12 142

47 181 211 29 172 213 110 168 10 193 169 93 97 70 216 85 144

61 64 184 153 206 156 107 125 10 134 201 93 97 51 125 147 141

124 254 211 192 121 241 211 168 208 193 15 101 30 74 128 54 140

61 57 152 112 226 147 90 86 10 189 169 176 215 228 169 160 144

23 202 151 54 220 235 24 125 124 189 116 176 207 70 216 244 151

236 59 235 39 99 149 23 231 174 226 40 93 119 70 231 76 
193 181 135 29 220 37 172 86 7 141 158 6 52 39 216 85 
23 123 152 39 199 187 232 245 174 66 116 103 52 109 58 43 142

52 11 215 112 255 37 90 105 144 214 7 233 112 90 169 194 140

124 83 234 112 49 125 232 203 10 43 13 113 77 70 169 244 154

26 148 232 29 131 37 181 55 170 66 67 233 112 67 166 160 146

61 202 152 221 222 88 232 125 170 157 42 255 79 174 14 96 144

230 26 235 230 206 82 23 84 180 141 200 244 119 74 143 183 144

26 207 2 195 125 169 90 105 105 46 200 110 79 64 125 70 140

29 183 215 181 40 88 181 168 162 133 208 194 52 70 250 85 144

236 157 59 136 222 82 201 105 5 226 169 164 206 7 250 208 152

236 134 235 192 121 41 90 55 7 66 220 141 169 70 124 85 132

122 22 232 112 43 156 136 53 144 66 201 169 206 39 121 89 137

23 148 215 181 172 213 107 86 170 35 218 67 203 39 58 73 172

142 181 55 112 121 187 179 38 170 157 200 110 52 39 169 54 141

142 183 55 153 226 41 110 86 10 134 8 93 162 54 166 147 148

61 181 101 153 49 204 110 50 162 74 169 110 206 174 143 194 141

122 157 51 179 121 215 90 38 10 141 169 164 203 70 124 147 148

142 181 50 44 58 125 179 105 105 202 3 164 169 83 3 54 124

232 202 94 195 226 187 90 179 185 66 201 224 171 0 58 244 132

252 57 152 195 40 37 181 105 164 35 169 194 215 0 45 76 138

228 83 184 120 63 213 90 168 107 135 40 169 30 70 45 147 139

236 157 155 112 172 173 235 55 27 3 42 6 77 90 121 183 135

29 83 151 195 99 41 172 0 124 165 201 101 79 70 9 244 159

124 123 152 17 125 156 59 38 180 209 220 6 111 99 169 160 138

26 64 235 17 172 149 172 22 5 66 7 176 206 99 124 54 136

61 50 211 230 199 187 182 12 103 35 169 186 97 99 125 76 132

230 220 50 220 195 215 136 239 237 134 220 224 112 64 45 12 157

124 134 234 237 58 149 201 203 103 134 201 6 5 109 9 160 135

252 134 232 230 58 125 23 22 124 3 42 93 215 228 125 160 146

142 64 184 54 220 187 235 203 162 74 7 164 123 39 3 70 147

236 123 152 218 99 204 172 125 10 3 3 101 97 70 125 183 141

252 123 215 221 49 204 201 12 88 143 7 227 171 109 166 73 137

228 134 152 29 222 156 90 84 237 214 42 148 171 70 231 109 148

94 205 50 221 195 133 232 22 164 209 3 6 150 149 124 96 141

23 83 51 153 172 173 211 125 7 134 7 93 97 83 9 3 146

230 11 155 237 49 88 90 38 27 143 13 141 203 149 45 70 151

94 134 151 79 199 204 235 203 180 35 208 169 175 7 216 89 142

232 183 235 136 121 160 216 84 185 226 67 169 207 174 128 160 140

23 64 235 54 170 149 181 50 10 165 15 169 111 54 216 12 143

194 57 152 237 206 156 182 239 10 193 169 233 175 149 58 3 138

230 157 2 153 255 169 59 245 7 209 201 176 209 64 231 96 137

195 11 94 221 255 173 79 199 174 74 198 113 123 39 45 194 155

195 64 211 120 255 241 79 239 174 3 7 141 209 54 231 160 138

194 157 59 120 131 149 211 204 10 66 238 227 175 149 231 96 151

29 207 55 220 199 169 90 204 162 157 116 169 97 7 9 3 142

230 123 55 230 195 41 90 203 27 134 67 6 97 54 128 73 137

94 50 235 179 172 169 182 245 174 125 169 67 207 74 9 96 140

230 202 51 230 131 41 107 12 10 157 7 224 150 174 75 43 148

47 205 157 218 49 173 181 199 198 189 116 103 123 39 124 244 143

116 205 51 120 99 88 171 239 105 134 169 186 175 170 3 70 139

52 181 211 192 220 160 172 245 88 141 158 227 119 7 166 85 161

52 22 94 230 255 187 136 12 237 193 200 113 206 64 46 244 160

194 22 2 181 255 147 23 50 198 134 238 194 97 83 128 183 
230 22 59 153 192 187 90 50 144 209 218 67 97 64 75 73 140

61 207 135 153 49 187 211 86 144 189 67 176 203 54 166 244 132

116 134 2 136 131 37 59 84 198 202 200 6 97 39 124 96 142

195 205 90 192 43 149 232 55 208 226 42 110 162 30 45 43 140

230 83 90 44 58 187 107 131 103 125 42 148 203 109 216 194 155

52 148 232 192 125 204 171 55 103 141 208 227 30 74 46 3 146

142 134 215 39 43 41 216 53 103 133 238 224 5 30 58 96 140

236 57 211 181 195 215 24 84 107 141 238 110 209 70 143 76 148

194 220 94 44 199 41 79 0 5 135 238 141 162 39 3 143 151

230 64 211 195 199 187 90 22 103 165 200 160 5 90 58 143 151

61 183 94 195 172 235 107 55 208 189 3 244 77 170 216 147 127

124 205 211 29 40 235 172 22 5 133 8 67 79 99 124 194 139

116 11 157 136 125 235 90 131 105 209 8 255 111 0 45 244 149

47 59 135 39 58 215 90 168 208 209 15 141 5 99 166 70 144

142 64 184 39 58 125 201 38 107 35 15 6 123 39 250 54 143

23 207 232 112 172 147 107 0 105 202 158 255 52 174 166 89 147

236 50 187 79 220 173 179 38 5 209 67 186 77 30 124 12 149

236 22 2 237 146 41 216 84 162 226 15 164 79 90 58 109 154

116 57 90 220 172 160 232 55 208 3 67 186 203 170 143 143 144

230 254 232 221 43 235 216 86 198 143 15 148 209 39 125 70 137

193 254 135 153 195 241 90 231 144 3 169 233 79 149 75 76 136

228 157 135 17 146 187 179 231 174 214 67 244 169 39 9 54 158

94 123 55 221 40 125 181 53 7 66 42 233 209 64 46 73 140

252 123 184 44 206 88 182 0 107 3 200 227 97 228 119 124 156

124 57 152 230 222 204 59 38 185 209 67 110 111 67 58 143 135

29 220 184 181 146 133 59 231 180 141 218 233 30 170 3 85 149

230 50 55 120 125 88 90 199 10 135 201 255 5 51 58 3 145

94 83 51 195 226 215 79 168 162 165 42 194 79 54 125 244 143

61 50 55 221 170 187 201 55 124 3 238 169 97 170 125 70 153

52 57 232 44 131 41 107 203 180 189 218 194 150 39 45 143 147

194 59 59 221 43 147 79 84 124 133 218 164 79 149 143 89 176

26 11 51 17 222 187 235 22 144 66 25 110 150 228 125 76 147

122 183 155 153 125 82 179 0 208 43 13 176 5 54 3 183 147

124 83 59 195 226 125 110 86 170 135 40 224 112 70 216 76 166

61 26 59 44 43 41 172 50 10 214 25 113 150 90 169 3 152

122 26 51 230 58 88 171 50 208 143 40 101 209 51 75 73 139

236 181 187 221 170 149 59 231 164 133 8 148 150 90 121 208 135

61 157 101 44 226 37 182 239 144 226 3 169 77 7 143 109 146

26 22 55 192 121 88 79 38 105 46 67 244 77 170 250 12 144

230 50 55 153 170 82 171 204 185 74 8 148 209 90 14 208 147

122 181 157 29 58 215 110 0 5 214 218 194 162 64 124 143 138

94 207 184 136 125 160 172 231 107 165 13 110 215 149 9 124 146

47 11 211 230 49 169 59 86 162 226 67 67 5 51 143 73 145

61 220 234 17 192 187 90 245 107 74 116 113 169 109 47 76 169

52 207 215 237 170 187 59 50 7 157 8 113 97 64 14 160 141

236 220 234 220 40 149 90 55 174 193 25 67 112 90 47 183 140

193 123 234 181 220 215 201 231 180 143 13 67 97 51 128 147 153

122 205 59 195 255 187 90 245 10 125 218 255 112 0 231 143 124

124 148 50 221 49 160 90 125 10 209 40 176 79 83 45 43 146

124 26 232 230 99 156 171 50 237 165 116 164 119 99 9 208 
194 50 59 230 195 149 235 84 164 226 238 6 171 170 121 89 143

236 183 184 237 170 88 171 86 10 209 238 6 207 64 14 183 162

29 11 51 153 172 187 232 199 198 43 42 176 79 39 216 73 137

61 22 152 230 125 156 136 12 27 125 238 103 162 109 9 76 149

116 50 151 44 195 125 24 55 10 209 3 244 119 0 14 76 140

61 220 155 179 170 88 136 22 170 134 25 93 207 170 216 89 141

26 148 90 220 58 213 179 231 237 74 208 233 175 70 3 109 137

26 254 234 230 199 235 201 203 144 226 198 93 207 83 45 183 152

228 64 215 54 63 169 79 55 237 209 220 255 5 99 45 143 129

94 254 187 192 220 215 211 84 198 193 220 233 203 70 47 89 138

232 205 51 54 226 41 216 38 5 141 169 67 123 74 169 244 147

122 22 234 195 40 235 182 168 164 226 238 164 206 70 14 208 171

195 83 211 195 222 149 107 38 10 3 169 169 203 64 169 12 157

193 83 59 54 220 204 232 125 162 143 198 101 111 83 58 12 158

26 57 155 220 222 147 136 199 27 226 25 164 203 70 125 12 137

230 157 101 120 226 241 90 84 180 226 198 255 77 74 125 54 128

252 22 55 181 43 149 90 231 198 226 40 176 169 74 75 183 163

29 202 51 29 172 156 172 204 88 135 67 227 111 174 216 147 133

142 181 2 120 170 160 59 55 174 143 201 160 119 64 45 85 156

252 220 151 39 40 213 172 245 174 133 238 186 5 70 119 244 146

228 207 2 181 222 125 182 86 237 165 67 113 206 228 166 160 131

142 207 234 54 49 215 90 105 208 134 40 160 175 170 58 70 149

29 183 232 220 40 213 201 239 27 134 3 110 209 70 231 73 129

230 205 135 220 121 213 171 86 144 46 25 169 169 39 119 76 145

52 183 187 218 222 204 110 86 180 214 42 169 207 228 47 147 135

94 26 157 218 206 187 181 131 124 193 15 244 206 7 58 244 155

194 22 51 29 222 147 172 86 103 74 200 227 169 30 58 96 162

193 148 155 237 170 235 179 131 164 66 158 110 150 228 75 124 155

228 220 151 79 222 204 90 199 170 157 7 227 207 228 58 12 157

228 202 155 120 63 169 110 53 105 141 238 148 97 7 3 244 150

195 50 187 44 49 156 24 179 198 157 8 233 203 99 9 73 158

194 59 90 181 170 235 179 231 105 193 198 164 150 149 119 147 134

228 11 2 192 226 204 171 86 107 46 15 67 119 149 250 244 160

236 148 211 221 125 41 235 231 105 43 3 110 112 109 47 3 138

26 11 232 153 99 37 90 84 103 143 238 169 171 30 58 43 155

193 254 155 136 125 156 90 231 208 133 13 160 123 83 58 244 138

230 11 232 120 206 213 24 53 164 46 218 194 119 39 121 147 132

61 220 211 54 172 133 136 131 162 125 3 169 112 170 9 54 148

94 254 90 221 226 160 110 105 124 135 158 233 209 39 47 194 137

230 50 232 220 222 41 172 231 88 157 67 160 207 67 14 160 150

142 57 235 44 172 133 172 204 7 35 13 113 209 74 128 109 152

195 26 101 39 170 156 107 125 170 157 238 186 209 90 14 3 157

122 183 152 230 146 41 211 125 88 157 169 255 171 90 216 76 148

52 202 152 179 170 169 107 12 208 226 198 148 203 7 3 12 175

23 148 59 220 40 88 179 245 185 133 208 113 30 170 143 208 151

47 254 232 39 58 37 136 203 124 202 15 176 123 149 9 3 150

195 205 211 112 63 147 24 179 237 189 8 103 112 7 125 3 142

236 148 234 29 222 235 90 38 208 74 169 244 150 83 121 96 155

232 59 90 54 206 173 23 55 164 46 201 101 77 7 9 208 158

193 220 234 195 43 149 90 179 208 214 200 6 77 39 125 194 132

61 254 152 221 195 149 182 131 27 135 238 110 112 99 46 147 148

116 183 90 181 121 235 182 0 162 134 7 148 162 51 121 96 141

195 181 234 112 206 41 136 125 7 135 218 67 79 51 45 43 144

194 22 94 221 220 125 172 53 185 189 3 164 206 0 231 160 125

47 202 50 54 125 41 181 231 105 141 201 160 169 228 45 54 154

193 83 94 153 192 133 232 131 162 226 158 227 77 64 9 244 151

193 59 187 17 146 213 59 50 144 143 201 67 207 99 46 12 144

193 181 94 112 199 187 90 22 7 214 201 244 112 228 75 70 141

232 220 50 220 121 235 181 231 170 202 234 141 30 99 58 73 144

195 134 152 153 195 187 23 86 7 46 13 186 123 174 46 109 153

193 26 157 29 170 213 179 179 208 35 208 194 150 67 45 43 149

61 22 155 54 131 41 90 125 103 135 40 244 169 0 47 208 162

47 183 50 220 220 213 235 125 5 209 8 113 209 39 46 70 163

116 22 2 237 99 147 79 231 88 133 198 186 123 83 14 85 131

142 183 50 44 195 160 235 38 237 43 220 227 112 0 119 96 138

26 57 232 220 255 204 136 84 5 43 116 227 162 30 46 160 137

52 11 211 153 172 173 172 53 124 135 158 176 203 30 121 12 134

142 50 152 218 43 156 110 239 105 3 198 103 206 174 119 244 145

47 22 94 44 58 241 216 38 170 141 234 176 112 228 3 54 148

230 83 211 79 170 213 23 55 180 66 8 160 215 51 3 12 154

236 183 187 218 220 187 24 50 5 43 158 113 112 70 3 147 146

52 207 155 79 125 147 90 199 208 46 67 148 171 30 121 244 142

116 134 235 112 195 149 23 203 174 157 198 227 119 90 250 85 139

142 202 55 136 222 41 110 204 88 135 208 110 171 67 169 244 158

94 22 94 237 195 133 211 38 174 202 42 164 207 170 9 70 153

47 202 94 79 220 215 235 203 107 135 3 141 209 174 45 109 145

228 22 157 120 43 88 90 239 144 141 42 186 207 170 3 70 141

194 64 51 112 125 215 211 131 185 141 198 224 79 149 46 183 129

194 123 50 112 125 41 136 50 185 214 3 93 111 70 3 43 125

94 83 55 195 255 149 181 125 124 143 7 113 97 83 125 183 140

193 157 152 179 222 160 79 50 208 3 220 160 162 109 231 96 155

52 57 2 237 195 187 23 199 162 202 208 176 79 0 124 244 146

61 254 2 230 172 133 232 203 208 35 7 224 52 83 250 96 132

116 59 151 79 49 41 24 22 10 74 208 101 209 67 45 85 134

26 181 94 218 226 82 107 199 144 143 201 176 207 51 250 54 132

29 183 2 179 146 82 90 239 5 143 7 227 207 39 216 89 151

116 57 232 136 255 156 179 84 144 74 218 141 112 0 9 124 150

142 220 184 29 199 147 172 131 10 143 220 233 209 30 46 54 150

52 254 94 221 170 41 235 53 237 141 8 227 209 7 9 12 160

236 57 90 237 195 204 90 239 10 165 40 233 123 70 9 3 156

228 64 135 230 172 156 136 168 180 125 238 67 175 64 3 147 149

124 26 2 179 195 82 23 199 162 43 169 227 97 30 45 85 129

194 205 59 230 146 204 136 199 5 74 7 194 79 99 124 183 138

122 183 94 112 206 41 79 199 103 46 8 113 162 30 75 183 126

29 83 215 79 146 125 59 231 103 125 238 6 79 170 166 244 144

23 181 51 136 121 213 59 53 124 141 116 227 119 174 14 194 141

124 181 157 237 172 41 232 131 88 202 42 67 52 30 58 183 154

236 207 51 44 255 187 79 131 180 43 13 255 150 30 9 160 143

195 205 215 179 40 173 172 105 103 3 67 110 77 99 14 43 132

142 83 151 220 99 125 172 86 185 134 200 67 215 39 169 160 143

230 202 157 192 222 169 23 131 105 214 208 67 150 70 250 54 151

252 254 187 220 146 241 59 86 27 135 40 148 30 228 3 244 156

194 22 152 79 63 235 201 50 180 226 7 224 150 7 216 70 144

124 123 215 39 99 41 79 84 88 125 13 110 215 39 231 208 139

26 207 51 220 172 125 90 203 185 193 238 93 30 170 124 85 157

194 83 135 54 99 187 179 22 144 3 208 103 119 99 58 43 138

23 83 184 230 131 82 181 38 164 193 169 233 175 51 166 244 146

122 50 50 181 170 41 90 22 237 133 8 141 119 83 9 244 142

236 123 55 181 199 82 211 203 105 66 238 148 5 67 143 124 172

61 205 232 54 58 204 107 203 164 214 218 93 206 149 143 208 144

23 202 155 153 40 241 107 53 5 35 3 6 77 83 169 183 156

228 22 235 218 99 173 211 55 180 202 158 101 171 0 250 54 126

61 59 235 17 222 125 182 204 103 66 220 6 171 83 216 89 155

94 22 101 237 131 204 216 55 208 189 67 255 30 90 231 124 136

26 220 55 237 255 41 201 0 170 43 42 67 5 90 14 244 170

193 205 234 79 131 187 107 125 7 135 198 224 203 90 250 124 136

194 181 232 181 226 160 23 204 237 133 234 224 150 70 250 96 128

232 181 55 220 40 88 172 50 237 133 158 160 5 64 47 3 149

195 148 59 44 255 215 211 0 164 35 208 186 175 70 124 194 135

142 11 155 136 131 41 216 12 7 43 169 101 77 149 216 208 155

236 254 94 220 199 204 107 53 162 141 218 164 123 109 166 43 127

232 26 151 220 131 149 59 84 10 165 169 141 112 30 125 160 136

61 157 55 220 222 149 90 245 164 165 201 169 209 54 169 194 159

122 181 135 220 63 215 179 231 107 193 67 67 150 51 3 85 158

142 148 50 153 220 169 232 53 7 43 7 6 206 67 143 3 139

61 181 235 218 195 235 90 168 10 209 169 164 206 7 47 124 160

142 157 50 112 40 187 179 50 185 35 67 233 175 51 231 244 135

230 157 2 44 43 41 107 199 164 157 7 164 150 54 216 43 148

47 220 234 181 43 204 232 84 10 189 218 194 77 7 128 143 155

61 64 235 181 49 187 79 131 174 143 116 160 112 51 46 43 146

228 202 55 220 99 160 216 179 185 66 8 255 79 51 58 147 146

252 157 151 181 99 204 90 38 27 202 25 103 162 90 143 208 140

122 181 151 39 63 82 107 12 185 133 208 233 150 170 125 143 136

195 57 50 220 40 173 235 125 5 35 158 186 162 0 58 70 160

94 181 135 153 206 149 171 105 107 134 169 233 79 51 47 244 152

94 26 234 237 121 160 171 231 10 143 116 113 171 149 216 194 147

232 254 90 136 43 173 90 199 198 209 8 67 175 99 58 208 146

252 148 94 218 255 241 110 84 208 214 15 194 215 39 216 143 146

26 11 234 220 146 156 59 105 107 133 234 227 162 83 75 43 144

122 59 152 17 172 133 23 203 124 35 8 169 5 30 143 109 133

236 134 135 220 226 241 136 125 208 135 25 233 162 70 124 244 141

61 157 211 79 49 241 23 55 174 165 116 227 175 0 250 160 129

193 181 50 29 170 41 216 199 27 43 238 6 209 149 231 244 128

61 57 157 39 40 82 201 239 10 43 116 101 203 70 9 85 137

194 83 184 153 192 204 79 50 185 46 218 67 209 83 75 244 130

47 157 215 192 146 82 216 131 162 74 116 233 171 109 128 109 165

194 50 215 230 170 215 232 199 185 209 198 148 206 67 119 208 135

230 181 187 237 170 125 211 204 198 66 208 67 209 170 121 109 154

194 181 235 44 195 215 171 12 124 214 158 169 77 30 216 143 136

94 183 211 195 49 169 90 231 198 226 198 101 77 99 14 143 128

47 22 55 120 58 160 211 53 10 125 198 67 175 30 216 70 157

26 11 2 79 255 156 24 84 164 134 201 6 119 174 128 3 129

194 254 211 218 172 82 232 199 174 134 158 141 206 7 45 70 137

142 11 215 192 172 213 211 131 185 143 208 244 123 67 250 12 151

26 123 211 54 255 149 24 179 105 43 8 164 77 51 216 183 149

47 148 2 192 170 235 179 131 10 46 13 227 52 51 119 76 161

252 11 55 220 99 125 179 86 7 193 220 110 112 70 3 194 134

230 83 90 220 206 147 182 199 208 133 8 101 123 149 250 244 129

124 181 151 179 192 204 211 125 105 3 198 148 215 109 46 208 140

52 50 90 79 99 125 24 199 185 214 234 255 206 109 119 70 152

61 26 234 39 99 187 232 55 162 189 198 227 207 70 250 76 128

94 207 187 120 195 160 179 86 103 74 208 93 77 109 47 85 157

194 183 152 181 49 41 24 50 185 141 116 93 79 39 119 12 134

232 157 152 195 49 82 59 55 10 66 40 227 119 30 47 244 148

122 157 151 29 99 82 211 38 27 46 218 101 171 7 14 194 141

252 22 2 179 40 82 181 38 144 209 218 227 150 7 9 70 139

122 183 101 79 255 215 172 105 198 133 198 67 206 0 125 244 
230 22 50 112 58 169 216 131 198 66 3 255 209 67 250 194 155

230 50 101 237 199 187 201 179 105 157 7 93 79 83 166 12 121

23 148 152 44 121 82 23 84 88 214 200 113 112 70 143 89 137

61 22 187 230 206 187 90 53 185 35 200 141 52 7 216 54 127

228 64 232 181 131 125 23 55 107 66 15 186 97 54 47 183 153

142 202 90 44 195 41 59 239 88 193 67 194 206 90 231 160 136

61 83 2 153 220 187 179 50 164 214 238 141 215 39 46 160 146

124 64 211 181 222 213 23 53 88 134 169 244 206 74 75 73 139

122 64 94 237 40 169 90 55 162 143 7 93 123 67 119 12 138

26 83 211 237 131 173 90 179 162 209 25 164 171 39 250 208 141

29 123 94 39 226 187 182 204 107 143 7 141 206 51 75 160 154

23 123 50 79 125 149 107 50 180 66 3 186 111 70 231 3 161

194 181 157 54 192 156 136 204 5 165 25 110 5 39 143 183 154

47 57 234 79 195 173 110 55 180 3 220 103 169 67 9 85 137

29 254 215 181 199 125 232 125 162 3 3 93 77 74 250 12 158

124 59 232 120 63 149 179 239 208 209 218 194 175 51 250 124 137

194 148 151 230 170 213 181 84 162 43 116 227 77 39 47 244 140

195 181 59 44 99 160 232 203 170 143 40 186 97 51 125 160 159

47 181 152 153 220 204 23 105 7 46 218 67 30 109 143 109 141

124 26 152 136 255 235 235 55 164 74 116 169 150 74 14 70 151

29 26 151 220 49 160 136 245 124 165 220 176 112 67 128 43 136

61 11 2 112 172 235 90 125 164 214 8 148 77 109 45 244 140

29 220 151 112 199 82 110 84 198 135 238 113 169 30 143 43 122

252 148 211 153 99 37 201 203 5 226 218 233 162 30 75 194 141

47 181 215 17 222 241 211 86 170 214 40 103 5 30 46 160 155

194 220 234 181 99 204 24 131 185 189 220 67 79 30 14 143 139

124 64 152 44 172 169 172 84 103 165 198 110 5 67 250 194 150

232 181 234 39 206 125 79 199 174 193 116 186 5 170 75 73 143

228 220 155 230 43 37 136 86 170 209 13 255 52 39 121 73 144

61 26 211 29 192 133 181 125 237 66 201 227 52 90 119 54 142

228 181 187 44 43 241 201 50 237 35 220 103 52 51 75 109 152

29 57 155 79 146 241 90 84 105 202 42 113 79 67 143 160 140

116 134 187 192 121 169 59 231 7 157 198 186 206 74 46 244 141

122 148 155 44 43 41 59 84 27 43 42 255 123 51 9 143 
230 207 50 120 99 169 232 105 162 74 158 110 111 7 216 160 144

124 64 157 221 58 213 90 199 105 135 13 186 77 30 58 183 137

29 59 55 39 43 88 90 199 107 202 200 113 162 109 166 73 136

61 123 157 237 195 37 90 12 10 135 40 110 123 39 231 70 132

52 183 135 153 63 156 232 84 124 193 218 101 79 83 14 43 150

193 26 184 54 195 149 110 0 144 133 40 255 79 228 45 183 142

232 181 101 29 121 156 232 53 124 141 7 148 97 99 250 244 150

23 64 232 112 63 156 90 168 10 189 198 244 215 174 9 143 152

228 157 234 192 170 133 201 239 10 133 198 93 112 64 3 89 138

29 148 101 44 49 133 90 38 162 46 116 148 215 7 143 147 138

29 59 135 136 220 156 171 245 144 157 8 164 77 149 119 96 142

228 254 94 79 199 37 136 168 237 125 208 164 119 149 231 147 160

116 134 187 230 99 82 232 245 103 35 40 169 175 7 119 244 
23 57 152 17 222 241 232 55 237 133 201 233 97 99 47 70 135

52 254 135 181 121 41 79 125 10 143 25 110 206 54 46 70 135

47 11 155 136 63 173 216 168 198 141 67 110 169 74 128 43 142

252 64 55 112 199 204 136 55 170 3 200 148 52 64 45 76 157

230 220 94 221 199 82 90 84 170 214 15 6 162 99 128 73 145

232 220 184 39 58 156 24 245 144 66 238 67 97 83 14 12 139

116 134 151 120 58 235 181 38 88 43 234 176 175 149 47 244 151

23 50 50 237 43 187 90 22 105 209 42 103 150 39 75 143 130

194 181 135 179 220 241 201 231 10 209 67 6 77 39 250 109 159

61 183 215 179 172 37 172 50 105 134 13 244 203 228 169 73 158

47 22 211 192 63 147 110 179 5 135 3 194 206 39 46 109 130

29 26 152 79 199 133 182 86 105 189 220 233 97 83 14 244 129

230 59 215 230 63 149 182 53 10 165 234 110 150 70 3 54 136

142 181 215 112 121 160 24 22 27 133 208 93 203 51 75 96 164

61 83 157 29 220 173 23 203 124 66 42 101 162 228 143 124 146

228 181 187 218 192 215 59 125 7 134 169 224 52 99 124 160 138

124 57 51 44 43 149 23 131 198 135 208 160 119 228 124 73 145

195 57 90 230 58 82 181 105 180 189 201 164 30 228 58 3 135

116 181 232 181 131 235 79 203 198 135 200 176 169 0 45 43 136

52 26 151 153 58 241 23 239 5 141 158 227 5 174 58 73 148

61 11 152 120 170 213 232 168 144 143 25 227 97 70 46 76 129

232 254 2 54 63 169 211 0 7 43 169 233 150 74 3 12 145

232 207 59 79 43 187 232 12 27 135 169 6 207 99 58 12 150

142 22 59 136 195 125 232 84 103 74 13 113 119 70 14 147 139

236 57 59 54 58 41 171 0 164 193 40 255 30 149 121 143 137

61 59 234 44 121 213 232 105 103 66 15 233 5 70 75 194 151

232 202 234 120 125 88 136 199 107 35 40 176 112 99 216 194 138

52 220 184 181 99 173 235 239 208 46 198 141 119 70 58 244 147

122 50 151 44 131 41 179 245 185 135 7 224 169 51 125 85 124

47 134 90 29 172 125 232 204 10 133 25 224 203 74 166 12 144

29 148 184 112 195 241 90 199 105 189 25 67 207 70 250 109 149

26 183 152 237 125 125 172 231 164 165 3 164 175 54 45 208 126

94 11 2 218 255 82 182 199 208 165 234 67 79 64 125 244 144

193 183 2 220 121 187 24 22 170 74 40 255 111 74 75 76 143

47 183 155 221 220 41 181 105 164 35 200 113 150 39 125 43 140

47 123 152 17 63 204 235 231 208 193 238 186 203 149 45 96 139

61 11 235 220 195 215 90 55 27 3 7 141 171 0 3 183 131

236 64 187 136 58 41 182 125 185 74 169 176 150 67 14 12 143

52 202 55 54 255 149 216 179 10 193 158 164 207 67 216 143 148

23 157 155 181 172 213 110 245 144 157 116 101 97 174 45 208 133

94 202 59 220 99 37 179 199 124 43 7 244 215 0 166 109 140

230 148 211 54 199 147 90 168 180 35 169 93 112 170 58 96 136

252 157 215 39 99 82 181 168 164 125 200 113 169 39 216 244 133

26 57 152 195 192 149 90 55 10 46 238 227 175 74 121 160 153

116 59 135 230 206 41 232 231 170 134 234 160 171 70 75 160 134

232 26 2 181 99 241 235 199 103 74 169 194 162 39 166 194 132

47 26 94 112 170 147 216 55 107 214 208 186 206 51 231 3 141

29 202 101 120 58 187 181 179 10 3 116 164 203 0 121 76 131

23 123 235 44 58 37 235 125 237 214 200 194 111 30 169 85 131

124 148 152 112 99 169 24 199 174 46 8 176 77 70 250 208 134

122 183 50 237 199 173 90 168 185 134 201 141 77 0 46 73 140

193 205 101 29 63 169 90 38 144 133 40 110 123 174 45 12 138

195 26 211 237 206 213 182 105 27 43 7 113 150 109 75 70 137

232 254 55 179 172 213 107 86 208 165 238 227 162 67 128 109 153

23 11 152 195 49 133 90 12 27 202 208 224 97 228 47 43 138

52 123 151 44 40 133 172 86 198 165 158 6 203 70 166 96 144

116 183 157 179 125 204 90 245 103 214 201 255 209 228 47 12 145

61 64 135 237 58 147 90 22 107 43 218 67 119 30 166 109 156

52 57 90 29 206 235 107 199 7 135 25 164 169 170 46 96 147

122 64 157 218 192 169 179 12 198 165 198 176 206 39 231 70 133

61 148 101 221 195 82 182 179 88 3 200 93 207 70 231 3 166

236 50 51 230 58 241 211 22 7 193 169 113 30 109 128 43 140

195 83 232 179 206 149 232 204 180 157 13 148 215 64 128 70 159

122 254 59 79 131 213 201 86 105 46 42 67 5 109 58 12 139

47 22 101 120 206 88 24 53 144 189 158 101 97 99 119 3 141

142 123 90 181 125 88 107 231 7 141 42 255 206 39 47 54 150

116 123 235 192 222 133 59 203 124 43 158 141 52 170 216 183 161

124 181 90 29 172 160 107 245 107 226 8 233 169 30 9 96 150

228 202 55 44 40 187 90 86 185 66 25 93 175 99 47 124 144

94 181 155 39 99 156 182 55 185 43 238 160 171 67 3 70 135

94 205 55 39 170 147 107 131 170 3 208 6 206 149 119 244 164

26 202 101 120 121 82 179 231 10 74 198 101 150 90 250 124 145

228 254 101 179 40 125 90 231 107 202 208 186 169 74 47 43 
61 181 232 44 99 235 79 131 162 74 234 6 111 90 128 143 146

195 205 50 17 192 173 90 125 144 141 234 113 111 51 47 96 159

26 207 2 218 206 204 90 245 198 193 200 255 97 74 47 244 147

195 202 55 153 192 213 110 105 144 209 40 103 162 74 3 73 123

29 207 187 153 172 204 182 231 105 35 220 194 150 228 14 3 142

193 50 151 112 43 235 216 125 170 74 218 169 169 74 143 89 128

61 83 235 179 131 213 216 245 103 143 169 233 79 149 121 160 156

195 202 211 120 49 187 211 245 107 125 15 141 206 39 128 89 156

228 157 152 179 146 204 182 105 170 209 15 67 206 64 124 89 150

252 123 215 136 170 169 90 22 185 35 208 227 162 30 124 73 134

232 123 232 230 125 82 232 105 27 66 198 233 79 30 216 73 138

94 220 187 120 172 149 79 86 164 66 25 141 207 149 47 12 164

232 57 235 17 99 215 136 22 144 226 67 110 77 174 119 124 129

61 57 234 218 146 173 235 22 185 125 234 164 30 51 119 244 151

94 83 50 112 146 133 172 231 174 209 201 160 203 39 231 160 145

116 207 215 220 222 41 90 179 105 134 234 176 206 90 216 244 128

47 207 2 179 255 160 179 204 10 46 198 176 206 67 75 143 120

236 157 232 221 255 204 171 131 170 125 169 141 169 64 58 244 138

193 11 55 221 58 235 211 179 107 141 116 244 123 67 128 124 133

94 148 234 39 125 187 182 203 180 189 25 148 30 99 125 3 143

124 83 135 112 121 147 136 53 7 226 234 194 150 39 47 43 131

230 202 59 112 222 204 90 245 5 202 13 103 97 149 250 43 160

232 254 101 179 222 169 90 22 174 134 7 6 79 0 231 194 134

195 181 187 136 121 187 216 131 88 189 7 110 119 228 125 96 150

124 207 101 192 146 125 182 179 198 141 40 176 209 0 143 147 145

61 59 50 218 199 149 24 179 237 141 208 110 5 170 75 143 151

236 205 157 195 43 241 182 86 5 165 198 244 77 174 125 70 146

29 22 184 17 170 125 181 245 88 125 238 176 171 90 58 147 128

26 26 215 230 63 187 179 12 10 193 220 103 171 149 250 143 145

29 59 135 54 146 125 182 204 170 157 169 233 206 7 124 160 158

122 50 59 220 220 147 110 125 208 157 200 255 97 99 143 160 142

61 59 59 136 172 82 59 55 10 157 42 6 206 170 169 244 137

252 64 234 153 192 41 79 203 208 189 200 194 79 7 231 70 155

52 59 59 195 172 147 24 38 180 193 15 244 150 74 166 244 146

29 254 152 79 195 147 24 131 170 43 13 6 150 83 124 109 140

194 181 184 29 43 125 179 12 174 189 201 244 79 109 143 143 123

236 205 59 220 58 82 24 179 10 134 67 93 215 109 119 109 133

232 220 157 181 199 213 24 199 144 134 200 244 206 109 75 96 161

142 202 135 54 222 204 232 22 185 209 3 103 169 67 143 109 166

228 123 135 220 131 213 232 12 107 135 220 148 215 30 45 70 147

23 181 234 39 220 187 172 50 170 189 8 141 119 83 125 70 146

94 26 151 153 131 235 216 199 10 74 7 194 119 7 169 89 146

122 22 215 230 58 187 179 231 162 3 40 6 30 39 75 89 148

61 123 157 192 206 187 235 86 144 43 208 101 5 54 250 85 156

230 254 151 136 40 173 172 105 5 202 238 164 52 90 47 73 167

61 83 234 218 222 204 216 38 144 202 169 244 77 67 125 76 155

252 57 94 195 255 133 59 231 208 141 8 224 209 83 47 147 146

232 50 235 29 125 41 179 38 162 202 218 67 119 149 216 89 130

61 181 211 54 192 213 136 179 185 143 208 113 206 170 121 12 142

23 202 135 218 172 241 79 203 164 141 8 148 112 99 14 76 139

29 202 59 39 199 215 171 199 162 209 42 67 171 70 45 12 147

195 59 152 218 146 187 171 86 162 35 218 244 171 74 250 96 145

61 205 90 120 63 241 136 50 144 143 234 6 123 64 58 76 150

122 157 51 120 40 169 59 204 170 46 200 93 30 70 128 244 153

29 220 155 153 131 235 136 12 105 157 198 164 175 109 121 70 137

236 123 235 179 192 169 136 245 107 74 200 141 123 83 169 244 140

252 50 155 181 43 88 211 179 198 135 201 113 30 39 166 70 148

26 157 235 112 199 133 235 131 144 226 25 101 111 170 75 244 143

122 123 55 195 131 41 79 199 10 157 8 169 206 174 143 143 140

194 59 152 136 220 37 216 105 5 35 15 224 111 109 3 12 152

26 134 2 220 195 125 23 12 208 35 15 176 209 99 47 244 148

116 220 101 237 49 241 90 86 162 125 13 101 162 51 124 85 129

122 205 234 221 125 149 24 168 144 202 40 67 123 149 216 208 130

252 220 152 44 220 147 201 105 27 202 40 160 175 149 45 70 149

61 11 232 181 172 82 182 22 103 157 208 244 175 54 9 96 140

122 26 187 39 255 204 235 131 88 143 42 141 79 39 58 85 135

252 157 232 153 146 173 182 22 174 133 238 176 162 170 45 124 156

23 220 235 29 125 147 24 168 185 43 25 67 77 174 125 3 147

228 123 151 120 121 125 235 203 162 3 198 160 77 174 250 160 139

122 183 235 29 255 204 201 53 124 141 238 141 5 39 169 3 150

94 123 55 218 63 215 232 38 27 66 25 233 79 170 124 70 139

230 220 2 181 170 147 136 125 174 35 116 141 203 70 3 147 147

230 157 51 29 49 169 110 231 107 35 218 160 97 99 75 124 160

236 57 187 192 226 41 201 231 174 226 3 160 215 149 231 54 146

232 181 2 29 125 82 216 53 107 143 13 110 79 67 124 96 155

232 22 50 181 49 215 201 55 10 141 208 194 215 39 121 76 137

26 254 59 220 220 125 216 199 185 46 238 93 150 70 231 85 144

228 207 59 179 199 215 172 199 170 214 158 160 77 170 119 208 134

124 123 211 179 40 88 23 199 198 74 3 110 97 90 58 244 153

116 11 50 17 206 169 79 84 27 74 25 160 171 70 9 85 157

230 202 152 179 58 133 59 0 103 125 67 164 112 83 9 12 143

252 134 211 153 58 125 90 12 105 135 198 233 207 228 46 73 141

142 22 135 44 195 133 216 38 7 125 198 169 169 74 9 109 134

124 181 232 230 63 133 90 12 27 43 158 255 207 30 58 73 130

116 254 155 181 63 173 59 131 144 209 8 224 169 39 231 12 135

29 205 215 39 199 147 90 131 5 134 42 6 209 83 47 3 139

122 123 135 181 206 173 23 203 198 209 13 169 30 0 3 208 162

252 181 50 192 172 173 172 12 10 189 169 110 5 39 9 244 149

194 26 50 221 58 133 172 55 237 74 198 148 215 109 124 85 132

94 220 235 221 125 125 235 168 174 35 198 186 52 70 169 244 127

228 148 155 17 58 41 182 245 5 226 42 164 5 170 169 96 161

228 205 232 179 43 37 235 204 208 46 201 141 162 99 166 54 142

26 157 2 112 255 235 90 245 124 209 3 169 150 109 125 73 159

122 183 2 192 172 187 59 199 144 134 40 194 150 90 75 244 144

122 254 157 192 195 169 179 53 237 193 238 255 206 30 143 54 154

116 207 101 29 222 88 182 199 198 157 25 103 207 149 128 76 142

94 64 101 192 99 213 181 86 237 125 169 244 97 39 125 124 121

124 22 51 153 199 37 235 50 208 143 3 148 209 39 128 73 143

236 157 59 195 226 149 171 204 7 143 8 101 52 39 46 147 146

252 220 215 112 99 187 172 105 180 66 220 141 52 64 143 89 149

61 123 234 17 206 147 216 168 180 193 220 194 207 174 124 244 135

29 148 151 112 199 173 79 203 88 135 218 164 171 170 216 89 154

193 11 90 29 121 41 23 204 7 226 218 67 123 74 124 43 145

94 181 94 220 170 156 216 55 105 125 3 169 171 39 14 143 127

195 181 152 54 121 133 216 105 162 189 198 93 77 149 3 244 137

195 22 187 54 63 160 23 125 105 35 234 110 206 54 169 208 162

193 207 155 29 220 241 232 239 10 66 238 141 162 99 75 109 152

236 123 59 136 192 187 107 0 237 214 8 110 175 228 166 73 151

122 254 101 153 172 88 172 204 10 165 8 164 169 70 143 160 137

236 64 101 112 220 133 24 86 185 134 208 169 162 51 47 3 154

232 148 232 218 43 241 216 38 107 46 40 224 203 70 14 89 139

236 220 90 237 192 41 232 22 162 165 169 93 171 228 166 244 137

142 202 152 192 125 133 90 125 27 165 40 93 5 109 231 109 153

230 183 234 120 121 241 110 12 185 43 42 176 119 0 121 54 143

61 83 234 218 146 133 232 53 180 125 40 227 162 83 121 208 151

142 64 2 237 172 241 216 204 105 43 7 103 79 70 58 12 123

232 254 135 220 121 149 24 125 174 209 220 103 171 39 216 160 129

61 148 51 29 170 215 23 55 7 143 218 67 206 30 250 183 141

26 181 215 179 40 133 24 239 185 135 238 110 123 64 124 3 147

26 50 151 221 40 173 24 239 144 125 218 244 119 109 46 85 137

232 254 2 120 255 235 79 38 88 189 25 176 169 74 45 143 133

228 183 135 195 195 82 179 84 105 214 158 194 5 0 216 12 143

236 64 152 17 99 41 235 86 124 125 40 169 52 51 250 76 139

29 59 234 195 170 241 182 203 144 135 238 227 119 90 45 73 137

29 181 55 237 206 235 110 179 170 165 158 148 169 54 128 70 151

26 50 90 44 121 156 79 245 144 193 158 148 79 83 216 12 140

61 202 157 195 43 149 181 231 144 209 208 233 215 90 119 244 147

26 202 211 220 255 235 171 38 144 214 13 233 171 70 128 147 129

193 254 90 237 226 156 107 84 124 3 67 148 203 174 216 183 147

193 181 155 29 199 88 79 168 10 141 220 113 171 54 75 89 135

23 22 51 220 99 156 172 55 198 3 208 255 209 0 250 244 145

230 64 235 181 58 37 232 231 144 157 158 93 215 67 231 73 126

142 181 51 221 255 173 90 0 107 134 15 233 111 99 124 244 136

142 22 184 192 255 149 181 179 144 43 234 169 162 64 216 70 134

195 83 59 179 63 82 79 168 88 133 158 227 119 51 216 70 131

61 220 215 237 99 41 90 12 208 74 15 164 52 70 125 244 139

252 181 187 79 222 156 59 105 27 125 234 255 169 54 143 183 151

52 254 2 181 58 187 90 53 174 134 8 186 112 7 46 244 155

23 59 101 153 125 125 201 53 185 143 42 176 77 67 58 244 136

193 254 94 195 125 41 211 50 10 134 40 93 52 7 45 183 155

230 57 135 136 63 213 179 204 107 189 208 244 77 0 45 85 137

61 183 59 230 121 147 59 38 164 214 15 244 171 54 47 73 145

232 183 2 39 255 41 171 86 107 133 67 141 206 228 9 147 148

236 220 51 39 63 41 179 245 27 133 201 233 150 51 47 85 135

116 59 55 230 131 149 232 203 10 66 198 255 215 109 3 244 138

116 83 101 112 131 169 182 168 174 165 8 233 162 51 46 70 126

142 83 50 220 206 213 171 239 88 43 169 148 111 7 47 54 160

26 220 50 195 199 156 90 38 107 193 200 224 175 74 47 96 138

47 123 90 120 63 160 90 131 170 125 208 244 209 74 47 54 140

232 134 2 120 49 147 201 50 170 43 238 110 77 99 47 96 143

47 148 152 230 63 241 23 84 105 135 67 255 171 174 3 54 126

23 134 232 192 199 37 79 105 164 193 67 101 123 70 121 76 127

193 50 215 39 99 41 59 203 10 125 169 255 52 0 128 89 149

116 181 211 220 222 37 235 22 5 35 25 110 123 228 166 54 149

47 183 151 79 63 213 216 168 88 157 25 113 215 109 3 147 154

94 64 211 39 99 169 90 168 124 165 201 255 209 70 45 76 134

23 83 2 112 192 125 211 105 170 43 116 101 112 170 121 12 139

61 83 232 54 226 37 90 231 170 134 208 160 123 170 75 124 147

94 22 215 237 125 156 90 168 185 43 218 93 97 51 3 143 134

228 148 234 153 206 213 171 231 124 74 198 194 175 64 75 244 154

94 157 51 17 125 187 182 203 237 141 234 233 111 70 125 89 134

232 83 152 237 170 88 171 53 170 165 25 6 77 0 58 147 155

194 64 235 17 63 88 24 204 10 214 42 227 203 67 166 183 151

94 11 187 153 146 169 201 84 5 3 42 110 207 109 3 183 144

122 57 215 192 131 204 235 86 164 3 67 93 119 54 46 70 134

124 59 234 230 121 241 107 38 208 135 198 194 5 51 14 89 145

230 22 90 220 125 235 107 105 5 74 116 164 5 64 125 70 151

228 220 232 54 146 41 171 50 7 133 158 233 52 170 58 85 150

195 148 151 29 43 204 201 245 27 193 3 113 150 7 47 244 144

61 22 59 220 58 173 211 179 10 3 234 224 203 74 169 85 133

122 57 215 195 222 149 90 231 27 165 234 101 79 170 166 3 151

124 202 152 17 195 133 182 203 174 143 15 141 162 51 121 70 131

47 181 234 136 220 187 179 12 162 35 169 93 30 67 3 70 143

232 207 232 181 49 241 90 168 10 143 208 169 123 67 58 73 127

230 50 232 218 199 82 107 204 107 226 15 160 79 83 124 244 137

94 83 90 29 220 156 201 105 27 135 15 101 5 0 9 85 147

124 148 234 221 192 133 79 86 107 133 220 233 207 51 119 85 157

252 157 211 54 43 235 182 179 237 157 67 194 169 54 119 3 124

230 181 232 221 63 213 79 86 185 141 8 103 215 90 124 70 134

232 26 55 220 172 149 110 231 88 43 42 103 52 74 45 76 147

195 220 2 17 58 82 179 239 164 74 200 110 171 228 9 70 149

26 207 2 44 199 82 201 203 10 135 169 169 207 228 128 85 139

252 11 187 79 43 241 235 0 198 157 158 93 123 7 47 3 135

230 83 152 79 192 169 216 86 198 46 67 93 111 30 58 73 132

23 183 232 181 125 149 136 50 10 35 42 233 119 0 47 76 133

232 64 235 237 199 125 172 105 237 141 220 141 171 7 58 147 134

193 50 59 44 199 173 211 204 237 143 234 255 171 228 14 244 130

194 157 234 79 170 156 90 55 185 209 220 67 5 30 58 109 153

23 83 135 17 220 41 235 179 7 226 8 186 112 30 75 194 156

142 123 155 54 192 241 23 0 124 46 3 224 203 51 124 70 132

236 50 215 230 195 41 182 86 10 35 25 169 206 30 121 73 139

116 181 184 181 170 204 232 38 7 202 238 93 5 70 58 3 123

142 59 135 218 255 235 24 12 10 135 200 93 111 174 9 208 139

232 207 101 192 172 147 182 12 7 125 169 113 119 109 47 85 143

193 254 101 54 172 187 90 204 5 209 238 224 112 90 45 109 140

232 207 232 220 146 241 179 84 180 35 218 176 111 30 169 70 152

122 59 234 112 192 213 216 38 107 35 158 194 162 54 121 109 151

230 83 155 112 170 133 232 204 103 189 201 148 203 99 45 89 158

193 26 157 120 99 241 24 179 237 135 158 194 207 174 125 143 138

195 181 155 230 49 147 107 38 10 214 238 103 162 228 124 147 142

52 57 211 39 172 204 232 22 103 46 234 194 77 70 58 89 153

23 220 184 192 63 213 90 245 164 209 220 244 112 109 3 89 150

228 205 187 153 49 187 171 199 198 133 40 148 206 70 58 147 145

29 50 215 39 255 125 182 55 198 133 208 141 162 109 14 85 143

52 207 215 181 43 82 181 84 180 125 158 141 175 228 121 73 149

236 57 2 79 206 88 110 0 185 134 42 227 209 90 9 12 132

232 50 101 79 58 187 90 168 162 143 116 176 5 70 3 76 155

194 157 234 230 255 37 179 22 164 35 40 255 123 228 121 183 133

228 205 94 153 146 82 216 22 107 35 15 113 52 30 75 43 147

232 123 187 221 99 215 235 203 174 214 7 164 169 109 3 89 151

194 254 157 112 222 149 216 245 7 189 201 176 215 170 121 70 150

116 83 235 237 199 169 211 0 105 226 234 186 171 149 231 143 139

142 57 234 44 195 187 59 86 237 46 67 227 119 70 46 96 128

236 202 157 112 63 41 107 199 162 165 200 110 77 67 125 76 145

47 183 55 120 206 147 216 204 105 165 158 93 77 70 75 143 124

230 59 59 218 199 173 110 245 107 35 220 6 79 39 124 12 130

122 205 50 54 146 147 90 179 27 125 40 194 206 149 216 85 141

29 202 184 181 125 241 90 125 208 214 7 141 171 70 166 183 167

52 50 50 220 131 235 90 53 107 66 13 176 175 109 124 109 154

236 202 2 181 146 160 110 38 105 141 238 186 171 39 45 147 151

94 123 155 39 222 37 179 22 198 165 200 227 169 174 250 12 135

23 11 94 220 195 125 90 231 124 143 200 176 112 54 121 143 151

61 50 235 220 220 169 110 199 185 134 201 244 215 39 169 183 157

61 148 94 220 131 173 181 50 170 74 15 141 79 0 3 160 165

232 205 50 195 220 41 216 204 27 189 234 148 215 99 119 54 156

26 181 155 220 206 147 179 105 7 46 13 244 171 64 121 3 157

194 205 59 44 131 187 179 231 88 74 42 141 77 83 46 43 137

61 50 55 237 63 187 235 203 10 134 218 169 97 39 9 96 140

193 11 51 79 226 204 171 245 180 202 208 110 175 70 119 160 149

61 207 157 39 195 241 110 199 10 125 234 6 5 7 58 3 131

52 134 51 195 170 41 110 50 164 141 158 160 169 7 169 124 136

232 26 51 230 125 149 182 245 208 193 200 233 150 7 216 73 138

23 183 135 237 199 125 90 22 180 74 25 176 119 39 121 143 141

194 157 235 220 99 235 59 179 208 143 169 103 30 74 169 70 144

116 64 232 237 226 160 171 0 10 134 13 186 119 51 75 183 149

61 83 50 218 199 213 201 179 10 135 201 6 123 174 9 244 147

124 183 184 181 131 169 179 50 10 74 7 148 203 0 14 143 146

61 202 215 181 43 147 232 179 162 143 7 141 171 64 125 143 137

124 50 232 237 43 173 201 131 162 46 158 101 203 54 231 124 151

228 11 184 17 255 41 79 50 198 165 198 67 206 74 231 12 142

61 22 157 120 121 213 90 179 237 66 7 141 30 109 231 76 137

61 220 90 112 58 41 24 239 10 133 198 186 111 54 46 43 145

228 59 2 136 220 241 24 204 237 202 42 186 112 0 143 160 143

61 22 151 54 40 241 136 179 170 143 238 233 206 149 166 43 143

61 22 2 112 43 173 79 84 174 226 158 148 111 30 125 76 151

94 134 101 136 222 88 181 50 105 125 198 101 162 54 143 208 142

232 123 59 54 58 88 232 50 7 135 238 6 162 99 143 208 167

142 83 94 195 58 88 179 38 144 46 7 227 119 99 9 3 157

29 205 234 44 121 235 235 131 27 165 238 169 209 51 169 76 146

252 57 215 153 49 160 90 84 164 214 116 103 123 149 143 89 151

124 207 50 44 220 235 216 53 208 134 201 148 203 54 124 160 143

61 254 215 54 121 213 171 179 144 74 25 160 175 64 125 208 127

47 134 152 136 195 235 136 38 144 165 220 169 215 39 124 109 133

122 134 55 230 255 37 79 12 208 46 201 101 215 70 125 124 132

142 220 90 230 43 204 181 53 144 133 238 244 111 64 75 96 171

142 254 234 220 220 241 90 168 237 125 208 244 111 70 169 183 150

61 50 55 221 255 235 24 239 174 43 25 224 77 67 121 70 137

94 220 235 79 49 88 23 55 208 141 198 176 97 54 121 76 145

236 11 235 79 206 187 59 0 107 143 234 224 203 51 250 194 142

61 26 157 120 222 204 79 22 27 43 13 227 52 90 46 143 130

52 181 2 112 131 147 24 84 107 46 7 255 5 64 166 183 138

236 254 59 195 170 82 201 38 208 46 67 194 5 170 3 147 148

47 134 59 54 63 173 179 84 88 43 200 103 162 70 58 70 153

195 26 151 237 170 125 201 53 174 141 13 227 203 90 166 244 157

52 59 135 181 199 156 90 203 164 66 234 224 215 74 9 12 149

232 202 101 181 131 125 90 168 105 133 158 244 169 90 58 70 135

236 50 215 112 58 133 172 239 7 74 25 244 97 39 45 160 137

61 50 51 192 58 125 90 239 10 165 116 6 203 39 14 70 146

61 26 215 192 222 215 90 199 7 209 7 93 207 174 166 3 167

23 134 235 79 121 149 182 105 10 193 238 113 97 7 46 208 133

52 11 59 136 49 215 171 199 164 214 7 186 97 170 250 244 150

116 57 51 218 43 147 24 239 103 134 201 113 162 170 14 76 149

61 64 157 29 255 241 90 0 185 141 238 141 206 0 231 183 150

47 11 90 120 49 213 90 199 185 226 116 110 79 90 143 89 148

228 50 101 220 195 160 172 53 103 143 218 160 97 64 128 3 142

195 181 157 220 99 173 23 179 144 143 234 255 203 51 47 76 138

94 11 157 181 125 82 79 22 103 74 40 194 97 64 125 147 152

124 11 232 79 125 41 110 231 144 165 238 194 123 39 124 76 133

142 26 50 192 131 187 182 245 237 3 42 176 30 74 58 12 139

228 134 101 220 195 213 136 55 208 135 7 93 215 64 47 76 137

195 254 55 112 63 173 59 239 5 134 200 93 169 109 47 73 148

61 64 155 220 170 133 136 38 10 74 15 103 150 90 250 147 148

232 254 155 221 206 37 172 84 105 43 67 176 123 67 46 89 150

195 64 151 220 255 187 182 168 162 193 67 148 207 0 58 160 156

116 157 55 136 58 88 90 231 185 143 158 169 112 99 231 12 143

26 157 234 192 199 235 23 239 88 189 40 103 209 39 14 43 141

26 123 2 179 226 213 181 86 170 35 15 6 52 30 169 73 153

116 134 184 136 192 215 110 53 88 125 7 67 206 30 45 43 146

232 148 101 44 40 41 171 168 88 165 200 164 171 30 125 76 132

228 123 101 220 220 173 90 179 185 3 15 194 150 54 46 76 151

29 50 101 29 195 169 216 131 185 46 208 160 169 170 143 194 140

23 181 187 230 206 133 107 86 124 35 201 67 215 51 124 73 154

195 254 232 29 125 88 181 239 5 74 158 110 150 174 46 3 147

194 254 155 17 99 169 90 38 107 141 116 101 112 74 250 160 156

195 202 184 192 199 133 136 50 27 143 7 224 162 99 119 147 152

47 11 235 17 206 133 216 179 144 35 42 164 171 0 121 143 144

252 50 101 181 226 125 232 245 103 134 220 93 123 90 128 147 136

47 181 232 79 58 187 235 50 170 125 234 113 206 228 121 96 145

252 220 211 17 220 187 179 105 5 226 15 110 79 228 250 183 136

61 157 90 39 131 88 24 239 10 133 201 93 209 7 166 73 153

61 202 157 79 195 156 90 203 10 46 116 164 30 67 125 244 139

142 157 2 195 226 187 235 22 174 226 218 244 203 83 169 183 152

52 254 151 112 226 41 107 125 124 157 208 233 77 90 58 244 147

29 123 232 181 220 213 211 55 88 202 234 255 79 174 46 89 152

52 134 50 220 63 88 90 86 237 157 25 227 79 90 47 43 137

124 123 187 221 63 88 110 203 10 141 15 113 171 170 216 96 128

142 22 59 29 220 187 172 125 10 157 40 101 169 90 216 183 163

124 157 215 136 255 241 90 203 144 202 169 67 171 90 166 73 138

232 254 152 218 199 169 110 12 88 3 116 244 111 64 119 208 127

252 26 232 29 192 213 107 168 180 46 25 224 119 64 9 73 147

228 254 211 218 220 204 179 84 103 189 8 101 5 74 46 147 132

124 83 135 29 206 160 136 204 105 141 7 255 123 149 128 96 148

122 207 90 220 195 41 171 22 208 157 40 93 169 70 143 244 157

94 22 211 220 131 187 216 199 237 141 116 233 203 83 3 3 141

23 148 50 153 121 149 23 199 88 74 220 164 169 174 58 96 147

230 64 51 220 220 88 171 204 198 202 200 255 169 64 3 54 131

228 11 51 181 40 241 232 199 180 133 201 186 171 39 58 244 145

193 50 234 192 40 215 201 125 180 143 7 148 206 149 47 143 154

195 22 211 218 99 173 172 53 144 226 25 93 112 39 46 143 142

23 83 59 54 131 215 110 131 5 157 7 227 209 70 125 143 152

124 26 232 39 121 149 179 38 144 125 42 67 162 39 121 89 126

116 57 55 218 199 41 171 86 10 46 3 233 171 54 231 89 136

116 64 135 54 192 133 179 84 208 143 25 148 206 54 47 160 142

252 64 232 230 220 173 136 0 105 133 208 224 162 170 47 160 144

195 83 59 221 192 37 182 245 144 35 42 176 207 30 121 194 121

94 64 50 79 40 235 232 12 88 135 67 93 209 228 119 147 140

52 202 215 136 172 125 90 239 27 141 169 141 175 70 9 76 146

194 181 59 29 146 235 23 12 10 165 158 148 209 170 9 70 169

142 64 50 221 121 169 211 22 5 43 67 103 123 39 124 12 168

142 207 90 29 170 147 90 86 10 43 13 169 123 109 58 244 135

52 207 59 192 220 41 90 53 10 193 220 194 123 83 124 85 149

61 57 155 39 40 133 216 50 107 141 67 255 207 109 231 12 125

195 181 55 192 58 82 79 86 174 214 201 227 111 67 166 89 133

232 207 187 136 170 133 181 204 27 189 42 244 79 90 128 208 157

116 57 59 230 206 241 232 245 88 209 218 244 171 54 45 54 145

52 205 211 17 170 215 90 53 208 226 238 93 207 109 121 244 129

122 64 101 44 255 173 235 168 105 202 220 67 175 99 46 244 141

122 220 184 39 99 147 172 245 170 135 158 110 97 67 47 76 158

194 254 59 54 63 88 182 38 162 43 198 164 215 228 119 73 137

122 83 235 181 131 187 201 231 10 135 116 255 175 30 58 3 126

61 207 51 195 226 235 90 125 7 35 67 101 209 149 58 194 136

228 220 151 79 222 41 23 50 10 43 201 110 77 64 47 183 159

47 183 157 192 170 41 110 168 162 143 201 255 171 109 14 109 152

232 123 152 79 170 235 182 53 180 209 42 227 169 174 58 3 142

26 205 187 153 195 204 23 53 88 189 40 169 206 39 166 12 162

23 207 235 17 146 160 90 84 174 209 238 160 169 39 125 124 141

193 254 152 237 172 125 201 203 162 133 3 244 111 109 143 89 151

124 22 101 195 222 235 90 53 198 226 25 141 119 7 124 194 150

193 57 2 195 255 169 216 84 105 226 200 101 123 64 125 124 131

232 181 50 54 40 160 235 0 124 134 8 176 119 0 121 194 141

26 57 51 39 125 173 232 168 144 209 42 169 112 83 46 147 147

230 83 157 221 58 37 211 231 88 193 40 176 97 170 128 54 165

116 123 184 29 170 125 107 179 198 141 8 141 97 67 216 96 144

252 207 94 181 58 88 201 50 103 209 158 194 169 109 75 208 151

193 207 90 136 255 88 181 105 170 3 3 194 97 228 58 73 137

230 83 187 220 172 82 181 84 10 43 13 67 203 90 166 208 144

236 205 94 44 222 82 232 245 180 143 208 224 79 170 166 109 140

61 59 55 44 222 147 232 53 124 141 7 110 203 228 3 73 148

124 26 151 195 146 41 181 245 27 165 238 6 79 99 75 12 158

61 148 90 79 195 160 136 38 162 43 25 169 30 109 128 43 134

232 26 59 179 146 169 181 125 10 202 7 101 30 67 169 96 135

29 83 135 79 199 82 79 86 208 35 8 169 97 7 169 194 151

232 148 94 221 49 156 182 204 103 143 42 103 77 67 45 143 144

232 50 235 120 131 147 136 231 103 35 200 176 123 70 166 89 151

236 181 187 120 43 204 172 53 88 125 13 93 79 30 250 54 147

94 134 2 181 222 173 179 203 164 134 15 6 175 74 121 70 146

228 59 211 120 170 187 136 239 198 202 220 67 111 228 124 244 130

142 148 55 221 58 187 211 245 10 43 116 160 162 174 216 124 140

236 207 232 221 63 215 232 199 144 133 25 101 209 39 45 43 153

124 57 211 112 99 37 182 168 103 209 8 93 203 54 169 194 147

228 123 232 220 40 213 90 245 237 3 234 141 207 99 125 54 144

52 22 184 195 40 173 171 84 174 189 13 244 52 90 45 143 137

61 183 235 153 125 204 171 38 180 133 200 103 207 64 121 96 150

52 148 157 220 255 156 79 84 144 43 169 224 5 51 124 73 148

252 83 215 220 121 37 172 204 237 133 220 233 112 70 58 244 148

193 202 187 237 125 147 79 50 103 209 201 113 169 0 250 244 135

142 123 152 181 192 173 201 12 88 43 116 255 150 54 45 70 116

228 181 184 44 146 187 110 0 174 214 3 148 207 39 231 244 150

29 157 232 44 195 213 201 168 27 125 218 148 119 30 125 124 141

29 123 184 44 255 149 136 231 5 46 158 164 97 67 216 194 127

228 157 152 79 195 187 24 125 170 157 208 93 175 174 3 70 170

228 220 50 195 125 125 235 105 105 189 218 103 5 70 3 54 144

116 50 51 181 195 160 136 203 237 133 200 67 77 54 128 124 125

116 181 155 179 220 213 90 204 88 135 67 224 79 7 3 89 141

232 50 94 181 170 160 110 38 105 3 13 93 79 70 231 244 138

23 181 94 218 99 215 107 168 88 193 116 6 112 51 45 208 131

232 183 235 221 131 149 136 38 27 189 208 169 5 0 121 160 144

194 220 94 112 63 241 211 105 103 226 25 233 203 39 250 208 141

194 220 152 195 170 160 182 231 88 141 42 101 162 67 124 244 122

61 11 51 79 125 125 179 168 237 134 7 176 77 70 46 3 144

94 183 55 153 40 88 107 245 170 133 15 244 150 90 3 85 155

252 57 157 54 222 160 172 38 237 214 218 194 30 64 250 54 143

23 202 90 237 121 235 136 53 107 141 198 244 119 51 9 194 137

61 202 101 230 49 156 211 12 10 141 3 176 79 0 143 73 134

23 59 187 79 131 173 172 203 185 214 15 141 150 149 14 208 143

142 183 90 136 220 187 182 105 124 209 8 141 79 74 9 70 135

230 202 152 44 255 149 79 0 10 135 116 113 215 64 216 194 130

61 202 152 218 146 235 235 168 10 46 200 113 203 99 14 70 147

61 220 152 112 40 187 172 38 144 66 15 233 52 149 119 85 135

193 22 101 179 49 149 90 86 105 35 218 227 209 39 119 76 137

124 181 50 221 222 133 90 125 27 193 116 227 119 90 231 208 131

122 202 135 120 170 187 172 131 5 165 25 186 30 30 121 76 135

193 157 184 230 99 82 110 38 105 202 25 103 209 39 128 147 127

116 134 184 120 226 235 90 86 124 43 201 148 119 228 124 76 152

61 123 51 29 199 82 216 168 237 135 201 164 30 170 3 89 137

236 207 152 218 170 160 216 204 105 189 13 233 119 67 46 160 142

193 83 155 44 220 235 23 12 174 209 15 148 111 74 124 124 152

26 83 151 220 170 156 181 53 162 202 238 110 52 39 143 143 131

116 57 235 237 170 160 211 179 164 157 218 227 150 228 58 160 141

232 181 101 237 172 147 211 12 124 214 208 103 207 174 166 194 138

52 11 232 153 146 156 110 0 170 35 67 244 169 54 169 73 161

252 181 51 195 170 187 110 0 27 3 42 186 150 99 58 12 133

142 26 211 17 49 160 90 199 170 43 15 103 112 83 14 109 142

26 183 151 44 220 187 179 245 144 35 25 103 77 51 231 147 132

94 134 215 195 131 156 59 38 88 202 3 160 150 67 125 43 124

142 11 155 220 199 125 136 55 27 189 234 164 30 39 75 194 137

252 205 101 181 99 160 179 86 107 35 3 244 112 67 250 89 146

52 148 235 39 220 41 79 38 162 125 169 110 52 30 231 194 129

122 181 215 230 63 160 90 50 124 157 8 233 150 99 75 54 142

194 64 235 54 170 160 171 203 185 209 220 176 52 228 9 43 150

47 207 101 192 121 160 107 86 237 35 116 141 215 99 45 194 134

194 83 151 44 63 160 110 22 185 165 116 255 30 83 121 244 134

236 22 157 221 172 215 181 131 185 143 208 194 97 30 3 89 155

142 220 51 112 125 41 90 199 88 74 116 113 52 30 121 73 137

23 22 2 112 99 215 171 22 10 46 42 67 30 99 121 12 139

122 123 187 29 121 169 136 53 107 189 8 227 209 74 58 244 139

