Initializing...Done
Initial objective: 55
------------------------------------------------------------------
Elapsed Time	Temperature	Epoch	Objective	Acceptance
------------------------------------------------------------------
  0:0:51.794	          4	1/45	    60	         Y
  0:1:43.466	          4	1/45	    74	         Y
  0:2:33.992	          4	1/45	    55	         N
  0:3:25.404	          4	1/45	    59	         N
  0:4:17.366	          4	1/45	    65	         N
   0:5:8.818	          4	1/45	    67	         N
   0:6:0.294	          4	1/45	    57	         N
   0:6:55.49	          4	1/45	   120	         Y
  0:7:46.531	          4	1/45	    85	         N
  0:8:38.627	          4	1/45	    90	         N
  0:9:33.313	       3.68	2/45	    85	         N
 0:10:26.664	       3.68	2/45	    90	         N
 0:11:19.756	       3.68	2/45	    79	         N
 0:12:12.669	       3.68	2/45	    75	         N
  0:13:4.865	       3.68	2/45	    62	         N
 0:13:56.655	       3.68	2/45	    68	         N
 0:14:49.552	       3.68	2/45	    90	         N
 0:15:41.619	       3.68	2/45	    65	         N
 0:16:34.517	       3.68	2/45	    91	         N
 0:17:27.182	       3.68	2/45	    78	         N
 0:18:18.951	     3.3856	3/45	    44	         N
 0:19:11.344	     3.3856	3/45	   116	         N
  0:20:4.604	     3.3856	3/45	    66	         N
 0:20:56.529	     3.3856	3/45	    97	         N
 0:21:48.822	     3.3856	3/45	    89	         N
  0:22:41.44	     3.3856	3/45	   114	         N
 0:23:32.693	     3.3856	3/45	    84	         N
 0:24:24.258	     3.3856	3/45	   117	         Y
 0:25:15.529	     3.3856	3/45	    57	         N
  0:26:8.913	     3.3856	3/45	   110	         N
  0:27:0.976	   3.114752	4/45	    46	         N
 0:27:52.730	   3.114752	4/45	    69	         Y
 0:28:44.860	   3.114752	4/45	   116	         Y
 0:29:39.498	   3.114752	4/45	   101	         N
 0:30:30.901	   3.114752	4/45	    31	         N
 0:31:22.612	   3.114752	4/45	    89	         N
 0:32:14.160	   3.114752	4/45	    63	         N
  0:33:1.885	   3.114752	4/45	    73	         N
 0:33:49.467	   3.114752	4/45	    70	         N
 0:34:36.968	   3.114752	4/45	    74	         N
 0:35:24.994	  2.8655718	5/45	    91	         N
 0:36:12.896	  2.8655718	5/45	    88	         N
  0:37:0.716	  2.8655718	5/45	    67	         N
 0:37:47.508	  2.8655718	5/45	    72	         N
 0:38:34.973	  2.8655718	5/45	    61	         N
 0:39:22.720	  2.8655718	5/45	    98	         N
 0:40:10.438	  2.8655718	5/45	    60	         N
 0:40:57.451	  2.8655718	5/45	    80	         N
 0:41:43.907	  2.8655718	5/45	    67	         N
 0:42:31.196	  2.8655718	5/45	    80	         N
 0:43:18.582	  2.6363261	6/45	    77	         N
  0:44:5.835	  2.6363261	6/45	    30	         N
 0:44:52.936	  2.6363261	6/45	    74	         N
 0:45:40.639	  2.6363261	6/45	    91	         N
 0:46:27.197	  2.6363261	6/45	    79	         N
 0:47:14.513	  2.6363261	6/45	    58	         N
  0:48:2.275	  2.6363261	6/45	    68	         N
 0:48:51.135	  2.6363261	6/45	    79	         N
  0:49:40.59	  2.6363261	6/45	   106	         N
 0:50:29.940	  2.6363261	6/45	    74	         N
  0:51:18.50	    2.42542	7/45	    69	         N
  0:52:5.407	    2.42542	7/45	    57	         N
 0:52:52.402	    2.42542	7/45	    67	         N
 0:53:39.928	    2.42542	7/45	    75	         N
 0:54:26.792	    2.42542	7/45	    84	         N
 0:55:14.305	    2.42542	7/45	    83	         N
  0:56:1.747	    2.42542	7/45	    75	         N
 0:56:49.593	    2.42542	7/45	    85	         N
 0:57:36.951	    2.42542	7/45	    74	         N
 0:58:24.149	    2.42542	7/45	    87	         N
 0:59:11.899	  2.2313864	8/45	    68	         N
  0:59:59.62	  2.2313864	8/45	    93	         N
  1:0:46.201	  2.2313864	8/45	    89	         N
  1:1:33.160	  2.2313864	8/45	    64	         N
  1:2:19.863	  2.2313864	8/45	    59	         N
   1:3:7.114	  2.2313864	8/45	    61	         N
  1:3:54.193	  2.2313864	8/45	    47	         N
  1:4:40.769	  2.2313864	8/45	    73	         N
  1:5:28.408	  2.2313864	8/45	    60	         N
  1:6:15.617	  2.2313864	8/45	    60	         N
   1:7:3.632	  2.0528755	9/45	    79	         N
  1:7:51.505	  2.0528755	9/45	   104	         N
  1:8:38.926	  2.0528755	9/45	    87	         N
  1:9:26.847	  2.0528755	9/45	    58	         N
 1:10:14.402	  2.0528755	9/45	    69	         N
  1:11:2.143	  2.0528755	9/45	    59	         N
 1:11:49.728	  2.0528755	9/45	    53	         N
 1:12:37.370	  2.0528755	9/45	    60	         N
 1:13:25.891	  2.0528755	9/45	    81	         N
 1:14:14.112	  2.0528755	9/45	    64	         N
   1:15:2.81	  1.8886455	10/45	    69	         N
 1:15:49.509	  1.8886455	10/45	    65	         N
 1:16:37.395	  1.8886455	10/45	    71	         N
 1:17:25.888	  1.8886455	10/45	    71	         N
 1:18:14.366	  1.8886455	10/45	    64	         N
  1:19:4.315	  1.8886455	10/45	    95	         N
 1:19:53.699	  1.8886455	10/45	   107	         N
 1:20:47.893	  1.8886455	10/45	    48	         N
 1:21:47.513	  1.8886455	10/45	    80	         N
 1:22:46.476	  1.8886455	10/45	    82	         N
 1:23:38.767	  1.7375538	11/45	    71	         N
  1:24:37.35	  1.7375538	11/45	    61	         N
 1:25:33.371	  1.7375538	11/45	    63	         N
 1:26:30.180	  1.7375538	11/45	    82	         N
 1:27:20.647	  1.7375538	11/45	    82	         N
 1:28:10.685	  1.7375538	11/45	    56	         N
  1:29:2.232	  1.7375538	11/45	    89	         N
 1:29:51.369	  1.7375538	11/45	    55	         N
 1:30:41.348	  1.7375538	11/45	    79	         N
 1:31:30.309	  1.7375538	11/45	    99	         N
 1:32:19.801	  1.5985495	12/45	    87	         N
 1:33:11.863	  1.5985495	12/45	    93	         N
  1:34:5.926	  1.5985495	12/45	    58	         N
  1:35:1.879	  1.5985495	12/45	    60	         N
 1:35:56.880	  1.5985495	12/45	    70	         N
 1:36:50.438	  1.5985495	12/45	    85	         N
 1:37:46.352	  1.5985495	12/45	    86	         N
 1:38:37.768	  1.5985495	12/45	    93	         N
 1:39:31.161	  1.5985495	12/45	    52	         N
 1:40:25.815	  1.5985495	12/45	    71	         N
  1:41:21.78	  1.4706656	13/45	    59	         N
 1:42:15.668	  1.4706656	13/45	    61	         N
  1:43:8.913	  1.4706656	13/45	   119	         Y
  1:44:3.228	  1.4706656	13/45	    86	         N
  1:44:57.91	  1.4706656	13/45	    75	         N
  1:45:52.30	  1.4706656	13/45	    63	         N
 1:46:46.669	  1.4706656	13/45	    51	         N
 1:47:41.982	  1.4706656	13/45	    53	         N
 1:48:36.726	  1.4706656	13/45	    72	         N
 1:49:31.455	  1.4706656	13/45	    97	         N
 1:50:24.600	  1.3530123	14/45	    75	         N
 1:51:16.577	  1.3530123	14/45	    74	         N
 1:52:16.652	  1.3530123	14/45	   106	         N
 1:53:14.575	  1.3530123	14/45	    96	         N
 1:54:13.252	  1.3530123	14/45	   101	         N
 1:55:12.388	  1.3530123	14/45	   131	         Y
  1:56:11.26	  1.3530123	14/45	    61	         N
  1:57:8.187	  1.3530123	14/45	    93	         N
  1:58:5.863	  1.3530123	14/45	   113	         N
  1:59:4.645	  1.3530123	14/45	   107	         N
   2:0:7.398	  1.2447713	15/45	   108	         N
   2:1:4.421	  1.2447713	15/45	    73	         N
     2:2:2.0	  1.2447713	15/45	    60	         N
   2:2:59.38	  1.2447713	15/45	    85	         N
  2:3:57.432	  1.2447713	15/45	   105	         N
  2:4:54.810	  1.2447713	15/45	    87	         N
   2:5:53.41	  1.2447713	15/45	   142	         Y
  2:6:49.484	  1.2447713	15/45	   120	         N
  2:7:48.362	  1.2447713	15/45	   110	         N
  2:8:47.285	  1.2447713	15/45	    87	         N
  2:9:47.380	  1.1451896	16/45	    65	         N
  2:10:47.62	  1.1451896	16/45	    94	         N
 2:11:47.509	  1.1451896	16/45	   109	         N
 2:12:48.188	  1.1451896	16/45	    86	         N
 2:13:49.516	  1.1451896	16/45	   140	         N
 2:14:48.880	  1.1451896	16/45	   118	         N
 2:15:47.119	  1.1451896	16/45	    87	         N
 2:16:44.234	  1.1451896	16/45	   105	         N
 2:17:41.272	  1.1451896	16/45	    82	         N
 2:18:39.714	  1.1451896	16/45	    77	         N
 2:19:51.442	  1.0535744	17/45	   141	         Y
  2:21:2.268	  1.0535744	17/45	   108	         N
  2:22:6.111	  1.0535744	17/45	    80	         N
  2:23:5.220	  1.0535744	17/45	   132	         N
  2:24:3.779	  1.0535744	17/45	    75	         N
   2:25:8.35	  1.0535744	17/45	    49	         N
  2:26:7.981	  1.0535744	17/45	    71	         N
  2:27:9.802	  1.0535744	17/45	    87	         N
  2:28:9.534	  1.0535744	17/45	    93	         N
   2:29:8.58	  1.0535744	17/45	    77	         N
  2:30:6.492	 0.96928849	18/45	    74	         N
   2:31:5.77	 0.96928849	18/45	   120	         N
  2:32:5.750	 0.96928849	18/45	   106	         N
  2:33:1.727	 0.96928849	18/45	    82	         N
  2:34:4.465	 0.96928849	18/45	    54	         N
  2:35:4.976	 0.96928849	18/45	   106	         N
  2:36:8.671	 0.96928849	18/45	   109	         N
  2:37:8.409	 0.96928849	18/45	   106	         N
   2:38:7.92	 0.96928849	18/45	    79	         N
  2:39:6.209	 0.96928849	18/45	    91	         N
  2:40:6.879	 0.89174541	19/45	   103	         N
  2:41:7.475	 0.89174541	19/45	   104	         N
   2:42:7.81	 0.89174541	19/45	   112	         N
  2:43:7.548	 0.89174541	19/45	   127	         N
  2:44:7.282	 0.89174541	19/45	   107	         N
  2:45:6.937	 0.89174541	19/45	   100	         N
  2:46:6.461	 0.89174541	19/45	    92	         N
  2:47:6.279	 0.89174541	19/45	   113	         N
  2:48:6.315	 0.89174541	19/45	   127	         N
   2:49:7.60	 0.89174541	19/45	   147	         Y
  2:50:6.350	 0.82040578	20/45	   104	         N
  2:51:4.437	 0.82040578	20/45	   100	         N
  2:52:3.840	 0.82040578	20/45	   112	         N
  2:53:3.778	 0.82040578	20/45	    90	         N
  2:54:3.326	 0.82040578	20/45	    49	         N
  2:55:2.130	 0.82040578	20/45	    56	         N
  2:56:0.479	 0.82040578	20/45	   129	         N
  2:57:0.550	 0.82040578	20/45	   137	         N
 2:57:58.895	 0.82040578	20/45	   112	         N
 2:58:55.910	 0.82040578	20/45	   125	         N
 2:59:55.849	 0.75477332	21/45	   118	         N
  3:0:58.236	 0.75477332	21/45	   101	         N
  3:2:15.100	 0.75477332	21/45	   118	         N
  3:3:33.467	 0.75477332	21/45	   128	         N
  3:4:45.971	 0.75477332	21/45	    79	         N
  3:5:51.408	 0.75477332	21/45	    83	         N
  3:6:58.998	 0.75477332	21/45	   132	         N
   3:8:6.718	 0.75477332	21/45	    88	         N
  3:9:11.825	 0.75477332	21/45	    61	         N
  3:10:8.788	 0.75477332	21/45	    79	         N
  3:11:5.591	 0.69439145	22/45	    38	         N
  3:12:3.542	 0.69439145	22/45	    98	         N
  3:13:7.125	 0.69439145	22/45	   104	         N
  3:14:9.588	 0.69439145	22/45	   127	         N
 3:15:14.502	 0.69439145	22/45	    95	         N
 3:16:15.167	 0.69439145	22/45	    63	         N
 3:17:15.553	 0.69439145	22/45	    95	         N
  3:18:20.69	 0.69439145	22/45	    73	         N
 3:19:22.541	 0.69439145	22/45	    76	         N
  3:20:23.75	 0.69439145	22/45	    82	         N
 3:21:23.133	 0.63884014	23/45	   105	         N
 3:22:23.944	 0.63884014	23/45	    75	         N
   3:23:26.5	 0.63884014	23/45	   113	         N
 3:24:29.792	 0.63884014	23/45	    87	         N
 3:25:30.787	 0.63884014	23/45	   110	         N
 3:26:36.485	 0.63884014	23/45	    66	         N
 3:27:41.771	 0.63884014	23/45	   125	         N
   3:28:45.1	 0.63884014	23/45	    76	         N
 3:29:47.720	 0.63884014	23/45	    53	         N
 3:30:48.771	 0.63884014	23/45	    83	         N
 3:31:49.324	 0.58773292	24/45	    82	         N
 3:32:49.552	 0.58773292	24/45	   101	         N
 3:33:50.755	 0.58773292	24/45	    89	         N
 3:34:52.671	 0.58773292	24/45	   105	         N
 3:35:52.195	 0.58773292	24/45	    71	         N
 3:36:56.955	 0.58773292	24/45	   113	         N
 3:37:59.841	 0.58773292	24/45	   110	         N
  3:39:3.153	 0.58773292	24/45	   107	         N
  3:40:5.795	 0.58773292	24/45	    90	         N
 3:41:10.479	 0.58773292	24/45	   101	         N
 3:42:14.324	 0.54071429	25/45	    61	         N
 3:43:16.855	 0.54071429	25/45	    86	         N
 3:44:17.441	 0.54071429	25/45	    69	         N
 3:45:19.583	 0.54071429	25/45	    82	         N
  3:46:22.82	 0.54071429	25/45	   112	         N
 3:47:30.371	 0.54071429	25/45	    79	         N
  3:48:37.22	 0.54071429	25/45	   131	         N
 3:49:39.389	 0.54071429	25/45	   124	         N
 3:50:46.299	 0.54071429	25/45	    52	         N
 3:51:57.961	 0.54071429	25/45	   137	         N
  3:53:0.934	 0.49745715	26/45	    88	         N
 3:53:59.763	 0.49745715	26/45	    98	         N
 3:54:59.494	 0.49745715	26/45	    67	         N
   3:56:5.43	 0.49745715	26/45	   123	         N
  3:57:12.48	 0.49745715	26/45	   110	         N
 3:58:13.570	 0.49745715	26/45	    90	         N
 3:59:17.300	 0.49745715	26/45	    74	         N
  4:0:23.402	 0.49745715	26/45	    55	         N
  4:1:30.562	 0.49745715	26/45	   115	         N
  4:2:40.406	 0.49745715	26/45	   121	         N
  4:3:46.210	 0.45766058	27/45	    68	         N
  4:4:51.819	 0.45766058	27/45	    77	         N
   4:6:0.738	 0.45766058	27/45	    36	         N
   4:7:7.101	 0.45766058	27/45	   117	         N
  4:8:10.863	 0.45766058	27/45	    96	         N
  4:9:15.951	 0.45766058	27/45	    81	         N
 4:10:27.869	 0.45766058	27/45	    93	         N
 4:11:31.440	 0.45766058	27/45	   104	         N
  4:12:39.86	 0.45766058	27/45	   104	         N
 4:13:37.879	 0.45766058	27/45	    93	         N
 4:14:37.984	 0.42104773	28/45	   112	         N
 4:15:37.435	 0.42104773	28/45	   143	         N
 4:16:36.401	 0.42104773	28/45	   104	         N
 4:17:36.258	 0.42104773	28/45	    76	         N
 4:18:36.124	 0.42104773	28/45	    96	         N
 4:19:33.541	 0.42104773	28/45	   108	         N
  4:20:31.96	 0.42104773	28/45	    83	         N
 4:21:30.120	 0.42104773	28/45	    72	         N
 4:22:27.787	 0.42104773	28/45	    94	         N
 4:23:26.215	 0.42104773	28/45	    73	         N
 4:24:37.105	 0.38736391	29/45	   129	         N
 4:25:44.980	 0.38736391	29/45	   117	         N
 4:26:52.185	 0.38736391	29/45	    91	         N
 4:27:53.647	 0.38736391	29/45	   106	         N
 4:28:57.303	 0.38736391	29/45	    92	         N
  4:30:4.111	 0.38736391	29/45	    66	         N
 4:31:17.644	 0.38736391	29/45	    73	         N
  4:32:23.13	 0.38736391	29/45	   122	         N
 4:33:24.269	 0.38736391	29/45	   128	         N
 4:34:25.727	 0.38736391	29/45	    52	         N
 4:35:28.252	  0.3563748	30/45	    79	         N
 4:36:33.371	  0.3563748	30/45	   108	         N
 4:37:41.898	  0.3563748	30/45	    94	         N
 4:38:47.346	  0.3563748	30/45	   101	         N
 4:39:51.988	  0.3563748	30/45	    71	         N
 4:40:58.254	  0.3563748	30/45	    79	         N
   4:42:4.13	  0.3563748	30/45	   101	         N
  4:43:4.259	  0.3563748	30/45	   103	         N
  4:44:3.706	  0.3563748	30/45	   115	         N
  4:45:5.531	  0.3563748	30/45	   111	         N
 4:46:11.781	 0.32786481	31/45	   107	         N
  4:47:16.32	 0.32786481	31/45	   132	         N
 4:48:15.660	 0.32786481	31/45	    86	         N
 4:49:13.756	 0.32786481	31/45	   138	         N
 4:50:21.573	 0.32786481	31/45	   101	         N
 4:51:28.939	 0.32786481	31/45	   108	         N
 4:52:35.503	 0.32786481	31/45	    96	         N
 4:53:41.773	 0.32786481	31/45	    82	         N
 4:54:44.195	 0.32786481	31/45	   113	         N
 4:55:45.544	 0.32786481	31/45	    75	         N
 4:56:43.172	 0.30163563	32/45	    82	         N
 4:57:41.586	 0.30163563	32/45	   104	         N
 4:58:44.388	 0.30163563	32/45	    63	         N
 4:59:43.476	 0.30163563	32/45	   102	         N
  5:0:48.431	 0.30163563	32/45	    98	         N
  5:1:52.481	 0.30163563	32/45	   113	         N
   5:2:58.16	 0.30163563	32/45	    97	         N
   5:4:2.362	 0.30163563	32/45	   120	         N
   5:5:9.453	 0.30163563	32/45	    85	         N
  5:6:16.911	 0.30163563	32/45	   108	         N
  5:7:15.204	 0.27750478	33/45	   107	         N
  5:8:13.938	 0.27750478	33/45	   110	         N
  5:9:15.415	 0.27750478	33/45	    70	         N
 5:10:25.469	 0.27750478	33/45	    66	         N
 5:11:33.209	 0.27750478	33/45	    63	         N
 5:12:39.973	 0.27750478	33/45	    97	         N
 5:13:46.174	 0.27750478	33/45	   112	         N
 5:14:48.140	 0.27750478	33/45	    60	         N
  5:15:47.84	 0.27750478	33/45	   120	         N
  5:16:46.16	 0.27750478	33/45	    79	         N
 5:17:42.871	  0.2553044	34/45	   102	         N
  5:18:41.25	  0.2553044	34/45	    99	         N
 5:19:42.637	  0.2553044	34/45	   133	         N
 5:20:48.650	  0.2553044	34/45	    66	         N
 5:21:57.216	  0.2553044	34/45	    72	         N
  5:23:4.303	  0.2553044	34/45	   103	         N
 5:24:13.800	  0.2553044	34/45	    80	         N
 5:25:23.194	  0.2553044	34/45	    95	         N
 5:26:31.605	  0.2553044	34/45	    94	         N
 5:27:36.599	  0.2553044	34/45	   107	         N
 5:28:33.950	 0.23488004	35/45	   100	         N
 5:29:42.202	 0.23488004	35/45	    94	         N
 5:30:57.885	 0.23488004	35/45	    82	         N
  5:32:6.671	 0.23488004	35/45	    90	         N
  5:33:9.421	 0.23488004	35/45	    86	         N
  5:34:9.978	 0.23488004	35/45	    93	         N
   5:35:4.30	 0.23488004	35/45	    83	         N
 5:35:59.581	 0.23488004	35/45	   102	         N
 5:36:56.987	 0.23488004	35/45	   113	         N
  5:38:2.406	 0.23488004	35/45	   106	         N
  5:39:6.699	 0.21608964	36/45	    72	         N
  5:40:4.966	 0.21608964	36/45	    72	         N
  5:41:3.268	 0.21608964	36/45	    79	         N
  5:42:7.960	 0.21608964	36/45	   102	         N
 5:43:10.992	 0.21608964	36/45	    61	         N
 5:44:10.478	 0.21608964	36/45	    72	         N
  5:45:6.886	 0.21608964	36/45	   111	         N
  5:46:4.465	 0.21608964	36/45	    69	         N
  5:47:2.269	 0.21608964	36/45	    80	         N
 5:47:58.786	 0.21608964	36/45	   100	         N
 5:48:56.126	 0.19880247	37/45	    97	         N
 5:49:54.207	 0.19880247	37/45	    89	         N
 5:50:51.596	 0.19880247	37/45	    81	         N
 5:51:48.988	 0.19880247	37/45	   106	         N
 5:52:46.889	 0.19880247	37/45	    92	         N
   5:53:43.1	 0.19880247	37/45	   103	         N
 5:54:41.293	 0.19880247	37/45	    89	         N
 5:55:41.874	 0.19880247	37/45	    62	         N
 5:56:38.653	 0.19880247	37/45	    93	         N
 5:57:36.317	 0.19880247	37/45	    96	         N
  5:58:34.21	 0.18289827	38/45	    82	         N
 5:59:31.900	 0.18289827	38/45	    98	         N
  6:0:28.377	 0.18289827	38/45	    77	         N
  6:1:25.494	 0.18289827	38/45	    82	         N
  6:2:25.736	 0.18289827	38/45	    84	         N
  6:3:24.685	 0.18289827	38/45	    64	         N
  6:4:22.497	 0.18289827	38/45	    64	         N
  6:5:21.139	 0.18289827	38/45	    92	         N
  6:6:21.293	 0.18289827	38/45	   110	         N
  6:7:20.896	 0.18289827	38/45	   111	         N
   6:8:19.22	 0.16826641	39/45	   143	         N
  6:9:14.574	 0.16826641	39/45	    57	         N
  6:10:9.250	 0.16826641	39/45	   110	         N
  6:11:8.584	 0.16826641	39/45	    85	         N
 6:12:19.341	 0.16826641	39/45	   106	         N
 6:13:29.697	 0.16826641	39/45	    79	         N
 6:14:31.643	 0.16826641	39/45	   109	         N
  6:15:41.59	 0.16826641	39/45	    93	         N
 6:16:46.279	 0.16826641	39/45	    98	         N
 6:17:44.150	 0.16826641	39/45	    71	         N
 6:18:41.936	  0.1548051	40/45	    53	         N
 6:19:40.619	  0.1548051	40/45	   105	         N
  6:20:39.48	  0.1548051	40/45	    59	         N
 6:21:39.278	  0.1548051	40/45	   131	         N
 6:22:36.884	  0.1548051	40/45	    97	         N
 6:23:35.638	  0.1548051	40/45	   103	         N
 6:24:34.196	  0.1548051	40/45	   142	         N
 6:25:32.181	  0.1548051	40/45	    87	         N
 6:26:31.573	  0.1548051	40/45	   121	         N
 6:27:28.447	  0.1548051	40/45	    95	         N
 6:28:27.357	 0.14242069	41/45	    88	         N
 6:29:28.117	 0.14242069	41/45	    71	         N
 6:30:33.503	 0.14242069	41/45	   102	         N
 6:31:30.658	 0.14242069	41/45	   109	         N
 6:32:28.342	 0.14242069	41/45	   105	         N
 6:33:26.245	 0.14242069	41/45	    86	         N
 6:34:24.869	 0.14242069	41/45	    52	         N
 6:35:22.480	 0.14242069	41/45	    89	         N
 6:36:21.938	 0.14242069	41/45	    85	         N
 6:37:20.975	 0.14242069	41/45	    88	         N
 6:38:19.474	 0.13102703	42/45	    52	         N
  6:39:16.70	 0.13102703	42/45	    73	         N
 6:40:13.268	 0.13102703	42/45	   105	         N
 6:41:17.355	 0.13102703	42/45	    87	         N
  6:42:15.33	 0.13102703	42/45	    71	         N
 6:43:15.472	 0.13102703	42/45	    93	         N
 6:44:16.580	 0.13102703	42/45	   125	         N
 6:45:17.157	 0.13102703	42/45	   140	         N
 6:46:16.830	 0.13102703	42/45	    66	         N
  6:47:19.30	 0.13102703	42/45	    98	         N
 6:48:16.206	 0.12054487	43/45	    73	         N
  6:49:9.889	 0.12054487	43/45	    98	         N
  6:50:4.579	 0.12054487	43/45	   107	         N
  6:51:2.341	 0.12054487	43/45	   112	         N
  6:52:1.448	 0.12054487	43/45	   113	         N
 6:52:59.321	 0.12054487	43/45	    68	         N
 6:53:59.530	 0.12054487	43/45	   119	         N
 6:54:56.202	 0.12054487	43/45	    71	         N
 6:55:57.447	 0.12054487	43/45	    89	         N
 6:56:56.217	 0.12054487	43/45	    90	         N
 6:57:55.233	 0.11090128	44/45	   115	         N
  6:58:55.45	 0.11090128	44/45	    66	         N
 6:59:57.989	 0.11090128	44/45	   101	         N
  7:0:51.318	 0.11090128	44/45	    82	         N
  7:1:45.508	 0.11090128	44/45	    97	         N
  7:2:40.563	 0.11090128	44/45	   121	         N
  7:3:35.405	 0.11090128	44/45	    84	         N
  7:4:29.389	 0.11090128	44/45	    89	         N
  7:5:23.174	 0.11090128	44/45	    89	         N
  7:6:16.872	 0.11090128	44/45	    98	         N
   7:7:18.39	 0.10202918	45/45	   106	         N
  7:8:11.379	 0.10202918	45/45	   115	         N
   7:9:6.365	 0.10202918	45/45	    89	         N
  7:10:2.607	 0.10202918	45/45	   123	         N
  7:11:4.196	 0.10202918	45/45	   113	         N
  7:12:2.384	 0.10202918	45/45	    89	         N
  7:13:1.600	 0.10202918	45/45	    77	         N
  7:14:2.397	 0.10202918	45/45	    55	         N
  7:15:4.736	 0.10202918	45/45	    82	         N
  7:16:3.299	 0.10202918	45/45	   102	         N

Final objective: 147
