189 181 201 97 166 202 189 47 126 49 5 128 232 33 60 252 153
159 235 222 24 41 74 104 253 75 60 129 16 226 219 102 165 142
159 144 56 39 209 42 86 47 203 85 134 220 232 46 239 43 145
255 144 80 112 93 253 104 169 133 97 11 200 95 250 103 143 151
163 147 1 24 105 28 164 97 133 159 37 200 232 219 79 156 140
21 184 136 228 135 122 1 155 65 145 37 222 232 141 234 37 151
163 159 89 240 155 75 189 97 65 215 129 70 232 150 57 19 147
21 235 171 109 209 42 128 169 244 53 47 203 63 21 239 140 132
203 120 56 149 93 144 128 47 147 60 20 111 21 33 227 121 170
82 240 144 224 93 195 86 197 203 60 199 128 173 73 62 158 152
98 160 144 97 37 92 41 249 175 171 199 36 12 21 102 156 121
159 49 201 11 209 28 4 34 97 20 5 222 68 120 194 252 144
119 235 222 39 166 122 189 217 153 34 73 16 62 46 150 190 138
51 235 92 71 88 180 8 183 253 112 11 156 21 166 129 61 137
163 181 201 87 37 42 40 197 203 78 113 111 221 33 57 165 141
92 235 200 183 135 198 104 57 174 179 169 220 16 11 219 19 135
255 235 144 232 166 180 164 183 75 78 37 207 232 86 26 196 151
24 235 144 39 156 195 86 155 75 78 66 220 63 230 100 156 148
253 159 136 24 200 92 189 211 126 120 18 254 124 141 129 252 145
119 73 144 228 209 74 187 34 7 85 46 248 12 33 227 255 156
21 99 80 228 93 54 249 104 3 53 37 63 151 219 228 223 139
203 181 102 224 155 147 73 215 201 112 5 97 68 141 57 162 144
213 147 67 228 156 49 41 97 153 184 79 247 173 150 228 252 149
255 132 171 97 1 190 97 97 126 112 79 254 124 234 60 158 127
24 80 252 112 155 92 128 9 252 20 73 220 107 250 111 252 156
213 142 126 87 93 202 41 183 147 159 79 70 124 194 239 121 145
98 132 136 183 155 147 190 71 84 171 47 16 204 225 36 121 150
229 144 222 39 162 180 164 215 203 68 134 97 232 234 239 140 151
73 99 0 232 236 147 128 87 175 184 73 36 68 117 62 235 136
92 235 144 240 1 83 48 187 153 120 18 107 203 86 36 61 133
213 99 107 183 54 42 4 253 253 184 46 203 232 194 92 19 138
159 49 222 11 153 40 164 155 252 112 20 36 203 250 227 57 141
159 235 126 112 200 144 8 253 153 179 114 63 95 150 222 143 165
203 57 92 97 135 180 30 183 175 97 20 109 107 150 227 121 146
209 181 252 240 236 49 4 249 201 214 129 254 226 221 92 235 144
203 159 80 228 93 198 40 187 244 184 199 111 173 86 194 190 152
165 99 222 183 37 253 187 217 175 16 199 207 151 194 194 37 147
159 249 107 194 93 190 190 9 97 78 79 36 151 221 219 57 142
21 144 65 232 41 28 30 47 133 78 79 254 232 120 227 37 157
229 132 144 235 189 83 8 217 75 120 125 70 68 46 111 57 131
213 160 89 112 189 49 8 217 244 53 134 128 95 46 227 143 133
159 160 89 24 88 75 128 57 174 16 18 200 21 73 100 143 141
21 235 1 39 32 54 187 169 3 97 169 254 16 120 194 196 129
73 235 107 71 93 112 86 104 97 120 46 109 151 120 194 158 152
98 132 252 240 236 122 97 169 133 16 134 81 68 110 227 143 148
229 80 136 24 105 31 249 33 3 184 79 36 173 234 129 143 149
209 249 201 24 166 40 86 183 7 60 199 70 12 234 239 106 134
255 144 1 39 105 253 99 9 97 16 194 156 151 234 234 235 144
253 240 252 11 156 190 86 71 201 68 69 107 107 194 102 156 141
163 147 126 240 209 28 97 249 174 171 114 254 16 73 150 162 142
98 144 56 109 41 75 164 33 35 78 134 243 95 110 26 252 143
253 99 25 24 54 198 4 57 252 53 79 247 100 230 234 158 150
92 160 92 240 54 75 86 57 84 184 125 81 63 230 26 140 144
82 249 136 235 93 198 190 197 84 85 113 222 107 120 234 140 150
203 235 56 39 166 42 190 57 153 26 37 97 95 33 219 223 137
97 235 136 232 162 202 73 9 147 171 66 254 214 234 57 162 162
213 144 102 49 162 122 8 253 175 16 169 248 95 46 26 252 136
21 235 1 24 135 202 4 215 133 68 79 207 204 234 228 223 139
97 99 89 11 93 74 51 87 201 171 47 107 124 73 219 223 157
92 159 126 71 1 92 164 33 65 68 69 107 232 86 100 158 137
97 73 89 49 37 122 187 197 174 16 199 222 151 120 92 61 136
24 80 80 194 166 253 86 217 244 16 114 207 68 219 26 165 141
73 249 92 24 236 28 189 169 126 184 194 63 21 141 239 37 135
92 99 1 71 93 54 187 215 75 184 175 247 203 11 100 255 126
255 147 56 149 32 92 1 183 126 85 194 248 151 11 103 140 146
51 99 144 109 209 83 187 104 147 26 18 247 16 150 103 223 138
209 132 92 183 162 144 187 33 65 78 194 156 12 120 111 156 154
203 240 171 187 93 54 97 197 3 34 134 156 214 46 79 61 163
82 249 56 194 209 122 4 215 126 85 11 207 63 117 239 121 147
92 235 102 149 135 122 97 97 79 171 199 203 226 225 92 162 138
209 80 107 228 200 144 86 211 3 215 73 203 21 11 111 162 138
98 249 80 39 88 202 4 211 97 60 18 220 232 194 227 143 137
213 181 168 39 93 122 41 57 35 16 20 200 151 166 129 156 151
229 99 171 224 200 202 73 97 65 78 20 248 232 120 239 190 151
73 57 171 228 1 83 104 183 203 26 134 248 95 86 222 158 154
21 57 222 240 156 40 1 169 84 214 199 111 16 219 62 19 135
21 159 107 109 166 40 189 97 84 171 125 107 214 221 103 106 125
217 160 25 149 236 144 86 155 147 49 194 200 124 150 219 156 169
97 49 25 80 54 202 187 34 97 145 5 107 107 33 36 223 139
253 240 1 187 32 42 41 217 244 215 46 109 107 110 234 37 138
213 181 144 11 93 195 40 187 97 120 114 111 12 120 194 57 138
92 132 1 49 156 74 8 87 133 215 46 70 62 166 129 57 144
253 184 25 187 209 112 97 57 84 159 175 107 12 194 100 165 152
82 132 144 71 93 180 30 47 133 20 129 107 124 11 234 223 138
213 120 92 228 88 40 40 169 126 60 46 36 107 110 234 19 154
253 80 102 112 155 49 8 211 84 159 5 81 214 221 92 165 146
165 178 80 224 41 198 86 34 253 68 175 128 226 117 36 223 158
24 80 201 87 88 28 73 104 7 53 69 156 95 11 102 37 141
24 99 1 235 135 40 128 97 3 184 73 254 16 194 129 121 128
189 159 201 187 88 83 128 187 65 214 114 247 21 86 234 57 144
92 80 67 39 236 122 190 155 174 53 134 63 107 230 79 19 137
119 184 168 87 155 92 51 215 201 85 114 128 21 117 129 165 132
73 235 201 194 105 92 1 186 174 97 69 243 95 150 129 156 139
159 240 65 11 135 144 51 155 97 97 66 97 214 141 222 252 140
159 159 67 228 93 202 249 186 65 215 20 243 107 117 219 140 158
73 142 168 235 32 49 48 71 253 97 37 109 232 86 79 165 148
209 159 92 235 153 40 41 215 133 159 134 109 221 46 239 140 145
253 99 126 183 32 180 40 211 153 49 73 128 63 250 239 156 149
92 120 89 49 236 147 48 57 97 49 79 207 173 86 92 223 133
73 160 126 232 200 54 8 97 201 145 129 111 151 250 102 255 147
73 184 25 224 88 40 104 253 84 49 37 128 12 250 62 19 147
203 73 67 187 155 195 4 187 65 112 113 36 100 194 92 19 135
92 240 107 11 162 190 8 155 84 215 125 36 12 110 228 156 149
21 240 144 240 37 40 30 197 201 26 194 254 95 21 57 158 125
213 99 56 71 93 253 190 155 97 120 69 107 21 141 79 223 135
253 159 1 24 200 147 86 186 253 184 66 128 100 110 103 190 150
203 99 80 224 37 122 48 253 84 145 134 16 214 150 227 143 148
21 120 102 11 93 40 190 249 147 85 113 70 221 230 129 43 149
119 80 1 183 41 75 86 34 3 53 194 222 151 86 194 158 133
189 147 80 149 54 147 8 186 203 49 5 36 232 250 228 140 139
165 240 222 228 88 31 1 169 79 214 11 81 204 86 79 162 154
217 144 80 232 156 190 73 9 175 112 47 156 63 234 228 57 151
229 49 102 80 156 198 164 249 3 68 73 128 232 194 228 223 139
97 144 56 232 236 190 41 33 75 60 114 63 151 117 26 165 146
21 235 67 24 41 75 1 253 201 26 79 111 232 120 227 162 139
253 240 89 183 105 202 249 197 97 145 18 70 12 194 222 19 152
82 235 0 240 153 40 187 155 203 159 73 36 100 221 219 235 144
209 249 102 187 200 147 8 9 253 68 46 109 100 110 239 255 134
213 144 89 97 41 180 41 169 147 78 37 70 124 250 234 43 131
255 73 92 80 41 147 73 217 97 34 125 156 107 33 234 223 139
209 49 80 240 166 253 97 104 3 78 129 63 124 219 100 162 140
189 57 0 97 189 54 189 169 174 60 11 63 173 117 60 165 150
97 73 222 232 1 144 8 186 3 34 47 207 151 225 57 156 134
203 181 56 39 93 122 40 253 147 159 175 63 68 73 62 196 127
21 235 1 71 230 112 30 155 7 145 66 107 95 221 100 196 152
92 57 1 228 209 75 86 9 79 112 199 200 63 33 219 19 144
189 80 1 80 153 75 187 57 147 49 114 156 204 166 102 190 145
51 49 67 87 135 83 30 169 97 49 113 63 95 110 62 43 145
159 132 25 71 93 202 97 104 175 53 199 36 95 120 194 252 144
21 144 25 24 93 253 164 47 252 215 5 107 63 11 234 143 151
92 80 126 214 135 83 48 9 153 184 134 220 100 46 103 223 141
97 49 222 235 54 202 189 33 175 60 47 247 62 141 102 156 154
217 235 168 194 166 122 249 33 244 184 175 156 221 219 222 223 152
73 184 222 187 236 122 104 217 174 60 66 254 21 234 79 156 132
217 159 126 49 88 112 189 34 153 159 66 70 124 120 100 156 141
82 142 80 112 41 42 164 97 201 179 125 254 68 110 111 165 137
253 159 1 240 236 122 1 57 97 179 129 220 151 120 239 156 139
253 120 92 224 37 180 73 217 175 112 73 63 124 219 111 252 139
97 49 25 228 153 195 30 253 147 34 175 128 232 225 36 140 142
229 73 144 109 105 49 4 217 97 215 199 156 173 73 57 252 142
209 235 136 71 88 198 189 71 147 120 114 107 63 33 228 140 135
163 142 102 49 236 112 86 197 203 120 199 97 68 230 79 19 135
51 49 0 194 54 75 187 47 65 16 69 156 62 46 239 165 139
82 144 56 87 189 180 40 155 203 26 199 36 124 221 129 19 134
24 184 168 87 209 144 48 215 252 49 199 203 221 230 102 255 138
73 120 136 232 93 92 51 155 174 179 134 222 214 166 36 235 136
73 184 144 97 135 75 164 169 203 112 20 36 12 33 239 252 139
253 249 80 109 135 75 249 104 75 120 134 248 232 73 228 156 140
255 240 0 232 105 28 187 104 253 112 69 111 151 110 234 106 145
255 142 136 232 37 112 51 9 175 97 129 247 203 230 219 143 138
159 235 1 71 93 198 128 187 7 214 11 36 214 234 60 165 157
51 184 136 71 37 75 51 217 133 78 113 70 95 46 57 121 130
159 132 65 228 166 40 249 47 133 97 18 70 12 21 194 156 156
92 235 92 187 41 147 51 33 147 68 5 63 63 234 92 190 147
189 120 1 194 200 49 86 215 203 68 134 97 173 219 227 165 140
119 184 222 71 156 198 86 34 147 49 37 222 232 194 102 43 142
24 160 222 232 37 198 51 87 153 49 113 203 232 166 227 43 143
119 184 89 71 54 31 97 186 174 145 114 247 151 150 227 57 147
213 49 25 71 153 202 8 211 84 53 73 70 173 11 111 162 140
163 160 200 232 135 180 40 217 153 159 11 207 95 150 111 106 153
24 235 67 11 88 49 41 183 97 97 169 109 107 225 228 252 151
253 159 92 49 200 54 187 253 153 171 134 63 221 225 219 121 140
97 240 80 224 189 180 30 183 175 68 20 81 107 33 228 165 158
51 240 252 80 105 180 4 186 65 159 199 36 62 250 150 158 129
163 144 252 97 37 75 86 47 244 78 194 70 62 21 129 158 137
24 160 171 24 135 75 104 155 35 214 37 203 68 141 92 156 146
119 73 92 97 41 31 97 249 126 120 175 200 124 117 79 156 147
119 160 0 39 54 112 40 169 97 171 37 243 100 225 36 37 159
203 99 126 87 230 49 51 217 133 60 169 81 12 225 219 121 148
159 235 107 39 93 180 41 186 126 49 175 36 232 150 222 143 134
213 178 126 194 200 40 8 211 133 60 113 156 232 110 26 255 131
165 73 200 214 200 75 73 155 201 78 46 200 151 120 129 143 150
21 147 67 240 153 75 48 47 79 112 37 243 214 120 111 156 143
255 159 252 24 88 144 189 183 65 16 11 200 95 150 26 156 142
73 160 92 240 162 180 190 97 84 16 73 111 232 194 222 37 148
73 147 102 112 230 122 8 97 97 145 37 36 63 225 194 156 157
255 159 56 87 156 74 86 33 3 112 37 248 63 117 79 165 128
217 57 200 97 166 190 190 104 175 184 199 200 62 117 60 162 120
217 144 107 228 54 122 41 87 7 179 11 81 12 230 239 43 146
189 240 126 112 155 40 189 187 97 179 37 200 12 33 111 158 145
119 49 89 214 93 112 187 47 35 214 18 247 68 120 103 156 148
21 249 136 224 93 253 86 97 252 20 194 36 221 110 26 121 141
97 181 1 214 1 49 187 155 126 34 134 220 124 46 219 37 135
98 249 200 11 93 253 190 87 75 97 47 254 232 221 194 61 133
97 240 201 214 230 49 187 104 7 68 37 16 95 11 194 156 171
203 144 171 232 54 42 86 104 153 145 175 200 124 219 150 156 152
255 160 252 224 200 202 86 104 201 53 69 107 107 11 26 235 140
51 147 252 71 162 112 97 253 79 215 113 248 203 234 222 156 147
213 49 102 187 88 198 128 155 97 112 69 63 204 141 79 158 151
159 73 65 87 209 83 99 197 203 20 134 70 151 120 222 156 150
203 73 168 214 135 83 86 217 147 60 46 220 63 86 222 196 153
24 132 144 194 105 74 128 217 175 60 18 128 68 225 228 106 129
203 240 67 240 236 112 4 169 252 85 46 220 226 86 219 61 166
229 159 136 112 93 112 99 97 201 215 5 109 124 11 194 156 140
209 57 168 149 166 42 164 186 133 85 169 248 16 117 227 43 145
203 235 25 214 54 75 99 87 97 159 66 36 124 21 219 190 145
97 49 144 187 37 42 51 187 153 26 125 248 68 221 103 140 162
213 178 65 232 88 195 249 155 7 49 5 254 107 21 26 61 154
229 240 67 228 54 31 99 169 7 184 129 243 62 86 62 43 152
255 181 102 87 32 190 104 9 79 159 20 97 21 166 239 162 132
213 235 200 11 105 74 189 253 75 184 5 97 232 33 62 190 131
209 249 222 24 200 83 1 155 7 214 18 107 21 194 102 121 129
163 99 222 24 105 122 104 249 133 145 169 203 62 110 36 165 147
82 159 168 214 162 112 86 249 153 179 79 254 221 194 102 252 144
92 132 222 187 156 180 104 215 201 34 46 107 221 117 100 223 134
73 142 201 39 88 40 48 211 201 49 37 200 12 33 60 196 136
189 57 67 24 1 31 189 57 244 78 79 109 173 117 60 235 134
119 249 56 224 105 198 30 183 253 145 20 156 16 230 228 121 153
73 235 171 11 200 75 190 47 175 26 114 220 63 219 26 235 140
21 144 201 235 153 42 249 217 65 78 69 220 226 194 228 165 157
165 178 65 109 37 42 104 169 7 171 194 207 21 230 79 223 141
189 240 126 11 88 83 73 211 175 20 69 156 203 110 227 43 150
255 159 252 187 236 180 1 9 79 20 11 220 63 110 92 37 152
98 178 171 24 166 75 97 97 174 97 69 203 203 234 26 61 126
203 160 92 183 166 31 164 57 147 49 199 70 151 225 228 121 154
255 99 67 109 93 198 187 253 65 60 194 111 62 221 57 61 150
51 57 136 187 209 190 97 217 174 112 194 16 12 117 100 140 140
82 144 25 87 166 180 104 9 147 60 175 203 151 219 219 162 142
253 178 107 24 230 122 189 169 201 215 18 63 100 110 57 156 142
189 235 25 80 1 144 189 97 84 78 66 16 204 230 111 223 141
82 120 102 49 93 180 41 249 244 85 18 254 62 33 92 43 139
159 235 89 24 41 190 4 57 35 184 69 107 21 225 57 196 141
119 120 65 235 88 144 48 97 75 49 18 156 62 117 100 143 140
92 73 102 240 153 92 189 71 97 97 175 247 62 221 92 223 149
24 73 102 214 37 83 104 186 75 112 175 16 124 194 227 57 145
189 142 222 240 236 195 99 97 97 78 134 109 232 86 222 143 158
209 144 65 87 105 190 73 33 201 179 18 128 226 194 26 156 134
253 240 252 87 200 42 73 34 97 60 37 203 151 219 239 57 149
51 184 89 11 41 147 99 97 84 184 47 109 151 141 219 158 144
253 73 56 214 54 49 4 169 97 60 129 247 16 150 219 165 159
189 147 144 183 37 195 40 57 75 179 66 70 95 73 239 196 162
217 132 102 49 162 253 104 249 75 60 129 220 232 11 62 140 153
82 142 222 194 209 112 30 197 203 78 66 200 204 221 228 156 141
189 80 136 109 156 40 1 187 65 78 175 200 68 73 26 140 121
163 57 107 24 153 190 1 34 3 171 18 36 12 219 219 158 153
253 159 89 240 153 83 104 249 201 60 169 222 62 230 62 190 143
24 144 65 240 230 190 51 9 252 120 20 109 63 150 79 19 142
92 181 65 87 236 190 48 9 153 214 113 222 226 11 194 165 138
229 178 222 232 93 195 86 211 75 215 11 222 63 150 150 196 132
165 99 201 194 32 144 190 187 7 214 37 200 173 73 129 156 146
203 144 67 235 105 190 86 253 79 85 37 156 232 221 234 255 148
163 240 25 194 200 195 73 155 203 214 73 97 21 219 227 156 164
98 159 171 97 236 198 1 47 97 60 47 107 221 194 60 140 154
119 142 0 149 200 147 189 187 252 68 169 254 173 73 92 158 149
203 160 80 97 236 253 8 34 175 20 46 220 62 194 100 43 156
163 235 201 49 1 49 86 9 252 60 194 128 204 21 129 223 155
21 184 102 80 37 190 249 183 203 16 125 81 173 221 150 37 147
92 73 65 149 162 190 40 186 126 97 73 156 232 46 62 37 154
24 132 92 71 236 195 41 47 203 215 11 63 151 225 234 43 156
82 240 102 112 93 74 249 47 97 145 47 203 100 33 219 158 138
163 181 222 39 230 92 190 87 97 184 18 207 95 234 222 156 154
24 181 200 80 105 144 48 253 175 214 114 200 232 46 100 196 154
159 160 25 235 1 195 86 169 174 20 199 36 124 219 222 121 156
213 80 1 232 155 195 40 215 97 215 113 200 151 166 111 37 148
209 178 252 87 1 122 30 169 97 78 194 156 203 33 234 106 132
73 160 107 97 155 40 128 34 84 85 175 16 100 221 102 140 132
51 235 67 224 93 74 86 71 3 85 37 63 226 33 111 223 142
209 235 107 228 153 83 4 211 126 20 46 220 62 250 228 37 135
51 178 201 80 236 31 97 249 252 215 18 156 232 166 234 43 148
213 147 89 80 32 28 51 34 153 184 5 81 63 110 239 156 159
21 57 0 49 209 195 4 249 97 16 37 109 221 234 129 255 139
24 160 0 214 93 75 249 186 75 97 47 207 151 110 111 143 145
73 184 144 187 155 180 1 187 175 34 47 207 107 120 111 165 161
97 240 56 232 32 112 190 183 97 112 129 111 221 21 222 156 155
21 99 222 228 155 202 164 169 153 68 169 203 204 221 228 57 173
255 240 200 183 1 180 86 217 35 20 114 248 95 234 57 235 132
97 49 252 214 209 92 41 249 84 184 129 220 12 230 79 121 132
97 249 1 87 1 49 48 249 75 20 175 222 107 11 79 121 142
21 142 136 183 230 92 1 249 252 60 114 220 232 166 194 156 154
24 240 0 149 93 198 189 169 253 159 169 109 214 230 92 37 130
253 240 252 39 37 112 128 34 35 112 37 243 232 33 222 156 143
92 80 168 71 166 92 128 34 75 145 175 97 95 166 62 143 146
217 144 25 49 230 180 104 57 84 34 125 243 62 230 111 223 135
165 132 107 149 41 28 8 169 84 184 47 200 63 21 102 156 154
165 235 252 71 230 42 8 187 3 26 66 220 214 221 103 43 145
189 184 102 112 105 195 1 71 35 171 199 81 151 110 239 223 156
165 178 89 97 32 75 86 47 126 112 20 63 203 166 219 106 135
24 235 25 39 200 253 187 197 79 60 125 222 63 141 79 143 138
163 160 222 11 93 75 99 87 252 184 46 109 124 117 111 162 135
73 184 201 24 93 190 97 9 133 120 5 200 124 194 26 106 128
21 235 201 109 93 49 86 253 203 85 125 63 151 21 111 255 136
97 235 67 194 1 122 187 71 244 184 175 220 68 250 129 61 134
163 99 252 228 1 144 40 186 253 184 113 109 173 120 60 61 155
189 235 65 24 41 75 73 187 201 34 134 70 95 141 79 223 158
189 184 25 97 236 202 48 34 147 20 18 107 21 230 92 190 133
163 120 200 228 93 202 99 211 35 49 125 97 68 250 62 156 157
98 142 56 224 230 31 128 169 133 34 5 128 95 21 227 121 141
24 49 80 87 162 202 187 183 244 112 129 207 151 33 57 156 138
203 184 171 183 135 75 41 253 153 16 66 243 203 250 57 61 140
24 160 92 71 54 83 8 97 97 97 18 203 151 219 62 235 139
203 73 136 24 105 74 4 34 253 26 66 63 12 11 102 252 131
213 249 171 183 230 83 86 253 153 26 18 16 204 141 239 43 152
213 120 107 109 230 144 190 183 126 85 69 63 12 250 234 156 149
213 57 107 80 41 122 86 187 7 145 5 36 107 117 227 121 128
229 73 107 39 105 49 97 97 174 214 114 107 204 21 36 19 147
51 181 25 11 93 144 48 186 7 184 79 70 151 141 26 190 160
229 178 67 149 236 122 189 249 7 97 114 247 124 230 219 37 144
189 178 25 214 88 92 73 47 252 112 199 107 107 250 100 61 153
213 144 65 80 155 42 189 217 147 184 169 222 173 194 62 196 137
229 240 0 24 88 83 187 34 174 184 194 254 21 73 92 235 130
98 80 168 235 200 49 40 187 174 49 134 36 16 141 79 235 134
255 240 80 214 93 49 48 197 79 78 20 200 107 230 111 43 151
209 80 107 39 200 180 86 187 79 159 69 203 214 150 36 190 151
73 178 171 224 93 202 41 249 7 184 175 81 100 73 194 235 140
253 235 136 228 1 49 104 97 97 78 129 36 124 194 100 37 126
98 57 25 109 1 28 41 211 126 112 18 220 62 117 228 106 150
163 235 0 24 166 92 104 57 97 145 169 207 107 46 62 143 143
217 49 89 71 41 40 164 253 174 78 37 243 151 117 150 255 145
159 240 252 49 209 49 190 187 65 120 20 81 62 73 103 255 140
203 73 144 97 156 190 86 249 175 20 11 109 12 250 26 121 147
97 184 144 49 1 40 1 197 84 97 20 220 203 194 194 37 135
159 57 171 11 93 122 97 97 75 214 46 247 232 46 219 19 140
163 249 200 240 93 195 48 187 201 53 199 222 16 221 222 143 155
253 181 168 87 135 190 8 71 7 120 18 63 232 141 234 43 137
92 178 65 112 32 202 104 9 97 85 129 128 62 73 62 43 130
82 235 201 71 93 31 128 183 253 171 175 222 151 225 219 57 143
229 235 201 109 209 40 40 183 84 120 20 203 221 194 92 196 141
217 57 56 228 189 54 97 71 97 159 5 248 68 150 26 143 138
203 160 144 49 93 195 190 183 126 49 11 70 12 33 36 37 164
163 160 144 97 155 144 128 87 7 214 66 200 95 250 194 156 155
21 99 171 109 88 42 51 169 203 53 125 109 232 11 194 19 143
189 240 222 228 153 147 73 253 175 171 5 128 124 194 79 121 172
97 142 126 183 41 122 86 249 79 34 20 16 203 33 36 190 127
82 142 1 87 54 75 187 249 203 26 79 111 232 219 103 165 132
21 49 252 224 200 75 189 186 133 159 18 254 124 33 26 106 162
165 181 0 194 209 83 99 33 133 34 199 200 95 219 62 190 173
82 120 67 183 1 49 164 71 75 112 69 109 21 110 129 143 149
97 159 136 109 1 122 189 169 133 60 66 243 203 194 219 106 134
82 142 136 24 209 28 30 57 65 68 125 111 95 110 234 121 140
98 159 1 39 54 190 48 33 175 215 5 109 214 86 26 106 139
209 147 136 71 166 92 190 33 244 49 66 156 151 230 222 223 138
97 49 25 109 155 147 30 47 84 34 69 220 63 86 222 121 139
51 80 201 11 93 75 104 215 97 120 129 248 221 250 57 252 133
21 49 171 149 41 28 104 215 147 97 125 36 100 86 239 190 152
229 240 92 11 93 202 51 57 147 68 66 111 63 250 26 43 148
229 181 102 97 93 75 51 217 65 85 11 200 95 221 79 196 137
119 235 200 109 88 40 249 183 75 20 169 254 173 194 227 121 148
217 240 126 87 155 253 104 169 252 215 47 203 151 33 57 223 142
217 120 80 97 153 75 99 211 65 120 11 203 21 86 60 37 154
217 144 200 214 209 40 73 187 79 85 66 107 151 141 111 143 139
98 160 201 187 189 144 1 9 244 214 46 63 21 225 227 43 135
98 99 56 24 162 28 249 47 65 53 113 203 95 221 62 190 166
213 240 168 109 93 202 41 249 3 60 194 111 68 166 150 61 154
159 120 107 228 230 83 51 33 253 20 175 16 203 21 111 162 174
163 120 67 97 236 92 48 71 147 159 199 16 95 221 239 140 137
21 240 92 228 155 40 30 155 201 159 129 111 100 110 103 190 153
213 235 1 149 88 122 190 33 65 179 129 200 214 86 102 156 142
213 49 107 149 209 54 4 187 244 179 125 128 214 194 60 156 171
229 184 92 232 153 54 249 197 175 53 114 254 107 230 194 165 147
159 80 56 240 236 28 86 186 175 171 47 220 100 141 57 43 147
98 160 67 194 153 122 189 169 97 184 134 200 16 11 234 158 141
21 147 200 11 1 180 73 104 147 78 66 222 21 120 111 121 138
203 57 136 11 230 112 8 87 97 34 175 111 221 73 222 57 147
98 160 200 24 1 42 86 197 97 26 134 97 63 150 103 156 145
189 159 107 71 200 49 41 33 153 184 37 243 100 250 228 61 147
24 240 1 97 166 147 41 215 84 214 169 220 232 234 239 156 137
82 73 168 39 93 54 8 57 133 78 73 109 173 33 194 140 146
159 49 144 228 88 92 30 215 97 214 134 207 107 150 228 223 157
51 80 56 11 54 28 41 33 175 97 169 128 124 86 228 57 143
213 49 1 240 37 54 99 187 201 16 175 97 12 250 194 156 136
119 147 107 228 153 83 128 97 79 214 134 111 62 150 102 252 152
97 160 171 112 54 195 189 47 153 120 169 111 95 225 227 143 152
189 160 56 109 230 144 189 169 126 16 37 109 124 117 222 165 130
203 240 201 240 93 180 30 197 133 184 46 107 68 120 228 255 160
21 159 168 71 1 75 1 217 133 68 69 107 21 194 60 143 155
217 73 92 109 162 253 30 87 75 53 114 247 124 166 92 158 135
255 73 200 112 37 190 99 87 7 26 175 36 12 46 234 43 146
159 249 126 240 135 198 99 71 253 184 20 156 232 150 111 162 149
92 160 201 214 200 198 128 197 252 26 199 36 232 194 102 61 146
92 181 144 97 105 92 99 97 244 68 66 243 62 194 103 196 150
209 144 171 194 230 112 40 249 201 68 114 107 124 194 194 57 135
119 235 252 228 156 198 97 215 174 26 125 243 62 141 79 223 155
24 99 25 194 88 83 73 33 35 97 47 243 12 21 26 143 138
92 132 144 39 93 54 190 249 7 49 20 200 203 166 150 235 124
21 73 200 187 37 202 86 47 97 145 37 248 63 141 129 106 142
253 99 144 97 155 31 187 97 174 214 66 16 214 225 239 190 143
229 160 67 39 166 122 41 104 153 20 113 200 107 86 222 235 141
159 144 200 149 236 42 99 187 153 60 73 243 226 120 234 235 158
73 142 89 24 135 83 189 34 84 68 129 200 232 166 79 156 153
213 160 200 39 200 202 99 217 133 34 114 248 204 225 219 190 149
189 49 168 109 189 202 190 211 7 49 79 247 203 11 102 158 150
209 184 89 80 54 122 187 253 201 26 46 81 107 225 194 37 150
98 181 144 71 54 198 86 9 97 85 73 247 151 110 227 156 133
159 99 92 109 105 74 190 9 244 171 37 200 204 234 222 156 139
255 235 168 24 32 31 187 47 126 20 114 63 95 250 222 196 155
255 144 56 187 105 190 128 197 147 159 18 97 204 141 26 43 142
229 142 102 224 54 31 48 183 97 159 47 128 151 73 62 19 147
73 147 0 39 1 28 73 104 35 112 129 111 232 219 60 158 153
255 235 67 11 230 253 104 211 147 159 73 200 232 230 36 162 141
24 249 92 149 162 83 187 9 7 159 73 200 95 194 129 156 135
21 184 25 214 166 31 1 33 175 49 175 220 232 194 103 235 135
229 49 201 49 135 112 190 47 244 159 129 63 151 150 227 19 130
21 240 102 71 135 42 1 253 253 215 125 222 226 120 234 235 140
159 235 200 87 230 190 190 34 65 184 199 70 12 120 227 140 153
51 132 201 149 200 202 86 169 3 171 66 16 203 73 79 255 145
209 240 89 240 236 28 86 183 203 171 175 247 173 120 62 162 142
82 160 136 183 153 42 189 155 84 78 199 109 12 194 103 158 160
98 80 171 240 153 54 189 9 174 16 73 222 12 46 129 121 130
209 184 92 97 135 253 40 47 253 159 125 243 16 225 227 223 153
165 80 89 214 41 144 86 249 175 20 47 109 63 117 219 162 147
159 142 171 228 54 83 86 187 133 145 113 36 107 225 103 252 143
51 178 92 24 236 54 189 187 35 179 79 111 107 117 92 252 136
82 132 222 224 230 253 41 183 133 60 125 109 62 120 222 140 149
203 235 168 235 37 147 128 186 97 179 69 200 221 110 62 162 149
203 240 201 183 88 54 1 34 84 20 199 207 62 166 219 196 142
119 235 171 183 236 122 97 215 147 16 114 16 107 73 79 61 154
163 120 107 112 105 92 73 155 147 171 20 70 21 73 26 43 124
229 181 67 49 32 144 164 34 252 112 37 222 107 150 102 156 141
51 240 89 112 162 54 41 217 175 159 20 81 151 110 150 252 150
165 235 0 232 156 54 1 197 97 214 20 248 63 33 239 37 157
165 147 0 235 93 122 48 249 153 16 169 70 12 120 234 37 140
163 57 252 149 162 28 51 155 147 112 125 203 95 194 57 255 134
82 142 136 87 230 40 190 187 7 120 79 111 16 221 194 223 146
203 142 201 11 54 54 189 34 7 97 199 97 204 33 129 165 134
119 144 92 228 166 42 41 33 79 85 11 203 151 221 102 235 133
253 144 126 194 155 253 51 217 147 53 66 220 124 230 103 190 139
159 235 222 224 135 54 1 71 153 214 18 254 173 166 57 140 126
209 249 102 149 230 202 187 71 252 78 47 36 95 194 150 143 143
119 132 171 235 135 180 51 169 7 53 73 111 151 150 57 143 136
189 99 1 112 37 54 4 249 201 145 11 207 232 21 227 162 145
97 240 136 214 93 42 104 97 252 112 11 220 21 120 26 255 157
82 178 168 49 88 75 86 57 7 20 194 16 173 150 92 156 135
203 142 168 97 93 190 4 87 174 16 18 111 151 225 234 196 141
51 159 168 39 166 31 128 253 7 179 134 254 100 33 103 143 144
21 235 200 24 230 31 128 34 201 171 37 36 68 219 60 43 137
165 57 65 235 166 112 73 183 253 60 20 248 100 11 79 143 136
253 160 252 87 166 112 30 155 79 85 199 63 232 141 111 156 129
229 240 144 214 54 92 128 57 3 159 73 254 21 110 129 37 136
98 184 171 214 1 42 164 215 3 159 134 243 151 11 239 190 149
217 144 56 183 162 54 30 249 75 53 47 97 151 86 60 37 153
24 80 222 214 105 147 48 249 97 179 5 70 124 21 129 162 164
163 142 222 109 230 83 8 197 65 214 79 97 21 117 219 57 150
51 181 144 97 236 74 164 47 75 215 175 128 203 234 36 165 174
163 120 89 24 155 147 187 249 203 85 199 203 151 110 57 255 128
119 57 102 39 93 92 190 104 35 26 47 81 203 166 150 255 126
51 160 126 228 230 122 189 97 203 159 169 203 21 86 111 165 138
255 249 144 224 209 253 249 34 201 214 11 81 16 73 234 165 145
97 80 0 240 88 253 104 33 252 120 194 107 151 11 57 140 158
51 120 144 232 32 54 104 104 153 26 69 247 21 194 194 162 139
165 132 92 11 93 42 128 155 252 159 47 97 173 225 222 196 163
213 147 201 39 93 202 189 217 201 97 79 81 232 110 103 156 138
159 57 252 80 230 198 128 187 174 49 199 254 226 150 79 255 134
203 144 67 183 153 195 51 253 252 214 134 16 232 21 26 252 151
82 144 126 112 153 180 48 183 175 215 46 243 100 110 103 106 139
255 181 107 49 32 195 104 211 97 214 199 81 16 150 62 143 139
51 57 200 235 135 75 189 249 97 16 79 207 221 234 129 106 161
159 120 126 24 200 75 190 34 253 49 194 207 62 11 103 140 145
213 249 102 214 105 180 164 9 153 34 113 220 151 120 219 140 149
92 99 200 87 41 198 189 183 203 112 129 203 173 221 222 37 142
229 181 80 71 88 144 128 155 253 159 129 222 95 21 36 252 133
209 144 222 235 209 202 41 155 153 78 199 16 232 117 62 156 145
165 240 80 149 166 74 8 169 97 112 134 36 204 110 92 57 142
92 249 171 240 156 190 187 211 35 20 73 243 173 46 103 140 166
21 132 0 214 230 54 30 87 133 85 169 16 107 46 111 162 123
255 184 107 97 236 54 30 34 203 49 129 81 21 120 129 140 138
82 49 65 214 156 28 1 71 153 215 125 70 204 194 103 121 154
255 184 171 235 54 112 190 249 244 171 129 70 95 21 100 235 175
229 249 252 112 32 92 249 183 203 97 20 200 226 120 92 106 150
209 99 25 240 156 112 8 253 153 78 66 70 63 73 219 143 147
255 147 252 224 189 202 128 104 65 145 129 16 12 141 222 121 134
209 159 252 80 166 83 164 186 174 214 11 97 68 117 102 252 154
213 240 201 194 135 190 164 155 84 179 47 243 12 21 222 43 165
159 142 171 194 88 49 104 87 84 49 66 203 63 141 150 162 153
159 235 136 71 236 147 4 34 252 49 79 248 232 225 57 190 163
213 184 107 112 105 198 97 9 97 34 175 63 232 250 26 235 146
119 235 107 97 32 74 86 34 7 34 11 200 95 46 111 252 148
213 73 168 49 37 253 99 186 75 214 169 220 12 219 60 19 170
24 57 67 224 93 253 187 215 174 34 175 200 16 141 222 140 126
163 57 144 214 156 31 41 215 174 214 66 16 95 221 26 156 138
255 181 25 232 166 253 73 186 203 68 79 222 12 194 60 165 139
163 99 92 240 32 74 249 186 252 179 37 111 214 141 150 121 164
203 57 102 235 156 75 51 217 97 214 79 220 226 120 102 121 135
203 184 144 235 155 195 51 57 174 214 20 203 100 250 92 121 156
255 181 144 11 236 83 51 71 147 145 69 248 100 117 103 223 150
163 80 67 97 153 54 4 97 7 145 169 248 204 120 62 165 126
82 181 1 39 54 180 8 104 84 68 199 247 221 141 92 106 140
209 235 168 39 88 112 30 186 174 16 5 81 62 219 60 255 149
213 73 168 87 54 144 86 253 35 85 37 107 232 73 102 143 142
82 132 0 80 93 31 86 34 174 159 79 247 151 141 57 57 138
253 159 201 194 54 75 30 186 175 112 20 107 95 194 36 121 144
24 249 67 235 156 54 48 215 253 26 47 109 12 11 111 156 143
21 235 67 235 166 54 51 217 153 20 47 248 232 221 111 252 142
189 240 1 214 88 112 164 34 203 214 18 220 226 150 57 196 135
97 184 65 11 32 28 86 34 147 120 194 207 173 150 129 156 144
73 240 171 24 1 49 187 186 35 34 37 36 100 194 222 61 147
98 120 222 149 105 31 187 47 126 184 113 222 100 221 227 255 122
73 142 126 232 1 195 48 33 75 171 47 254 63 141 60 255 144
92 142 136 97 155 28 249 253 65 184 47 63 151 21 234 106 139
229 181 102 183 189 190 51 71 244 214 18 107 12 250 57 156 146
82 120 65 71 135 42 4 169 147 171 194 222 221 73 57 162 131
73 235 67 112 54 49 51 253 79 53 169 107 226 194 222 196 148
217 49 67 194 37 75 86 87 65 68 20 248 21 33 234 223 140
229 49 107 214 189 144 1 47 84 184 114 111 204 194 129 255 150
51 99 107 235 41 202 86 197 3 16 37 200 12 11 79 19 146
92 144 222 39 155 112 30 57 133 215 73 254 232 46 129 255 146
51 235 168 194 54 49 48 187 65 215 175 128 151 230 239 43 148
24 80 144 49 135 253 189 87 175 26 66 207 203 166 111 165 144
209 49 102 214 37 31 249 211 175 120 47 248 203 33 92 37 138
213 235 168 97 105 49 104 249 253 97 69 111 214 33 60 43 157
217 235 1 224 88 92 30 47 97 171 114 81 232 117 111 143 156
217 142 168 149 230 122 99 34 97 97 69 81 63 33 129 43 152
92 147 1 39 54 31 86 155 126 179 46 156 16 110 103 19 154
213 147 200 109 135 180 8 215 147 26 175 254 63 120 57 165 152
255 120 171 97 41 40 1 34 201 214 11 254 173 194 228 43 146
24 240 92 87 200 74 73 47 84 20 46 70 151 225 227 156 140
24 240 65 49 156 83 104 47 97 120 175 156 63 250 60 61 129
98 144 1 39 93 83 99 197 3 20 125 243 232 86 234 162 137
189 57 25 71 105 144 41 71 126 120 66 97 221 11 26 223 144
73 159 200 112 166 202 104 34 174 34 169 97 16 230 228 162 149
51 49 25 71 209 54 8 253 174 97 129 156 232 21 79 19 143
159 160 107 228 230 28 128 9 133 16 114 156 124 194 227 121 145
119 80 136 214 209 42 249 57 253 60 114 107 95 110 102 235 129
165 235 92 232 153 202 86 169 244 49 73 200 232 86 57 37 145
92 144 136 39 156 122 73 34 147 120 79 36 100 110 111 196 144
21 240 222 240 88 83 128 34 65 120 37 109 232 86 36 255 143
203 178 144 214 105 40 41 34 84 34 129 109 62 33 222 61 150
119 249 89 11 236 112 48 71 84 60 125 207 16 110 219 156 158
253 147 144 240 230 198 189 57 35 171 194 254 16 141 239 162 150
73 120 168 49 41 195 8 87 147 184 46 81 21 21 129 252 141
21 132 171 194 105 31 48 155 126 120 129 16 62 194 36 106 142
82 147 200 97 1 202 97 71 244 26 5 200 16 11 103 190 141
209 184 252 194 37 122 41 215 253 26 46 248 21 250 26 255 163
119 160 80 24 230 202 97 187 126 85 66 203 124 234 234 255 149
82 240 65 183 54 180 97 104 75 112 175 220 21 221 60 106 145
21 181 200 11 153 147 86 33 203 184 113 109 173 33 102 252 157
253 240 67 49 54 195 187 34 252 214 113 200 68 194 228 37 132
98 80 56 87 230 83 48 197 75 78 66 243 62 230 129 140 147
163 49 25 149 200 253 86 104 126 68 129 247 21 11 150 156 139
255 181 107 87 153 147 40 34 253 97 37 220 95 221 219 162 145
165 159 67 24 93 180 48 183 133 97 11 203 95 219 111 158 140
98 57 222 49 156 75 40 169 252 78 66 109 151 250 26 255 155
159 147 171 112 155 144 30 253 65 34 79 222 151 150 103 19 141
203 144 107 109 37 42 8 57 203 179 175 243 151 11 26 235 152
159 181 136 71 105 42 41 169 7 49 169 203 95 120 100 37 145
189 132 201 109 105 75 189 47 7 179 20 16 21 219 194 255 143
98 240 92 80 155 74 249 34 65 53 46 109 21 73 234 143 143
98 80 222 228 230 31 73 249 65 53 129 222 68 221 194 61 145
119 178 67 228 32 202 40 104 97 49 46 81 232 110 36 235 127
51 184 67 109 41 75 86 87 35 112 194 222 62 110 222 61 169
255 240 171 112 93 42 104 187 201 112 37 109 95 117 111 156 125
255 181 102 149 200 92 189 183 65 215 175 16 68 110 234 106 131
213 160 25 214 162 42 86 71 253 60 79 81 214 221 60 143 157
163 144 171 39 32 75 51 87 79 16 175 207 21 150 92 158 147
159 144 136 228 41 31 189 57 3 214 114 247 204 141 129 252 152
98 240 25 194 166 190 86 183 75 20 37 16 21 166 222 43 152
82 240 107 39 88 49 104 186 174 68 79 97 107 117 222 37 135
97 160 144 194 189 112 164 155 153 97 169 248 62 117 103 140 152
163 181 67 240 166 75 4 169 97 112 46 248 232 46 36 190 145
159 235 1 87 236 40 99 104 97 112 5 220 232 225 62 235 148
97 240 201 112 93 253 190 211 175 26 199 222 68 117 150 156 140
217 178 67 194 93 122 86 155 7 159 73 111 68 33 79 196 139
82 184 252 214 105 144 30 217 253 184 113 200 151 234 36 255 157
73 181 25 80 155 49 8 215 253 78 73 128 151 150 103 140 176
213 132 168 109 93 202 128 217 244 145 114 109 16 166 234 235 148
98 184 1 109 162 54 41 104 147 214 79 128 232 117 219 156 144
51 120 1 87 93 49 8 57 174 16 37 16 203 230 150 156 124
98 147 168 80 105 253 249 169 252 112 66 247 151 117 62 106 140
253 181 92 97 166 180 187 33 97 112 129 107 232 141 129 156 140
97 73 201 228 135 198 104 47 252 145 194 128 107 230 227 143 150
189 73 102 214 230 202 249 34 174 26 113 97 95 225 111 57 138
189 184 0 80 156 144 128 97 7 16 18 111 214 194 26 43 164
255 73 56 214 209 202 51 187 3 214 37 220 95 234 79 143 121
98 147 171 80 162 28 164 104 153 112 66 222 21 221 239 196 132
92 80 89 11 209 49 104 187 84 34 134 128 226 21 194 235 161
217 80 201 232 32 112 249 249 203 97 20 97 12 234 102 158 148
189 57 252 232 88 42 86 97 174 159 134 207 232 150 239 37 143
119 144 144 228 1 28 187 217 174 214 199 207 124 33 111 190 147
119 80 252 240 236 92 189 187 7 85 66 207 151 230 36 255 135
213 99 65 24 230 49 8 187 75 26 18 243 107 221 62 235 157
253 249 67 235 189 75 73 169 97 60 113 203 12 73 102 19 149
217 240 92 11 156 198 48 211 79 60 79 109 12 73 60 165 132
189 184 168 87 93 49 4 215 252 112 125 222 151 33 62 162 162
51 240 56 194 200 92 190 34 75 159 169 222 232 250 228 106 149
165 240 136 39 209 122 128 197 244 145 18 97 232 225 234 156 143
159 160 171 39 135 92 104 97 35 179 169 63 107 86 79 196 146
217 57 0 240 162 253 86 183 253 34 169 220 204 230 103 196 148
119 249 67 224 32 198 4 97 175 78 46 247 232 194 111 255 130
209 144 201 187 93 253 128 104 97 85 69 200 12 110 102 61 146
189 144 168 87 166 198 41 87 244 68 47 128 62 141 194 156 128
21 240 80 214 230 253 4 104 126 53 66 203 68 194 219 121 147
51 235 126 194 135 144 99 71 84 179 20 107 221 194 150 162 163
82 240 222 214 156 75 41 197 7 214 175 203 204 234 234 143 141
97 160 67 149 105 202 189 253 3 53 73 128 16 225 57 57 143
165 144 67 224 155 74 30 9 126 145 73 207 232 141 60 190 144
82 235 92 228 93 253 86 87 75 20 125 97 107 141 62 156 134
229 159 136 183 155 83 51 217 201 97 37 200 68 234 150 140 139
255 57 168 149 209 112 1 47 35 34 37 243 107 117 129 223 143
213 144 89 224 236 42 249 186 147 97 46 247 204 219 36 165 148
203 249 92 183 209 49 190 183 244 97 125 107 62 194 102 156 143
119 73 25 214 41 144 189 169 79 179 114 248 151 73 60 57 144
24 80 89 24 88 122 40 97 7 120 73 203 232 46 222 37 150
253 181 144 228 230 74 73 211 97 26 129 220 124 110 62 57 141
165 49 65 109 1 198 40 187 126 85 113 254 124 219 219 162 150
159 184 56 224 209 147 189 155 133 179 11 156 16 221 234 190 154
217 160 102 194 230 112 97 97 7 49 113 203 124 117 228 255 152
253 120 80 183 230 195 128 215 126 214 113 248 63 86 219 255 162
24 142 107 187 32 83 30 169 203 112 47 63 204 117 62 156 156
159 49 144 112 166 40 249 215 65 85 125 109 151 250 111 165 150
213 147 107 240 230 253 48 33 244 16 134 220 151 166 60 37 154
82 159 0 214 209 122 86 187 97 78 66 128 16 166 100 165 131
21 80 171 224 230 75 86 9 126 49 66 109 100 120 129 223 161
98 147 89 71 166 83 187 183 201 78 169 111 221 194 60 223 139
82 132 200 71 88 195 249 183 84 49 194 109 203 194 194 121 140
203 120 201 224 162 54 86 155 153 214 134 248 16 150 103 252 134
21 240 222 228 155 92 164 9 84 145 11 63 221 230 227 196 150
255 80 80 97 32 122 189 169 201 34 129 222 204 120 111 252 130
209 80 136 183 135 40 97 104 175 20 79 247 62 141 100 37 141
255 144 65 11 37 198 190 187 65 112 66 254 151 225 239 162 144
217 181 107 87 209 190 189 97 203 184 79 248 21 194 194 121 144
165 147 126 97 162 49 8 197 203 179 37 128 232 225 103 121 149
97 80 25 11 230 190 73 97 126 68 134 248 95 194 227 143 143
98 132 89 224 93 54 97 186 133 179 125 248 173 46 228 255 151
189 57 0 109 162 83 73 34 203 78 47 16 232 117 227 255 147
98 160 200 232 105 253 164 183 35 184 46 243 62 21 62 57 146
189 132 80 109 153 253 1 197 65 16 125 81 107 221 36 223 147
209 249 136 149 166 31 4 197 3 145 125 222 232 194 227 43 153
98 178 56 11 236 28 86 9 175 97 175 243 21 86 92 37 136
51 132 89 214 93 28 41 211 201 20 47 254 226 250 92 156 131
24 144 107 240 162 202 190 87 153 179 5 200 173 141 92 252 131
255 57 201 112 93 144 164 183 97 78 194 220 226 194 103 140 141
165 235 102 232 1 40 249 9 203 26 73 207 21 73 102 190 158
165 184 126 187 93 144 73 87 201 184 47 63 226 46 228 121 144
217 142 107 87 209 112 48 9 79 53 169 247 173 225 100 165 131
163 80 200 112 162 49 189 217 97 85 73 222 232 230 239 235 118
229 240 107 194 54 180 73 211 126 159 37 111 124 230 100 121 139
163 132 56 187 105 122 86 9 133 112 47 200 232 150 100 235 144
209 147 102 149 156 144 86 211 126 171 66 107 151 73 227 43 130
229 132 80 214 93 31 48 197 201 120 46 254 214 150 129 37 150
97 235 126 149 236 74 99 211 201 20 129 70 16 234 57 255 154
217 99 92 112 88 253 40 33 75 159 175 200 12 194 222 140 138
159 160 0 214 93 28 99 197 65 179 46 109 232 194 100 37 149
203 240 80 214 236 28 104 155 133 179 66 107 21 250 100 156 135
21 160 144 187 166 92 86 33 147 171 113 70 151 141 36 162 150
98 240 201 24 37 253 48 186 65 159 46 254 226 194 239 57 139
217 181 25 80 135 28 30 183 65 20 11 16 100 194 57 140 138
82 235 89 109 156 122 249 211 75 68 46 36 124 219 26 235 149
159 147 201 11 32 144 40 183 97 34 66 97 232 194 194 196 168
24 249 89 87 162 54 187 187 133 53 114 16 232 234 234 19 145
119 159 144 214 153 28 86 183 133 179 175 200 173 166 129 19 125
253 181 25 24 162 144 8 217 201 20 134 107 124 120 57 156 131
97 249 136 97 105 54 99 97 126 171 169 222 100 11 62 223 142
92 249 67 39 236 40 8 187 174 171 66 254 232 117 62 162 133
21 160 201 24 105 147 1 211 153 112 169 81 151 250 129 57 131
209 240 102 112 236 75 41 186 252 97 113 97 151 166 100 165 150
159 120 144 232 153 74 51 87 97 112 11 70 232 166 102 196 145
163 249 67 235 41 147 86 249 175 215 11 63 63 221 92 43 154
21 184 56 194 93 198 4 33 201 215 199 63 107 86 79 121 133
73 147 92 109 209 74 8 97 253 120 18 248 62 150 92 57 137
255 240 67 232 230 49 86 155 175 78 46 200 221 86 36 196 148
213 80 1 240 166 92 48 183 35 184 69 200 62 194 239 165 146
255 142 200 232 135 190 73 169 126 16 169 248 203 141 111 235 153
97 73 171 149 200 28 99 87 203 120 125 254 232 46 219 121 162
255 181 171 87 166 74 30 197 75 68 47 63 16 117 92 37 132
229 240 171 232 155 195 8 249 203 179 129 70 221 230 79 158 144
73 159 144 112 156 49 1 211 133 16 11 254 226 46 194 37 140
217 49 252 71 37 40 73 211 97 171 114 254 232 219 62 43 133
253 49 65 224 230 180 190 9 252 49 114 247 151 117 92 190 142
119 142 0 49 200 253 86 187 7 112 79 203 203 73 103 190 150
21 132 56 183 1 202 97 71 174 20 129 81 173 194 234 156 144
73 73 126 235 37 190 99 249 97 184 175 254 151 219 60 106 138
217 120 0 194 93 198 104 187 253 34 169 220 221 46 239 223 158
119 240 126 80 41 75 8 33 3 34 199 207 68 11 222 156 148
92 132 144 149 54 198 73 104 252 53 125 97 232 194 227 190 167
229 240 67 97 88 253 128 155 126 120 129 222 63 11 92 106 142
163 235 67 112 156 112 8 186 253 16 125 247 12 73 57 121 161
21 235 65 224 135 112 41 33 97 214 114 254 214 230 194 223 148
253 142 171 194 93 42 30 215 201 68 169 111 214 117 60 121 151
119 144 168 228 200 92 8 33 153 78 79 107 124 250 26 43 144
209 235 56 80 189 195 73 169 201 215 129 63 12 234 222 43 152
159 159 1 149 209 253 1 87 75 68 79 248 151 46 234 252 165
119 73 25 112 54 144 73 34 65 120 175 97 68 225 57 57 134
21 49 200 39 209 74 41 155 97 159 73 81 95 250 227 158 149
213 181 89 24 93 49 8 217 244 60 199 243 232 166 36 255 140
159 132 144 87 162 74 86 87 201 179 129 16 95 221 79 19 132
253 178 168 24 153 92 97 71 147 214 73 248 21 86 222 223 160
159 142 80 11 155 31 8 253 203 171 169 220 63 86 57 255 145
163 73 201 224 153 40 86 47 7 60 5 111 12 225 219 235 159
217 235 201 228 93 42 190 211 133 68 69 207 12 46 100 156 134
92 181 171 232 135 31 73 183 133 26 11 36 68 73 26 143 150
159 249 201 183 209 190 86 217 79 145 73 97 16 21 103 158 138
73 235 80 49 88 198 86 197 3 112 134 203 203 21 129 158 138
217 240 171 24 93 122 187 71 175 53 11 81 62 117 36 235 143
229 57 25 235 37 253 104 155 201 53 5 128 12 250 100 121 159
98 49 67 183 41 83 41 215 97 112 73 222 107 225 111 196 142
119 249 200 87 88 42 8 33 97 68 169 109 151 46 26 19 148
213 99 168 24 166 190 8 253 126 97 79 107 107 11 36 252 135
98 99 107 214 32 83 73 97 252 49 169 81 214 86 234 158 159
24 160 144 109 236 54 128 169 252 145 73 36 173 194 60 156 140
163 249 136 49 88 190 73 155 174 120 125 107 214 221 227 165 166
253 142 171 97 93 28 249 47 153 120 79 97 226 86 102 19 161
119 159 171 149 156 42 104 249 35 26 73 220 95 33 219 19 145
119 49 0 149 88 54 249 183 253 171 79 220 232 194 100 61 153
73 160 136 112 54 83 48 197 79 214 175 107 173 219 150 196 141
119 181 171 49 200 202 104 9 97 68 73 207 21 120 111 43 151
217 57 200 224 88 144 40 87 253 112 37 81 100 46 26 140 141
217 240 25 87 189 147 86 9 84 60 113 243 100 117 92 156 150
97 57 252 214 230 112 99 71 35 171 129 207 151 194 129 165 149
73 132 171 11 200 147 1 47 79 49 114 222 95 194 228 235 159
229 159 126 235 41 112 40 186 201 20 134 156 124 46 111 252 146
159 120 168 49 41 122 190 33 84 145 129 63 226 234 227 106 157
189 132 65 183 54 147 99 57 75 97 199 207 232 150 219 61 129
73 235 89 149 105 74 73 97 201 34 46 207 21 110 62 57 133
217 249 200 187 1 144 30 249 84 16 46 70 232 110 79 190 146
189 240 102 71 162 75 30 33 3 78 194 63 173 194 129 143 153
82 181 200 224 37 180 187 217 253 145 129 243 21 166 26 165 145
24 178 102 194 236 75 51 215 75 184 169 243 214 225 129 196 135
203 120 56 232 189 112 30 97 174 145 66 81 62 194 129 143 139
189 178 25 71 54 31 8 33 153 159 175 107 63 11 227 190 127
253 132 92 224 162 92 164 249 252 159 11 203 151 117 227 156 139
82 132 252 240 236 190 86 34 252 145 194 200 12 73 103 106 144
159 144 222 71 166 49 190 217 65 60 134 156 95 117 62 196 139
253 240 252 109 41 54 189 217 153 112 47 247 62 117 103 43 146
229 142 200 224 93 75 97 33 126 78 46 247 21 33 79 19 148
73 184 89 39 236 253 249 253 84 68 69 222 124 225 79 252 149
51 73 144 235 209 112 1 104 65 159 125 254 221 33 234 156 142
229 240 65 11 41 202 97 217 97 85 46 81 107 46 103 196 142
82 178 252 109 93 112 4 47 133 214 175 220 16 120 79 252 133
255 99 56 240 32 40 187 33 201 97 134 220 63 120 150 57 140
209 160 65 187 209 31 8 211 253 184 79 207 173 250 100 37 145
255 159 126 228 41 144 73 155 7 159 79 81 100 230 219 156 156
163 144 168 232 153 54 86 9 35 68 169 109 124 141 227 19 135
165 144 201 49 189 42 86 87 35 20 69 222 107 11 239 61 140
165 181 1 39 41 202 104 57 175 171 5 111 151 150 228 158 157
73 160 200 80 93 195 128 104 252 85 18 203 232 120 228 140 152
51 178 126 194 32 75 99 47 79 85 46 156 232 11 228 143 142
97 240 80 183 209 83 86 9 252 214 194 156 221 194 102 255 155
92 147 252 71 105 147 128 104 75 16 169 97 68 117 234 223 135
24 181 107 232 32 49 190 57 244 78 113 248 151 219 239 57 155
73 142 144 39 93 195 97 211 75 97 134 63 12 194 79 165 152
98 120 200 187 156 40 1 57 3 49 134 222 203 110 239 252 143
119 144 1 240 155 147 249 57 35 214 129 203 100 141 228 106 161
165 160 252 232 153 144 99 186 7 214 66 203 232 73 227 61 137
217 147 252 224 1 92 189 249 7 215 175 156 232 120 194 106 142
82 132 67 11 32 202 86 34 201 49 134 107 63 117 62 37 150
163 240 67 183 32 74 187 97 147 112 129 220 107 46 234 57 118
253 159 25 187 1 202 86 197 79 16 134 254 100 117 36 235 127
159 240 107 149 166 180 40 183 65 214 129 111 226 73 227 106 135
189 160 107 24 37 195 86 186 79 26 169 109 95 230 60 165 132
119 181 201 232 156 83 128 33 252 53 199 207 68 86 150 43 144
97 184 107 187 236 40 4 47 75 49 129 247 173 21 111 255 156
217 184 144 49 105 190 48 186 244 171 20 203 68 86 150 190 133
24 249 252 240 236 42 1 57 203 112 175 81 232 73 129 19 139
229 178 25 11 162 195 97 183 174 53 69 254 63 86 57 223 144
163 144 56 24 156 75 8 57 3 60 37 156 173 73 222 190 141
165 235 80 97 41 75 41 87 65 215 18 128 100 230 36 61 127
159 184 89 183 156 92 99 87 253 85 37 220 232 33 227 190 150
217 144 252 235 1 83 41 34 174 159 199 220 204 166 227 235 119
203 160 252 80 54 74 1 186 35 214 66 109 232 141 227 190 143
82 178 25 194 1 112 99 187 79 120 129 97 68 73 100 156 149
119 80 168 224 153 144 97 71 174 60 113 63 232 219 227 162 143
98 240 25 11 105 54 4 183 253 159 66 254 62 120 111 255 128
97 159 67 235 105 40 51 211 75 26 46 36 151 33 111 156 134
24 240 25 80 41 83 40 186 97 120 18 247 21 225 62 252 131
255 235 67 224 209 144 190 9 252 60 20 203 214 150 103 57 153
82 132 89 183 93 202 128 97 153 20 37 248 232 86 26 43 143
213 57 1 183 156 74 164 183 203 85 113 128 204 194 36 121 126
217 57 92 235 41 190 48 253 3 97 18 109 226 194 228 57 149
229 249 107 11 209 31 189 87 203 120 73 247 151 150 26 37 135
119 99 92 224 209 40 104 9 84 85 46 36 124 110 62 235 117
92 235 136 97 155 92 187 187 174 60 113 222 124 194 26 255 128
229 240 65 109 209 40 51 34 153 49 114 203 221 141 57 140 140
82 142 65 187 236 198 86 215 97 159 47 222 232 230 60 140 142
51 120 56 109 105 190 51 9 174 60 69 97 62 73 57 252 146
24 142 56 232 230 92 8 217 3 60 114 107 124 225 239 140 157
97 249 1 149 93 49 8 253 153 60 37 63 107 73 57 158 148
119 57 200 80 230 40 30 187 35 145 79 156 232 219 62 43 138
24 159 92 224 54 253 249 34 253 20 47 128 232 234 222 190 146
92 160 222 97 37 112 86 34 147 120 20 222 63 120 100 235 154
253 49 144 49 54 253 51 97 75 49 199 156 204 33 57 190 138
82 235 65 71 162 202 187 87 84 171 20 36 221 230 100 140 138
119 120 1 39 189 54 99 97 133 20 114 81 173 250 222 19 146
203 160 126 232 166 74 249 249 201 179 11 254 226 117 129 121 159
165 240 89 149 166 195 249 211 133 214 125 254 214 73 111 165 144
21 57 56 11 153 112 187 169 75 53 73 111 173 11 102 158 140
119 181 102 109 155 92 86 211 201 20 129 248 151 194 36 165 140
255 178 56 228 209 112 1 215 126 68 125 247 68 221 129 190 146
217 240 102 240 200 92 48 253 97 145 46 254 151 194 222 252 138
189 49 1 80 156 253 48 253 153 97 47 248 124 46 228 190 147
165 132 168 214 37 202 40 97 147 179 79 81 226 221 194 255 144
163 49 102 87 162 74 73 253 3 85 113 156 95 194 129 190 152
159 49 0 109 162 147 86 104 97 112 73 109 16 150 194 252 142
119 178 65 39 153 198 48 71 153 20 69 70 16 225 103 235 152
73 235 222 194 135 195 189 197 79 60 66 248 68 117 57 106 156
92 132 200 39 37 112 1 97 201 78 20 207 21 33 92 158 137
229 99 56 240 200 54 51 9 147 120 125 222 63 141 194 196 156
165 235 171 71 105 42 41 155 97 215 37 97 12 120 194 57 144
253 181 136 240 156 75 48 211 244 26 79 128 232 141 194 19 160
255 132 67 39 32 74 164 197 244 184 113 247 232 110 103 106 141
203 144 168 149 93 253 104 87 3 179 199 16 100 225 36 156 150
253 249 25 183 189 147 48 57 84 112 113 248 173 194 219 255 158
189 178 107 39 32 180 128 34 175 214 47 222 68 234 150 37 138
217 240 168 194 1 198 249 215 244 53 125 156 21 250 239 19 155
165 144 102 97 93 202 41 71 201 78 69 109 107 73 62 19 155
229 80 107 80 236 198 128 249 75 68 73 107 62 219 26 162 141
97 235 67 49 230 253 86 104 174 34 79 81 100 33 103 196 147
253 159 25 228 93 253 99 186 244 145 47 70 16 11 194 37 136
159 132 126 24 93 83 51 211 7 179 114 111 226 194 92 43 155
213 235 171 112 162 195 187 217 97 68 169 156 226 230 228 190 142
217 80 80 24 209 92 73 34 175 85 5 107 62 117 239 190 154
253 73 67 235 162 198 48 9 203 85 73 36 151 219 228 158 143
255 144 1 49 105 190 73 215 174 53 199 200 151 21 228 57 133
217 49 67 232 236 92 41 87 79 16 199 156 221 110 60 158 147
165 184 200 71 156 180 187 155 174 214 18 203 232 86 239 190 147
255 240 252 149 54 83 86 155 65 112 194 254 63 250 57 165 146
51 120 56 235 156 147 128 253 175 214 79 16 107 225 102 158 152
255 160 80 71 54 40 187 215 97 171 47 70 21 110 60 43 151
159 120 80 235 32 83 190 34 35 53 46 156 21 219 36 252 140
98 240 200 194 156 42 249 253 175 179 169 203 63 141 234 106 131
119 160 144 71 230 122 30 211 147 78 113 247 204 11 36 61 167
97 160 80 214 93 74 48 253 84 49 37 128 151 225 92 190 149
24 178 92 228 155 112 249 33 35 53 194 111 12 166 227 255 129
165 144 92 49 37 147 48 183 133 68 20 63 232 225 57 140 140
253 240 25 112 200 40 187 217 147 20 18 203 95 11 219 190 136
189 57 200 24 32 74 41 155 147 145 129 222 226 150 102 223 149
229 184 136 71 189 54 1 183 252 53 175 207 226 117 228 37 138
51 73 65 194 88 54 187 97 133 97 129 97 226 219 219 156 151
217 132 1 194 37 195 40 104 201 60 169 243 203 11 26 162 141
209 159 1 71 162 180 99 47 244 53 134 109 214 120 57 252 122
51 159 107 109 1 28 4 47 35 49 169 128 21 166 60 190 155
92 235 1 183 156 147 4 187 3 26 114 70 16 86 129 140 145
229 160 89 228 93 198 8 187 3 78 199 200 107 141 228 158 147
24 181 65 49 236 75 128 33 133 184 69 63 232 166 239 19 135
98 147 252 87 230 54 73 34 75 34 73 36 63 86 100 121 146
97 80 222 232 236 195 249 253 3 159 134 70 100 221 79 43 155
209 142 102 80 1 49 48 155 97 78 169 111 232 234 228 156 133
217 240 67 240 32 112 48 217 35 68 114 109 221 86 100 165 159
21 235 25 97 156 54 48 34 79 215 114 200 68 219 60 190 139
213 184 1 112 1 147 4 249 147 171 11 243 151 11 150 165 156
229 142 80 112 32 40 86 9 252 179 129 254 12 120 194 223 161
189 99 222 112 93 198 4 155 126 53 175 109 100 150 60 156 128
98 235 1 112 37 75 86 253 97 159 47 248 151 120 234 252 127
209 99 67 49 1 202 97 215 252 97 69 248 124 230 219 121 144
189 159 67 49 41 180 4 169 75 120 134 247 204 250 60 165 145
92 132 80 183 105 42 99 155 203 34 175 107 151 86 92 156 157
21 178 136 228 230 40 99 155 174 159 47 97 62 194 62 61 157
92 120 80 240 54 122 4 215 133 145 114 200 68 117 194 57 131
92 147 92 97 166 253 99 187 174 120 46 16 100 234 103 106 142
97 159 252 149 32 198 99 217 35 112 113 207 124 250 219 106 138
92 249 102 87 93 144 164 104 203 179 134 111 173 250 103 19 163
98 142 67 214 135 92 189 104 7 214 79 111 151 33 102 57 130
159 99 1 183 166 190 249 249 3 85 73 128 16 194 79 252 151
119 159 1 187 1 31 8 197 175 145 37 222 226 221 150 143 153
92 57 252 87 93 147 73 71 203 215 11 203 68 21 79 165 148
203 240 67 11 93 40 48 183 253 34 66 200 173 250 57 106 136
159 240 1 187 32 40 189 47 97 179 18 243 173 166 194 190 144
97 99 222 97 189 83 30 186 3 97 20 200 204 221 227 43 155
253 235 80 49 156 31 128 97 175 60 129 248 124 110 239 143 155
97 249 0 80 166 253 189 186 3 214 47 70 100 234 79 196 140
92 159 65 224 93 40 41 155 35 120 18 63 124 141 60 190 121
82 181 222 235 54 253 97 57 65 120 125 254 107 11 26 156 148
97 181 67 87 54 74 41 87 79 20 46 222 151 230 102 19 157
255 120 102 109 189 190 128 33 147 214 125 70 16 166 111 106 153
253 99 92 109 88 75 189 187 175 85 47 243 95 117 219 43 145
98 240 136 112 1 112 187 187 133 159 113 222 204 166 92 143 143
97 160 1 24 93 40 8 155 7 179 11 247 151 219 79 57 149
203 160 252 71 135 75 187 211 84 16 20 203 226 117 219 255 153
209 132 1 71 93 75 40 33 252 145 134 128 12 194 36 143 156
213 240 67 71 230 28 30 155 153 97 79 111 95 234 103 223 148
73 99 25 183 166 42 73 97 174 34 11 36 214 219 234 190 142
165 160 171 11 153 202 40 104 75 49 5 254 107 141 234 106 165
119 240 80 183 236 28 128 97 7 20 20 111 62 11 234 223 157
209 120 144 80 162 147 128 71 126 34 66 254 173 11 100 43 157
255 178 171 24 37 195 99 71 35 112 175 109 21 120 36 252 153
189 181 80 224 93 202 128 57 75 145 46 128 62 117 103 156 147
203 144 222 87 209 202 48 253 244 16 134 16 221 219 103 156 144
213 132 136 187 88 74 48 215 252 20 69 156 124 11 100 223 162
217 49 80 24 93 40 8 87 147 68 20 81 63 21 219 106 147
92 144 102 235 189 144 187 97 153 214 18 203 68 194 62 61 150
203 99 92 87 135 180 1 249 126 34 20 109 232 221 234 223 148
253 57 0 39 41 253 249 215 97 145 199 254 100 150 62 255 124
165 99 67 112 54 144 4 34 126 171 46 247 62 46 62 143 133
73 249 107 187 37 144 128 249 126 215 46 203 107 21 129 106 151
159 159 252 232 189 112 48 211 175 171 20 63 107 225 92 156 149
165 235 25 112 166 54 41 155 203 34 194 36 21 150 111 106 149
189 132 1 109 230 54 86 97 174 184 113 70 68 194 103 106 132
73 181 252 39 37 74 1 97 3 85 129 70 204 225 111 162 139
21 249 92 71 153 122 30 217 253 78 69 207 124 110 150 156 153
73 80 25 24 230 28 73 197 97 145 175 109 204 219 129 156 156
217 184 107 183 93 75 48 71 65 214 114 109 214 166 36 140 128
229 147 222 149 93 28 86 9 79 85 47 70 173 194 103 252 149
159 240 144 87 93 40 104 34 7 171 129 36 62 166 219 255 160
209 49 144 49 135 74 40 197 203 60 18 111 221 117 102 121 133
229 120 252 97 1 122 249 183 35 34 134 254 63 219 57 57 158
253 80 0 187 93 202 41 183 252 145 175 109 107 250 57 252 153
73 235 201 224 166 28 73 9 84 120 5 220 16 194 60 252 135
189 240 171 183 209 74 99 97 97 171 37 247 214 194 234 165 128
97 147 92 194 156 74 104 253 75 215 194 200 232 86 103 143 143
165 57 222 228 156 253 99 183 7 26 11 203 226 194 111 165 143
24 49 0 39 153 28 73 169 174 214 18 156 232 166 239 235 151
97 73 65 11 88 195 4 187 65 16 79 222 107 11 36 196 138
73 142 168 109 93 180 48 187 84 60 18 36 21 141 222 37 136
209 147 1 235 153 195 73 47 201 20 169 203 12 46 103 223 145
217 142 201 149 32 147 73 9 79 145 46 97 95 150 222 156 137
253 240 92 224 156 122 51 186 97 159 175 81 203 225 111 121 149
203 240 201 232 162 112 86 34 174 78 20 63 21 141 129 165 143
189 57 1 87 135 31 189 186 147 26 79 222 221 11 60 252 156
253 249 92 194 1 75 73 57 133 171 129 128 12 166 92 223 149
165 240 65 80 153 54 4 34 97 120 5 81 63 11 100 19 145
255 132 102 235 166 31 4 87 175 159 46 254 107 250 129 223 136
119 249 201 24 209 144 128 87 147 112 129 111 16 86 79 143 143
165 184 222 112 37 195 41 169 153 78 199 156 100 120 150 61 150
119 181 1 11 88 74 86 217 97 97 18 247 62 150 36 156 148
209 144 168 11 135 253 51 187 97 49 169 63 203 194 103 156 148
217 235 171 235 162 49 48 97 97 85 66 207 68 120 26 43 146
159 120 67 87 135 144 128 97 75 145 79 63 232 194 111 162 158
165 142 1 71 162 253 30 87 84 215 69 97 21 150 150 140 147
97 181 65 232 166 198 41 197 97 179 134 128 95 166 36 252 151
21 57 0 39 155 195 99 169 97 214 11 243 100 46 102 106 160
51 235 25 112 1 144 99 186 244 112 125 97 68 166 92 156 152
163 240 89 87 156 144 8 186 84 78 194 107 62 11 129 255 141
217 249 222 194 1 195 86 57 153 16 5 97 63 230 36 235 141
203 132 65 183 162 195 164 169 3 145 20 111 151 73 227 156 140
92 80 67 80 1 31 8 211 126 120 175 109 16 120 129 61 154
189 99 65 24 37 42 73 186 203 16 18 63 107 33 92 165 144
165 181 126 80 1 144 190 211 203 97 194 203 151 120 228 106 168
119 80 252 183 93 83 128 87 84 68 47 107 16 150 239 106 142
24 178 171 214 156 202 189 97 7 120 79 243 62 33 26 156 142
189 49 67 71 41 92 1 187 3 78 69 70 151 221 129 235 149
97 73 222 80 93 147 40 87 252 112 69 97 63 166 36 37 161
203 120 89 49 230 40 48 104 244 215 129 248 214 225 92 61 145
189 147 67 187 153 42 190 197 84 214 37 16 232 141 36 43 150
165 178 56 194 155 74 187 183 252 16 114 107 151 166 62 19 141
98 249 0 49 153 49 190 183 147 20 73 207 21 150 219 140 172
73 235 25 39 200 253 189 249 133 159 18 220 214 11 228 143 145
163 120 171 235 105 54 30 97 97 215 66 222 173 230 239 162 142
255 49 0 39 88 83 99 71 3 179 66 36 68 225 62 190 172
217 73 67 194 37 122 4 197 79 53 175 156 107 230 103 156 122
203 240 107 183 32 147 86 57 65 49 5 81 151 21 228 61 138
213 159 65 49 88 31 97 253 174 184 47 107 214 110 103 61 134
92 73 107 39 200 28 40 57 7 16 175 156 124 225 79 156 142
73 80 252 240 1 92 190 104 97 20 37 109 203 219 227 255 143
217 181 67 232 105 54 187 97 35 171 194 222 95 150 26 156 146
255 249 1 39 156 83 41 187 7 49 175 36 62 11 194 255 141
73 142 80 39 93 54 190 155 3 20 20 243 221 225 150 57 150
217 132 171 194 166 195 40 211 97 214 134 36 12 219 222 61 143
73 142 144 49 155 83 99 87 97 26 73 207 63 194 111 156 131
97 132 171 240 32 180 41 33 65 112 113 207 173 141 60 43 143
97 57 92 97 93 147 190 57 75 68 134 128 124 225 57 156 144
82 160 171 224 236 202 249 57 147 159 79 220 21 110 150 156 135
73 240 67 187 88 40 48 197 203 26 11 222 16 234 234 43 143
189 120 102 80 236 190 51 33 244 97 129 248 68 73 62 121 126
21 181 89 87 155 54 128 211 75 214 113 16 204 194 102 235 133
203 142 0 112 200 180 30 33 35 49 114 109 68 234 239 156 141
21 160 56 235 200 253 73 34 84 112 5 97 204 230 129 61 159
213 57 136 97 41 28 40 47 244 78 125 36 232 194 222 37 143
98 249 67 11 156 83 164 187 35 16 79 254 12 194 129 37 135
159 142 92 187 200 147 1 211 133 60 69 70 226 11 219 43 157
73 144 65 235 189 147 97 183 133 171 175 222 173 86 150 165 139
203 120 107 39 155 49 8 187 175 179 47 222 151 230 239 255 145
189 235 25 112 236 40 41 253 147 78 73 254 100 73 234 37 133
24 142 107 183 209 180 128 9 147 145 199 107 214 110 60 165 136
217 99 56 39 93 202 189 197 153 179 125 111 221 225 219 190 134
213 120 222 24 41 180 99 155 203 20 11 207 204 194 102 57 134
203 235 0 187 166 112 104 253 126 85 134 200 63 194 194 158 149
82 240 201 214 156 144 128 155 153 16 129 222 63 219 102 235 149
159 120 89 240 156 112 187 211 253 97 73 97 232 73 228 196 127
163 178 136 183 189 31 97 97 175 20 125 200 232 117 222 156 137
229 249 80 39 54 28 86 186 203 171 194 128 68 194 92 255 156
165 235 89 24 54 122 30 71 126 171 114 70 95 221 60 37 145
98 80 168 214 54 31 86 169 175 16 46 248 151 225 222 19 134
213 160 201 24 37 122 86 33 201 16 113 97 226 234 92 156 142
119 49 126 232 37 180 4 104 153 145 66 107 214 117 100 143 139
97 160 222 11 166 144 30 57 175 179 129 97 173 120 92 235 140
51 147 201 97 88 253 97 71 253 120 73 220 203 141 62 162 134
24 80 107 80 153 147 41 57 84 16 125 207 204 73 79 140 139
92 144 67 109 105 49 73 34 174 20 18 207 232 86 100 156 132
253 120 168 87 32 74 40 104 253 26 18 109 204 46 79 61 152
165 181 252 71 153 28 8 187 84 97 20 128 151 110 111 255 138
73 240 89 240 1 147 51 33 203 184 199 107 232 225 111 196 144
98 132 200 87 209 83 73 155 7 179 125 200 12 221 36 255 161
21 249 168 240 209 147 8 104 174 85 194 247 124 33 100 158 145
203 240 107 187 93 31 86 155 7 49 134 128 232 166 234 43 149
203 142 25 149 209 31 4 33 201 20 129 254 151 150 36 252 133
189 132 80 232 93 144 1 197 175 112 73 220 232 166 79 140 139
253 80 200 109 41 147 99 197 252 68 129 207 151 250 102 235 150
189 160 136 24 88 180 104 9 126 120 66 107 16 194 219 252 154
97 240 200 112 155 42 187 215 35 120 5 97 68 110 111 43 151
163 235 67 24 37 49 41 215 126 68 114 200 151 73 239 162 143
203 99 168 194 135 180 1 47 126 49 5 70 232 221 194 121 130
209 160 65 80 41 49 249 215 147 120 199 81 204 46 60 235 154
255 57 25 214 189 147 97 211 75 49 113 222 68 141 79 43 133
73 99 92 71 236 40 8 249 244 179 194 203 226 11 111 255 157
253 142 222 49 1 202 86 9 133 20 175 248 151 33 111 162 143
82 240 92 232 93 122 99 217 3 171 73 70 124 73 79 37 148
159 249 25 240 37 42 190 211 65 171 114 207 151 166 103 61 140
189 235 136 11 41 42 48 215 153 214 20 107 100 221 111 156 149
119 120 92 149 155 40 40 187 252 184 5 81 107 194 129 158 129
189 160 222 112 93 74 104 155 7 179 114 16 95 194 60 190 135
165 249 201 214 156 40 86 104 84 60 199 203 173 73 129 43 151
82 235 65 112 135 180 48 215 3 20 37 128 151 110 92 140 138
203 132 107 11 41 92 86 217 174 179 194 200 95 230 26 223 153
213 147 65 112 105 195 189 253 84 171 199 97 173 11 26 223 147
203 132 25 80 155 195 97 186 201 78 194 16 100 117 36 143 152
189 240 92 194 189 202 104 71 174 53 129 36 226 117 100 255 143
92 144 25 224 88 28 51 186 84 179 79 203 62 120 62 121 133
253 235 56 187 166 180 189 9 252 171 169 81 232 225 150 143 148
97 147 126 235 230 147 99 33 79 16 169 97 151 141 228 223 143
253 120 102 97 162 144 104 211 75 112 169 243 173 117 228 252 129
209 159 56 149 32 28 190 253 3 16 46 254 16 117 129 143 153
163 159 168 194 209 190 99 169 153 49 5 109 63 225 150 106 132
