73 178 9 47 161 31 4 172 29 53 93 85 232 194 227 203 127
217 174 22 158 88 92 99 87 175 85 148 85 232 221 57 252 159
255 240 22 158 153 202 4 71 153 195 67 10 95 54 36 252 150
92 81 107 183 162 128 48 9 237 194 47 203 107 221 36 38 147
217 3 43 187 33 112 179 93 253 120 148 151 118 182 244 52 138
217 3 92 183 166 202 179 180 139 86 47 71 62 166 106 182 146
209 76 107 211 153 180 51 87 101 85 234 16 99 54 228 252 148
217 229 171 211 223 152 190 249 139 167 125 10 221 221 244 217 131
217 57 43 99 105 147 51 53 65 178 46 81 117 120 81 43 126
209 76 222 187 161 152 179 249 75 195 122 246 99 120 219 184 146
98 229 65 232 46 92 48 93 97 171 46 71 117 166 111 199 133
213 178 56 80 223 144 18 47 252 20 5 10 99 61 244 156 153
195 245 165 99 91 112 46 87 175 86 134 200 62 194 92 26 150
255 132 30 47 153 180 48 155 139 195 69 220 232 194 227 26 149
119 83 1 158 93 112 30 183 33 53 194 111 63 221 92 182 153
209 57 0 211 162 42 102 47 75 235 131 151 232 254 92 61 139
203 240 107 211 223 112 30 249 253 133 93 10 99 141 194 128 142
119 181 65 182 153 252 190 16 252 53 131 10 117 120 102 205 151
160 178 171 235 68 180 30 32 7 43 184 18 237 240 228 43 161
195 245 222 158 153 122 18 249 75 195 184 18 232 26 138 203 145
21 132 180 235 181 144 48 180 101 232 134 111 232 221 138 128 144
165 5 165 97 93 129 1 61 29 16 47 212 117 230 100 217 156
119 3 171 183 43 112 1 249 174 16 46 97 232 230 57 121 139
92 181 136 235 223 129 99 236 139 178 184 18 63 198 227 128 135
213 79 136 164 166 147 97 180 251 112 170 246 232 36 106 43 161
98 3 80 235 88 144 237 236 253 16 231 246 243 198 26 38 151
112 81 30 187 93 190 102 183 142 178 46 71 95 254 194 38 157
217 159 201 80 68 40 9 155 139 214 47 220 99 54 63 182 165
213 235 16 184 43 118 40 47 201 232 231 246 63 198 106 184 123
92 57 222 99 93 42 132 180 252 120 47 81 237 250 102 203 144
255 245 9 232 68 92 40 32 66 16 170 85 5 141 81 94 138
217 245 30 109 17 42 73 93 101 26 26 107 5 36 36 94 147
160 240 165 211 43 54 51 16 29 195 67 156 62 252 227 156 144
73 181 80 109 153 122 1 87 201 86 52 200 16 141 219 52 147
253 159 9 232 166 31 179 249 192 86 170 200 237 230 102 52 139
189 240 22 30 91 144 1 97 97 168 148 85 95 166 228 61 150
209 245 107 211 17 122 56 236 251 235 125 220 232 36 194 182 143
119 178 80 80 32 190 46 180 253 120 93 71 21 61 111 156 152
255 3 201 164 105 40 73 183 253 214 5 85 221 234 63 43 167
209 178 9 71 153 31 100 93 29 195 69 107 99 46 219 156 138
73 159 56 47 162 31 4 32 7 53 47 3 99 194 228 35 142
195 229 165 211 153 252 40 61 192 43 234 85 232 26 57 252 147
160 178 180 211 91 147 56 9 153 195 148 246 221 194 111 38 137
24 245 201 153 105 28 178 155 29 53 234 203 47 230 79 128 133
203 245 222 158 1 129 237 44 201 171 67 220 117 46 79 217 131
112 163 56 158 166 92 46 172 237 194 26 63 63 240 36 203 152
217 240 140 232 43 31 30 16 29 178 234 85 68 120 138 203 133
119 163 140 153 153 252 40 44 33 20 122 200 221 234 57 52 146
112 132 136 71 91 202 30 249 253 20 231 81 173 61 194 121 134
97 83 9 232 17 152 99 71 97 194 26 10 204 198 102 128 139
213 181 222 153 162 92 73 249 65 171 5 156 16 54 138 61 155
92 181 1 158 235 54 102 9 175 112 148 16 237 221 26 38 157
213 79 9 80 68 31 73 155 251 195 234 85 221 36 22 38 126
213 81 80 184 105 202 99 16 66 16 148 111 151 250 22 35 151
217 240 22 211 181 122 100 61 142 214 93 63 221 230 138 217 134
112 76 56 68 181 177 132 93 66 43 131 18 63 46 194 43 155
51 178 1 99 128 54 51 47 75 133 231 222 99 54 26 252 143
195 178 139 30 93 54 179 249 252 217 134 16 232 252 251 205 168
165 229 136 194 153 252 40 71 153 85 194 3 232 221 92 162 155
253 240 136 224 153 40 99 87 253 195 170 10 47 230 92 38 146
24 57 9 99 88 112 18 87 174 133 194 246 232 252 138 252 123
203 57 22 47 33 42 4 214 251 167 46 200 99 61 63 121 140
189 174 16 187 161 28 178 183 139 85 93 156 21 221 138 94 163
112 240 0 47 32 122 237 87 153 120 148 107 47 120 111 128 155
159 245 0 153 181 92 100 97 192 232 166 151 99 221 79 203 153
213 76 222 235 153 177 179 47 101 167 26 3 107 254 106 121 148
203 5 107 235 68 190 56 32 29 16 5 10 204 61 26 162 150
73 245 165 184 43 144 56 221 65 167 67 156 204 194 138 121 147
21 174 139 158 32 128 73 221 237 194 69 246 173 166 92 182 136
255 159 92 97 88 112 99 87 97 120 184 222 243 120 102 217 160
209 235 171 153 1 112 190 47 29 16 93 3 118 198 36 26 168
189 181 0 211 161 252 48 249 7 195 52 222 151 230 244 156 159
217 3 92 184 91 28 190 16 175 235 5 246 232 198 92 156 136
253 245 165 80 88 144 132 93 174 214 67 220 204 120 22 38 150
209 245 30 80 43 144 99 214 153 43 69 222 117 182 81 52 146
253 245 43 99 43 144 237 214 66 120 166 81 95 46 102 61 139
195 76 171 164 33 152 18 47 97 112 46 107 62 182 138 94 144
253 81 180 30 162 252 1 155 192 214 93 220 21 182 194 26 160
213 181 1 97 46 152 179 214 139 43 69 107 16 240 100 43 147
189 73 139 109 162 54 100 71 29 53 125 222 62 194 228 121 130
160 181 107 153 128 54 190 155 75 53 93 220 118 36 79 35 124
112 163 65 109 223 118 178 97 139 235 148 85 232 250 219 61 133
97 80 0 164 91 40 97 249 33 112 67 203 95 230 106 184 122
253 81 80 184 68 42 40 16 33 232 134 212 151 141 92 205 171
255 235 201 68 128 202 1 180 65 178 170 107 237 61 228 26 155
255 79 180 71 161 190 190 97 33 133 52 151 243 240 81 252 140
160 159 80 164 88 152 178 249 192 171 52 63 107 166 228 26 131
73 178 0 235 153 128 97 214 29 235 52 156 63 221 102 38 144
213 3 0 30 128 128 9 97 66 86 67 200 68 221 244 94 159
189 79 92 194 181 147 97 61 101 133 231 71 117 166 111 184 159
217 79 16 158 181 112 18 183 174 232 231 246 99 182 227 38 140
92 174 180 158 162 112 97 71 174 85 47 200 243 198 102 43 132
97 178 171 182 68 144 178 61 192 86 184 212 232 234 194 35 134
213 240 43 232 1 112 100 183 252 167 170 85 21 194 81 128 133
217 178 171 182 43 252 9 32 65 194 67 220 63 141 79 52 133
217 159 171 164 235 180 40 71 253 232 125 222 204 234 251 52 125
189 229 139 99 93 54 190 71 97 195 148 212 95 252 22 217 149
119 245 136 109 17 54 51 249 251 86 231 71 21 120 228 61 151
209 159 139 184 1 118 46 71 142 16 122 151 16 54 57 184 138
160 163 0 99 1 190 51 61 253 16 148 81 47 221 63 182 147
98 99 9 80 166 40 132 172 29 85 134 222 151 221 92 217 141
98 76 222 235 166 128 40 87 175 214 148 111 237 194 22 26 139
255 81 30 211 153 180 73 155 33 16 166 81 99 254 106 252 148
51 163 140 99 162 190 46 236 65 235 93 246 16 240 63 61 140
24 229 43 184 153 122 102 155 174 195 131 71 47 26 219 128 163
159 229 165 30 161 28 97 61 66 195 67 212 63 254 92 162 148
73 99 201 30 68 54 51 180 142 217 5 203 16 194 57 252 151
165 3 30 211 166 112 4 32 253 171 46 151 151 194 22 61 153
213 83 136 182 181 42 190 221 33 85 194 107 62 230 219 52 148
160 178 139 235 128 252 178 155 29 86 170 81 21 198 57 61 150
92 132 9 232 153 54 56 249 175 86 134 71 99 36 111 199 142
21 245 56 109 33 42 30 61 101 178 131 10 204 250 102 61 148
255 57 56 109 88 112 40 97 75 167 5 200 173 46 63 121 151
160 81 201 164 46 112 99 93 65 214 194 220 21 182 111 162 155
195 5 140 164 161 42 1 155 7 16 170 107 99 198 63 52 156
119 99 180 194 105 28 190 183 66 167 231 10 117 120 63 128 130
21 79 43 71 161 202 100 249 142 195 170 16 118 254 57 52 146
165 181 65 99 153 42 18 16 29 214 5 10 151 194 22 156 136
97 235 165 71 17 92 48 9 175 53 148 200 232 234 36 156 144
112 159 22 211 166 144 56 172 142 217 148 111 47 250 79 184 140
209 57 165 80 46 152 46 155 252 16 131 200 151 198 100 217 145
119 99 22 182 68 40 100 180 175 178 93 246 99 54 57 43 145
97 159 171 47 43 112 99 97 174 53 148 10 232 46 227 205 156
98 159 30 153 93 28 99 236 175 194 184 81 63 26 79 217 145
24 132 92 97 93 40 40 183 253 16 47 81 117 120 36 35 143
213 83 180 232 46 147 178 180 237 232 47 203 232 250 57 162 147
92 178 92 182 161 190 46 180 65 26 125 151 221 240 138 203 136
217 99 92 232 43 112 97 221 29 120 166 63 232 141 111 43 149
165 235 16 182 235 28 9 61 65 53 148 246 151 194 194 217 137
203 73 180 194 235 147 102 155 252 171 47 71 232 46 251 61 146
253 83 16 153 181 180 73 236 252 214 148 63 243 221 106 199 129
253 235 1 80 88 112 51 93 33 43 47 212 16 120 36 162 153
160 181 140 80 105 42 4 249 142 133 52 18 5 26 219 252 155
24 76 56 158 105 147 51 53 66 214 93 107 107 221 102 182 156
253 57 139 232 153 122 73 9 175 171 93 81 232 250 244 182 144
253 181 136 164 1 144 179 180 251 16 125 71 63 61 92 121 153
73 81 201 68 128 31 190 71 65 171 148 3 63 46 251 121 139
51 178 43 97 93 152 46 44 101 168 194 111 16 252 111 182 159
112 159 201 97 93 190 190 180 174 133 47 222 173 194 251 94 145
165 57 0 182 68 152 46 93 153 86 148 156 173 252 36 94 144
189 73 222 224 46 31 18 9 7 43 194 246 118 120 244 203 147
24 163 30 187 235 144 190 71 174 86 148 81 173 182 36 26 136
92 99 1 153 17 128 56 71 201 86 5 212 63 46 244 182 141
160 79 222 187 162 28 179 87 101 235 231 200 95 198 81 184 142
255 79 1 30 33 28 9 214 174 85 47 200 232 194 106 203 164
165 163 201 97 235 147 237 53 201 112 184 220 221 254 106 199 113
51 81 0 232 181 144 1 9 192 53 148 85 221 46 251 128 163
160 229 136 183 33 40 178 249 101 214 5 222 151 240 26 182 142
97 81 16 235 91 54 237 214 29 194 46 220 118 26 228 217 144
24 229 139 153 161 147 99 87 251 26 125 81 232 254 100 52 135
209 240 107 99 153 202 73 32 175 112 166 151 118 254 92 121 140
189 83 165 30 91 202 4 97 75 235 131 220 151 230 228 61 153
24 73 180 47 43 147 18 180 29 235 134 111 21 141 106 43 139
97 240 171 47 91 128 18 249 153 214 67 3 232 250 92 38 125
92 174 201 182 153 147 97 155 97 235 131 156 63 26 63 199 137
203 81 171 47 17 147 4 236 139 20 184 107 107 36 100 199 131
73 57 222 80 153 190 190 172 66 194 52 111 5 194 22 38 142
195 99 107 99 223 177 4 249 97 26 231 71 95 221 244 26 141
92 79 92 153 93 180 40 221 237 86 122 246 95 234 63 43 145
51 240 0 47 128 40 179 9 201 194 148 246 237 254 22 52 153
92 240 30 71 68 54 178 47 142 16 47 85 232 234 57 203 157
213 245 201 153 162 129 18 180 139 43 170 212 118 36 138 94 139
217 5 0 71 161 152 48 236 33 235 148 85 21 182 228 162 144
253 245 136 164 88 147 100 71 97 112 46 212 118 221 63 128 156
97 235 165 235 128 180 48 249 97 195 26 111 16 54 219 162 136
203 80 92 47 105 31 4 61 142 178 52 220 95 230 244 182 125
165 83 165 182 32 147 1 183 101 194 234 10 243 166 194 156 159
97 240 107 30 105 40 132 172 101 26 5 107 151 26 26 162 145
112 229 180 153 46 40 73 249 101 232 122 85 47 221 138 128 143
165 80 165 158 181 28 30 87 7 53 184 63 173 36 79 38 152
160 80 92 235 68 28 102 44 237 85 125 212 221 254 22 35 137
195 132 222 182 88 40 97 9 65 20 170 246 204 254 102 203 153
98 181 0 184 105 129 190 97 29 120 26 200 21 221 79 162 152
73 163 107 235 88 118 40 47 201 133 26 246 237 61 251 43 146
255 83 30 164 93 129 48 61 66 168 134 18 173 234 106 217 140
73 79 0 109 68 28 40 47 7 194 93 151 62 194 102 182 141
195 245 92 235 33 31 1 172 33 168 122 203 232 240 228 156 124
160 83 92 183 43 147 51 87 251 214 166 220 5 254 106 128 153
73 181 22 224 166 190 4 61 139 195 122 200 118 166 26 52 150
73 79 56 80 1 28 100 16 33 120 122 16 95 46 92 156 136
98 76 16 158 166 190 30 87 174 43 5 63 68 61 57 43 137
213 245 65 47 68 147 99 221 192 86 184 85 204 254 26 182 134
213 80 30 47 17 40 132 61 101 167 234 220 232 230 92 61 154
97 79 171 71 32 92 30 180 174 167 69 81 16 234 57 26 154
92 132 9 187 33 31 178 61 139 194 194 97 151 234 219 182 164
97 99 9 109 43 129 100 180 192 171 93 212 232 194 138 182 135
165 79 22 80 153 28 178 221 192 217 234 151 68 61 244 61 147
189 80 107 158 128 28 9 180 75 171 26 81 204 54 251 38 160
97 159 43 153 33 180 9 249 252 85 231 151 232 250 244 128 147
165 73 171 99 235 177 56 97 97 85 134 222 5 166 22 43 145
203 79 9 99 162 252 48 249 66 235 125 85 118 250 63 156 151
98 81 65 153 162 144 4 180 153 16 194 203 99 240 36 35 147
51 235 136 164 105 112 99 214 251 171 47 3 5 120 228 182 132
217 81 43 97 88 28 9 93 33 16 170 63 232 182 63 121 135
24 240 222 153 161 252 179 236 75 194 231 222 237 26 81 217 139
73 73 30 99 93 252 99 32 201 235 122 81 5 240 36 43 144
165 73 65 47 105 177 97 249 153 168 131 16 232 194 57 182 141
21 229 16 164 17 92 18 93 65 167 122 107 99 194 219 35 142
51 229 16 80 32 28 178 47 142 112 47 71 16 250 81 35 149
159 83 9 99 46 40 190 249 174 26 52 97 99 230 251 61 135
51 73 56 99 1 180 56 53 252 20 5 3 173 182 102 203 151
160 5 222 109 1 152 102 93 29 20 125 246 221 250 57 43 148
255 132 140 30 33 54 1 9 201 168 194 220 21 61 57 162 155
189 240 165 184 162 28 132 16 97 16 231 107 221 198 63 217 151
255 159 201 184 88 42 102 87 174 53 194 16 173 61 22 182 140
203 83 43 97 68 92 51 155 253 43 148 151 62 221 219 35 159
21 83 16 99 68 54 99 183 252 20 122 151 62 250 219 199 158
21 240 56 99 46 190 56 53 192 43 184 71 232 252 63 217 140
24 159 139 68 181 177 40 53 65 26 52 203 173 252 92 156 155
73 73 201 30 33 180 97 16 75 178 122 107 47 254 228 35 139
98 83 222 109 153 147 73 155 175 217 52 10 221 198 244 252 151
159 3 171 211 161 180 4 44 175 20 231 85 221 166 26 26 153
160 76 107 164 162 31 18 172 65 195 67 81 243 240 138 182 152
253 5 1 235 93 252 18 32 101 20 166 81 16 240 194 162 158
209 229 30 194 43 202 51 61 33 20 47 97 232 120 92 128 139
73 178 165 47 88 129 132 61 174 120 134 81 62 234 244 182 149
189 79 30 80 68 180 1 16 33 85 166 107 173 120 219 252 153
255 80 43 71 153 112 178 221 66 133 122 16 47 166 219 203 158
98 73 22 153 91 129 102 221 251 195 148 10 107 252 100 52 136
159 5 43 71 162 128 56 93 142 232 5 71 68 36 26 184 160
159 5 171 68 17 144 46 172 201 133 194 107 107 61 22 43 140
112 81 56 164 128 202 73 249 251 194 69 85 62 61 219 182 149
159 81 201 68 153 128 97 183 66 20 148 10 47 194 36 52 151
253 245 56 187 128 92 102 183 97 26 134 16 204 26 244 35 145
92 99 107 99 46 152 178 249 7 167 47 212 47 36 102 35 132
159 240 43 153 162 28 190 249 7 86 46 107 221 61 138 182 137
213 235 65 184 153 202 46 87 97 26 125 85 99 221 138 43 143
213 83 9 182 223 42 56 249 33 112 5 97 62 46 81 205 143
24 132 136 194 181 40 179 249 251 26 93 246 221 221 194 203 137
119 5 1 97 105 180 100 9 66 43 122 222 95 221 92 121 132
98 174 16 47 128 147 40 16 153 20 184 111 118 166 227 205 142
255 181 140 97 93 122 9 53 97 133 134 85 204 254 36 184 158
97 99 136 183 235 144 190 9 7 85 26 200 151 234 92 182 149
112 235 140 184 32 177 1 221 201 217 194 18 107 182 63 43 137
160 57 107 47 105 144 179 16 174 112 234 203 204 194 57 182 140
97 245 9 99 33 112 30 221 153 43 69 81 99 182 111 162 142
213 79 107 97 1 152 99 183 65 168 148 156 204 194 100 128 154
213 229 56 232 105 128 18 214 251 112 5 16 232 46 36 128 141
119 99 9 182 46 147 56 61 29 167 125 10 117 141 194 38 136
203 73 92 187 46 180 51 214 75 167 170 10 16 36 100 35 147
24 80 140 235 32 122 102 9 153 43 46 220 16 221 102 217 142
21 159 139 153 33 28 179 249 29 194 93 16 16 141 81 162 137
98 3 139 184 235 40 48 16 33 235 166 10 173 240 228 205 157
51 80 139 211 223 40 48 9 97 85 52 97 151 221 228 61 141
165 181 56 187 153 112 99 236 33 232 69 71 107 194 228 43 145
255 178 222 184 1 40 4 53 237 235 134 71 118 194 57 52 142
203 81 92 194 162 42 237 47 7 171 234 16 68 221 26 43 138
217 163 1 80 32 252 30 87 237 171 67 222 173 141 227 199 133
195 83 201 99 93 128 56 236 251 232 26 111 173 182 81 199 152
24 159 9 30 88 152 40 155 97 235 47 111 237 221 102 94 144
119 79 222 99 91 92 97 87 139 112 93 156 151 194 79 156 144
73 80 0 80 181 40 1 71 65 85 122 151 243 254 63 38 124
217 174 92 184 1 252 97 47 153 133 148 97 232 234 92 252 158
159 174 139 187 161 112 178 236 237 20 194 81 117 36 244 199 129
189 235 1 194 32 28 48 221 175 120 148 97 151 54 194 121 138
255 81 22 68 105 128 178 53 29 167 46 222 117 61 102 182 151
255 5 16 184 93 128 73 53 139 133 166 107 237 252 36 184 169
165 181 0 99 91 122 100 16 97 53 5 111 63 46 22 205 143
97 73 107 184 88 252 237 221 253 214 194 3 204 254 26 182 139
209 80 22 164 88 152 102 155 29 120 5 3 99 120 22 38 142
97 240 165 187 162 190 178 172 97 178 148 246 47 141 102 121 141
255 81 136 71 46 40 237 214 7 194 52 18 68 182 102 199 151
98 81 1 232 1 129 179 53 237 232 93 18 204 230 22 61 136
159 5 9 153 161 42 9 221 33 112 194 18 16 221 57 121 158
112 181 30 158 93 190 99 53 175 133 170 3 204 182 79 43 144
160 57 80 109 43 40 100 71 75 133 148 3 47 120 102 35 147
24 3 0 183 1 112 179 93 29 235 47 10 151 141 36 205 135
209 181 9 187 88 31 46 93 33 178 184 203 118 221 106 252 152
159 240 107 99 105 42 1 44 33 85 148 3 151 254 22 162 160
253 174 136 194 93 129 190 93 253 214 148 10 107 240 227 252 152
255 159 0 184 33 42 56 97 101 194 52 97 5 61 26 203 123
253 240 22 71 93 54 1 71 174 86 125 151 173 250 36 128 120
255 81 139 194 43 54 237 16 175 120 134 200 237 46 244 182 163
51 240 43 71 161 28 179 53 253 86 134 18 232 230 100 94 141
21 80 180 97 153 252 40 97 237 195 122 81 63 221 111 184 143
165 81 139 184 33 144 237 93 66 120 125 212 16 194 227 43 135
213 73 22 187 93 144 51 249 101 167 26 81 63 26 57 52 147
92 163 107 153 43 202 4 61 251 171 69 212 118 61 100 61 148
51 57 80 211 153 202 190 172 175 85 148 246 221 36 100 162 156
21 178 139 109 105 177 56 87 192 235 148 81 237 230 92 217 151
209 81 140 183 33 112 48 32 175 112 67 200 237 234 57 26 133
203 229 56 183 162 147 190 87 192 16 231 3 232 194 57 43 145
97 79 30 158 93 128 100 236 97 194 46 97 16 54 251 182 146
195 73 1 183 43 128 46 236 175 178 47 151 62 198 63 94 134
21 80 171 68 43 252 73 9 33 214 93 156 118 194 138 252 141
160 5 22 235 33 28 48 180 175 214 184 10 5 194 79 184 135
213 245 92 183 68 147 48 53 142 168 52 63 63 230 92 43 133
217 80 165 99 223 252 1 47 66 43 166 97 62 54 219 121 151
165 5 9 158 153 252 46 249 97 168 170 107 62 141 81 217 156
195 81 92 184 93 122 46 71 97 214 170 111 173 36 228 162 148
209 3 65 183 43 122 4 61 66 168 26 97 232 234 57 128 156
213 132 165 164 68 40 48 155 7 43 170 111 107 182 138 182 146
51 163 43 183 17 144 190 53 153 232 47 97 5 166 228 35 146
73 76 80 235 1 190 30 180 66 171 148 107 232 250 138 217 142
73 83 201 194 166 190 4 183 29 120 47 107 99 46 102 128 148
213 76 1 211 105 129 4 47 66 26 67 203 151 240 81 184 145
195 181 22 71 43 31 178 249 253 232 148 107 221 36 63 184 140
92 132 56 211 162 112 56 87 153 232 234 200 107 194 100 43 139
73 174 9 211 32 42 4 87 153 217 184 63 237 36 251 205 155
112 240 92 99 46 92 40 214 97 43 166 63 16 141 36 43 122
165 174 56 232 43 31 237 47 174 194 134 18 95 230 227 52 132
24 81 56 182 128 122 178 44 174 86 148 151 47 194 138 217 142
97 132 30 164 153 202 51 249 33 120 134 97 62 36 36 203 151
51 240 0 109 153 31 40 172 252 168 26 16 232 250 81 162 162
51 3 9 184 162 152 48 61 97 235 170 203 232 221 63 61 159
203 57 201 80 128 28 9 236 201 168 125 107 99 240 106 182 148
21 81 65 109 128 129 99 47 142 178 93 151 16 240 79 52 145
98 229 16 158 128 31 132 180 66 235 148 81 237 252 194 43 135
203 73 140 109 43 202 18 53 29 195 93 107 47 194 79 184 150
159 132 180 164 88 252 179 71 175 120 134 151 107 221 79 156 151
119 83 30 211 235 180 4 183 175 133 148 107 118 194 106 35 146
203 73 56 164 235 112 30 236 237 43 67 10 221 194 138 182 146
253 57 16 30 32 128 132 97 33 232 47 71 68 141 227 217 141
213 81 165 235 166 180 178 71 237 85 166 111 118 194 22 217 148
119 132 107 211 223 31 99 236 253 178 234 246 68 36 57 217 168
217 3 30 97 153 112 102 87 97 214 148 18 5 166 194 128 151
203 76 9 109 153 122 99 47 174 86 26 81 118 194 194 182 141
165 245 0 164 153 31 237 53 97 53 26 203 118 230 138 162 151
165 235 9 97 93 118 100 249 142 53 52 200 107 36 227 61 147
159 229 165 47 128 190 48 44 142 112 148 107 204 120 251 121 142
98 181 136 183 1 152 1 155 201 235 5 222 204 182 111 35 161
160 73 0 99 17 112 99 155 7 195 26 18 95 54 194 121 159
92 83 1 68 153 152 97 214 142 178 47 71 99 240 79 182 142
253 83 80 109 166 152 30 180 139 53 148 97 99 141 228 128 152
159 5 16 153 161 92 100 180 139 120 67 200 5 61 57 162 146
203 83 222 99 32 152 73 236 65 112 234 151 117 221 36 43 137
165 235 30 224 161 152 51 183 201 178 5 212 5 194 79 52 133
253 5 222 232 91 112 102 16 253 86 122 151 47 36 36 38 135
159 5 107 232 162 177 178 87 253 120 148 81 21 254 138 205 149
97 163 107 68 235 112 46 16 29 43 5 156 5 36 227 156 161
217 57 65 99 223 31 40 9 66 20 26 85 21 221 102 182 154
73 5 201 164 105 112 97 47 174 85 234 3 243 61 106 94 137
159 81 22 224 181 128 1 61 175 171 93 10 62 221 102 156 131
217 132 30 30 235 147 100 155 201 43 148 16 151 54 111 156 134
195 57 9 182 128 42 40 93 66 43 194 151 95 198 219 205 157
98 163 43 211 33 40 56 249 139 235 166 220 117 26 251 121 137
112 240 22 232 105 147 1 214 65 85 134 71 107 230 251 94 125
217 181 165 183 235 92 179 249 75 178 47 16 107 182 57 121 135
24 81 0 232 162 40 179 249 192 16 148 111 232 240 227 162 136
21 174 30 158 32 40 4 172 252 235 170 71 237 54 111 121 154
213 240 22 97 166 152 4 16 192 194 194 71 151 198 102 52 140
119 229 136 47 46 180 102 87 97 194 52 3 237 194 57 43 133
159 81 16 182 235 112 46 97 142 43 52 81 117 61 251 94 150
165 163 165 158 235 42 132 180 253 178 125 212 5 120 106 52 150
73 235 140 183 33 122 100 221 75 16 184 212 204 250 194 252 132
213 245 9 71 223 144 9 180 237 195 194 85 21 194 244 61 139
73 174 171 211 128 128 97 249 253 53 47 212 99 166 36 94 144
73 163 16 164 68 28 73 93 201 232 46 156 107 250 251 61 132
21 83 201 183 235 118 40 97 139 112 234 3 232 221 102 43 148
92 245 165 71 1 252 56 87 33 232 52 71 16 194 251 35 157
21 174 165 235 33 112 179 44 142 112 47 222 99 252 227 184 142
160 5 107 97 223 202 40 236 75 232 231 18 16 182 244 52 144
24 76 201 182 68 28 102 180 252 20 5 63 21 252 106 128 158
21 83 180 153 181 54 4 236 201 53 134 220 204 234 79 217 144
112 229 16 158 91 112 237 214 97 53 148 3 237 194 36 162 124
195 163 22 182 93 112 99 16 97 178 125 81 95 54 219 199 146
195 76 43 47 68 190 4 183 252 232 46 222 151 252 219 35 153
165 99 43 109 153 112 179 61 75 120 69 18 5 230 102 199 141
203 132 140 47 181 202 190 97 253 195 166 156 151 61 79 184 148
195 83 222 187 93 128 40 221 75 133 134 151 21 61 81 43 126
112 163 107 47 166 122 99 16 97 235 5 111 232 26 251 156 131
213 178 140 47 181 152 56 9 253 168 69 10 117 166 36 128 151
160 73 92 184 1 42 48 71 139 235 67 246 47 234 251 35 144
159 80 92 187 33 122 102 236 75 194 134 63 243 194 219 61 144
189 245 43 194 162 202 178 44 192 214 5 3 95 194 92 43 125
195 57 16 184 166 118 102 44 66 217 52 10 118 61 106 52 143
217 163 56 47 68 202 4 44 251 232 170 81 95 240 219 199 149
213 178 1 158 88 152 9 44 153 171 148 97 243 221 36 203 148
51 174 180 164 162 128 30 32 192 112 125 220 107 36 111 43 145
203 76 80 164 93 147 48 87 75 214 93 97 5 221 57 43 167
159 80 56 232 162 152 73 155 252 133 148 85 232 54 100 61 131
203 245 222 158 223 128 97 249 251 171 69 151 232 141 100 38 148
51 245 16 183 93 42 1 93 237 194 69 10 221 240 63 203 132
255 99 140 235 128 112 99 32 252 112 52 18 243 221 22 156 157
51 174 16 99 43 31 132 44 142 133 166 71 204 26 138 203 150
92 174 9 232 162 190 1 47 33 214 67 212 63 46 102 94 147
255 76 1 80 153 144 30 183 65 235 93 156 237 250 138 35 148
112 181 139 30 68 144 237 47 75 43 170 222 151 234 111 26 130
98 3 30 80 1 122 237 97 97 85 122 111 237 182 227 182 136
255 245 56 232 43 177 48 93 252 171 184 222 95 54 102 162 129
112 83 222 183 93 92 237 61 251 178 166 81 232 182 228 162 145
217 5 222 99 93 31 178 9 101 167 166 97 47 254 138 182 143
119 83 201 232 128 28 97 32 33 194 131 222 232 221 57 61 157
195 76 1 158 68 180 1 97 253 171 47 18 173 54 102 128 146
217 99 80 158 33 190 102 183 75 53 122 111 62 240 22 156 139
203 245 165 153 153 252 51 53 29 217 148 16 107 234 138 128 130
