Initial objective: 4
------------------------------------------------------------------
Elapsed Time	Temperature	Epoch	Trial	Objective	Acceptance
------------------------------------------------------------------
    0:0:3.42	        1.5	1/36	1/10	     4	         N
   0:0:4.763	        1.5	1/36	2/10	     3	         N
   0:0:6.249	        1.5	1/36	3/10	     5	         Y
   0:0:7.975	        1.5	1/36	4/10	     5	         N
   0:0:9.554	        1.5	1/36	5/10	     4	         Y
  0:0:10.946	        1.5	1/36	6/10	     5	         Y
  0:0:12.379	        1.5	1/36	7/10	     6	         Y
  0:0:13.856	        1.5	1/36	8/10	     6	         N
  0:0:15.327	        1.5	1/36	9/10	     5	         N
  0:0:16.791	        1.5	1/36	10/10	     5	         N
  0:0:18.261	       1.38	2/36	1/10	     6	         N
  0:0:19.684	       1.38	2/36	2/10	     3	         N
  0:0:21.185	       1.38	2/36	3/10	     5	         N
   0:0:23.32	       1.38	2/36	4/10	     6	         N
  0:0:24.502	       1.38	2/36	5/10	     6	         N
  0:0:25.990	       1.38	2/36	6/10	     6	         N
  0:0:27.455	       1.38	2/36	7/10	     4	         N
   0:0:29.59	       1.38	2/36	8/10	     5	         N
  0:0:30.557	       1.38	2/36	9/10	     5	         N
  0:0:32.235	       1.38	2/36	10/10	     4	         N
   0:0:34.48	     1.2696	3/36	1/10	     4	         N
  0:0:35.518	     1.2696	3/36	2/10	     5	         N
  0:0:37.339	     1.2696	3/36	3/10	     6	         N
  0:0:39.182	     1.2696	3/36	4/10	     4	         N
  0:0:40.904	     1.2696	3/36	5/10	     5	         N
  0:0:42.603	     1.2696	3/36	6/10	     5	         N
   0:0:44.91	     1.2696	3/36	7/10	     6	         N
  0:0:45.642	     1.2696	3/36	8/10	     4	         N
  0:0:47.329	     1.2696	3/36	9/10	     6	         N
  0:0:48.926	     1.2696	3/36	10/10	     5	         N
  0:0:50.514	   1.168032	4/36	1/10	     5	         N
   0:0:52.63	   1.168032	4/36	2/10	     6	         N
  0:0:53.648	   1.168032	4/36	3/10	     6	         N
  0:0:55.351	   1.168032	4/36	4/10	     6	         N
  0:0:56.819	   1.168032	4/36	5/10	     7	         Y
  0:0:58.285	   1.168032	4/36	6/10	     7	         N
  0:0:59.747	   1.168032	4/36	7/10	     6	         N
   0:1:1.364	   1.168032	4/36	8/10	     5	         N
   0:1:2.872	   1.168032	4/36	9/10	     7	         N
   0:1:4.361	   1.168032	4/36	10/10	     5	         N
   0:1:5.938	  1.0745894	5/36	1/10	     4	         N
   0:1:7.481	  1.0745894	5/36	2/10	     5	         N
   0:1:8.986	  1.0745894	5/36	3/10	     6	         N
  0:1:10.684	  1.0745894	5/36	4/10	     7	         N
  0:1:12.239	  1.0745894	5/36	5/10	     5	         N
  0:1:13.946	  1.0745894	5/36	6/10	     7	         N
  0:1:15.658	  1.0745894	5/36	7/10	     6	         N
  0:1:17.393	  1.0745894	5/36	8/10	     9	         Y
    0:1:19.8	  1.0745894	5/36	9/10	     7	         N
  0:1:20.591	  1.0745894	5/36	10/10	     5	         N
  0:1:22.171	 0.98862228	6/36	1/10	     6	         N
  0:1:23.699	 0.98862228	6/36	2/10	    10	         Y
  0:1:25.135	 0.98862228	6/36	3/10	     7	         N
  0:1:26.627	 0.98862228	6/36	4/10	     6	         N
  0:1:28.256	 0.98862228	6/36	5/10	     7	         N
  0:1:29.917	 0.98862228	6/36	6/10	     5	         N
  0:1:31.689	 0.98862228	6/36	7/10	     8	         N
  0:1:33.264	 0.98862228	6/36	8/10	     6	         N
  0:1:34.715	 0.98862228	6/36	9/10	     7	         N
  0:1:36.171	 0.98862228	6/36	10/10	     6	         N
  0:1:37.638	  0.9095325	7/36	1/10	     6	         N
   0:1:39.91	  0.9095325	7/36	2/10	     9	         N
  0:1:40.580	  0.9095325	7/36	3/10	     7	         N
  0:1:42.228	  0.9095325	7/36	4/10	     7	         N
  0:1:43.974	  0.9095325	7/36	5/10	     8	         N
  0:1:45.447	  0.9095325	7/36	6/10	     7	         N
  0:1:46.922	  0.9095325	7/36	7/10	     7	         N
  0:1:48.341	  0.9095325	7/36	8/10	     6	         N
  0:1:49.815	  0.9095325	7/36	9/10	     6	         N
  0:1:51.338	  0.9095325	7/36	10/10	     9	         N
  0:1:52.900	  0.8367699	8/36	1/10	     7	         N
  0:1:54.357	  0.8367699	8/36	2/10	     7	         N
  0:1:55.931	  0.8367699	8/36	3/10	     7	         N
  0:1:57.437	  0.8367699	8/36	4/10	     7	         N
   0:1:59.54	  0.8367699	8/36	5/10	     7	         N
   0:2:0.606	  0.8367699	8/36	6/10	    10	         N
    0:2:2.69	  0.8367699	8/36	7/10	     6	         N
   0:2:3.661	  0.8367699	8/36	8/10	     9	         N
   0:2:5.217	  0.8367699	8/36	9/10	     6	         N
   0:2:6.776	  0.8367699	8/36	10/10	     6	         N
   0:2:8.384	 0.76982831	9/36	1/10	    10	         N
  0:2:10.273	 0.76982831	9/36	2/10	     8	         N
  0:2:11.903	 0.76982831	9/36	3/10	     8	         N
  0:2:13.466	 0.76982831	9/36	4/10	     7	         N
   0:2:15.43	 0.76982831	9/36	5/10	     8	         N
  0:2:16.583	 0.76982831	9/36	6/10	     8	         N
  0:2:18.196	 0.76982831	9/36	7/10	     8	         N
  0:2:19.920	 0.76982831	9/36	8/10	     6	         N
  0:2:21.612	 0.76982831	9/36	9/10	     7	         N
  0:2:23.194	 0.76982831	9/36	10/10	     5	         N
  0:2:24.721	 0.70824204	10/36	1/10	     8	         N
  0:2:26.225	 0.70824204	10/36	2/10	     9	         N
  0:2:27.661	 0.70824204	10/36	3/10	     5	         N
  0:2:29.191	 0.70824204	10/36	4/10	     8	         N
  0:2:30.741	 0.70824204	10/36	5/10	    10	         N
  0:2:32.186	 0.70824204	10/36	6/10	     9	         N
  0:2:33.670	 0.70824204	10/36	7/10	     7	         N
  0:2:35.193	 0.70824204	10/36	8/10	     8	         N
  0:2:36.590	 0.70824204	10/36	9/10	     8	         N
  0:2:37.993	 0.70824204	10/36	10/10	     6	         N
  0:2:39.557	 0.65158268	11/36	1/10	     8	         N
  0:2:41.105	 0.65158268	11/36	2/10	     7	         N
  0:2:42.618	 0.65158268	11/36	3/10	     7	         N
  0:2:44.216	 0.65158268	11/36	4/10	     8	         N
    0:2:46.3	 0.65158268	11/36	5/10	     8	         N
  0:2:47.961	 0.65158268	11/36	6/10	     6	         N
  0:2:49.522	 0.65158268	11/36	7/10	     6	         N
  0:2:50.949	 0.65158268	11/36	8/10	     6	         N
  0:2:52.488	 0.65158268	11/36	9/10	     6	         N
  0:2:53.890	 0.65158268	11/36	10/10	     8	         N
  0:2:55.254	 0.59945607	12/36	1/10	     5	         N
  0:2:56.841	 0.59945607	12/36	2/10	     8	         N
  0:2:58.278	 0.59945607	12/36	3/10	     8	         N
  0:2:59.649	 0.59945607	12/36	4/10	     7	         N
    0:3:1.28	 0.59945607	12/36	5/10	     8	         N
   0:3:2.432	 0.59945607	12/36	6/10	     9	         N
   0:3:3.788	 0.59945607	12/36	7/10	     8	         N
   0:3:5.154	 0.59945607	12/36	8/10	     7	         N
   0:3:6.543	 0.59945607	12/36	9/10	     8	         N
   0:3:7.968	 0.59945607	12/36	10/10	     7	         N
   0:3:9.407	 0.55149958	13/36	1/10	     7	         N
   0:3:11.11	 0.55149958	13/36	2/10	     7	         N
  0:3:12.479	 0.55149958	13/36	3/10	     8	         N
  0:3:13.947	 0.55149958	13/36	4/10	     9	         N
  0:3:15.398	 0.55149958	13/36	5/10	     8	         N
  0:3:16.825	 0.55149958	13/36	6/10	     8	         N
  0:3:18.438	 0.55149958	13/36	7/10	     9	         N
  0:3:20.155	 0.55149958	13/36	8/10	     5	         N
  0:3:21.876	 0.55149958	13/36	9/10	     8	         N
  0:3:23.624	 0.55149958	13/36	10/10	     8	         N
  0:3:25.161	 0.50737961	14/36	1/10	     7	         N
  0:3:26.559	 0.50737961	14/36	2/10	     9	         N
  0:3:28.300	 0.50737961	14/36	3/10	     7	         N
  0:3:29.847	 0.50737961	14/36	4/10	     8	         N
  0:3:31.331	 0.50737961	14/36	5/10	     8	         N
  0:3:32.780	 0.50737961	14/36	6/10	     6	         N
  0:3:34.133	 0.50737961	14/36	7/10	     9	         N
  0:3:35.526	 0.50737961	14/36	8/10	     8	         N
  0:3:36.958	 0.50737961	14/36	9/10	     7	         N
  0:3:38.359	 0.50737961	14/36	10/10	     7	         N
  0:3:39.802	 0.46678925	15/36	1/10	     8	         N
  0:3:41.216	 0.46678925	15/36	2/10	     8	         N
  0:3:42.633	 0.46678925	15/36	3/10	     6	         N
  0:3:44.167	 0.46678925	15/36	4/10	     8	         N
  0:3:45.607	 0.46678925	15/36	5/10	     4	         N
    0:3:47.8	 0.46678925	15/36	6/10	     7	         N
  0:3:48.736	 0.46678925	15/36	7/10	     9	         N
  0:3:50.340	 0.46678925	15/36	8/10	     6	         N
  0:3:51.890	 0.46678925	15/36	9/10	     9	         N
  0:3:53.362	 0.46678925	15/36	10/10	     7	         N
  0:3:54.883	 0.42944611	16/36	1/10	     7	         N
  0:3:56.331	 0.42944611	16/36	2/10	     7	         N
  0:3:57.790	 0.42944611	16/36	3/10	     8	         N
  0:3:59.236	 0.42944611	16/36	4/10	     8	         N
   0:4:0.675	 0.42944611	16/36	5/10	     6	         N
   0:4:2.188	 0.42944611	16/36	6/10	     6	         N
   0:4:3.835	 0.42944611	16/36	7/10	     9	         N
   0:4:5.324	 0.42944611	16/36	8/10	     6	         N
   0:4:6.843	 0.42944611	16/36	9/10	     7	         N
   0:4:8.253	 0.42944611	16/36	10/10	     7	         N
   0:4:9.818	 0.39509042	17/36	1/10	     8	         N
  0:4:11.623	 0.39509042	17/36	2/10	     7	         N
  0:4:13.373	 0.39509042	17/36	3/10	     7	         N
   0:4:15.56	 0.39509042	17/36	4/10	     5	         N
  0:4:16.642	 0.39509042	17/36	5/10	     9	         N
  0:4:18.111	 0.39509042	17/36	6/10	     9	         N
  0:4:19.530	 0.39509042	17/36	7/10	     8	         N
  0:4:20.973	 0.39509042	17/36	8/10	     6	         N
  0:4:22.569	 0.39509042	17/36	9/10	     8	         N
   0:4:24.73	 0.39509042	17/36	10/10	     7	         N
  0:4:25.546	 0.36348318	18/36	1/10	     9	         N
  0:4:26.942	 0.36348318	18/36	2/10	     6	         N
  0:4:28.497	 0.36348318	18/36	3/10	     8	         N
  0:4:30.470	 0.36348318	18/36	4/10	     9	         N
  0:4:31.877	 0.36348318	18/36	5/10	     7	         N
  0:4:33.243	 0.36348318	18/36	6/10	     8	         N
  0:4:34.684	 0.36348318	18/36	7/10	     7	         N
   0:4:36.62	 0.36348318	18/36	8/10	     8	         N
  0:4:37.441	 0.36348318	18/36	9/10	     8	         N
  0:4:38.780	 0.36348318	18/36	10/10	     8	         N
  0:4:40.238	 0.33440453	19/36	1/10	     7	         N
  0:4:41.597	 0.33440453	19/36	2/10	     7	         N
  0:4:42.977	 0.33440453	19/36	3/10	     8	         N
  0:4:44.407	 0.33440453	19/36	4/10	     7	         N
  0:4:45.824	 0.33440453	19/36	5/10	     5	         N
  0:4:47.205	 0.33440453	19/36	6/10	     8	         N
  0:4:48.579	 0.33440453	19/36	7/10	     7	         N
   0:4:50.10	 0.33440453	19/36	8/10	     8	         N
  0:4:51.411	 0.33440453	19/36	9/10	    10	         N
  0:4:52.814	 0.33440453	19/36	10/10	     6	         N
  0:4:54.187	 0.30765217	20/36	1/10	     8	         N
  0:4:55.597	 0.30765217	20/36	2/10	     6	         N
   0:4:57.40	 0.30765217	20/36	3/10	     5	         N
  0:4:58.672	 0.30765217	20/36	4/10	     6	         N
   0:5:0.246	 0.30765217	20/36	5/10	     8	         N
   0:5:1.851	 0.30765217	20/36	6/10	     9	         N
   0:5:3.346	 0.30765217	20/36	7/10	     7	         N
   0:5:4.909	 0.30765217	20/36	8/10	     5	         N
   0:5:6.527	 0.30765217	20/36	9/10	     6	         N
     0:5:8.0	 0.30765217	20/36	10/10	     7	         N
   0:5:9.414	 0.28303999	21/36	1/10	     7	         N
  0:5:10.825	 0.28303999	21/36	2/10	    10	         N
  0:5:12.274	 0.28303999	21/36	3/10	     5	         N
  0:5:13.725	 0.28303999	21/36	4/10	     6	         N
  0:5:15.120	 0.28303999	21/36	5/10	     7	         N
  0:5:16.530	 0.28303999	21/36	6/10	     8	         N
  0:5:17.947	 0.28303999	21/36	7/10	     4	         N
  0:5:19.406	 0.28303999	21/36	8/10	    10	         N
  0:5:20.814	 0.28303999	21/36	9/10	     7	         N
  0:5:22.564	 0.28303999	21/36	10/10	     7	         N
  0:5:24.234	 0.26039679	22/36	1/10	     6	         N
  0:5:25.658	 0.26039679	22/36	2/10	     5	         N
   0:5:27.69	 0.26039679	22/36	3/10	    11	         Y
  0:5:28.658	 0.26039679	22/36	4/10	     8	         N
  0:5:30.339	 0.26039679	22/36	5/10	     6	         N
  0:5:31.781	 0.26039679	22/36	6/10	     7	         N
  0:5:33.145	 0.26039679	22/36	7/10	     8	         N
  0:5:34.529	 0.26039679	22/36	8/10	     8	         N
  0:5:35.926	 0.26039679	22/36	9/10	     8	         N
  0:5:37.424	 0.26039679	22/36	10/10	    11	         N
  0:5:38.885	 0.23956505	23/36	1/10	     7	         N
  0:5:40.349	 0.23956505	23/36	2/10	     9	         N
  0:5:41.818	 0.23956505	23/36	3/10	    11	         N
  0:5:43.304	 0.23956505	23/36	4/10	     8	         N
  0:5:44.748	 0.23956505	23/36	5/10	     9	         N
  0:5:46.271	 0.23956505	23/36	6/10	     8	         N
  0:5:47.678	 0.23956505	23/36	7/10	    10	         N
  0:5:49.102	 0.23956505	23/36	8/10	     7	         N
  0:5:50.534	 0.23956505	23/36	9/10	     9	         N
  0:5:51.978	 0.23956505	23/36	10/10	     7	         N
  0:5:53.414	 0.22039985	24/36	1/10	     5	         N
  0:5:54.942	 0.22039985	24/36	2/10	     9	         N
  0:5:56.369	 0.22039985	24/36	3/10	     6	         N
  0:5:57.794	 0.22039985	24/36	4/10	     7	         N
  0:5:59.207	 0.22039985	24/36	5/10	     8	         N
   0:6:0.650	 0.22039985	24/36	6/10	     9	         N
    0:6:2.68	 0.22039985	24/36	7/10	    10	         N
   0:6:3.512	 0.22039985	24/36	8/10	     9	         N
   0:6:4.923	 0.22039985	24/36	9/10	     8	         N
   0:6:6.370	 0.22039985	24/36	10/10	     7	         N
   0:6:7.832	 0.20276786	25/36	1/10	     7	         N
   0:6:9.233	 0.20276786	25/36	2/10	     8	         N
  0:6:10.785	 0.20276786	25/36	3/10	     7	         N
  0:6:12.237	 0.20276786	25/36	4/10	     8	         N
  0:6:13.616	 0.20276786	25/36	5/10	    10	         N
   0:6:15.15	 0.20276786	25/36	6/10	     9	         N
  0:6:16.465	 0.20276786	25/36	7/10	     8	         N
  0:6:17.895	 0.20276786	25/36	8/10	     9	         N
  0:6:19.287	 0.20276786	25/36	9/10	     8	         N
  0:6:20.716	 0.20276786	25/36	10/10	     8	         N
   0:6:22.86	 0.18654643	26/36	1/10	     5	         N
  0:6:23.430	 0.18654643	26/36	2/10	     6	         N
  0:6:24.944	 0.18654643	26/36	3/10	     9	         N
  0:6:26.341	 0.18654643	26/36	4/10	     8	         N
  0:6:27.790	 0.18654643	26/36	5/10	     9	         N
  0:6:29.209	 0.18654643	26/36	6/10	     6	         N
  0:6:30.630	 0.18654643	26/36	7/10	     9	         N
   0:6:32.10	 0.18654643	26/36	8/10	     7	         N
  0:6:33.559	 0.18654643	26/36	9/10	     9	         N
  0:6:34.988	 0.18654643	26/36	10/10	     7	         N
  0:6:36.413	 0.17162272	27/36	1/10	    11	         N
  0:6:37.876	 0.17162272	27/36	2/10	     7	         N
  0:6:39.299	 0.17162272	27/36	3/10	    12	         Y
  0:6:40.680	 0.17162272	27/36	4/10	     5	         N
   0:6:42.72	 0.17162272	27/36	5/10	    10	         N
  0:6:43.588	 0.17162272	27/36	6/10	     6	         N
  0:6:44.979	 0.17162272	27/36	7/10	     8	         N
  0:6:46.441	 0.17162272	27/36	8/10	    10	         N
  0:6:47.838	 0.17162272	27/36	9/10	    10	         N
  0:6:49.320	 0.17162272	27/36	10/10	     6	         N
  0:6:50.800	  0.1578929	28/36	1/10	     9	         N
  0:6:52.205	  0.1578929	28/36	2/10	    10	         N
  0:6:53.647	  0.1578929	28/36	3/10	     7	         N
  0:6:55.120	  0.1578929	28/36	4/10	     6	         N
  0:6:56.554	  0.1578929	28/36	5/10	     4	         N
  0:6:57.912	  0.1578929	28/36	6/10	     8	         N
  0:6:59.380	  0.1578929	28/36	7/10	     9	         N
   0:7:0.813	  0.1578929	28/36	8/10	    11	         N
   0:7:2.245	  0.1578929	28/36	9/10	     7	         N
   0:7:3.712	  0.1578929	28/36	10/10	     7	         N
   0:7:5.120	 0.14526147	29/36	1/10	    10	         N
   0:7:6.552	 0.14526147	29/36	2/10	     7	         N
   0:7:7.934	 0.14526147	29/36	3/10	     9	         N
   0:7:9.450	 0.14526147	29/36	4/10	     9	         N
  0:7:10.898	 0.14526147	29/36	5/10	     9	         N
  0:7:12.271	 0.14526147	29/36	6/10	     9	         N
  0:7:13.647	 0.14526147	29/36	7/10	    11	         N
  0:7:15.156	 0.14526147	29/36	8/10	     9	         N
  0:7:16.566	 0.14526147	29/36	9/10	    11	         N
  0:7:17.917	 0.14526147	29/36	10/10	     9	         N
  0:7:19.309	 0.13364055	30/36	1/10	     9	         N
  0:7:20.695	 0.13364055	30/36	2/10	     8	         N
  0:7:22.104	 0.13364055	30/36	3/10	     8	         N
  0:7:23.566	 0.13364055	30/36	4/10	     8	         N
  0:7:24.975	 0.13364055	30/36	5/10	    10	         N
  0:7:26.389	 0.13364055	30/36	6/10	    10	         N
  0:7:27.780	 0.13364055	30/36	7/10	     7	         N
  0:7:29.358	 0.13364055	30/36	8/10	     9	         N
  0:7:30.819	 0.13364055	30/36	9/10	     8	         N
  0:7:32.275	 0.13364055	30/36	10/10	    11	         N
  0:7:33.662	 0.12294931	31/36	1/10	     5	         N
   0:7:35.76	 0.12294931	31/36	2/10	     8	         N
  0:7:36.463	 0.12294931	31/36	3/10	     8	         N
  0:7:37.864	 0.12294931	31/36	4/10	     8	         N
  0:7:39.287	 0.12294931	31/36	5/10	    10	         N
  0:7:40.724	 0.12294931	31/36	6/10	     7	         N
  0:7:42.103	 0.12294931	31/36	7/10	     7	         N
  0:7:43.507	 0.12294931	31/36	8/10	     8	         N
  0:7:44.943	 0.12294931	31/36	9/10	     9	         N
  0:7:46.309	 0.12294931	31/36	10/10	     8	         N
  0:7:47.716	 0.11311336	32/36	1/10	    10	         N
  0:7:49.128	 0.11311336	32/36	2/10	     6	         N
  0:7:50.509	 0.11311336	32/36	3/10	     6	         N
  0:7:51.915	 0.11311336	32/36	4/10	     8	         N
  0:7:53.314	 0.11311336	32/36	5/10	     7	         N
  0:7:54.695	 0.11311336	32/36	6/10	     8	         N
  0:7:56.119	 0.11311336	32/36	7/10	     6	         N
  0:7:57.565	 0.11311336	32/36	8/10	     8	         N
  0:7:58.964	 0.11311336	32/36	9/10	     9	         N
   0:8:0.347	 0.11311336	32/36	10/10	     9	         N
   0:8:1.815	 0.10406429	33/36	1/10	     7	         N
   0:8:3.230	 0.10406429	33/36	2/10	     7	         N
   0:8:4.669	 0.10406429	33/36	3/10	     9	         N
    0:8:6.35	 0.10406429	33/36	4/10	     8	         N
   0:8:7.410	 0.10406429	33/36	5/10	     8	         N
   0:8:8.914	 0.10406429	33/36	6/10	     9	         N
  0:8:10.317	 0.10406429	33/36	7/10	     9	         N
  0:8:11.707	 0.10406429	33/36	8/10	     8	         N
  0:8:13.199	 0.10406429	33/36	9/10	     9	         N
  0:8:14.666	 0.10406429	33/36	10/10	     8	         N
   0:8:16.88	0.095739149	34/36	1/10	     9	         N
  0:8:17.522	0.095739149	34/36	2/10	     9	         N
  0:8:18.932	0.095739149	34/36	3/10	     7	         N
  0:8:20.333	0.095739149	34/36	4/10	     8	         N
  0:8:21.714	0.095739149	34/36	5/10	    11	         N
   0:8:23.98	0.095739149	34/36	6/10	     8	         N
  0:8:24.597	0.095739149	34/36	7/10	     9	         N
   0:8:26.29	0.095739149	34/36	8/10	     7	         N
  0:8:27.494	0.095739149	34/36	9/10	     9	         N
  0:8:28.939	0.095739149	34/36	10/10	     7	         N
  0:8:30.338	0.088080017	35/36	1/10	     9	         N
  0:8:31.769	0.088080017	35/36	2/10	     7	         N
  0:8:33.223	0.088080017	35/36	3/10	     6	         N
  0:8:34.716	0.088080017	35/36	4/10	    10	         N
  0:8:36.324	0.088080017	35/36	5/10	     6	         N
  0:8:37.807	0.088080017	35/36	6/10	    10	         N
  0:8:39.190	0.088080017	35/36	7/10	     8	         N
  0:8:40.666	0.088080017	35/36	8/10	     9	         N
  0:8:42.128	0.088080017	35/36	9/10	    10	         N
  0:8:43.525	0.088080017	35/36	10/10	     9	         N
  0:8:44.981	0.081033615	36/36	1/10	    10	         N
  0:8:46.423	0.081033615	36/36	2/10	     8	         N
  0:8:47.828	0.081033615	36/36	3/10	     5	         N
  0:8:49.270	0.081033615	36/36	4/10	     8	         N
  0:8:50.707	0.081033615	36/36	5/10	     8	         N
  0:8:52.143	0.081033615	36/36	6/10	     7	         N
  0:8:53.594	0.081033615	36/36	7/10	     9	         N
  0:8:55.101	0.081033615	36/36	8/10	     8	         N
  0:8:56.693	0.081033615	36/36	9/10	     9	         N
  0:8:58.194	0.081033615	36/36	10/10	     8	         N
Final objective: 12